0	30	60
-0.116284257246	-0.988268611964	-0.099010717214	0.507109239180
-0.444962684578	-0.037287346029	0.894772520342	-2.160235284491
-0.887967443575	0.148104032466	-0.435406723326	4.370981749425
0.000000000000	0.000000000000	0.000000000000	1.000000000000
0	31	60
-0.105296267365	0.313222694116	0.943824263287	-2.872631444151
0.191798010165	0.937677013757	-0.289784991275	1.712092822618
-0.975769552392	0.150510337725	-0.158809379013	2.572905013736
0.000000000000	0.000000000000	0.000000000000	1.000000000000
0	33	60
-0.124399354253	-0.548746626663	0.826681281019	-2.689682725060
0.231373845704	0.794142244961	0.561964623702	-1.236805533015
-0.964878719936	0.261180463463	0.028174834870	1.179907572000
0.000000000000	0.000000000000	0.000000000000	1.000000000000
0	34	60
0.478645914577	-0.327894713502	0.814483360981	-1.998009238037
0.149879572561	0.944547045574	0.292176303671	-0.825912175705
-0.865120917668	-0.017774576086	0.501248303995	1.072982169211
0.000000000000	0.000000000000	0.000000000000	1.000000000000
0	35	60
0.127301542697	0.206995315731	-0.970024358711	1.672422200915
-0.364427523973	0.919338773563	0.148353628857	-0.832049896259
0.922489510508	0.334617929420	0.192468034522	1.060374735121
0.000000000000	0.000000000000	0.000000000000	1.000000000000
0	36	60
0.346492801946	-0.455397609388	0.820094967405	-1.810135290623
0.286614743902	0.883840524511	0.369699764417	-0.911860761176
-0.893193555047	0.106953001806	0.436768049000	1.723665860880
0.000000000000	0.000000000000	0.000000000000	1.000000000000
0	37	60
0.126829322498	-0.744997742717	0.654898989388	-1.244848394112
0.274696272399	0.660788303968	0.698498944358	-1.469728368898
-0.953129729305	0.091308163304	0.288455435777	1.814515268587
0.000000000000	0.000000000000	0.000000000000	1.000000000000
0	38	60
-0.334090772911	-0.501011618069	0.798355005004	-1.345834126065
0.259141908789	0.765555368995	0.588872183171	-1.207463943016
-0.906216765771	0.403624002709	-0.125931877902	2.054691803606
0.000000000000	0.000000000000	0.000000000000	1.000000000000
0	41	60
0.998669004613	0.027014335087	-0.043936828806	0.658989642587
-0.017455903065	0.978620324399	0.204933043019	-0.433305784478
0.048533603553	-0.203893321059	0.977789344876	0.587825386169
0.000000000000	0.000000000000	0.000000000000	1.000000000000
0	42	60
-0.113251172799	0.562329090155	-0.819121582078	0.769162023683
-0.372155611733	0.740399387199	0.559740071900	-1.061305176730
0.921235242767	0.368231913067	0.125422827602	1.897071599392
0.000000000000	0.000000000000	0.000000000000	1.000000000000
0	47	60
-0.683034342678	0.438296164724	-0.584260694135	0.767877410132
0.010780771642	0.805896701196	0.591958006927	-1.253501393509
0.730306690155	0.398028867031	-0.555180294431	3.921219942585
0.000000000000	0.000000000000	0.000000000000	1.000000000000
0	49	60
-0.098871876867	-0.182042716119	0.978307109998	-2.370024992367
-0.378672361035	0.916042583831	0.132186336649	-0.224764789839
-0.920234532580	-0.357388351960	-0.159505394675	3.109470183185
0.000000000000	0.000000000000	0.000000000000	1.000000000000
0	50	60
-0.030881139824	-0.383283449893	0.923114376576	-2.201693944353
0.504729916593	0.791174058139	0.345385756833	-1.533333570941
-0.862724791865	0.476589348145	0.169022266982	3.404455972640
0.000000000000	0.000000000000	0.000000000000	1.000000000000
0	51	60
0.071196981512	-0.184830976353	0.980187992175	-2.063835301059
-0.451797375734	0.870122000816	0.196892953091	-0.191593698009
-0.889275053684	-0.456864546531	-0.021556090066	3.824773859232
0.000000000000	0.000000000000	0.000000000000	1.000000000000
1	3	60
0.907267184174	0.003832726780	-0.420537235839	0.062073477993
-0.028210463477	0.998260856454	-0.051763232337	-0.111606179382
0.419607466893	0.058826632378	0.905797439305	-0.075874075691
0.000000000000	0.000000000000	0.000000000000	1.000000000000
1	31	60
0.341509796672	-0.493617728050	0.799820353162	-3.475470205703
0.215444896801	0.869437696913	0.444591483982	-0.338490174606
-0.914852204031	0.020484866150	0.403268911571	0.465501990709
0.000000000000	0.000000000000	0.000000000000	1.000000000000
1	33	60
0.041506929411	-0.462495036599	0.885649770469	-2.934986101794
0.092815497797	0.884365520551	0.457474490469	-0.759781267010
-0.994817801499	0.063213662936	0.079634004286	0.935007629853
0.000000000000	0.000000000000	0.000000000000	1.000000000000
1	35	60
0.738776140439	-0.239581797083	0.629928866480	-2.176848371066
0.192235516281	0.970762009448	0.143758920743	-0.962647973205
-0.645953032811	0.014889040248	0.763231941078	1.452843347613
0.000000000000	0.000000000000	0.000000000000	1.000000000000
1	36	60
0.394234770960	-0.457334393257	0.797134993656	-2.027970370282
0.222944956215	0.889067733414	0.399817598288	-0.631632622793
-0.891557340761	0.020095226971	0.452461810531	1.666099081299
0.000000000000	0.000000000000	0.000000000000	1.000000000000
1	37	60
0.135240837461	-0.668622134744	0.731200626923	-1.608785046851
0.284100576217	0.733161231204	0.617868490581	-0.890003574334
-0.949208501056	0.124173467332	0.289109272654	1.922024903371
0.000000000000	0.000000000000	0.000000000000	1.000000000000
1	38	60
-0.302616341409	-0.509419331209	0.805552788403	-1.642204160338
0.176964508239	0.800454649068	0.572674355641	-0.915858988296
-0.936539861798	0.315854871383	-0.152081515930	2.121300134308
0.000000000000	0.000000000000	0.000000000000	1.000000000000
1	39	60
-0.582520368773	-0.322423902091	0.746131923539	-1.728676042522
0.170158476372	0.849245442306	0.499828242140	-0.709485561664
-0.794805707631	0.418120803217	-0.439839608305	1.860932973032
0.000000000000	0.000000000000	0.000000000000	1.000000000000
1	47	60
0.446955263378	-0.110645121649	0.887687247624	-1.930345317421
0.523971634126	0.836660925053	-0.159537528877	1.298026023538
-0.725041184465	0.536429075968	0.431924909314	0.026621695184
0.000000000000	0.000000000000	0.000000000000	1.000000000000
1	48	60
0.741140461122	0.105540888955	-0.663002215416	1.357410474569
-0.154672356805	0.987841853612	-0.015650376765	0.158534115902
0.653289582749	0.114147242678	0.748453824935	0.612159850470
0.000000000000	0.000000000000	0.000000000000	1.000000000000
1	49	60
0.240954892382	0.217438428382	-0.945865354953	1.602841263377
-0.326351380592	0.935982301003	0.132029953397	0.184577122408
0.914021616934	0.276871201231	0.296490845906	0.677144320759
0.000000000000	0.000000000000	0.000000000000	1.000000000000
1	50	60
-0.065380066112	-0.338982464770	0.938518159405	-2.450394981245
-0.001400112622	0.940560723538	0.339622680372	-0.611625620022
-0.997859452348	0.020890522175	-0.061968535915	4.042430381268
0.000000000000	0.000000000000	0.000000000000	1.000000000000
1	51	60
-0.118142216905	-0.436321721906	0.892000993036	-1.716589383227
0.219988069687	0.864470230852	0.451991669354	-1.120648842349
-0.968322087830	0.249628874457	-0.006144856156	3.026449846344
0.000000000000	0.000000000000	0.000000000000	1.000000000000
2	3	60
0.820852752603	0.075515206386	-0.566125615167	-0.163997212916
-0.159275600055	0.982163461221	-0.099931069594	-0.143235871095
0.548481578334	0.172198690609	0.818239310459	0.038008959930
0.000000000000	0.000000000000	0.000000000000	1.000000000000
2	31	60
0.449542088118	-0.495669345831	0.743117629056	-3.709813229696
0.302871449227	0.867216981011	0.395226002547	-0.349528535246
-0.840345640944	0.047398390795	0.539974625605	0.071526533554
0.000000000000	0.000000000000	0.000000000000	1.000000000000
2	33	60
0.112870610659	-0.427161016952	0.897102943282	-3.395225627955
0.225752421782	0.890284712309	0.395511030299	-0.674058178827
-0.967623929690	0.157881590521	0.196919613207	0.697098412084
0.000000000000	0.000000000000	0.000000000000	1.000000000000
2	35	60
0.815200197967	-0.093748590254	0.571541633706	-2.836614920552
0.160024151565	0.984856923811	-0.066701653175	-0.749979039887
-0.556633549250	0.145835665892	0.817857597876	1.198921320910
0.000000000000	0.000000000000	0.000000000000	1.000000000000
2	37	60
0.354212670602	-0.595768812881	0.720827930635	-2.193291105241
0.350782690592	0.799167013107	0.488143000711	-0.912101707077
-0.866882280339	0.079947525045	0.492060469122	1.585635764836
0.000000000000	0.000000000000	0.000000000000	1.000000000000
2	39	60
-0.391151489023	-0.310115803895	0.866503722329	-2.265815047110
0.394236456585	0.794300485025	0.462238418770	-0.675967069630
-0.831611765750	0.522412602895	-0.188432861791	1.480667299881
0.000000000000	0.000000000000	0.000000000000	1.000000000000
2	48	60
0.446373199177	0.145614312685	-0.882919837243	1.205811112886
-0.244814684427	0.968900397732	0.036024846471	-0.171122648263
0.860707114729	0.200071215360	0.468139692228	1.360616230366
0.000000000000	0.000000000000	0.000000000000	1.000000000000
2	49	60
-0.231652168033	0.137445416699	-0.963039994224	1.448264109570
-0.380157659036	0.898456615511	0.219672174660	-0.182661367872
0.895442587396	0.416994565279	-0.155878495009	1.719773927415
0.000000000000	0.000000000000	0.000000000000	1.000000000000
2	50	60
-0.159192363513	0.302886872395	-0.939636809586	1.369028164225
-0.512497750802	0.788130265925	0.340876428279	-0.072550459098
0.843803203847	0.535826675768	0.029764521061	0.944536046545
0.000000000000	0.000000000000	0.000000000000	1.000000000000
2	51	60
0.847325664222	-0.405268163300	0.343215580307	-1.560293205706
0.402078162225	0.911748961440	0.083946308881	-0.428614020641
-0.346947215311	0.066869627845	0.935497772664	-0.642778560339
0.000000000000	0.000000000000	0.000000000000	1.000000000000
3	24	60
-0.343761348285	-0.929275077510	-0.135188630234	-0.257406134566
0.690053131339	-0.347618440649	0.634813433735	-0.978172461437
-0.636910363674	0.124936984276	0.760746960957	0.481427889972
0.000000000000	0.000000000000	0.000000000000	1.000000000000
3	25	60
-0.053431551416	0.260675434959	-0.963946775980	2.499466790855
-0.886020970076	-0.457598728120	-0.074634071366	0.615514875530
-0.460556087680	0.850089243334	0.255414111727	2.219485009781
0.000000000000	0.000000000000	0.000000000000	1.000000000000
3	26	60
0.644914751365	-0.589239439556	0.486705091759	-0.759259995860
-0.740859039223	-0.638372687133	0.208825755892	0.234728776210
0.187650865901	-0.495254677105	-0.848239327862	5.101687421061
0.000000000000	0.000000000000	0.000000000000	1.000000000000
3	29	60
-0.392107619183	-0.799152148104	-0.455639615441	0.181618869067
0.735305787865	-0.569905993225	0.366786800770	-0.860328034110
-0.552790207322	-0.191214547217	0.811085682047	0.758704485324
0.000000000000	0.000000000000	0.000000000000	1.000000000000
3	30	60
-0.677880692494	0.734850026545	-0.021753280923	0.099871540749
-0.422037167046	-0.364749773742	0.829965199383	-1.393190624786
0.601965444503	0.571798077159	0.557390852617	2.044607276706
0.000000000000	0.000000000000	0.000000000000	1.000000000000
3	32	60
-0.630791227484	-0.496889589197	0.595989231008	-2.757476580035
0.063137137168	0.732660492385	0.677659431284	-0.521146866557
-0.773379679873	0.465090678305	-0.430783625169	2.514084178581
0.000000000000	0.000000000000	0.000000000000	1.000000000000
3	33	60
-0.467962062584	-0.399341306611	0.788376831735	-2.246234462774
0.058811920032	0.876032951568	0.478651674842	-0.611364654993
-0.881789468096	0.270356780201	-0.386464157917	2.389761389643
0.000000000000	0.000000000000	0.000000000000	1.000000000000
3	34	60
0.011693896834	-0.375496055262	0.926750217297	-1.490044548673
0.108210227799	0.921845841426	0.372143508939	-0.535041153716
-0.994059253454	0.095932044325	0.051412483844	2.407388927697
0.000000000000	0.000000000000	0.000000000000	1.000000000000
3	35	60
0.337030527104	-0.180331592261	0.924062195219	-1.418017385942
0.139100406290	0.980251516234	0.140563302079	-0.635101357488
-0.931161372035	0.081163303002	0.355458882961	2.486446986362
0.000000000000	0.000000000000	0.000000000000	1.000000000000
3	36	60
0.069575390829	-0.455832142861	0.887342280366	-1.135910079892
0.164218450449	0.882596304475	0.440517949531	-0.442588807079
-0.983967258359	0.115068765794	0.136263030993	2.294687747132
0.000000000000	0.000000000000	0.000000000000	1.000000000000
3	37	60
-0.240788379131	-0.646013853013	0.724352854754	-0.600515511957
0.201340363772	0.696829896923	0.688396798852	-0.748753453304
-0.949464593543	0.311599416670	-0.037719877243	2.476656446525
0.000000000000	0.000000000000	0.000000000000	1.000000000000
3	38	60
-0.648370428388	-0.395758194141	0.650377766657	-0.568824767414
0.119199888843	0.790964938482	0.600138194578	-0.724574089702
-0.751935618315	0.466636815802	-0.465663943254	2.608531316794
0.000000000000	0.000000000000	0.000000000000	1.000000000000
3	40	60
-0.996463630034	-0.002028168715	0.084000717558	-0.615646493304
0.046876994652	0.816253123498	0.575789358839	-0.523695603001
-0.069733646047	0.577690855832	-0.813271476014	2.528399126610
0.000000000000	0.000000000000	0.000000000000	1.000000000000
3	41	60
-0.998417430538	0.040577390293	-0.038937254581	-0.341611967598
0.010290094380	0.812500546307	0.582869604808	-0.438084449859
0.055287868063	0.581546505147	-0.811632252930	3.215540812126
0.000000000000	0.000000000000	0.000000000000	1.000000000000
3	42	60
-0.971819512649	0.162703419573	-0.170570900492	-0.402212960934
0.001793475781	0.728680077664	0.684851902137	-0.734730568672
0.235719363396	0.665246526992	-0.708437322594	3.476790652805
0.000000000000	0.000000000000	0.000000000000	1.000000000000
3	44	60
-0.816312862509	0.120830997347	-0.564830222795	-0.069194729375
-0.041674207937	0.963005600294	0.266239505323	-0.238972481928
0.576104652729	0.240873584857	-0.781078322079	3.897064544289
0.000000000000	0.000000000000	0.000000000000	1.000000000000
3	45	60
0.638971288370	-0.633252876288	0.436699538941	-1.773445444341
0.591746538325	0.767374186047	0.246926898028	0.068104644741
-0.491479121651	0.100636242290	0.865055269748	-0.674759025554
0.000000000000	0.000000000000	0.000000000000	1.000000000000
3	46	60
-0.868010878901	0.103856941235	-0.485562405739	-0.222379408455
0.042372928576	-0.958821718717	-0.280829924760	2.399483619419
-0.494733917408	-0.264338130950	0.827866960020	0.773465094495
0.000000000000	0.000000000000	0.000000000000	1.000000000000
3	48	60
-0.927481742214	-0.111723589697	0.356784889486	-0.614651246836
0.047238294081	0.911638634181	0.408268960663	-0.523873518306
-0.370872163194	0.395515916461	-0.840250556914	4.352965059669
0.000000000000	0.000000000000	0.000000000000	1.000000000000
3	49	60
0.495729318180	0.353464911909	-0.793293765982	1.958538762156
-0.229891449992	0.934254766114	0.272613193396	0.049720882883
0.837497680186	0.047229101642	0.544396039332	0.257889154364
0.000000000000	0.000000000000	0.000000000000	1.000000000000
4	8	60
0.954735919887	0.277111583499	0.108113336679	0.428049126392
-0.274548252601	0.960813662924	-0.038214684766	-0.094769021274
-0.114466502834	0.006802604545	0.993403817337	1.484443353746
0.000000000000	0.000000000000	0.000000000000	1.000000000000
4	24	60
-0.767720456498	-0.527744415758	-0.363443437566	1.054272647821
-0.634571584678	0.547362956656	0.545630550464	-1.752903278495
-0.089018001511	0.649522613399	-0.755113349167	5.142313443122
0.000000000000	0.000000000000	0.000000000000	1.000000000000
4	25	60
-0.420995255890	-0.899663688097	0.115621117607	0.816542042233
-0.808156712848	0.429910940595	0.402565908438	-0.488430247555
-0.411880713310	0.076038355295	-0.908059715287	5.618403307332
0.000000000000	0.000000000000	0.000000000000	1.000000000000
4	26	60
-0.732472020661	0.237829558084	-0.637904256335	-0.828915288057
0.245334206037	-0.781830963013	-0.573194096813	2.694219791008
-0.635055797782	-0.576348372580	0.514321579489	1.169271362782
0.000000000000	0.000000000000	0.000000000000	1.000000000000
4	29	60
-0.115165113647	0.990916130907	-0.069442192558	1.562522430245
0.714802430259	0.131212525040	0.686906659575	-1.575407317188
0.689778574830	0.029470235512	-0.723420363913	4.989987553922
0.000000000000	0.000000000000	0.000000000000	1.000000000000
4	30	60
-0.603585184187	-0.642187941179	-0.472524680449	1.548248887102
-0.439034036390	0.762416937928	-0.475362522346	0.457779328602
0.665532899503	-0.079467357854	-0.742125931844	5.022865235920
0.000000000000	0.000000000000	0.000000000000	1.000000000000
4	31	60
0.929704995172	-0.323274349137	0.176471859349	1.550160802155
0.270921526579	0.924853460507	0.266922466315	0.285835624489
-0.249499796370	-0.200349124723	0.947422862208	-0.074655190924
0.000000000000	0.000000000000	0.000000000000	1.000000000000
4	32	60
-0.156275648479	0.262129119963	-0.952295251569	0.593121472300
-0.816073090136	0.508873428544	0.273993695689	0.419117637562
0.556419475978	0.819961071143	0.134391995903	1.528022015234
0.000000000000	0.000000000000	0.000000000000	1.000000000000
4	42	60
0.774287339462	-0.015542539130	-0.632643300309	-0.813591030393
0.108355605980	0.988191235953	0.108338099660	0.070842680561
0.623488715697	-0.152435267123	0.766828084212	0.198343612766
0.000000000000	0.000000000000	0.000000000000	1.000000000000
4	44	60
0.069740370543	-0.540608018106	0.838378942648	-2.118517114240
0.702106492941	0.623620088627	0.343721482645	-0.201725253065
-0.708648540030	0.564660035615	0.423055895707	0.392335652848
0.000000000000	0.000000000000	0.000000000000	1.000000000000
4	45	60
0.028303816815	-0.444274022204	0.895443737567	-2.168523774317
0.701484430447	0.647004894726	0.298838183708	-0.156874015958
-0.712122523021	0.619681579035	0.329964017447	0.628768037147
0.000000000000	0.000000000000	0.000000000000	1.000000000000
4	47	60
0.686972124810	0.059783884225	-0.724220399410	-0.324802542549
-0.127528626317	0.991061598573	-0.039158106495	0.586668364818
0.715406003053	0.119259360310	0.688455848820	0.079034281630
0.000000000000	0.000000000000	0.000000000000	1.000000000000
5	6	60
0.927031135944	-0.044667208876	0.372314535631	0.120645360959
0.035325643864	0.998867304501	0.031878000008	0.040042262855
-0.373316717917	-0.016399647868	0.927558989862	-0.101351082018
0.000000000000	0.000000000000	0.000000000000	1.000000000000
5	11	60
0.700269166664	0.225726081777	-0.677252412491	1.997499217571
-0.095896493732	0.969839210484	0.224088750937	-0.104816452769
0.707408620748	-0.091976311148	0.700794835511	1.865455645993
0.000000000000	0.000000000000	0.000000000000	1.000000000000
5	15	60
-0.550656334976	0.405062605025	-0.729864293386	0.991590005901
-0.131667954649	0.821274351743	0.555132406627	-0.590563104859
0.824282203174	0.401786915141	-0.398906159833	4.545107659087
0.000000000000	0.000000000000	0.000000000000	1.000000000000
5	40	60
0.418548651048	-0.392171512223	0.819157208176	-0.661852572105
0.708164402664	0.705639141321	-0.024012101857	-0.158383999420
-0.568612526687	0.590148207857	0.573066215422	1.173435549130
0.000000000000	0.000000000000	0.000000000000	1.000000000000
6	8	60
0.986927433629	0.032954221530	0.157760134486	0.436148855212
-0.046853449741	0.995260681122	0.085211095868	-0.179297529741
-0.154204393572	-0.091488774694	0.983794088775	1.514933422696
0.000000000000	0.000000000000	0.000000000000	1.000000000000
6	9	60
0.969055616650	-0.013496570588	0.246473232668	0.408620976496
0.101488660561	0.931989846655	-0.347987036410	0.437339630403
-0.225013918718	0.362233030402	0.904519744433	2.118066114539
0.000000000000	0.000000000000	0.000000000000	1.000000000000
6	10	60
0.695812639634	0.240257403621	-0.676846474860	1.326971383092
-0.013286559946	0.946534590627	0.322328615036	-0.461355382088
0.718100437161	-0.215287363195	0.661802926405	2.215914718530
0.000000000000	0.000000000000	0.000000000000	1.000000000000
6	24	60
0.934546976406	0.253406360490	0.249814261711	0.786672372495
-0.276277362989	0.959166368199	0.060586275810	-0.177754852491
-0.224260490481	-0.125638746333	0.966396470311	0.951821359390
0.000000000000	0.000000000000	0.000000000000	1.000000000000
6	25	60
-0.994149815260	-0.078163196937	0.074543004124	1.282074242728
-0.031725855933	0.871025546392	0.490212165902	-1.066799727874
-0.103245410961	0.484979393560	-0.868409680357	5.298628918215
0.000000000000	0.000000000000	0.000000000000	1.000000000000
6	26	60
-0.899829130350	-0.310393708939	0.306534307420	0.781752989245
-0.321052341142	0.946919531772	0.016394956407	0.394569007573
-0.295352214181	-0.083660897672	-0.951718405716	5.581014546510
0.000000000000	0.000000000000	0.000000000000	1.000000000000
6	29	60
-0.971982126689	0.070734840795	0.224159157064	0.286224123946
0.138014877746	0.943691880500	0.300661816997	-0.000305692712
-0.190269910702	0.323175210956	-0.927014101352	5.700195174307
0.000000000000	0.000000000000	0.000000000000	1.000000000000
6	30	60
-0.891359818341	0.178572728826	0.416640678242	-0.330795794401
0.453294504562	0.353837865812	0.818121541613	-1.457750768736
-0.001329052202	0.918101598538	-0.396342892434	3.916307479900
0.000000000000	0.000000000000	0.000000000000	1.000000000000
6	31	60
0.961831083346	0.079782069905	0.261755207075	1.519248578612
-0.159057380544	0.941367029610	0.297538006408	-0.070623708935
-0.222669523743	-0.327815400621	0.918125996970	-0.147715241628
0.000000000000	0.000000000000	0.000000000000	1.000000000000
6	42	60
-0.991548649355	0.070485449216	-0.108917755265	1.137489416075
0.012203826641	-0.785140144662	-0.619197884247	2.645675284800
-0.129160143150	-0.615294039211	0.777644457791	1.220248920433
0.000000000000	0.000000000000	0.000000000000	1.000000000000
6	43	60
-0.090773884599	0.296318094701	-0.950765843217	2.278065729086
-0.178374726765	0.934430299164	0.308257153780	-0.496600450028
0.979766583798	0.197574296805	-0.031966208964	2.728888740412
0.000000000000	0.000000000000	0.000000000000	1.000000000000
6	44	60
-0.173975838485	0.199837740190	-0.964259967654	2.376083284739
-0.118980353874	0.967753548618	0.222028702037	-0.252059723019
0.977535719560	0.153355621783	-0.144588970023	2.800136920070
0.000000000000	0.000000000000	0.000000000000	1.000000000000
6	45	60
-0.041751133875	-0.411117268065	0.910625847821	-2.368673025371
0.608381458859	0.712512078848	0.349569074738	-0.224555853722
-0.792545798889	0.568602787010	0.220367936116	0.880536477574
0.000000000000	0.000000000000	0.000000000000	1.000000000000
6	46	60
-0.974651825688	0.008281020680	-0.223573798509	0.909516271706
0.085927419400	-0.908814580247	-0.408255480460	2.580605455488
-0.206567899922	-0.417118068928	0.885066223113	0.882877423507
0.000000000000	0.000000000000	0.000000000000	1.000000000000
6	47	60
-0.960264114873	-0.043288308891	0.275715345964	0.194286392484
-0.076518064311	-0.909209458925	-0.409247047193	2.434704541546
0.268398613113	-0.414082458111	0.869768878705	0.521651560744
0.000000000000	0.000000000000	0.000000000000	1.000000000000
7	9	60
0.932430771999	0.154535623729	-0.326636795887	0.572846250003
-0.116837565319	0.984318016835	0.132162873242	-0.348162704949
0.341938355203	-0.085069281952	0.935863974362	1.582378393682
0.000000000000	0.000000000000	0.000000000000	1.000000000000
7	10	60
0.613741812681	0.270300629800	-0.741794147252	0.790284475502
-0.196545495723	0.962296120817	0.188032029112	-0.361313799337
0.764650806236	0.030393180007	0.643727736805	1.660213478757
0.000000000000	0.000000000000	0.000000000000	1.000000000000
7	24	60
0.096115924627	0.156546780321	0.982982621720	-2.116663952825
0.087373605895	0.982415842086	-0.164999897608	0.455235443084
-0.991527902798	0.101745853913	0.080747750342	2.053489154192
0.000000000000	0.000000000000	0.000000000000	1.000000000000
7	25	60
0.028400042118	-0.173317405631	0.984456456382	-1.982838201752
0.249793654979	0.954837869345	0.160896778079	-0.681234148297
-0.967882517426	0.241341501134	0.070411023929	3.329392989373
0.000000000000	0.000000000000	0.000000000000	1.000000000000
7	26	60
0.949554172194	0.313503196576	-0.007913267727	-0.434265348033
-0.309907071023	0.941926997833	0.129348900586	0.004653362056
0.048005014321	-0.120371410597	0.991567568102	0.690300131406
0.000000000000	0.000000000000	0.000000000000	1.000000000000
7	28	60
0.908169816713	0.339385465169	0.245040996660	-1.432103430994
-0.359937745594	0.931975664314	0.043199310438	0.283195012428
-0.213711027579	-0.127431813758	0.968549807461	1.237068050187
0.000000000000	0.000000000000	0.000000000000	1.000000000000
7	29	60
0.989604632315	-0.061106426920	0.130187081883	-0.013248361515
0.022813997359	0.960481679080	0.277406679222	-0.086681552764
-0.141993637973	-0.271552847051	0.951891200734	0.529217321826
0.000000000000	0.000000000000	0.000000000000	1.000000000000
7	30	60
0.568314519988	0.228432748631	0.790466372292	-1.194175500563
-0.205060344465	0.969698422121	-0.132797685461	-0.160306701734
-0.796849334253	-0.086622453722	0.597936191422	1.504529013862
0.000000000000	0.000000000000	0.000000000000	1.000000000000
7	31	60
0.913355003110	-0.033886719161	0.405751560142	-0.143568227247
-0.073728999331	0.966291780205	0.246666232317	0.049580898000
-0.400433106712	-0.255209493892	0.880068998020	-0.385621556156
0.000000000000	0.000000000000	0.000000000000	1.000000000000
7	43	60
-0.230156186555	0.307345684235	-0.923345417584	1.842157531759
-0.232308853841	0.904034311408	0.358823856820	-0.735768176208
0.945018902571	0.297086846189	-0.136669965991	2.493299949601
0.000000000000	0.000000000000	0.000000000000	1.000000000000
7	44	60
-0.160096588298	0.225813820004	-0.960925179767	1.858391358742
-0.208224412790	0.943850604416	0.256492944272	-0.392404378912
0.964889463272	0.241151726592	-0.104087311560	2.159738958511
0.000000000000	0.000000000000	0.000000000000	1.000000000000
7	45	60
-0.049990951789	0.167547059434	-0.984595799104	1.916361471040
-0.177166179071	0.968706523405	0.173838478210	-0.245929953269
0.982910499350	0.183127426640	-0.018742888775	1.938022053342
0.000000000000	0.000000000000	0.000000000000	1.000000000000
7	47	60
-0.996982670472	-0.075385102575	-0.018510566918	1.054312391879
0.071480647675	-0.798609200319	-0.597590045243	2.510393194245
0.030266677815	-0.597110066467	0.801588109155	1.168230911045
0.000000000000	0.000000000000	0.000000000000	1.000000000000
8	11	60
-0.952820221157	-0.081728382889	0.292325328332	-0.601061522082
-0.097885354189	-0.828882874884	-0.550791827426	2.485041401893
0.287318783913	-0.553419959121	0.781776352454	0.971274644123
0.000000000000	0.000000000000	0.000000000000	1.000000000000
8	25	60
0.681093704340	0.106387886734	0.724425968243	-1.969738894604
-0.174805272643	0.984404295674	0.019781286980	0.094924584854
-0.711023545718	-0.140106388914	0.689068731855	0.890181519363
0.000000000000	0.000000000000	0.000000000000	1.000000000000
8	30	60
-0.414939251326	-0.432235501142	0.800623437867	-1.476702291391
0.355386084771	0.733053618265	0.579942344979	-1.065652550749
-0.837571578111	0.525171271397	-0.150562237094	1.761319102434
0.000000000000	0.000000000000	0.000000000000	1.000000000000
8	44	60
0.673149256582	0.627404037999	0.391451467575	-0.003051678612
0.524905302956	-0.032506334127	-0.850539688181	2.729611293713
-0.520907382643	0.778015109972	-0.351209321293	2.464178410909
0.000000000000	0.000000000000	0.000000000000	1.000000000000
8	45	60
-0.125486223517	-0.024892835259	-0.991783017832	1.739843229684
-0.412907291028	0.910298552892	0.029395809543	0.316958910688
0.902086900871	0.413203208308	-0.124508360848	1.294924255903
0.000000000000	0.000000000000	0.000000000000	1.000000000000
9	11	60
0.589457216038	0.270965942806	-0.760997797828	0.011522688953
-0.260433937257	0.955506691747	0.138495943444	-0.253066714625
0.764666172120	0.116552219477	0.633799041771	0.577536458037
0.000000000000	0.000000000000	0.000000000000	1.000000000000
9	24	60
-0.864343036924	-0.185276281598	0.467529479283	-1.579522451258
0.151406278123	0.790659218528	0.593240372110	-1.121528938735
-0.479569862967	0.583550083226	-0.655348797893	2.573391003322
0.000000000000	0.000000000000	0.000000000000	1.000000000000
9	26	60
-0.184069636966	-0.427829773777	0.884918105486	-1.745180809549
0.467789403861	0.753673537959	0.461680919917	-1.107977235698
-0.864460202891	0.498936752354	0.061405820306	1.878304193154
0.000000000000	0.000000000000	0.000000000000	1.000000000000
9	28	60
0.858583972065	0.493795436483	0.137839144736	-1.260119871841
-0.492691523813	0.869068719177	-0.044436738296	0.793901468200
-0.141734347551	-0.029759506989	0.989457298961	-0.412590602070
0.000000000000	0.000000000000	0.000000000000	1.000000000000
9	29	60
-0.782414874642	-0.331375576274	0.527273355469	-1.405827509958
0.254089645858	0.603130318179	0.756090121058	-1.249820803763
-0.568564346232	0.725550857447	-0.387699029469	2.690031893886
0.000000000000	0.000000000000	0.000000000000	1.000000000000
9	30	60
-0.793388866569	-0.109619101083	0.598763525177	-1.320041923628
0.222475528249	0.863381444909	0.452854413600	-0.906032892127
-0.566602811267	0.492499881487	-0.660609658573	2.284862903024
0.000000000000	0.000000000000	0.000000000000	1.000000000000
9	43	60
0.199257449680	0.283251018857	-0.938117971826	1.404224290364
-0.352853321024	0.913840195425	0.200974204983	-0.201143207153
0.914216059030	0.290972434335	0.282035529443	0.260475834310
0.000000000000	0.000000000000	0.000000000000	1.000000000000
9	44	60
0.185005206893	0.191250600096	-0.963948277339	1.385546700640
-0.264256170294	0.954434905878	0.138645904750	-0.003697624948
0.946541995838	0.229079065838	0.227114578375	0.249200371756
0.000000000000	0.000000000000	0.000000000000	1.000000000000
9	45	60
0.281141215688	0.139291649681	-0.949503793131	1.355757290473
-0.275530106992	0.959469611091	0.059171154571	0.148358390651
0.919262082859	0.244981431381	0.308125496017	0.018753344715
0.000000000000	0.000000000000	0.000000000000	1.000000000000
10	12	60
0.828651039442	0.223220268220	-0.513332413439	-0.008853688461
-0.141456469896	0.970789911732	0.193796321959	-0.440542928058
0.541597195299	-0.087975332543	0.836022020588	1.517765580460
0.000000000000	0.000000000000	0.000000000000	1.000000000000
10	13	60
0.677448017633	0.398283258120	-0.618412992834	0.160896119440
-0.248275607013	0.915197262500	0.317447938527	-0.659991757260
0.692404077376	-0.061517615476	0.718882588897	2.159438859709
0.000000000000	0.000000000000	0.000000000000	1.000000000000
10	15	60
-0.159968465628	0.447732261554	-0.879741957604	0.274047192213
-0.332973827681	0.814510465561	0.475080131737	-1.081971419805
0.929267733263	0.368928886719	0.018787135492	3.206729034356
0.000000000000	0.000000000000	0.000000000000	1.000000000000
10	17	60
-0.091220557777	0.627917941727	-0.772915175356	0.074748973622
-0.288978465294	0.726061743913	0.623959766830	-1.323170416094
0.952979672624	0.280273799138	0.115223005871	3.013768277429
0.000000000000	0.000000000000	0.000000000000	1.000000000000
10	22	60
-0.862217279518	0.312348042381	-0.398773197847	-0.687209676195
-0.250030739149	0.422224731116	0.871327094675	-1.128110348676
0.440529218533	0.850978834551	-0.285952847100	3.351716230354
0.000000000000	0.000000000000	0.000000000000	1.000000000000
10	28	60
0.875796115584	0.481131726645	-0.038644864382	-0.497671875216
-0.453347683725	0.847416689514	0.276334637703	0.149900680681
0.165701664411	-0.224493242546	0.960284198799	-0.849876516925
0.000000000000	0.000000000000	0.000000000000	1.000000000000
10	29	60
-0.909846829985	-0.175385157655	0.376056900535	-0.554004593942
0.164665123406	0.679257238766	0.715188786767	-1.056689109870
-0.380872869997	0.712635706416	-0.589140226807	3.124774834963
0.000000000000	0.000000000000	0.000000000000	1.000000000000
10	43	60
0.635810575997	0.218573028900	-0.740250459296	1.229751061510
-0.250934536738	0.965502138067	0.069551992490	-0.011507673386
0.729915590820	0.141532513666	0.668723992282	-0.270994396211
0.000000000000	0.000000000000	0.000000000000	1.000000000000
10	44	60
0.647969573239	0.097926792640	-0.755344805662	1.130325909242
-0.174029796441	0.984502259130	-0.021654831310	0.256111689069
0.741518079421	0.145484174575	0.654969688490	-0.318060971767
0.000000000000	0.000000000000	0.000000000000	1.000000000000
10	45	60
0.712306062399	0.023771421193	-0.701466316372	0.983184791631
-0.130686831516	0.986440520133	-0.099277652616	0.352871657489
0.689594827082	0.162388484121	0.705754174403	-0.444906564843
0.000000000000	0.000000000000	0.000000000000	1.000000000000
11	13	60
0.943897035373	0.211711985855	-0.253449051410	0.651442097162
-0.140665068229	0.952115350116	0.271458465799	-0.448397854245
0.298783743191	-0.220577412986	0.928479337242	1.358302628420
0.000000000000	0.000000000000	0.000000000000	1.000000000000
11	18	60
0.539734826976	0.592164880881	-0.598353633231	0.928520175221
-0.290615239486	0.798142091458	0.527742346626	-1.059474366546
0.790081704084	-0.110950239725	0.602877222308	2.348916752221
0.000000000000	0.000000000000	0.000000000000	1.000000000000
11	20	60
0.610292111919	0.445101583532	-0.655307651769	0.615976922071
-0.312040774486	0.895416588941	0.317584142090	-1.259909046549
0.728130546803	0.010663610397	0.685355523962	2.798821018362
0.000000000000	0.000000000000	0.000000000000	1.000000000000
11	21	60
-0.002740411807	0.689832827988	-0.723963507073	0.435739512505
-0.354514218228	0.676274517457	0.645734036669	-1.129016589310
0.935046608046	0.258424933914	0.242702275049	2.841995202712
0.000000000000	0.000000000000	0.000000000000	1.000000000000
11	22	60
-0.503150702965	0.617065382618	-0.605036927534	0.561360932210
-0.379157730104	0.471508029247	0.796190676947	-0.967838859205
0.776581474031	0.630008326874	-0.003274486570	2.763969255338
0.000000000000	0.000000000000	0.000000000000	1.000000000000
11	23	60
-0.669548048189	0.299859060642	-0.679551289394	0.586485606431
0.210742075162	-0.800601953868	-0.560913798385	1.447982554368
-0.712245174727	-0.518768787817	0.472848554893	1.483017997811
0.000000000000	0.000000000000	0.000000000000	1.000000000000
11	44	60
0.810854887715	0.007532118473	-0.585198785252	1.102436912678
-0.116976367078	0.981826062475	-0.149446018983	0.723434758080
0.573437773969	0.189633462859	0.796999541499	-1.058158462468
0.000000000000	0.000000000000	0.000000000000	1.000000000000
11	45	60
0.949902443509	-0.000195946795	-0.312546491614	0.152784965678
-0.068959177463	0.975224519781	-0.210194595224	0.814472603881
0.304844189150	0.221217308597	0.926354641980	-1.274437462892
0.000000000000	0.000000000000	0.000000000000	1.000000000000
12	19	60
0.848241056393	0.313581344606	-0.426794857706	0.724456740469
-0.256961642336	0.948338916338	0.186075291552	-1.231423961826
0.463095912979	-0.048166794298	0.884998381529	1.896072305927
0.000000000000	0.000000000000	0.000000000000	1.000000000000
12	20	60
0.697641084985	0.396493159597	-0.596732847206	0.724577064336
-0.339918067674	0.916370177374	0.211474360830	-1.301890130543
0.630676322538	0.055307073804	0.774072673447	1.785518664135
0.000000000000	0.000000000000	0.000000000000	1.000000000000
12	22	60
-0.408928150375	0.686096531900	-0.601705340467	0.552086145369
-0.503764014559	0.380067328152	0.775738772853	-0.999578165113
0.760920222801	0.620338919451	0.190210513766	1.710976928594
0.000000000000	0.000000000000	0.000000000000	1.000000000000
13	19	60
0.967370181020	0.158545211804	-0.197631851397	0.476591101696
-0.154167429132	0.987334949362	0.037444646646	-1.057082239668
0.201065503424	-0.005754440160	0.979560896398	1.247065857462
0.000000000000	0.000000000000	0.000000000000	1.000000000000
13	20	60
0.870251642722	0.226440693018	-0.437477646154	0.540489819411
-0.269249400306	0.962340453144	-0.037491501413	-0.998319938247
0.412512834678	0.150417634567	0.898447381006	1.131161961701
0.000000000000	0.000000000000	0.000000000000	1.000000000000
13	21	60
0.375337307104	0.626347732698	-0.683235262292	0.374862105700
-0.570673677311	0.737009847804	0.362143670749	-0.986984106725
0.730378983761	0.253978349437	0.634067455478	1.198607449611
0.000000000000	0.000000000000	0.000000000000	1.000000000000
13	22	60
-0.118303039509	0.715537060035	-0.688484645116	0.365266217548
-0.626334620370	0.484252939011	0.610904275959	-0.798158555849
0.770525362443	0.503493601524	0.390877038281	1.166734445334
0.000000000000	0.000000000000	0.000000000000	1.000000000000
14	19	60
0.993258869933	-0.045355138674	0.106675811196	0.375296737120
0.017812327676	0.969064375920	0.246164490342	-0.851281410217
-0.114540552998	-0.242604918991	0.963339667511	1.052717102479
0.000000000000	0.000000000000	0.000000000000	1.000000000000
14	22	60
0.187784374636	0.748008631360	-0.636569019081	0.219456392378
-0.528801111402	0.623147249759	0.576243776277	-0.539335550455
0.827711551945	0.228408827608	0.512565112204	0.986771000792
0.000000000000	0.000000000000	0.000000000000	1.000000000000
15	19	60
0.815910936891	-0.338459079510	0.468758780781	0.471144355100
0.193735717948	0.923925178844	0.329892005798	-0.749887175459
-0.544752984988	-0.178347176585	0.819412271052	0.785928365548
0.000000000000	0.000000000000	0.000000000000	1.000000000000
15	22	60
0.650881386158	0.597498377975	-0.468347210380	0.277032062228
-0.408319847216	0.795602808006	0.447538908099	-0.446772197828
0.640022127370	-0.100059283476	0.761813504912	0.865106734495
0.000000000000	0.000000000000	0.000000000000	1.000000000000
15	23	60
0.493459898856	0.383561137689	-0.780626787829	0.143324607583
-0.411388675936	0.893697223949	0.179065991238	-0.612907672867
0.766326748543	0.232779134720	0.598796450312	0.626561735433
0.000000000000	0.000000000000	0.000000000000	1.000000000000
16	22	60
0.426150453240	0.729862635329	-0.534505682620	0.033205589501
-0.556429056208	0.677330413082	0.481258991523	-0.111443018289
0.713289910633	0.092325755155	0.694761439866	0.773794282312
0.000000000000	0.000000000000	0.000000000000	1.000000000000
17	19	60
0.831012909569	-0.310137960498	0.461770494497	0.501363009032
0.312941423419	0.946975306900	0.072838407662	-0.466485302483
-0.459875210941	0.083977458761	0.884003719891	0.635705658388
0.000000000000	0.000000000000	0.000000000000	1.000000000000
17	20	60
0.950297458258	-0.121112764378	0.286821266877	0.437379073595
0.153074497049	0.983952292110	-0.091684705402	-0.446328644672
-0.271114254847	0.131032763674	0.953586637733	0.541727598449
0.000000000000	0.000000000000	0.000000000000	1.000000000000
17	23	60
0.489051814747	0.373228150553	-0.788371149984	0.167498128696
-0.566130514388	0.823410086456	0.038627324542	-0.251192585536
0.663569561668	0.427430201503	0.613986041919	0.489380741799
0.000000000000	0.000000000000	0.000000000000	1.000000000000
18	22	60
0.439215280243	0.702533815941	-0.559943010547	0.056650507440
-0.680426397823	0.667115606607	0.303276580974	-0.241195962216
0.586608774863	0.247796297150	0.771029921840	0.551336086802
0.000000000000	0.000000000000	0.000000000000	1.000000000000
19	21	60
0.606130391984	0.488907913632	-0.627355560986	0.106811820776
-0.464043566268	0.857982280683	0.220295198858	0.031960314324
0.645964021071	0.157592696602	0.746923707925	0.047613491584
0.000000000000	0.000000000000	0.000000000000	1.000000000000
20	22	60
-0.319321129051	-0.667439370478	0.672724834741	-1.983524640540
0.930908032913	-0.353765226706	0.090886735177	-0.313059352795
0.177325268362	0.655267007493	0.734289383072	0.441289481185
0.000000000000	0.000000000000	0.000000000000	1.000000000000
21	23	60
0.703397627045	0.276786947773	-0.654691350035	-0.223739045220
-0.484951024683	0.860273550942	-0.157327433109	0.038418242080
0.519667472454	0.428156984168	0.739342488283	-0.145728224129
0.000000000000	0.000000000000	0.000000000000	1.000000000000
22	31	60
0.945312360614	0.104491168976	-0.308975948056	-1.072150964583
-0.210205858482	0.919500361144	-0.332163488234	-0.561645968153
0.249395344646	0.378946805584	0.891179712856	0.182264405899
0.000000000000	0.000000000000	0.000000000000	1.000000000000
22	32	60
0.998002592016	-0.062995657870	0.004730054831	-0.969276031732
0.062752880729	0.979962305771	-0.189039559958	-0.721406004727
0.007273396004	0.188958795398	0.981958080242	0.036328833637
0.000000000000	0.000000000000	0.000000000000	1.000000000000
22	42	60
-0.962921403733	0.259834462159	-0.072583899776	1.293944989883
-0.028186385965	-0.364468833677	-0.930788911045	1.983448137210
-0.268305605380	-0.894230686989	0.358278635379	0.474449997491
0.000000000000	0.000000000000	0.000000000000	1.000000000000
22	43	60
0.991273162689	0.108256894038	0.075219424520	-0.176582713143
-0.104957683236	0.993387934606	-0.046521995978	-0.977323623246
-0.079758395556	0.038221149556	0.996081192506	-0.625137941382
0.000000000000	0.000000000000	0.000000000000	1.000000000000
23	24	60
0.858928900833	0.117889008734	-0.498340571230	-0.012335262980
-0.147008021090	0.988944406156	-0.019432016562	-0.039046223330
0.490540299108	0.089950781832	0.866763561647	0.099354311401
0.000000000000	0.000000000000	0.000000000000	1.000000000000
23	30	60
0.837300472716	0.103870119530	-0.536785726951	-0.451818846197
-0.168590200469	0.982997100680	-0.072760183890	-0.209731481927
0.520101204282	0.151418949682	0.840575421352	0.358799836099
0.000000000000	0.000000000000	0.000000000000	1.000000000000
23	43	60
-0.269884946142	-0.338097541327	0.901583145580	-2.924542856957
0.389424192864	0.818010218532	0.423329753727	-1.126358346535
-0.880630974846	0.465348616552	-0.089105281631	2.353110396370
0.000000000000	0.000000000000	0.000000000000	1.000000000000
23	44	60
-0.946748878590	0.053181873772	-0.317550388427	0.131599049247
0.140391978049	-0.819380684777	-0.555792574540	2.393655320877
-0.289752745264	-0.570777523836	0.768281435996	0.999935599527
0.000000000000	0.000000000000	0.000000000000	1.000000000000
23	45	60
0.061122162106	-0.258888868434	0.963971283338	-3.171625028594
0.497451102340	0.845188249023	0.195446218930	-0.752478891549
-0.865336051531	0.467582482044	0.180444286153	1.964997597740
0.000000000000	0.000000000000	0.000000000000	1.000000000000
23	46	60
-0.203014548729	-0.009995788738	0.979124699521	-3.116918740311
0.399238153032	0.912210494397	0.092091862154	-0.495811004966
-0.894088357025	0.409599924461	-0.181201301632	2.824414738777
0.000000000000	0.000000000000	0.000000000000	1.000000000000
23	47	60
-0.977526421501	0.173153016168	0.120250273430	1.224233309333
-0.210607919841	-0.827269391311	-0.520835538630	2.038468739340
0.009295126064	-0.534456160215	0.845145084255	-1.103252436948
0.000000000000	0.000000000000	0.000000000000	1.000000000000
24	27	60
0.623304123183	0.089525227189	-0.776837952033	0.011860548610
-0.208667694053	0.976444560643	-0.054898209901	0.178943653722
0.753624418050	0.196319264690	0.627302943426	0.214869316843
0.000000000000	0.000000000000	0.000000000000	1.000000000000
24	32	60
0.692197691798	-0.357667523999	0.626846311105	-0.332713444107
0.120288034326	0.913585944612	0.388447564809	-0.501618892393
-0.711613057966	-0.193480397158	0.675405205524	0.903073309598
0.000000000000	0.000000000000	0.000000000000	1.000000000000
24	42	60
-0.370888951257	-0.421460671699	0.827533859154	-1.127712819155
0.368027844344	0.751426243376	0.547644142261	-1.113089954335
-0.852641127100	0.507670663891	-0.123586428872	3.285693691821
0.000000000000	0.000000000000	0.000000000000	1.000000000000
24	43	60
-0.648491794590	-0.176218378020	0.740544040282	-1.387757556489
0.251906559684	0.868345144301	0.427223355586	-1.037301119233
-0.718332428293	0.463598742036	-0.518724135591	3.402591272974
0.000000000000	0.000000000000	0.000000000000	1.000000000000
24	44	60
-0.664828074281	-0.098129165520	0.740522989868	-1.278007006962
0.353465467844	0.832004732718	0.427586585122	-1.032099787031
-0.658077347042	0.546020871037	-0.518454832846	3.524891674204
0.000000000000	0.000000000000	0.000000000000	1.000000000000
24	45	60
-0.817140865005	-0.021985593482	0.576018611174	-0.804175639561
0.273274826683	0.865068779340	0.420686196722	-1.044247115349
-0.507544752550	0.501171268820	-0.700874941390	3.863511861938
0.000000000000	0.000000000000	0.000000000000	1.000000000000
24	46	60
-0.548890955813	-0.067620016996	0.833154398613	-1.438167960407
0.291412391755	0.918711152084	0.266549501910	-0.708963472175
-0.783452319263	0.389098126876	-0.484566931500	3.552694006920
0.000000000000	0.000000000000	0.000000000000	1.000000000000
24	47	60
-0.278882301557	-0.065559002460	0.958084901809	-1.777229178880
0.647120661316	0.724309988848	0.237928329027	-0.687497898640
-0.709548808452	0.686350535260	-0.159572651704	3.376759517270
0.000000000000	0.000000000000	0.000000000000	1.000000000000
25	31	60
0.937752421515	0.278625716324	-0.207335732923	-0.743029960667
-0.287802370820	0.957574414931	-0.014867253304	0.370125674453
0.194396994046	0.073613518278	0.978156868111	0.076780653181
0.000000000000	0.000000000000	0.000000000000	1.000000000000
26	30	60
0.833287205987	-0.172305937967	0.525302861290	0.081303498244
0.249221103232	0.965241302556	-0.078727819382	-0.133000989579
-0.493478747305	0.196519443268	0.847265504063	0.321876839122
0.000000000000	0.000000000000	0.000000000000	1.000000000000
27	29	60
-0.412148698127	0.417536857336	-0.809812585354	1.555998612072
0.072757448180	-0.870892216521	-0.486058742270	1.325168165842
-0.908206917154	-0.259248375055	0.328558176987	0.457561468759
0.000000000000	0.000000000000	0.000000000000	1.000000000000
28	30	60
0.718717789227	-0.162138412680	0.676133030241	0.214039285285
0.163694921874	0.984554886380	0.062093866501	-0.298907338108
-0.675757879718	0.066051577106	0.734158346108	0.325316278545
0.000000000000	0.000000000000	0.000000000000	1.000000000000
29	32	60
0.493004307364	-0.458520177603	0.739395698968	-0.043990538769
0.320284211666	0.885820601775	0.335767605985	-0.787899487846
-0.808928165339	0.071281892530	0.583570145843	0.748157686424
0.000000000000	0.000000000000	0.000000000000	1.000000000000
29	42	60
-0.597779251541	-0.287100468894	0.748487332684	-0.221220978633
0.445067672854	0.657705464992	0.607732085627	-1.798441535189
-0.666764375929	0.696417146602	-0.265383543031	3.224648774578
0.000000000000	0.000000000000	0.000000000000	1.000000000000
29	43	60
-0.873926422114	-0.058344496524	0.482543809883	-0.276558483643
0.308924249199	0.699787629294	0.644098658703	-1.972747395970
-0.375257800703	0.711964320463	-0.593538869325	3.297225151673
0.000000000000	0.000000000000	0.000000000000	1.000000000000
29	44	60
-0.867439413821	-0.019728704236	0.497151527786	-0.130028325928
0.381955465854	0.613919879296	0.690805619483	-2.097077731725
-0.318839905681	0.789121765024	-0.525002813812	3.230417361642
0.000000000000	0.000000000000	0.000000000000	1.000000000000
29	45	60
-0.341513846496	0.087615503525	-0.935784064939	2.791057564565
-0.650848360355	0.696247158573	0.302714892270	-0.565454514061
0.678059513962	0.712434851563	-0.180753638425	1.787683040706
0.000000000000	0.000000000000	0.000000000000	1.000000000000
29	46	60
-0.629328373629	-0.069123408112	0.774059269434	-0.701823530292
0.370872185252	0.848583435522	0.377306208753	-1.422933613644
-0.682934565205	0.524526555484	-0.508401683947	3.333453718495
0.000000000000	0.000000000000	0.000000000000	1.000000000000
29	47	60
-0.347520085373	0.008268240740	0.937636084234	-1.072619548831
0.496505578087	0.849894264875	0.176527475086	-0.933054123326
-0.795431958869	0.526888389251	-0.299460555136	3.394298637345
0.000000000000	0.000000000000	0.000000000000	1.000000000000
30	33	60
0.791364859437	-0.255230237130	0.555517043215	0.180033724822
0.148608330089	0.961737595569	0.230165943392	-0.435978730508
-0.593006933751	-0.099590779311	0.799014676461	0.983772488102
0.000000000000	0.000000000000	0.000000000000	1.000000000000
30	34	60
0.047619414527	0.704948128949	-0.707658481791	2.341945354881
-0.519682066352	0.622511993420	0.585157558236	-0.794418950772
0.853031617979	0.339892561759	0.395992556986	0.511843961719
0.000000000000	0.000000000000	0.000000000000	1.000000000000
30	36	60
0.955298977302	0.246340921025	0.163462578575	0.045150864159
-0.272956921587	0.947319200149	0.167573422672	-0.491236632498
-0.113571047909	-0.204700961544	0.972213522545	1.943548650046
0.000000000000	0.000000000000	0.000000000000	1.000000000000
30	41	60
0.418124238071	-0.612070905193	0.671223754462	-0.532347788600
-0.682246925047	-0.699459512163	-0.212827451494	0.777586922236
0.599759330734	-0.368952026504	-0.710044468563	2.877339020082
0.000000000000	0.000000000000	0.000000000000	1.000000000000
30	42	60
-0.475626226561	-0.319698283656	0.819495393541	-0.754103839457
0.302772047657	0.815195421742	0.493746404067	-0.638800198437
-0.825898770895	0.482959037392	-0.290932618378	3.129852542283
0.000000000000	0.000000000000	0.000000000000	1.000000000000
30	46	60
-0.578558798591	-0.097822135119	0.809753386195	-1.092870341924
0.235424255538	0.930499727053	0.280616602962	-0.420276563448
-0.780925820086	0.352988792789	-0.515319100838	3.133366902002
0.000000000000	0.000000000000	0.000000000000	1.000000000000
30	48	60
0.102237086920	0.994618715928	0.016768660751	-0.707079278860
-0.994754575296	0.102277976544	-0.001597010021	-0.734605458135
-0.003303480748	-0.016517428352	0.999858120723	0.905790132272
0.000000000000	0.000000000000	0.000000000000	1.000000000000
31	35	60
0.848420592728	0.074882027504	-0.523999217359	-0.422487396648
-0.277933352198	0.905519116454	-0.320605959821	-0.732890212000
0.450483684024	0.417645557493	0.789073278431	1.019903468722
0.000000000000	0.000000000000	0.000000000000	1.000000000000
31	37	60
0.989724665811	-0.106878713390	-0.094984348764	-0.465751167594
0.119562675814	0.982933832450	0.139806464722	-1.245099536064
0.078420994881	-0.149726489473	0.985612563796	1.626760889594
0.000000000000	0.000000000000	0.000000000000	1.000000000000
31	38	60
0.895712823965	-0.249446265006	0.368069419892	-0.704039800429
0.235863442890	0.968299434683	0.082247438261	-1.348161218789
-0.376917727486	0.013144035409	0.926153475964	1.730359106104
0.000000000000	0.000000000000	0.000000000000	1.000000000000
31	41	60
0.167751830946	-0.496710749275	0.851550206840	-1.284426849288
0.489729444100	0.791656985011	0.365300273289	-1.135448273281
-0.855584241788	0.355749419729	0.376055787838	1.948148243732
0.000000000000	0.000000000000	0.000000000000	1.000000000000
31	42	60
-0.045577467459	-0.486375482728	0.872560361385	-1.683244888475
0.518025732458	0.735341394115	0.436946649618	-1.032578979152
-0.854149890225	0.471923642024	0.218440017229	1.836924565737
0.000000000000	0.000000000000	0.000000000000	1.000000000000
31	46	60
-0.234890263132	-0.185353877275	0.954185780896	-1.988952031369
0.534112431075	0.795559837862	0.286021774264	-0.803505693362
-0.812127129985	0.576826216950	-0.087869449652	1.885771454395
0.000000000000	0.000000000000	0.000000000000	1.000000000000
31	49	60
0.942599608803	-0.123406425967	0.310285081037	-2.260326370976
0.215291093831	0.934886749890	-0.282199414948	-0.500123823179
-0.255256189742	0.332802672630	0.907792189154	1.429203382533
0.000000000000	0.000000000000	0.000000000000	1.000000000000
32	34	60
0.798477920530	0.284684950561	-0.530459696254	-0.874208480432
-0.406317056534	0.905015334009	-0.125911456101	-0.768524592385
0.444229062529	0.316072340030	0.838307113099	0.777360892602
0.000000000000	0.000000000000	0.000000000000	1.000000000000
32	36	60
0.811322647143	0.243978832828	-0.531253133041	-1.063397291652
-0.350638712751	0.930229905324	-0.108281191168	-0.771043376375
0.467769233013	0.274128897369	0.840265013120	1.099237405015
0.000000000000	0.000000000000	0.000000000000	1.000000000000
32	37	60
0.958042270073	0.125474312922	-0.257703716600	-1.556615279174
-0.113399649968	0.991659277293	0.061256813051	-1.214405268272
0.263240437888	-0.029463104975	0.964280248323	1.223349133598
0.000000000000	0.000000000000	0.000000000000	1.000000000000
32	38	60
0.999970416159	-0.004037618462	0.006547094256	-1.503682187418
0.004907156721	0.990313244818	-0.138764537803	-1.143643469614
-0.005923395897	0.138792560233	0.990303760775	1.195281681136
0.000000000000	0.000000000000	0.000000000000	1.000000000000
32	39	60
0.893363668947	-0.233142073776	0.384117336814	-1.375939193725
0.331758364145	0.918788390415	-0.213925878419	-0.996566209575
-0.303047426693	0.318547746929	0.898159000457	1.256543112735
0.000000000000	0.000000000000	0.000000000000	1.000000000000
32	40	60
0.580183436216	-0.362092847502	0.729572443373	-1.572518724401
0.556403442164	0.830357453767	-0.030359652862	-0.920650634188
-0.594812903264	0.423550786520	0.683229347547	1.323492935757
0.000000000000	0.000000000000	0.000000000000	1.000000000000
32	41	60
0.596842353947	-0.342682354744	0.725498455051	-2.087568640770
0.479783876272	0.877167304519	0.019620192458	-0.768273508887
-0.643107018002	0.336372299142	0.687944067324	1.242523496648
0.000000000000	0.000000000000	0.000000000000	1.000000000000
32	43	60
0.003986051914	-0.379192634404	0.925309168551	-2.608326731755
0.634219284906	0.716366246395	0.290835519976	-0.747012669999
-0.773142942827	0.585689633714	0.243346754481	0.892151960181
0.000000000000	0.000000000000	0.000000000000	1.000000000000
32	44	60
0.248613949974	-0.355805348907	0.900884930259	-1.317881812863
-0.943680908718	-0.298600938795	0.142491479998	-0.003501228235
0.218305855164	-0.885573279317	-0.410003073843	2.990478451423
0.000000000000	0.000000000000	0.000000000000	1.000000000000
32	45	60
-0.001029201723	-0.082340775104	-0.996603701327	1.958223178894
-0.494911833796	0.866034256092	-0.071041847132	-0.449331659240
0.868942585855	0.493157849000	-0.041642747951	1.903249639587
0.000000000000	0.000000000000	0.000000000000	1.000000000000
32	46	60
0.211620141243	-0.248166949170	0.945320094550	-2.660394079397
0.613117669664	0.786942929429	0.069336490880	-0.391276752960
-0.761119989861	0.564919455464	0.318688515438	0.976924501837
0.000000000000	0.000000000000	0.000000000000	1.000000000000
32	47	60
0.443946992072	-0.354222886162	0.823065741693	-2.811536121604
0.635554498031	0.771983675854	-0.010568076797	-0.246837910162
-0.631649862078	0.527794800214	0.567847779430	0.769100075877
0.000000000000	0.000000000000	0.000000000000	1.000000000000
32	48	60
-0.814268451720	0.074263518700	-0.575718523520	-0.481857602457
-0.345463482739	0.735034024450	0.583420915802	-2.157645620869
0.466499593384	0.673950972023	-0.572859683240	3.676277987477
0.000000000000	0.000000000000	0.000000000000	1.000000000000
33	35	60
0.670312548128	0.049645984667	-0.740416345058	-0.431221760882
-0.245297949681	0.956495898176	-0.157938319146	-0.328746425702
0.700364193620	0.287490648507	0.653329261029	0.601134435475
0.000000000000	0.000000000000	0.000000000000	1.000000000000
33	46	60
0.462898811078	-0.360437425446	0.809820691907	-1.829197864251
0.372876373308	0.908009786625	0.191001145603	-0.027613287036
-0.804169074841	0.213548799414	0.554715250681	0.102432998544
0.000000000000	0.000000000000	0.000000000000	1.000000000000
33	49	60
-0.819790837285	-0.333674528634	0.465407662212	-0.994890450185
0.126980953185	0.686559252589	0.715899595064	-1.536774791630
-0.558407396649	0.645985837017	-0.520464674826	3.779208844775
0.000000000000	0.000000000000	0.000000000000	1.000000000000
34	38	60
0.789696880545	-0.322163084448	0.522101315721	-0.248599245979
0.257062291287	0.946474129334	0.195206815713	-0.401185503328
-0.557043818076	-0.019941652926	0.830243648107	0.775174827242
0.000000000000	0.000000000000	0.000000000000	1.000000000000
34	41	60
-0.046968079757	-0.482443391241	0.874667007342	-0.809227913642
0.397596747007	0.794250354084	0.459437919426	-0.232267310667
-0.916357368200	0.369343673676	0.154513508994	1.122417684302
0.000000000000	0.000000000000	0.000000000000	1.000000000000
34	47	60
-0.229705314175	-0.402334545012	0.886206738030	-1.745578680291
0.455271163059	0.760370287734	0.463211823703	-0.197135870453
-0.860211390721	0.509866589827	0.008510220413	1.093182779933
0.000000000000	0.000000000000	0.000000000000	1.000000000000
34	51	60
0.969547271158	-0.062737951398	0.236731997086	-1.950852620464
0.074823242136	0.996294683769	-0.042407375884	-0.376319603908
-0.233194278288	0.058829011105	0.970649048846	0.803248589794
0.000000000000	0.000000000000	0.000000000000	1.000000000000
34	55	60
0.945726479940	0.040086574655	-0.322481769521	-0.380287018224
-0.044945572034	0.998960280222	-0.007632436967	-0.245362911260
0.321840520593	0.021712325348	0.946544903442	1.171959942508
0.000000000000	0.000000000000	0.000000000000	1.000000000000
35	36	60
0.947138868119	-0.191167095832	0.257649191674	0.274821557203
0.109731415856	0.947680968276	0.299766240164	0.083283182870
-0.301474677001	-0.255648046813	0.918562515721	0.277568631131
0.000000000000	0.000000000000	0.000000000000	1.000000000000
35	37	60
0.831532188113	-0.399975477296	0.385452769732	0.272847289352
0.170906973860	0.844474322052	0.507596223075	-0.203272256078
-0.528531008000	-0.356206031611	0.770566179264	0.763327312622
0.000000000000	0.000000000000	0.000000000000	1.000000000000
35	48	60
0.051752845658	-0.308172525433	0.949921753375	-1.391089799457
0.236709384501	0.927875610543	0.288124137566	0.105475739344
-0.970201169993	0.209944149543	0.120967532078	1.386838442620
0.000000000000	0.000000000000	0.000000000000	1.000000000000
35	51	60
0.836045607036	-0.228483793616	0.498821510173	-1.433786876723
0.183693581554	0.973259738719	0.137920807292	-0.185216133849
-0.516995561927	-0.023677775296	0.855660535437	1.292726591699
0.000000000000	0.000000000000	0.000000000000	1.000000000000
35	52	60
0.999281873105	0.005379680222	0.037507294279	-0.835574577579
-0.014556623889	0.968413986452	0.248922589465	-0.125642011399
-0.034983464442	-0.249289811034	0.967796852304	1.643996482596
0.000000000000	0.000000000000	0.000000000000	1.000000000000
35	53	60
0.985935281439	0.053858758711	-0.158211424760	-0.479634934148
-0.019549263466	0.977317575837	0.210874802332	0.016343971521
0.165980261213	-0.204815990759	0.964624778252	1.493146987469
0.000000000000	0.000000000000	0.000000000000	1.000000000000
35	56	60
0.737525700569	0.382265226553	-0.556712796304	0.071404040830
-0.143243978052	0.894163993363	0.424207397065	0.259862610753
0.659952273844	-0.233118102132	0.714226117351	1.190232645594
0.000000000000	0.000000000000	0.000000000000	1.000000000000
35	57	60
0.630759545649	0.121193585821	-0.766455811074	-0.015502416209
-0.167787996728	0.985662879679	0.017772894432	0.124317310334
0.757621002696	0.117391662304	0.642051099130	0.887708518072
0.000000000000	0.000000000000	0.000000000000	1.000000000000
35	58	60
0.547609461193	0.095554203525	-0.831260050887	0.155629099072
-0.158859992771	0.987261593727	0.008834491932	0.205303127392
0.821515295480	0.127216114308	0.555813529479	0.989468688376
0.000000000000	0.000000000000	0.000000000000	1.000000000000
36	38	60
0.775558446667	-0.283185423984	0.564194214297	-0.297731734132
0.255188131542	0.958097607163	0.130107619566	-0.411372974859
-0.577397708104	0.043069604043	0.815326251193	0.408444475367
0.000000000000	0.000000000000	0.000000000000	1.000000000000
36	41	60
-0.035163314669	-0.442257479323	0.896198562420	-0.797266768711
0.412847684810	0.810230702820	0.416032447479	-0.271296259546
-0.910121052634	0.384622581489	0.154094579271	0.747967766685
0.000000000000	0.000000000000	0.000000000000	1.000000000000
36	47	60
-0.204148982124	-0.298718337807	0.932250260260	-1.802696018057
0.491221989582	0.792475797845	0.361501129708	-0.061974343211
-0.846772785373	0.531741915300	-0.015046111266	0.776863989759
0.000000000000	0.000000000000	0.000000000000	1.000000000000
36	50	60
0.928929804253	-0.060673988089	0.365250716548	-2.009962936242
0.108764669954	0.987675561679	-0.112548795779	0.148794485201
-0.353920422326	0.144276304468	0.924080452466	0.341790805889
0.000000000000	0.000000000000	0.000000000000	1.000000000000
36	51	60
0.988735914732	-0.076802987970	0.128462414573	-1.593926290811
0.097077153814	0.982354881602	-0.159859040407	-0.193101757457
-0.113918028101	0.170529140124	0.978745367929	0.252215829318
0.000000000000	0.000000000000	0.000000000000	1.000000000000
36	55	60
0.969800015786	0.114309278299	-0.215456070409	-0.505734006625
-0.133060571266	0.988297222892	-0.074588763220	-0.214933803952
0.204408448347	0.101004891560	0.973660720233	0.787866042336
0.000000000000	0.000000000000	0.000000000000	1.000000000000
37	39	60
0.746778172049	-0.206376741459	0.632242834942	0.157074909098
0.402752726087	0.896834666643	-0.182969457387	0.194473404405
-0.529256651711	0.391275122250	0.752855348209	-0.012056997331
0.000000000000	0.000000000000	0.000000000000	1.000000000000
37	41	60
0.310443933450	-0.406915440459	0.859095098636	-0.566404318371
0.559682618566	0.808740172585	0.180816757306	0.194765104762
-0.768361848779	0.424687129030	0.478811979567	0.186205007304
0.000000000000	0.000000000000	0.000000000000	1.000000000000
37	47	60
0.097070906939	-0.188707215396	0.977224040783	-1.606642071451
0.660368780868	0.746814828338	0.078617335424	0.699662390093
-0.744641062715	0.637696792396	0.197110346474	0.226028457837
0.000000000000	0.000000000000	0.000000000000	1.000000000000
37	48	60
0.630453547527	-0.131720104419	0.764969370957	-1.609389754583
0.470800829527	0.848421917204	-0.241923188895	0.818917808860
-0.617150632607	0.512669547077	0.596904541927	-0.011752933257
0.000000000000	0.000000000000	0.000000000000	1.000000000000
37	50	60
0.990543172566	0.077667102576	0.113101920677	-1.632194334033
-0.035868767732	0.942272299929	-0.332920927982	0.885523837741
-0.132429810786	0.325715725694	0.936147216655	-0.248888134187
0.000000000000	0.000000000000	0.000000000000	1.000000000000
37	51	60
0.991627613646	0.010494636771	-0.128703296207	-1.292164218156
-0.061374759123	0.915221667105	-0.398249217205	0.637931103067
0.113612564438	0.402814054696	0.908203183512	-0.269352447787
0.000000000000	0.000000000000	0.000000000000	1.000000000000
37	55	60
0.854366338876	0.269850184648	-0.444116017321	-0.361531389243
-0.379056783650	0.908216586214	-0.177365688042	0.127977159082
0.355491369466	0.319880462627	0.878238222730	0.405923372626
0.000000000000	0.000000000000	0.000000000000	1.000000000000
38	40	60
0.659180314797	-0.353222059773	0.663864059182	0.055121639611
0.419583403003	0.905379210491	0.065101867367	0.150100507412
-0.624044133462	0.235632471659	0.745014266838	0.080164612265
0.000000000000	0.000000000000	0.000000000000	1.000000000000
38	41	60
0.628137277649	-0.357640687054	0.691040302292	-0.500117301835
0.382166340042	0.915410537252	0.126382106437	0.352693022859
-0.677784957761	0.184707030867	0.711681715222	-0.011044724915
0.000000000000	0.000000000000	0.000000000000	1.000000000000
38	48	60
0.873354606081	-0.160305595316	0.459949832208	-1.262992998114
0.266460326382	0.947704925230	-0.175653833317	0.897834025990
-0.407738429023	0.275966466813	0.870397542904	-0.729420066536
0.000000000000	0.000000000000	0.000000000000	1.000000000000
39	41	60
0.879055419694	-0.183991478125	0.439782565689	-0.557575279704
0.137357386853	0.981150663959	0.135927638429	0.280493861463
-0.456502483436	-0.059080543241	0.887758397329	-0.307025126923
0.000000000000	0.000000000000	0.000000000000	1.000000000000
39	42	60
0.741563324029	-0.314320562974	0.592694204583	-0.805042717204
0.245688439926	0.949316874287	0.196047603100	0.380687520293
-0.624276402678	0.000236402254	0.781203505607	-0.656527919936
0.000000000000	0.000000000000	0.000000000000	1.000000000000
39	46	60
0.062555829579	-0.402682817978	0.913199494246	-2.355564590177
-0.353780547886	0.846630282023	0.397563189315	-0.909010125353
-0.933234210755	-0.347942112522	-0.089499688330	-0.175430040463
0.000000000000	0.000000000000	0.000000000000	1.000000000000
39	47	60
0.991718381088	0.123584721113	-0.034949525307	0.890430276067
-0.127425678423	0.980809562172	-0.147564559536	0.894615888879
0.016042103678	0.150795953061	0.988434738083	-1.138281341277
0.000000000000	0.000000000000	0.000000000000	1.000000000000
40	42	60
0.953201607507	-0.132448837604	0.271779323833	-0.337763227231
0.105979813405	0.988273546253	0.109925779172	0.425543485803
-0.283151857836	-0.075978307387	0.956060836040	-0.833532169038
0.000000000000	0.000000000000	0.000000000000	1.000000000000
40	43	60
0.784251954757	-0.038677950109	0.619235728649	-0.472596933668
0.088052819123	0.994891318047	-0.049375766516	0.448876189182
-0.614162496823	0.093248493017	0.783651163494	-0.982567062884
0.000000000000	0.000000000000	0.000000000000	1.000000000000
40	44	60
0.639187631980	0.230253587989	0.733772755247	-0.875009928769
-0.016681356310	0.958054329084	-0.286100742527	0.962602628189
-0.768869887221	0.170631731343	0.616217420058	-0.566679871917
0.000000000000	0.000000000000	0.000000000000	1.000000000000
40	45	60
0.699299732454	-0.051147906680	0.712996336479	-0.803745902945
0.233416307691	0.959101290048	-0.160129768412	0.665494504687
-0.675645403665	0.278403676466	0.682638031050	-0.578917897400
0.000000000000	0.000000000000	0.000000000000	1.000000000000
40	46	60
0.903404311591	-0.035116958808	0.427349329007	-0.263635822871
0.119740876324	0.977652957862	-0.172791251285	0.771645706946
-0.411731432290	0.207271544567	0.887420832794	-1.016076095522
0.000000000000	0.000000000000	0.000000000000	1.000000000000
40	47	60
0.985501911183	-0.064854705243	0.156779623237	-0.121827632193
0.077349139518	0.994183056312	-0.074947722836	0.807511263440
-0.151006932524	0.085987893046	0.984785757705	-1.303570573141
0.000000000000	0.000000000000	0.000000000000	1.000000000000
40	48	60
-0.666182782526	0.714189883638	-0.214786662469	-0.174675235774
-0.019446162517	0.271267010292	0.962307672156	-2.610247051062
0.745534940180	0.645249579028	-0.166825159179	2.602196788692
0.000000000000	0.000000000000	0.000000000000	1.000000000000
41	43	60
0.818321361648	-0.152414254588	0.554184124699	-0.163044382091
0.253909530486	0.960876364115	-0.110664191199	0.262738932769
-0.515635626580	0.231271502532	0.825005086480	-0.551698280575
0.000000000000	0.000000000000	0.000000000000	1.000000000000
41	44	60
0.828753656792	-0.127935149598	0.544793514876	-0.279922285074
0.297662749129	0.925154194885	-0.235555945517	0.522786495385
-0.473882120505	0.357382586572	0.804806450447	-0.383621935555
0.000000000000	0.000000000000	0.000000000000	1.000000000000
41	45	60
0.521756898049	-0.278024792389	0.806518415261	-0.955484080332
0.629223793422	0.763813671761	-0.143757061123	0.334202526449
-0.576061765030	0.582486814999	0.573464866598	0.153769702643
0.000000000000	0.000000000000	0.000000000000	1.000000000000
43	48	60
-0.099859849519	-0.329178936734	0.938972437329	-1.511631129647
0.488316127079	0.806013315982	0.334499468600	-0.966661360360
-0.866934467240	0.491918450629	0.080255015058	3.053538833122
0.000000000000	0.000000000000	0.000000000000	1.000000000000
44	48	60
0.086947754177	0.778864709176	-0.621135937492	2.784289323291
-0.642699283609	0.520246161071	0.562389155958	-2.016311657860
0.761168653382	0.350305147966	0.545810025940	1.824401828852
0.000000000000	0.000000000000	0.000000000000	1.000000000000
46	48	60
0.702224911472	0.196652561916	-0.684257220349	0.387911456543
-0.153720412866	0.980305724572	0.123978712038	0.002251037513
0.695162001534	0.018123362333	0.718624613662	-0.303177964481
0.000000000000	0.000000000000	0.000000000000	1.000000000000
47	49	60
0.470634115281	0.326546195427	-0.819677443746	0.237841044170
-0.345701793592	0.922963141533	0.169201977762	0.046183057925
0.811784330620	0.203731739362	0.547265547002	-0.198473787599
0.000000000000	0.000000000000	0.000000000000	1.000000000000
48	50	60
0.656057205912	0.313033447778	-0.686730662737	0.265704487647
-0.275423350004	0.946474119398	0.168311376865	0.003912948853
0.702659889878	0.078719768053	0.707157887090	-0.167112554563
0.000000000000	0.000000000000	0.000000000000	1.000000000000
48	51	60
0.875817732104	0.312428454661	-0.367874653720	-1.250497932925
-0.274560376007	0.949379299252	0.152628785226	-0.357856307669
0.396938156466	-0.032671193281	0.917263698764	-0.102940193717
0.000000000000	0.000000000000	0.000000000000	1.000000000000
49	52	60
0.785219979242	0.201085560216	-0.585657051244	-0.064431378898
-0.192400595771	0.978218765564	0.077910573386	-0.212777212058
0.588567409008	0.051503826760	0.806805900377	0.655267277245
0.000000000000	0.000000000000	0.000000000000	1.000000000000
49	53	60
0.490869364089	0.302110943477	-0.817175773766	0.478142071111
-0.215635386756	0.950899111631	0.222018601650	-0.329161445980
0.844125966535	0.067229884215	0.531913052378	0.845827696058
0.000000000000	0.000000000000	0.000000000000	1.000000000000
49	54	60
0.198182310510	0.248495666018	-0.948142223388	0.905433832762
-0.236160491720	0.950937417623	0.199865579614	-0.475659994469
0.951289647768	0.184303911336	0.247143833252	1.148840820127
0.000000000000	0.000000000000	0.000000000000	1.000000000000
49	55	60
0.604695343497	0.249019358526	-0.756526867092	1.057212525920
-0.180996390153	0.967978203052	0.173949720228	-0.418534726562
0.775618365116	0.031742046173	0.630403516963	1.169816524278
0.000000000000	0.000000000000	0.000000000000	1.000000000000
49	56	60
-0.094046736850	0.560193498996	-0.823005744191	1.049743507918
-0.348666066634	0.755781987485	0.554279317106	-0.262703735818
0.932516587126	0.339082336722	0.124241634156	1.094127385949
0.000000000000	0.000000000000	0.000000000000	1.000000000000
50	52	60
0.932626230522	0.049172768643	-0.357477765694	0.079879153230
-0.086461561927	0.992264708863	-0.089079435646	-0.258188110395
0.350332288622	0.113985904260	0.929663649488	0.641065835970
0.000000000000	0.000000000000	0.000000000000	1.000000000000
50	53	60
0.606795754570	0.285399821999	-0.741852986675	0.684489669930
-0.256882485633	0.953644035420	0.156762375217	-0.361424341425
0.752203629884	0.095446295433	0.651981367738	0.911738622877
0.000000000000	0.000000000000	0.000000000000	1.000000000000
50	54	60
0.588828633486	0.177548166727	-0.788516004199	1.115855581311
-0.233943054581	0.971254314272	0.043996638746	-0.370115284992
0.773661093503	0.158561361938	0.613438511100	0.791206297813
0.000000000000	0.000000000000	0.000000000000	1.000000000000
50	55	60
0.766487701111	0.177181802088	-0.617335575724	1.302896855262
-0.145933530786	0.984099015979	0.101254784294	-0.405690254468
0.625459837750	0.012479413405	0.780156558393	1.044749885808
0.000000000000	0.000000000000	0.000000000000	1.000000000000
50	56	60
0.252761091060	0.502972074661	-0.826517345830	1.241360482440
-0.351944940891	0.843531547153	0.405696053148	-0.114501186030
0.901247241010	0.188344421391	0.390230431288	0.879503713325
0.000000000000	0.000000000000	0.000000000000	1.000000000000
50	57	60
-0.132372648984	0.040114156823	-0.990387972576	1.484947628065
-0.363322488432	0.927673207412	0.086134718023	-0.245884120340
0.922211608689	0.371232103504	-0.108224184578	0.973926876568
0.000000000000	0.000000000000	0.000000000000	1.000000000000
50	58	60
-0.149779227990	0.063460513195	-0.986680772149	1.492001343794
-0.402925385197	0.907394497470	0.119525561804	-0.191873264955
0.902893856899	0.415461176557	-0.110338995590	0.955354980969
0.000000000000	0.000000000000	0.000000000000	1.000000000000
51	52	60
0.933099123348	0.174170161157	-0.314628004108	0.222077086865
-0.186497630327	0.982411755057	-0.009261609348	0.056632202112
0.307481153713	0.067319376764	0.949169869741	0.593499610109
0.000000000000	0.000000000000	0.000000000000	1.000000000000
51	53	60
0.716798366129	0.272503109887	-0.641827202147	0.800687648672
-0.216924427779	0.961944310453	0.166153351517	0.017733404417
0.662679330406	0.020129547665	0.748632691220	0.691096194880
0.000000000000	0.000000000000	0.000000000000	1.000000000000
51	54	60
0.600831756690	0.224115899893	-0.767315621871	1.270688365498
-0.229958890499	0.967776775739	0.102601272021	-0.068185073639
0.765584814918	0.114804946561	0.633008463934	0.730888801142
0.000000000000	0.000000000000	0.000000000000	1.000000000000
51	57	60
-0.063410246702	0.094201048249	-0.993531732318	1.583382467786
-0.210154291138	0.971951974592	0.105567670251	-0.032625695984
0.975609714245	0.215489028943	-0.041834959972	0.728378888688
0.000000000000	0.000000000000	0.000000000000	1.000000000000
51	58	60
-0.011118041418	0.097460090043	-0.995177330933	1.577374446799
-0.311150034153	0.945492527072	0.096070481931	0.085973601229
0.950295767328	0.310717576105	0.019812685269	0.716574090276
0.000000000000	0.000000000000	0.000000000000	1.000000000000
52	57	60
0.892931834714	0.132124513564	-0.430367112439	0.018904279557
-0.122761159105	0.991196273142	0.049594817511	-0.159660981611
0.433130969071	0.008547574172	0.901290465170	-0.914779907126
0.000000000000	0.000000000000	0.000000000000	1.000000000000
52	58	60
0.319417839236	0.143445466831	-0.936693995936	1.258682202259
-0.391066356459	0.920331239082	0.007583878708	0.306521338522
0.863156618942	0.363887081958	0.350066911833	-0.312867610042
0.000000000000	0.000000000000	0.000000000000	1.000000000000
53	57	60
0.650658405585	0.009123592720	-0.759315744139	0.704476156580
-0.209325779833	0.963341626351	-0.167796391012	0.265262210056
0.729949557942	0.268122492520	0.628716129796	-0.389580054943
0.000000000000	0.000000000000	0.000000000000	1.000000000000
54	56	60
0.930014821802	0.249928176266	-0.269459343756	0.060176519774
-0.128572043633	0.908101044659	0.398524431227	0.130054705408
0.344298795852	-0.335988689388	0.876681207611	-0.047140313763
0.000000000000	0.000000000000	0.000000000000	1.000000000000
54	57	60
0.804253734674	0.076595341245	-0.589329351011	0.114453139235
-0.170353848281	0.979757558472	-0.105141300126	0.178475854318
0.569346552320	0.184954806144	0.801021986618	-0.273578238512
0.000000000000	0.000000000000	0.000000000000	1.000000000000
54	58	60
0.816169052117	0.083154986290	-0.571798326879	0.063189687488
-0.137492201714	0.989115392670	-0.052408343329	0.141865624433
0.561216511548	0.121391878796	0.818718534618	-0.278081921230
0.000000000000	0.000000000000	0.000000000000	1.000000000000
55	56	60
0.741839468079	0.440491173589	-0.505610254633	-0.092939874938
-0.294930133378	0.891474423591	0.343932505746	0.130913316396
0.602237843402	-0.106023007281	0.791245032781	0.027548223651
0.000000000000	0.000000000000	0.000000000000	1.000000000000
55	58	60
0.505094711067	0.217351179898	-0.835247147525	0.004340349604
-0.352897446466	0.935182515289	0.029950882722	0.049783740672
0.787618388009	0.279628553075	0.549058418727	-0.160117645121
0.000000000000	0.000000000000	0.000000000000	1.000000000000
57	59	60
0.950907926199	0.190690734149	-0.243744045674	0.123346118257
-0.066712720687	0.895397404568	0.440241866240	-0.013756560516
0.302197830552	-0.402368651614	0.864161986787	0.467456594268
0.000000000000	0.000000000000	0.000000000000	1.000000000000
