0	1	66
0.976846152240	-0.068012776600	0.202844415926	-0.508114286730
0.065361521718	0.997666208387	0.019748623297	-0.027972759796
-0.203714178034	-0.006033146982	0.979011815458	0.117030580276
0.000000000000	0.000000000000	0.000000000000	1.000000000000
0	2	66
0.871684562378	-0.051893404194	0.487312115910	-0.567080034540
0.087088712116	0.994953571823	-0.049829169559	-0.053458931168
-0.482267125081	0.085874702433	0.871804998580	0.077472155101
0.000000000000	0.000000000000	0.000000000000	1.000000000000
0	5	66
0.383834671080	-0.009331032367	0.923354686517	-0.952834595272
0.282171772623	0.953303501896	-0.107663940144	0.084320588226
-0.879232640438	0.301869781707	0.368543890033	0.046358327595
0.000000000000	0.000000000000	0.000000000000	1.000000000000
0	6	66
0.731304995062	-0.136683412435	0.668214523161	-0.769147351022
0.224519228912	0.973353941775	-0.046617806472	0.074517590370
-0.644037359201	0.184118844220	0.742506653948	0.171026432243
0.000000000000	0.000000000000	0.000000000000	1.000000000000
0	7	66
0.698307699051	-0.014596020258	0.715648875943	-0.706673668719
0.032578608118	0.999404093098	-0.011405831489	-0.117209817972
-0.715055936091	0.031279624222	0.698367090698	0.445874459707
0.000000000000	0.000000000000	0.000000000000	1.000000000000
0	34	66
0.602824908546	0.381833140792	-0.700575179569	0.818504144862
-0.254511201490	0.924207220017	0.284719270132	-0.185772229259
0.756191892281	0.006668362707	0.654315944316	0.573297707540
0.000000000000	0.000000000000	0.000000000000	1.000000000000
0	35	66
0.874002230232	0.267727296769	-0.405514729836	1.023558427301
-0.193107931369	0.957166940052	0.215733112234	-0.236783433908
0.445902936065	-0.110243110609	0.888266304760	0.580587481631
0.000000000000	0.000000000000	0.000000000000	1.000000000000
0	36	66
0.993815392833	0.038079335345	-0.104311692479	0.895072809069
-0.027145166005	0.994174835157	0.104305019547	-0.077526642397
0.107675925493	-0.100828375767	0.989059924226	0.395976870832
0.000000000000	0.000000000000	0.000000000000	1.000000000000
0	37	66
0.993316645167	0.092559510070	-0.068954909397	1.093720752178
-0.080558295769	0.983805728374	0.160114489670	-0.137913940629
0.082658353583	-0.153489497735	0.984687041992	0.415486729322
0.000000000000	0.000000000000	0.000000000000	1.000000000000
0	38	66
0.989719679048	-0.018481615533	0.141821672506	0.877162891945
-0.000144779471	0.991485551094	0.130216669483	-0.114305348372
-0.143020753544	-0.128898533194	0.981290085651	0.379852644644
0.000000000000	0.000000000000	0.000000000000	1.000000000000
0	45	66
0.817346534570	-0.108717574009	0.565796015830	0.264313420223
0.258187985942	0.947024493226	-0.191006735862	-0.230823110351
-0.515056896218	0.302200427417	0.802116759161	0.029641476005
0.000000000000	0.000000000000	0.000000000000	1.000000000000
0	46	66
0.835308559454	-0.125398101138	0.535289572786	0.159713558564
0.200057836793	0.976219996857	-0.083494788303	0.028210840739
-0.512090297155	0.176832785329	0.840531792137	0.228079752636
0.000000000000	0.000000000000	0.000000000000	1.000000000000
0	47	66
0.711163059661	-0.370510022601	0.597469183913	-0.319613212400
0.248204108854	0.927447989582	0.279705107155	-0.013823241811
-0.657755139031	-0.050621633446	0.751528859929	0.410222106112
0.000000000000	0.000000000000	0.000000000000	1.000000000000
0	48	66
0.676743537129	-0.435034119698	0.593938969636	-0.617884880659
0.209829308684	0.887254955053	0.410792290521	0.084947673379
-0.705683956294	-0.153375224314	0.691726965208	0.289155626498
0.000000000000	0.000000000000	0.000000000000	1.000000000000
0	49	66
0.687222701196	-0.388314409597	0.613951853372	-0.710115389932
0.234818360000	0.918515371404	0.318103521360	-0.123112944217
-0.687448395712	-0.074440793881	0.722407967453	0.608384401851
0.000000000000	0.000000000000	0.000000000000	1.000000000000
1	2	66
0.942896810097	0.007876319723	0.332991845390	-0.162908770796
0.023485243224	0.995660199834	-0.090051151116	-0.022349207470
-0.332255998982	0.092729337613	0.938619849080	-0.032643636718
0.000000000000	0.000000000000	0.000000000000	1.000000000000
1	3	66
0.685027926074	-0.136947680845	0.715529225964	-0.275082325294
0.165313381500	0.985772327986	0.030404000966	-0.117278790352
-0.709512668241	0.097458966180	0.697920857631	0.027840243992
0.000000000000	0.000000000000	0.000000000000	1.000000000000
1	5	66
0.586732805155	-0.008167304624	0.809739409002	-0.367042414696
0.222178205854	0.963199371505	-0.151273975210	0.051715732660
-0.778704989196	0.268663852924	0.566955266255	-0.166950690398
0.000000000000	0.000000000000	0.000000000000	1.000000000000
1	6	66
0.848302492597	-0.132868180056	0.512570900249	-0.271757429054
0.202653251278	0.975773269877	-0.082451109994	0.093349144728
-0.489197854451	0.173817641571	0.854677065727	0.003890762464
0.000000000000	0.000000000000	0.000000000000	1.000000000000
1	7	66
0.814602933560	0.058044875948	0.577107314986	-0.331480953889
-0.035985141317	0.998120888774	-0.049595977639	-0.121157499455
-0.578901658522	0.019633740592	0.815160957107	0.310946420256
0.000000000000	0.000000000000	0.000000000000	1.000000000000
1	34	66
0.481795595352	0.431143683885	-0.762881464020	1.060983608038
-0.294767579771	0.899593694042	0.322247202557	-0.249812451048
0.825218200366	0.069615439995	0.560507459628	0.646747677007
0.000000000000	0.000000000000	0.000000000000	1.000000000000
1	35	66
0.771577446424	0.319826569777	-0.549890179431	1.368125193591
-0.228640299945	0.946085874029	0.229445270608	-0.295313085508
0.593626024877	-0.051307740428	0.803103765625	0.726061801143
0.000000000000	0.000000000000	0.000000000000	1.000000000000
1	36	66
0.962469180207	0.167109892035	-0.213839568688	1.148254641883
-0.145195759338	0.982756751270	0.114487376177	-0.210615439905
0.229284252889	-0.079141972541	0.970136732404	0.480472673074
0.000000000000	0.000000000000	0.000000000000	1.000000000000
1	37	66
0.978848568491	0.116058105958	-0.168481441130	1.326281701675
-0.086779318458	0.981303033281	0.171795537666	-0.219291206884
0.185269613946	-0.153541111483	0.970618512719	0.496467257505
0.000000000000	0.000000000000	0.000000000000	1.000000000000
1	38	66
0.992668957544	0.064994586113	-0.101902131989	1.376095674597
-0.054890018549	0.993571560711	0.099008280516	-0.149110979014
0.107682062534	-0.092689036693	0.989855199454	0.556373225562
0.000000000000	0.000000000000	0.000000000000	1.000000000000
1	45	66
0.934203404512	-0.085183906669	0.346421276834	0.828999934060
0.191622028517	0.938911877367	-0.285876694969	-0.149239323446
-0.300906957689	0.333448929498	0.893457785366	0.070075577051
0.000000000000	0.000000000000	0.000000000000	1.000000000000
1	46	66
0.924007123432	-0.075123920843	0.374922968575	0.549568769356
0.104803833700	0.992718632767	-0.059379058582	-0.170765292214
-0.367732229060	0.094160037561	0.925152363147	0.254454702556
0.000000000000	0.000000000000	0.000000000000	1.000000000000
1	47	66
0.841858971299	-0.327698217362	0.428820884264	0.177124660999
0.232695588564	0.937304706684	0.259446815148	-0.038746695787
-0.486956091969	-0.118632900856	0.865332305723	0.309686249928
0.000000000000	0.000000000000	0.000000000000	1.000000000000
1	48	66
0.799116417800	-0.351730369583	0.487543534381	-0.214250456018
0.162217522188	0.907058591700	0.388497344544	0.041439417856
-0.578876866266	-0.231366502191	0.781902241566	0.181004311784
0.000000000000	0.000000000000	0.000000000000	1.000000000000
1	49	66
0.832356501305	-0.284377566143	0.475722665646	-0.308886406989
0.172641249330	0.948660351738	0.265025538522	-0.088865072720
-0.526666548933	-0.138466374669	0.838718909600	0.430718713749
0.000000000000	0.000000000000	0.000000000000	1.000000000000
2	3	66
0.882849357185	-0.208785128772	0.420696782162	-0.040588167379
0.182669921427	0.977872870522	0.101962487722	0.000259190809
-0.432676221121	-0.013168868600	0.901453198217	0.001156096601
0.000000000000	0.000000000000	0.000000000000	1.000000000000
2	5	66
0.826936407200	-0.065669956732	0.558447522360	-0.125571465456
0.135408397902	0.987186597331	-0.084422673653	0.012823672028
-0.545747876061	0.145430666752	0.825232801665	-0.190322931836
0.000000000000	0.000000000000	0.000000000000	1.000000000000
2	6	66
0.969582496108	-0.130341386450	0.207173613714	-0.169907640912
0.130230961799	0.991381542112	0.014231463338	0.071776438575
-0.207243045311	0.013181841227	0.978200674316	-0.012011660694
0.000000000000	0.000000000000	0.000000000000	1.000000000000
2	7	66
0.962594095531	0.042755312041	0.267552967729	-0.266579320302
-0.052790835898	0.998142000248	0.030424907340	-0.062100100005
-0.265755027974	-0.043411180975	0.963062684602	0.277370830335
0.000000000000	0.000000000000	0.000000000000	1.000000000000
2	8	66
0.986088312100	-0.082429136369	0.144344304419	-0.538961119240
0.078400155128	0.996362605724	0.033391220253	-0.114844890950
-0.146571676720	-0.021610076160	0.988963977196	0.741315756827
0.000000000000	0.000000000000	0.000000000000	1.000000000000
2	35	66
-0.836615648103	0.277247648772	-0.472448937557	0.237027853051
0.085997004495	-0.785295358130	-0.613119658564	1.785676527729
-0.540997941370	-0.553574693921	0.633147917697	0.777652189961
0.000000000000	0.000000000000	0.000000000000	1.000000000000
2	36	66
0.751001272185	0.255542978246	-0.608847169202	1.223448774100
-0.087861013390	0.952549992270	0.291425727335	-0.304925101126
0.654429164618	-0.165367162691	0.737818521048	1.198437596823
0.000000000000	0.000000000000	0.000000000000	1.000000000000
2	37	66
0.809872223847	0.242706524474	-0.534041687528	1.286302293068
-0.121958997045	0.960164403339	0.251416629524	-0.166136825758
0.573788274610	-0.138484156273	0.807210724892	1.122866783271
0.000000000000	0.000000000000	0.000000000000	1.000000000000
2	38	66
0.920396708790	0.130580831569	-0.368535676530	1.127274496407
-0.053800438637	0.975912357923	0.211425122574	-0.105387793199
0.387266589381	-0.174767605922	0.905251828316	0.999002051607
0.000000000000	0.000000000000	0.000000000000	1.000000000000
2	45	66
0.968871222411	-0.229573984253	0.092651714163	0.775678326733
0.245363434091	0.940272953604	-0.235973638213	0.045414120051
-0.032944492630	0.251361410074	0.967332467113	0.394264068701
0.000000000000	0.000000000000	0.000000000000	1.000000000000
2	46	66
0.992555463607	-0.121428352840	0.009423735444	0.650802933347
0.121713115031	0.991737261924	-0.040535428220	0.059592506106
-0.004423719306	0.041380652946	0.999133660863	0.500146372876
0.000000000000	0.000000000000	0.000000000000	1.000000000000
2	47	66
0.965768388676	-0.202211983345	0.162486101638	0.094538907452
0.133661789013	0.924733450950	0.356374200598	-0.057798447877
-0.222319467415	-0.322456754442	0.920106350333	0.432768722736
0.000000000000	0.000000000000	0.000000000000	1.000000000000
2	48	66
0.958740063292	-0.206826697421	0.195038991672	-0.089567025071
0.092435267119	0.875589221167	0.474129979193	0.035175444507
-0.268836776560	-0.436538924966	0.858580546343	0.179988231302
0.000000000000	0.000000000000	0.000000000000	1.000000000000
2	49	66
0.965997671319	-0.202038416584	0.161334984521	-0.284732900286
0.136261199446	0.928129891106	0.346421406325	-0.029888978734
-0.219730254020	-0.312658573302	0.924101310468	0.414180610664
0.000000000000	0.000000000000	0.000000000000	1.000000000000
3	4	66
0.856735613197	-0.040892844131	0.514132146806	-0.621719998951
0.092462318986	0.992879600607	-0.075105381069	0.084473647091
-0.507400047939	0.111883305264	0.854416360655	0.083051028676
0.000000000000	0.000000000000	0.000000000000	1.000000000000
3	5	66
0.995466069201	0.059857174101	0.073921740904	0.119980933376
-0.045605008232	0.982366289579	-0.181319211123	-0.056678755072
-0.083471481919	0.177125920765	0.980642095721	-0.140084692040
0.000000000000	0.000000000000	0.000000000000	1.000000000000
3	6	66
0.956043189732	0.019902967297	-0.292549638968	0.059304481761
-0.027579666448	0.999374411635	-0.022139272068	0.045387624702
0.291925986110	0.029234521748	0.955994017435	0.015915914532
0.000000000000	0.000000000000	0.000000000000	1.000000000000
3	7	66
0.915083414926	0.294357077587	-0.275637904870	-0.121824653076
-0.306774418641	0.951780076484	-0.002035209209	-0.116613187358
0.261747587944	0.086421044215	0.961259383997	0.227817948928
0.000000000000	0.000000000000	0.000000000000	1.000000000000
3	38	66
0.610246803825	0.363847251848	-0.703714441904	0.619523451924
-0.219151295272	0.931159434415	0.291401471306	-0.408899053026
0.761295966232	-0.023606885050	0.647974665227	1.498863904016
0.000000000000	0.000000000000	0.000000000000	1.000000000000
3	39	66
0.867805714363	0.064434831099	-0.492708224673	0.724715443683
-0.140730890366	0.982829255577	-0.119337633959	0.080418855658
0.476558557384	0.172901147837	0.861972815384	1.560021691154
0.000000000000	0.000000000000	0.000000000000	1.000000000000
3	43	66
0.888228793342	-0.204004368058	0.411620976739	1.160396533033
0.217073150792	0.976035161049	0.015317036288	-0.263580218646
-0.404881288631	0.075746829693	0.911226404308	0.743406910755
0.000000000000	0.000000000000	0.000000000000	1.000000000000
3	45	66
0.869815611077	-0.020494388128	-0.492951095731	0.652176788780
-0.050095601938	0.990304561157	-0.129565839707	-0.510870719152
0.490827091136	0.137393071906	0.860355688305	0.895247030185
0.000000000000	0.000000000000	0.000000000000	1.000000000000
3	46	66
0.900551254133	0.135619934971	-0.413055289177	0.327280284948
-0.145229185325	0.989363977940	0.008209926029	-0.254425638652
0.409775453644	0.052594223960	0.910668943798	0.724565558180
0.000000000000	0.000000000000	0.000000000000	1.000000000000
3	47	66
0.961302057687	0.151814616821	-0.229892748920	0.011081855809
-0.083957478745	0.956209391862	0.280383203272	-0.055956423523
0.262391874206	-0.250231734665	0.931952028442	0.485002208268
0.000000000000	0.000000000000	0.000000000000	1.000000000000
3	48	66
0.978493437261	0.115485891331	-0.170919870524	0.005067590299
-0.036300267331	0.912062409183	0.408441491950	0.103859986003
0.203058818642	-0.393452882386	0.896639250487	0.155267965037
0.000000000000	0.000000000000	0.000000000000	1.000000000000
4	5	66
0.936084912978	0.060745384103	-0.346489587153	0.270438825847
-0.126050742539	0.977492893353	-0.169171078350	0.143215856162
0.328414746930	0.202033763899	0.922673350782	0.076419815846
0.000000000000	0.000000000000	0.000000000000	1.000000000000
4	39	66
-0.721750487918	-0.220637639084	0.656045170250	-1.739715241248
0.408556626006	0.629291842327	0.661115164345	-1.206480365348
-0.558710762860	0.745191793702	-0.364048724849	4.012304742128
0.000000000000	0.000000000000	0.000000000000	1.000000000000
4	40	66
0.992638733375	0.017077368748	-0.119902912728	-0.001953478541
0.007222490703	0.979900381590	0.199356659753	-0.336052335673
0.120897397127	-0.198755139900	0.972563732478	1.469461484397
0.000000000000	0.000000000000	0.000000000000	1.000000000000
4	41	66
0.933339048297	-0.107503481328	0.342521856860	0.027532114942
0.053040400565	0.984933283520	0.164599948122	-0.231182384248
-0.355056244604	-0.135460062440	0.924978721188	1.270997351743
0.000000000000	0.000000000000	0.000000000000	1.000000000000
4	42	66
0.946120159805	-0.080520202066	0.313644927059	-0.037152130204
0.146028311198	0.970603778793	-0.191321815071	-0.290407083599
-0.289019680193	0.226814465263	0.930066031424	1.185451114569
0.000000000000	0.000000000000	0.000000000000	1.000000000000
4	43	66
0.990126108117	-0.066292048515	0.123513781937	-0.012859527786
0.049812611036	0.989992927475	0.132032978198	-0.458326986649
-0.131030507159	-0.124576754869	0.983520024372	1.240739193059
0.000000000000	0.000000000000	0.000000000000	1.000000000000
4	45	66
0.618122550300	0.106984539286	-0.778767501353	1.475582484349
-0.141468544280	0.989659731488	0.023669956712	-0.576893498756
0.773247155695	0.095540170740	0.626865944190	1.221624901795
0.000000000000	0.000000000000	0.000000000000	1.000000000000
4	46	66
0.758801836107	0.197855471999	-0.620542493082	1.019425128355
-0.056408015009	0.969126939205	0.240023147945	-0.656236935907
0.648874340195	-0.147126435106	0.746535935324	0.949539521896
0.000000000000	0.000000000000	0.000000000000	1.000000000000
4	47	66
-0.835574354805	-0.218544959101	0.504037298664	-1.232718240223
0.431448745970	0.306927883775	0.848320254245	-2.105980738648
-0.340099216691	0.926300909539	-0.162170119914	4.647260121831
0.000000000000	0.000000000000	0.000000000000	1.000000000000
4	48	66
0.798322182551	0.600206267754	-0.049336892851	1.525696194444
-0.595143282747	0.773743818913	-0.217082877479	1.268333598512
-0.092120387797	0.202664596915	0.974905582767	0.118212509078
0.000000000000	0.000000000000	0.000000000000	1.000000000000
5	6	66
0.932040900603	-0.035758340966	-0.360584387702	-0.088806220145
0.086771101897	0.988191102124	0.126289831569	0.144615766068
0.351810368634	-0.148995593001	0.924137315440	0.118420643153
0.000000000000	0.000000000000	0.000000000000	1.000000000000
5	7	66
0.927468396823	0.185228808724	-0.324796338209	-0.304642157601
-0.150950765599	0.980223464245	0.127968068314	0.057066468153
0.342076364662	-0.069658083247	0.937086715400	0.286525454986
0.000000000000	0.000000000000	0.000000000000	1.000000000000
5	38	66
0.577774492759	0.330121919365	-0.746455728005	0.321654916656
-0.088334442607	0.934473542992	0.344900309796	-0.009889596273
0.811402281095	-0.133336850881	0.569076113038	1.606633285063
0.000000000000	0.000000000000	0.000000000000	1.000000000000
5	39	66
0.882078426203	0.045627608441	-0.468887802544	0.257285495396
-0.003284945680	0.995870225407	0.090728734587	0.299421582563
0.471091136786	-0.078489588455	0.878585525345	1.558109417858
0.000000000000	0.000000000000	0.000000000000	1.000000000000
5	43	66
0.883481219247	-0.262056308055	0.388313567425	0.225120094315
0.198364766082	0.960192190560	0.196678358662	-0.057070207636
-0.424396459475	-0.096733906141	0.900294505474	1.148836303188
0.000000000000	0.000000000000	0.000000000000	1.000000000000
5	45	66
0.839069071369	-0.202104795118	-0.505090828724	0.494263677061
0.178244569809	0.979316015940	-0.095754969880	0.052218865577
0.513996076643	-0.009684663825	0.857737862334	1.018246065800
0.000000000000	0.000000000000	0.000000000000	1.000000000000
5	46	66
0.875828398751	0.068170073475	-0.477783902015	0.141021940705
0.014330579913	0.985864210970	0.166932297678	-0.034166952403
0.482409836572	-0.153050967364	0.862470956594	0.915850688386
0.000000000000	0.000000000000	0.000000000000	1.000000000000
5	47	66
0.927499438379	0.077466111539	-0.365709985329	-0.076718369189
0.094016601160	0.898509700421	0.428767066081	0.139851056806
0.361808886724	-0.432064022816	0.826084142007	0.636478099796
0.000000000000	0.000000000000	0.000000000000	1.000000000000
5	48	66
0.962023700813	0.130808562983	-0.239581967028	-0.194696447375
0.028260990616	0.825252305837	0.564056688747	0.141898653156
0.271499015623	-0.549406726898	0.790215497795	0.235713189970
0.000000000000	0.000000000000	0.000000000000	1.000000000000
5	49	66
0.920725287297	0.171917348205	-0.350298973334	-0.386646174033
0.016484090420	0.879778280442	0.475098360369	0.030322080984
0.389863078651	-0.443209434296	0.807200208905	0.441034845593
0.000000000000	0.000000000000	0.000000000000	1.000000000000
6	7	66
0.977329646558	0.195184245601	0.082035798455	-0.219617444612
-0.196355974233	0.980511868726	0.006388009957	-0.121597617856
-0.079190235141	-0.022351410641	0.996608910807	0.243984999483
0.000000000000	0.000000000000	0.000000000000	1.000000000000
6	35	66
0.244640777752	0.479610837044	-0.842688753248	1.029517174846
-0.198127397051	0.875486633549	0.440759218866	-0.495408621850
0.949155637606	0.059132051100	0.309203777684	1.639947691554
0.000000000000	0.000000000000	0.000000000000	1.000000000000
6	36	66
0.621517516357	0.349570380932	-0.701082395754	1.059422384254
-0.156763017236	0.932318201415	0.325895884811	-0.408506372588
0.767555426851	-0.092646209229	0.634251800649	1.370037358712
0.000000000000	0.000000000000	0.000000000000	1.000000000000
6	37	66
0.623497141407	0.440313845336	-0.646045688990	1.108511486328
-0.231424159141	0.893239582530	0.385442481789	-0.515498755182
0.746789242841	-0.090811705231	0.658831587714	1.457247626532
0.000000000000	0.000000000000	0.000000000000	1.000000000000
6	38	66
0.798355031753	0.340349315896	-0.496781225938	0.960013088837
-0.201804620615	0.928471805574	0.311793202864	-0.434115847772
0.567365965118	-0.148668925544	0.809934202392	1.258746136744
0.000000000000	0.000000000000	0.000000000000	1.000000000000
6	39	66
-0.920815443424	0.122716809918	-0.370188470533	0.211737518398
0.124416942561	-0.807173427325	-0.577054141848	1.752615676383
-0.369620539954	-0.577418083180	0.727989707112	0.341200216818
0.000000000000	0.000000000000	0.000000000000	1.000000000000
6	44	66
0.999344740271	-0.029109009581	0.021511756157	0.973547726616
0.028499359001	0.999198110095	0.028123358975	-0.305906548376
-0.022313149223	-0.027491859609	0.999372963926	0.746002795382
0.000000000000	0.000000000000	0.000000000000	1.000000000000
6	45	66
0.973646624263	-0.075012865698	-0.215372516913	0.894812832195
0.036270814248	0.983271925041	-0.178495796759	-0.329800338292
0.225159230536	0.165980093404	0.960080168266	0.654150729607
0.000000000000	0.000000000000	0.000000000000	1.000000000000
6	46	66
0.986757456754	0.061292824970	-0.150176266926	0.540906443240
-0.054132904321	0.997214406761	0.051313308384	-0.292306462436
0.152903074562	-0.042504312190	0.987326710484	0.666602415456
0.000000000000	0.000000000000	0.000000000000	1.000000000000
6	47	66
0.999959218208	0.007028666399	-0.005670958348	0.187844412454
-0.004746599961	0.943235132178	0.332091787333	-0.125502474043
0.007683209534	-0.332051326265	0.943230027627	0.483643982174
0.000000000000	0.000000000000	0.000000000000	1.000000000000
6	48	66
0.999121450742	0.002645132149	0.041824991846	0.100563738608
-0.021183917005	0.892994401083	0.449568950545	-0.000420799283
-0.036160314259	-0.450059999233	0.892265895775	0.198794628756
0.000000000000	0.000000000000	0.000000000000	1.000000000000
6	49	66
0.999838221157	-0.014361938286	0.010828953881	-0.209488601484
0.009982293791	0.943875111841	0.330151672809	-0.059551928758
-0.014962798006	-0.329990163454	0.943865777904	0.355039593235
0.000000000000	0.000000000000	0.000000000000	1.000000000000
7	37	66
0.616784556421	0.245113259903	-0.747994853445	1.266113708086
-0.108921552039	0.967714442824	0.227299037946	-0.138401007300
0.779559431000	-0.058721775940	0.623569440054	1.266099444517
0.000000000000	0.000000000000	0.000000000000	1.000000000000
7	38	66
0.772371578352	0.159764670539	-0.614749863767	1.153046609557
-0.050047049471	0.980147904401	0.191847278682	-0.096537353056
0.633196207974	-0.117410968594	0.765034134311	1.099979675680
0.000000000000	0.000000000000	0.000000000000	1.000000000000
7	39	66
0.984346475077	-0.064248119809	-0.164116410223	0.943156261920
0.095497334910	0.977075092131	0.190274862664	-0.194582441645
0.148129254466	-0.202969070150	0.967915947040	1.134835324212
0.000000000000	0.000000000000	0.000000000000	1.000000000000
7	44	66
-0.861821757939	0.383414973942	-0.332048513472	-0.145965422840
-0.130933682377	-0.800641115191	-0.584662445762	2.264272796414
-0.490020028531	-0.460398482211	0.740211867790	-0.445086257241
0.000000000000	0.000000000000	0.000000000000	1.000000000000
7	45	66
0.930957332520	-0.263458011946	-0.252800951281	1.082319855507
0.219781207680	0.957220897069	-0.188213641816	-0.111232776002
0.291572745259	0.119657971554	0.949034933006	0.513642696776
0.000000000000	0.000000000000	0.000000000000	1.000000000000
7	46	66
0.976746596925	-0.105510216274	-0.186637830189	0.649323697275
0.115670581915	0.992295558084	0.044382900829	-0.147928920225
0.180517040402	-0.064939353771	0.981425737617	0.430432800579
0.000000000000	0.000000000000	0.000000000000	1.000000000000
7	47	66
0.972947785407	-0.219048381207	-0.073419435860	0.232974695103
0.230996281751	0.917371976230	0.324144065263	0.042757630607
-0.003650299805	-0.332334867142	0.943154394250	0.215677399094
0.000000000000	0.000000000000	0.000000000000	1.000000000000
7	48	66
0.988997945384	-0.120294917368	-0.086094116413	0.253989696397
0.147384116232	0.851199991600	0.503722638544	-0.033783459666
0.012688037988	-0.510869559824	0.859564602888	-0.005884501642
0.000000000000	0.000000000000	0.000000000000	1.000000000000
7	49	66
0.982189002073	-0.164917879177	-0.090038088242	-0.075285304190
0.186024267751	0.920953428194	0.342402913108	-0.036659700337
0.026452523781	-0.353053644968	0.935229056307	0.128257527207
0.000000000000	0.000000000000	0.000000000000	1.000000000000
8	37	66
0.694723569188	0.338423719340	-0.634687756777	1.744715588093
-0.217204011243	0.939910068954	0.263422625792	-0.193623561013
0.685697878015	-0.045149180136	0.726484667160	0.681525344749
0.000000000000	0.000000000000	0.000000000000	1.000000000000
8	38	66
0.840563435241	0.283902182563	-0.461359580016	1.559072256626
-0.177421436199	0.948973736901	0.260711489292	-0.245167293308
0.511834685532	-0.137289465756	0.848042957213	0.487671156979
0.000000000000	0.000000000000	0.000000000000	1.000000000000
8	39	66
0.996335119704	0.043099104923	-0.073883668019	1.489341412481
-0.028622529824	0.981973037069	0.186841390641	-0.258617546565
0.080604466573	-0.184041901818	0.979607828850	0.604953849306
0.000000000000	0.000000000000	0.000000000000	1.000000000000
8	44	66
0.988811752184	-0.091829649857	0.117552686697	1.452211530243
0.095529404246	0.995081132239	-0.026223523523	0.017862415219
-0.114566363594	0.037159866371	0.992720349678	-0.094596344650
0.000000000000	0.000000000000	0.000000000000	1.000000000000
8	45	66
0.985291201491	-0.093415141316	-0.143090389743	1.395647679105
0.066046760120	0.980460119933	-0.185299160005	-0.216152921726
0.157604167906	0.173122975350	0.972208497013	-0.109468466892
0.000000000000	0.000000000000	0.000000000000	1.000000000000
8	46	66
0.992128686700	-0.031711546049	-0.121140607868	1.173435645219
0.026365693497	0.998617231126	-0.045480500257	0.054366587306
0.122415355385	0.041928552854	0.991592898937	-0.047787512466
0.000000000000	0.000000000000	0.000000000000	1.000000000000
8	47	66
0.997021247658	-0.076458126185	0.010138375559	0.769652343087
0.069879432803	0.951121540222	0.300806716343	0.074753621749
-0.032641945252	-0.299202223699	0.953631235197	-0.187758814993
0.000000000000	0.000000000000	0.000000000000	1.000000000000
8	48	66
0.993729166280	-0.063679828740	0.091908778127	0.553932193353
0.018870278280	0.905701547692	0.423495713208	0.172747551068
-0.110210057085	-0.419105697790	0.901223699975	-0.496915044838
0.000000000000	0.000000000000	0.000000000000	1.000000000000
8	49	66
0.991760314779	-0.104763643652	0.073729620902	0.246396021911
0.079003588348	0.953225660818	0.291752073834	0.139570604950
-0.100845976904	-0.283523223964	0.953648085205	-0.326107457086
0.000000000000	0.000000000000	0.000000000000	1.000000000000
8	50	66
0.995857397471	0.029131375738	0.086135978833	-0.024703828784
-0.026758624651	0.999233450391	-0.028574247622	-0.070241019260
-0.086902358476	0.026150995545	0.995873538921	0.069134556151
0.000000000000	0.000000000000	0.000000000000	1.000000000000
8	51	66
0.999282882965	0.022410704391	-0.030520159605	-0.261894563959
-0.023141952683	0.999448356903	-0.023820829326	-0.111925512367
0.029969481806	0.024510043093	0.999250262921	0.276024662341
0.000000000000	0.000000000000	0.000000000000	1.000000000000
9	10	66
0.998600893080	-0.052414435445	0.006998806786	-0.456495371041
0.049538640699	0.973577273030	0.222919753538	-0.082357506547
-0.018498092256	-0.222261153594	0.974811674215	0.541203730084
0.000000000000	0.000000000000	0.000000000000	1.000000000000
9	51	66
0.998606405692	-0.015701870787	-0.050385491609	0.269081722286
0.023011934075	0.988725632076	0.147959708590	0.033724820341
0.047494182812	-0.148912980394	0.987709080078	-0.087703543944
0.000000000000	0.000000000000	0.000000000000	1.000000000000
9	52	66
0.989606722715	-0.118676184240	0.081206512365	-0.255471928407
0.105683096322	0.983181413762	0.148947610874	0.017293563374
-0.097517267744	-0.138817401385	0.985505003318	0.218710486194
0.000000000000	0.000000000000	0.000000000000	1.000000000000
9	53	66
0.981959755101	-0.099114062169	0.161032425435	-0.569172888761
0.076442104058	0.987003152031	0.141355518491	-0.041148688514
-0.172949831131	-0.126495772897	0.976773860907	0.579025200200
0.000000000000	0.000000000000	0.000000000000	1.000000000000
10	11	66
0.983737363696	-0.005655273726	-0.179523862337	0.141567270938
-0.006167472790	0.997851212895	-0.065229741701	-0.142774696288
0.179506995821	0.065276142672	0.981588642787	0.398206804805
0.000000000000	0.000000000000	0.000000000000	1.000000000000
10	51	66
0.990257860455	0.080085595159	-0.113910786383	0.900192029946
-0.089038538880	0.993139370586	-0.075804545948	0.193580281090
0.107058434513	0.085208497466	0.990594772629	-0.528749123987
0.000000000000	0.000000000000	0.000000000000	1.000000000000
10	52	66
0.993804483817	-0.068813201154	0.087277667773	0.146502429019
0.073025092526	0.996267908919	-0.046017274143	0.084800579879
-0.083785343626	0.052105633141	0.995120605348	-0.276869337116
0.000000000000	0.000000000000	0.000000000000	1.000000000000
10	53	66
0.986794111207	-0.043291115832	0.156087351751	-0.137419222051
0.057364938567	0.994571159467	-0.086818618857	0.041252140850
-0.151481503523	0.094626043175	0.983920355539	0.024900639316
0.000000000000	0.000000000000	0.000000000000	1.000000000000
10	54	66
0.999430655210	-0.001760623023	-0.033693703165	-0.132700035377
-0.006016121357	0.973334374883	-0.229312016596	-0.135923684116
0.033198971524	0.229384164401	0.972769619906	0.336360300156
0.000000000000	0.000000000000	0.000000000000	1.000000000000
11	12	66
0.948286584150	0.086587882717	-0.305376968497	0.035045454991
-0.156021188126	0.964980850806	-0.210877562661	-0.130775560412
0.276423485213	0.247617641020	0.928587939119	0.133670933449
0.000000000000	0.000000000000	0.000000000000	1.000000000000
11	52	66
0.962972017148	-0.063278199653	0.262070150226	-0.097751852607
0.068557053727	0.997586118720	-0.011039298920	0.265686435857
-0.260738997035	0.028597293318	0.964985683956	-0.687068418367
0.000000000000	0.000000000000	0.000000000000	1.000000000000
11	53	66
0.936806300527	-0.035543515446	0.348038236121	-0.373877118068
0.039246066873	0.999223121075	-0.003591732605	0.095528109657
-0.347640189747	0.017023889624	0.937473458640	-0.312567056280
0.000000000000	0.000000000000	0.000000000000	1.000000000000
11	54	66
0.991650245191	0.049676016761	0.119004556939	-0.230807499165
-0.030543536635	0.987045498593	-0.157506431862	-0.025871848159
-0.125287204388	0.152556471730	0.980321191931	-0.009885916497
0.000000000000	0.000000000000	0.000000000000	1.000000000000
11	55	66
0.992183018564	0.057763944292	-0.110617288036	-0.179485368946
-0.064556367406	0.996177944387	-0.058838580400	-0.117224954822
0.106795754129	0.065519690598	0.992119870300	-0.017898070182
0.000000000000	0.000000000000	0.000000000000	1.000000000000
12	52	66
0.798098869925	-0.225575718898	0.558707247910	-0.529660309628
0.074600163150	0.957133819383	0.279874377982	0.070950364612
-0.597890466124	-0.181687772941	0.780715405050	-0.772911481477
0.000000000000	0.000000000000	0.000000000000	1.000000000000
12	54	66
0.913386701512	-0.071740762955	0.400721844215	-0.297712407275
0.032020552924	0.993960651593	0.104961456143	0.032175936841
-0.405831760328	-0.083039063192	0.910167619888	-0.092529926551
0.000000000000	0.000000000000	0.000000000000	1.000000000000
12	55	66
0.977642704119	-0.058941161184	0.201843212916	-0.302388206562
0.021058886210	0.982529315349	0.184912595004	-0.032187518689
-0.209215836861	-0.176527856152	0.961803851941	-0.069043736471
0.000000000000	0.000000000000	0.000000000000	1.000000000000
12	56	66
0.957727990541	0.077755680231	-0.276967778497	-0.230995827262
0.046281507539	0.908591376337	0.415114120341	0.072448020752
0.283928015866	-0.410384898648	0.866584742981	-0.054552353829
0.000000000000	0.000000000000	0.000000000000	1.000000000000
13	14	66
0.960037862089	0.029164747136	-0.278346404469	0.232964177242
-0.057988059443	0.993701744587	-0.095886535899	-0.076585151472
0.273796801147	0.108195472775	0.955682505518	0.110877278212
0.000000000000	0.000000000000	0.000000000000	1.000000000000
13	15	66
0.773311200991	0.164811910327	-0.612231019008	0.475037558287
-0.045133750786	0.977483422969	0.206128848929	-0.108813846039
0.632418161473	-0.131769465489	0.763337459453	0.314828467440
0.000000000000	0.000000000000	0.000000000000	1.000000000000
13	54	66
-0.656227548892	0.050515409556	-0.752870239465	1.709458663772
0.205009628322	-0.948288802837	-0.242320859004	1.562144257560
-0.726179355511	-0.313363271317	0.611937091390	0.291538301224
0.000000000000	0.000000000000	0.000000000000	1.000000000000
13	55	66
0.751149697090	-0.113529485436	0.650296231342	-0.521966106273
0.138891549864	0.990229417551	0.012443391550	-0.061491345582
-0.645355150238	0.080973801648	0.759578813230	0.021543358901
0.000000000000	0.000000000000	0.000000000000	1.000000000000
13	56	66
0.962828144497	-0.118256298935	0.242852654764	-0.571276387559
0.068271234829	0.976421460698	0.204792992025	0.075286849202
-0.261344605184	-0.180600605895	0.948199566806	0.058792190062
0.000000000000	0.000000000000	0.000000000000	1.000000000000
13	57	66
0.981254539520	0.101907798198	-0.163567506973	-0.468112146931
-0.056835917588	0.964027054315	0.259656536641	-0.022680900141
0.184144527865	-0.245492645949	0.951747946487	0.254154799147
0.000000000000	0.000000000000	0.000000000000	1.000000000000
14	15	66
0.929892967360	0.118691189993	-0.348154377643	0.202806443455
-0.008908204519	0.953497608364	0.301268907683	-0.023975460376
0.367722331585	-0.277046408139	0.887708045807	0.161584728018
0.000000000000	0.000000000000	0.000000000000	1.000000000000
14	18	66
0.509780878989	0.274036737137	-0.815492073608	0.608234186858
-0.100519556080	0.960391643178	0.259891728534	-0.011604337595
0.854411653867	-0.050514932588	0.517135347199	0.254263357358
0.000000000000	0.000000000000	0.000000000000	1.000000000000
14	56	66
0.860064180899	-0.199645186388	0.469501229270	-0.755121088182
0.051630257587	0.949590306035	0.309212818600	0.137023673291
-0.507566666789	-0.241702400148	0.827016341149	0.130420201877
0.000000000000	0.000000000000	0.000000000000	1.000000000000
14	57	66
0.995052075608	-0.095608492337	0.027025599371	-0.526838971240
0.083158259931	0.950291097992	0.300052550201	0.095483130483
-0.054369758447	-0.296320511051	0.953539765346	0.275387766307
0.000000000000	0.000000000000	0.000000000000	1.000000000000
15	18	66
0.787755206773	0.204305956654	-0.581120306200	0.438341641191
-0.232165531633	0.972298295465	0.027114397591	-0.037127074089
0.570561916118	0.113556596951	0.813365845831	0.030365548627
0.000000000000	0.000000000000	0.000000000000	1.000000000000
15	56	66
0.598695458169	-0.354625481183	0.718195319160	-0.854068925987
0.349192288137	0.922513034020	0.164421555672	-0.069335095868
-0.720852616194	0.152349828221	0.676136846775	0.366786161328
0.000000000000	0.000000000000	0.000000000000	1.000000000000
15	57	66
0.902243999334	-0.200743356023	0.381651504225	-0.663081283250
0.181557071425	0.979608310008	0.086049920270	-0.107669832289
-0.391142934847	-0.008346494795	0.920292095231	0.422137297497
0.000000000000	0.000000000000	0.000000000000	1.000000000000
15	62	66
0.131702214951	0.493181053618	-0.859899398145	0.706058596485
-0.328062816747	0.840259075552	0.431670562143	-1.105538675140
0.935430016006	0.225249049511	0.272458346999	2.488269967578
0.000000000000	0.000000000000	0.000000000000	1.000000000000
16	17	66
0.996866752312	0.017555538609	-0.077126397544	0.008297434697
-0.018290531220	0.999793690481	-0.008833625614	-0.378915305302
0.076955406578	0.010216630459	0.996982189340	-0.145199315182
0.000000000000	0.000000000000	0.000000000000	1.000000000000
16	61	66
0.839908878231	-0.239736137484	0.486908267185	-0.578478261053
-0.010025407034	0.890144184075	0.455568680631	-0.378811568979
-0.542634838066	-0.387517633072	0.745236550751	0.995364064383
0.000000000000	0.000000000000	0.000000000000	1.000000000000
17	18	66
0.923232664965	0.146852538203	-0.355071511622	0.239681055980
-0.008224691929	0.931425505192	0.363839089049	0.044626222583
0.384153355816	-0.332987778005	0.861130268261	0.226483612490
0.000000000000	0.000000000000	0.000000000000	1.000000000000
17	19	66
0.870943731776	0.199217531224	-0.449187479047	-0.192229886058
-0.038712104681	0.939106189670	0.341439507782	0.056262677047
0.489855477698	-0.279985606373	0.825620779289	-0.027214545754
0.000000000000	0.000000000000	0.000000000000	1.000000000000
17	64	66
0.065676425466	0.564091082511	-0.823096505745	0.629235877344
0.074126458281	0.819840136338	0.567774091548	-0.011561121660
0.995083853412	-0.098302601600	0.012030095513	2.510443005823
0.000000000000	0.000000000000	0.000000000000	1.000000000000
18	19	66
0.977526213158	0.051830053780	-0.204343211569	-0.221910737190
-0.059263154682	0.997778748266	-0.030421176925	0.060141649402
0.202312582620	0.041847521235	0.978426493856	-0.063092253235
0.000000000000	0.000000000000	0.000000000000	1.000000000000
18	20	66
0.928622815319	0.133069805839	-0.346341007740	-0.444830117350
-0.112524356981	0.990514150174	0.078866896679	0.021156448859
0.353550471580	-0.034265800438	0.934787633083	-0.187321435209
0.000000000000	0.000000000000	0.000000000000	1.000000000000
18	62	66
0.744515527699	0.337682907786	-0.575905272422	1.818115383320
-0.213225694843	0.937738610243	0.274191724744	-0.725033197426
0.632638468695	-0.081342194763	0.770163628898	1.677771043419
0.000000000000	0.000000000000	0.000000000000	1.000000000000
18	63	66
0.492407399249	0.396090128697	-0.775014556711	1.936330208198
-0.291825833158	0.914038414283	0.281729409748	-0.631000738286
0.819983314627	0.087443622775	0.565668610203	1.848009327628
0.000000000000	0.000000000000	0.000000000000	1.000000000000
18	64	66
0.489155993460	0.365920603510	-0.791725031806	1.341681489899
-0.234369636296	0.929496244521	0.284793969394	-0.522239442719
0.840117424914	0.046247630721	0.540429337664	1.717714744233
0.000000000000	0.000000000000	0.000000000000	1.000000000000
19	20	66
0.988129982575	0.050345311259	-0.145136098783	-0.280869832650
-0.039552404373	0.996298963419	0.076315023414	0.006348078270
0.148441048380	-0.069668681088	0.986464155472	-0.083229047393
0.000000000000	0.000000000000	0.000000000000	1.000000000000
19	21	66
0.994877312193	0.035089106653	-0.094804473936	-0.684999259149
-0.021310499600	0.989548061307	0.142620114183	0.075620574565
0.098817995785	-0.139869185159	0.985226681912	-0.287904801648
0.000000000000	0.000000000000	0.000000000000	1.000000000000
19	64	66
0.665547404236	0.292505896148	-0.686649075899	1.936675962613
-0.142267523332	0.952853630450	0.268011027278	-0.413814457520
0.732670870528	-0.080686180085	0.675783349768	1.454834504954
0.000000000000	0.000000000000	0.000000000000	1.000000000000
19	65	66
0.756952468346	0.199248984758	-0.622352635359	1.154996630927
-0.129391815494	0.979225231074	0.156127207468	-0.357562622123
0.640531590749	-0.037653537702	0.767008143601	1.491262309355
0.000000000000	0.000000000000	0.000000000000	1.000000000000
20	21	66
0.998526142717	-0.043588819877	0.032335075264	-0.391435044531
0.041162422426	0.996537005717	0.072247153694	0.060932101024
-0.035372267252	-0.070809681673	0.996862473810	-0.161692471443
0.000000000000	0.000000000000	0.000000000000	1.000000000000
20	22	66
0.994765530400	-0.050761281168	0.088683887273	-1.007521975900
0.054383366739	0.997761570497	-0.038913980273	0.073290646250
-0.086510051150	0.043533214592	0.995299387259	-0.055669601601
0.000000000000	0.000000000000	0.000000000000	1.000000000000
20	23	66
0.997781529843	-0.034563422726	0.056898053689	-1.365986460106
0.049171340519	0.958780635678	-0.279860450799	-0.101761315423
-0.044879817020	0.282037342313	0.958353139279	0.024334425223
0.000000000000	0.000000000000	0.000000000000	1.000000000000
20	34	66
0.448498987617	-0.401108367247	0.798724442991	-2.164785774470
0.295026042640	0.909994511546	0.291323914432	-0.272368114585
-0.843687319017	0.104986030884	0.526469031424	0.971891732120
0.000000000000	0.000000000000	0.000000000000	1.000000000000
20	64	66
0.752347251420	0.254823858747	-0.607485320229	2.502591734062
-0.170508313852	0.966056403496	0.194066844596	-0.434886635067
0.636317945832	-0.042424359481	0.770259466372	1.186686155240
0.000000000000	0.000000000000	0.000000000000	1.000000000000
20	65	66
0.843312021575	0.124851732989	-0.522720651053	1.696488871219
-0.063272152799	0.988941645156	0.134130746500	-0.487574559643
0.533686676757	-0.080040410081	0.841886015923	1.342848500623
0.000000000000	0.000000000000	0.000000000000	1.000000000000
21	22	66
0.997635840200	-0.037033992047	0.057889669045	-0.627246291888
0.043142379897	0.993203017602	-0.108104120565	0.024533351747
-0.053492666843	0.110346043243	0.992452661508	0.078329779944
0.000000000000	0.000000000000	0.000000000000	1.000000000000
21	23	66
0.999885898749	-0.011317708357	0.010004946775	-0.991673825834
0.014084403528	0.937899611707	-0.346620755203	-0.113906137005
-0.005460683078	0.346722119049	0.937951999360	0.125332079373
0.000000000000	0.000000000000	0.000000000000	1.000000000000
21	24	66
0.989928704851	-0.057286165754	-0.129458311918	-1.057041830595
0.028946992818	0.977056277428	-0.211004981801	0.055237767034
0.138575722687	0.205132459526	0.968874317510	0.499298631917
0.000000000000	0.000000000000	0.000000000000	1.000000000000
21	34	66
0.490878618146	-0.375020431396	0.786382768303	-1.828055545014
0.344757025419	0.912551207747	0.219983832733	-0.356740424353
-0.800112976818	0.163125624214	0.577242804245	1.045776260448
0.000000000000	0.000000000000	0.000000000000	1.000000000000
21	65	66
0.806798217359	0.138615743890	-0.574336410140	2.066732956250
-0.131050169477	0.989859473364	0.054809452391	-0.654723133016
0.576109789490	0.031046715402	0.816782475275	1.566708087074
0.000000000000	0.000000000000	0.000000000000	1.000000000000
22	23	66
0.998619876692	-0.010999947648	-0.051355068182	-0.348317496110
-0.005235680299	0.952099399028	-0.305743883049	0.050743359120
0.052258296261	0.305590797509	0.950727792247	0.051163474103
0.000000000000	0.000000000000	0.000000000000	1.000000000000
22	24	66
0.999982765818	0.005721108175	0.001317948262	-0.976153644688
-0.005762122411	0.999420025697	0.033562034826	-0.271582063168
-0.001125171854	-0.033569050591	0.999435767236	0.543648236315
0.000000000000	0.000000000000	0.000000000000	1.000000000000
22	33	66
0.975445576460	-0.084973046741	0.203188357671	-1.251132321934
0.046287078375	0.981064430019	0.188069376900	-0.285340717274
-0.215321698258	-0.174046446328	0.960908112558	0.927094821826
0.000000000000	0.000000000000	0.000000000000	1.000000000000
22	34	66
0.505582133243	-0.366648545473	0.780996511290	-1.290033217025
0.252277173272	0.928472789174	0.272570188410	-0.243639550430
-0.825071472292	0.059220974889	0.561916312045	1.006917516989
0.000000000000	0.000000000000	0.000000000000	1.000000000000
22	65	66
0.770701318974	0.232511437572	-0.593260405159	2.524428438634
-0.099127844873	0.963462378544	0.248825070083	-0.816759505117
0.629438755799	-0.132961184295	0.765590083641	1.721316441069
0.000000000000	0.000000000000	0.000000000000	1.000000000000
23	24	66
0.996725633374	0.041258438343	-0.069539578954	-0.284853064416
-0.021098238556	0.962933794840	0.268911455846	0.018263469317
0.078056877375	-0.266563778524	0.960651276933	0.357215519163
0.000000000000	0.000000000000	0.000000000000	1.000000000000
23	33	66
0.960056304510	-0.084062398429	0.266880882309	-0.867372623063
-0.050017840304	0.886881668564	0.459281092161	0.025168134605
-0.275300032370	-0.454284513423	0.847251717639	0.978390916913
0.000000000000	0.000000000000	0.000000000000	1.000000000000
24	25	66
0.999005303821	-0.044567592411	-0.001460357425	-0.516395929601
0.044584385203	0.997724348943	0.050580194962	-0.123516110590
-0.000797203352	-0.050594992174	0.998718935053	0.410668724162
0.000000000000	0.000000000000	0.000000000000	1.000000000000
24	32	66
0.997233213494	0.071374406296	-0.020775274488	-0.846372843552
-0.061644391266	0.950202712904	0.305474669025	-0.231663627363
0.041543795320	-0.303348806684	0.951973536688	0.457434599754
0.000000000000	0.000000000000	0.000000000000	1.000000000000
24	33	66
0.881609823632	-0.178781989131	0.436807874515	-0.835265402090
0.075052564686	0.966808944202	0.244228536303	-0.245293056914
-0.465973423502	-0.182530725558	0.865766309588	0.872427448232
0.000000000000	0.000000000000	0.000000000000	1.000000000000
25	26	66
0.994886366166	-0.068854254117	0.073893234512	-0.365102091928
0.083481357796	0.972395517804	-0.217894056492	-0.154884092292
-0.056850517299	0.222948533622	0.973171089808	0.369805693219
0.000000000000	0.000000000000	0.000000000000	1.000000000000
25	27	66
0.992743910114	-0.089626157197	0.080166582047	-0.393739798875
0.088132214172	0.995866014460	0.021990772337	-0.118977091796
-0.081806122974	-0.014765946938	0.996538872827	0.335624361987
0.000000000000	0.000000000000	0.000000000000	1.000000000000
25	32	66
0.995431765715	0.070359835195	-0.064537534788	-0.207590921044
-0.055523177191	0.976506999594	0.208209645641	0.016109754636
0.077670950811	-0.203675166220	0.975952688436	0.056084894437
0.000000000000	0.000000000000	0.000000000000	1.000000000000
25	33	66
0.893509265882	-0.171225596722	0.415118039610	-0.260301714651
0.080135533293	0.970408703883	0.227783326283	-0.268908456751
-0.441836494743	-0.170260807164	0.880790423119	0.433705386509
0.000000000000	0.000000000000	0.000000000000	1.000000000000
26	27	66
0.999822247905	0.004659910163	0.018269040236	-0.010495636021
-0.009031804945	0.968937296699	0.247141541561	-0.006973494193
-0.016549897078	-0.247262614042	0.968807153464	-0.032800666051
0.000000000000	0.000000000000	0.000000000000	1.000000000000
26	32	66
0.979385828374	0.180886215397	-0.089908710694	0.164103541206
-0.126512344457	0.896270227585	0.425081528469	0.061457222143
0.157473889516	-0.404944263109	0.900678698480	-0.293636290679
0.000000000000	0.000000000000	0.000000000000	1.000000000000
27	28	66
0.918040651399	0.241362866335	-0.314555764742	0.189992830357
-0.184216532953	0.962185677674	0.200656399514	0.079709618790
0.351092055400	-0.126264359316	0.927788596719	-0.164282421573
0.000000000000	0.000000000000	0.000000000000	1.000000000000
27	31	66
0.656504745100	0.453936751263	-0.602447462866	0.381532850378
-0.267472524697	0.886853856243	0.376760781132	0.124248357657
0.705308420617	-0.086207096691	0.703639373747	-0.349394473186
0.000000000000	0.000000000000	0.000000000000	1.000000000000
27	32	66
0.980213772586	0.165905602126	-0.107964305284	0.138675155209
-0.140726945228	0.967667940329	0.209319574206	0.092685077657
0.139200886919	-0.189984442633	0.971868830984	-0.234748096325
0.000000000000	0.000000000000	0.000000000000	1.000000000000
27	33	66
0.939589804455	-0.037214698840	0.340273515800	0.176822973040
-0.022389467926	0.985262280759	0.169578742298	-0.138372985437
-0.341569482084	-0.166953000284	0.924909176409	0.089728442278
0.000000000000	0.000000000000	0.000000000000	1.000000000000
28	29	66
0.898180096662	0.284788631890	-0.334914838588	0.112825516181
-0.256572384699	0.958185249374	0.126695064201	0.073328921246
0.356991772132	-0.027865086203	0.933691818322	-0.184861290512
0.000000000000	0.000000000000	0.000000000000	1.000000000000
28	30	66
0.705282099692	0.448396858851	-0.549106016018	0.223552246304
-0.333075606188	0.893335066709	0.301683773429	0.159180654775
0.625809715822	-0.029878346020	0.779403287151	-0.370966464849
0.000000000000	0.000000000000	0.000000000000	1.000000000000
28	31	66
0.886876198773	0.250384315755	-0.388276064771	0.150547951089
-0.216493524119	0.967656657204	0.129503466302	0.122092486491
0.408143555707	-0.030794288329	0.912398240760	-0.220682725745
0.000000000000	0.000000000000	0.000000000000	1.000000000000
28	32	66
0.974882873817	-0.076669117491	0.209105783665	-0.086138647153
0.070106257082	0.996791277027	0.038629817000	0.041420809793
-0.211396535112	-0.022999923185	0.977129729604	-0.067086953784
0.000000000000	0.000000000000	0.000000000000	1.000000000000
29	30	66
0.959097495802	0.126403085304	-0.253286899725	-0.106876264772
-0.116372027969	0.991722167574	0.054265029712	0.208360513234
0.258049500393	-0.022569943927	0.965868030829	-0.170251738090
0.000000000000	0.000000000000	0.000000000000	1.000000000000
29	31	66
0.998960400678	-0.036054079559	-0.027896616734	-0.029450151943
0.036215932787	0.999329835866	0.005318398344	0.010744567103
0.027686171465	-0.006323171337	0.999596665368	-0.019955192323
0.000000000000	0.000000000000	0.000000000000	1.000000000000
29	32	66
0.772570932155	-0.317844720988	0.549644328752	-0.138031583996
0.332680672299	0.939975934502	0.075952701311	-0.102847303768
-0.540793606719	0.124177195564	0.831938879386	0.181975307347
0.000000000000	0.000000000000	0.000000000000	1.000000000000
30	31	66
0.962208117310	-0.152666230316	0.225496255190	0.124230614635
0.176710922926	0.980094186371	-0.090491080004	-0.053240339444
-0.207192636699	0.126918903095	0.970032372313	0.130034106968
0.000000000000	0.000000000000	0.000000000000	1.000000000000
30	32	66
0.563054449446	-0.380921861040	0.733394997761	0.083047775234
0.484375231480	0.871140259375	0.080593322456	-0.192124526985
-0.669589666951	0.309859943002	0.675008513750	0.346953855052
0.000000000000	0.000000000000	0.000000000000	1.000000000000
31	32	66
0.763505482626	-0.288535381902	0.577760081167	-0.097037314306
0.313893250894	0.947657087670	0.058455720267	-0.143011624778
-0.564384979463	0.136723727200	0.814110691109	0.219538285675
0.000000000000	0.000000000000	0.000000000000	1.000000000000
32	33	66
0.875483008116	-0.167494827612	0.453293486853	0.070632878092
0.180906998752	0.983400951595	0.013972337100	-0.218561625879
-0.448109540517	0.069771420545	0.891251809857	0.326461259711
0.000000000000	0.000000000000	0.000000000000	1.000000000000
33	65	66
0.524145628806	0.204288356536	-0.826763344124	0.445408577810
-0.336800496689	0.941382539874	0.019087667512	-0.554652605497
0.782199964992	0.268449587455	0.562225963258	1.148946830171
0.000000000000	0.000000000000	0.000000000000	1.000000000000
34	35	66
0.922078460181	-0.180136143159	0.342523405328	0.187597271961
0.179153269299	0.983205742635	0.034793300348	0.075368796083
-0.343038510038	0.029282035066	0.938864816176	-0.179901778653
0.000000000000	0.000000000000	0.000000000000	1.000000000000
34	36	66
0.739780389763	-0.312438101144	0.595908892261	0.059635074025
0.342102766532	0.937290227124	0.066728758936	0.117877679992
-0.579388187706	0.154497453350	0.800274868314	-0.230447350552
0.000000000000	0.000000000000	0.000000000000	1.000000000000
34	37	66
0.687205921402	-0.306980711586	0.658415419248	0.042535356280
0.300064979842	0.945349420377	0.127575394434	0.145887874128
-0.661595820318	0.109896843024	0.741763880511	-0.286624913014
0.000000000000	0.000000000000	0.000000000000	1.000000000000
34	64	66
0.887722698646	0.000819015445	0.460377822579	-1.435422467448
-0.009303182726	0.999826135101	0.016160147305	-0.447275972459
-0.460284543625	-0.018628708582	0.887575974279	0.547403718639
0.000000000000	0.000000000000	0.000000000000	1.000000000000
34	65	66
-0.331948483727	0.376293194078	-0.864993431329	1.136447313355
-0.371574299338	0.790688600818	0.486563538100	-1.889001347172
0.867030993807	0.482923356888	-0.122647002207	3.605199991242
0.000000000000	0.000000000000	0.000000000000	1.000000000000
35	36	66
0.940009603483	-0.166901396484	0.297532971639	-0.114120911857
0.187430004951	0.981394899625	-0.041641856755	0.107874664827
-0.285047256792	0.094910351604	0.953802960026	-0.086323494680
0.000000000000	0.000000000000	0.000000000000	1.000000000000
35	37	66
0.929408498375	-0.136790484735	0.342765526905	-0.011138045032
0.134539205695	0.990439976433	0.030460715913	0.081952757966
-0.343655416485	0.017804953493	0.938927014390	-0.146584006915
0.000000000000	0.000000000000	0.000000000000	1.000000000000
35	38	66
0.834309422400	-0.239059405182	0.496767942292	-0.153769129873
0.243380648060	0.968243021295	0.057195383231	0.061923906703
-0.494665187622	0.073185056582	0.865996708798	-0.103767663369
0.000000000000	0.000000000000	0.000000000000	1.000000000000
35	45	66
0.471691984043	-0.127356669025	0.872517593544	-0.842836413832
0.514485828362	0.843367428795	-0.155034552481	-0.070380818456
-0.716108235258	0.522026492530	0.463332857127	-0.209137684794
0.000000000000	0.000000000000	0.000000000000	1.000000000000
35	46	66
0.443868165103	-0.256492065107	0.858599366728	-0.930039879197
0.445430938206	0.894553125940	0.036959222926	-0.103835918448
-0.777542494850	0.366041699001	0.511313155801	0.104300928980
0.000000000000	0.000000000000	0.000000000000	1.000000000000
35	47	66
0.295951373644	-0.526538401835	0.796975592996	-1.246544400823
0.505105661288	0.794422775930	0.337284337047	-0.119096147572
-0.810728718730	0.302737121073	0.501068039443	0.402983985989
0.000000000000	0.000000000000	0.000000000000	1.000000000000
35	48	66
0.236689879391	-0.631082322194	0.738723902150	-1.634380278639
0.459720857087	0.742573306701	0.487074550488	-0.154923478668
-0.855940789163	0.224321168837	0.465881292454	0.502806300559
0.000000000000	0.000000000000	0.000000000000	1.000000000000
35	49	66
0.271092425108	-0.540880806311	0.796214073233	-1.487297017565
0.443721512600	0.804278166306	0.395281988535	-0.384814067759
-0.854178035485	0.246139360055	0.458034168077	0.744164948979
0.000000000000	0.000000000000	0.000000000000	1.000000000000
36	37	66
0.996153675891	0.033463046340	0.080981964284	0.044113253378
-0.036649433589	0.998598366783	0.038185348971	0.005496608719
-0.079590659170	-0.041006418865	0.995983835504	-0.036019162452
0.000000000000	0.000000000000	0.000000000000	1.000000000000
36	38	66
0.949934244194	-0.054669787813	0.307629884778	-0.233374405121
0.041896487074	0.997969274558	0.047979281049	-0.045274267396
-0.309628190058	-0.032688550589	0.950295660614	-0.034749672351
0.000000000000	0.000000000000	0.000000000000	1.000000000000
36	39	66
0.734916788795	-0.309283826993	0.603523676344	-0.025126755671
0.346863408953	0.936159510817	0.057368509108	0.067719313588
-0.582737581659	0.167179199269	0.795278584054	-0.019843735986
0.000000000000	0.000000000000	0.000000000000	1.000000000000
36	45	66
0.723846586322	-0.123294027234	0.678855435508	-0.735186316429
0.443035569377	0.837324922033	-0.320322430075	0.198814507106
-0.528928732191	0.532621401927	0.660718426012	-0.293481926317
0.000000000000	0.000000000000	0.000000000000	1.000000000000
36	46	66
0.707640291677	-0.164929881296	0.687054111298	-0.931775745269
0.307328648445	0.947422518321	-0.089104846236	0.008433864230
-0.636234484636	0.274205590814	0.721122024713	-0.016423685697
0.000000000000	0.000000000000	0.000000000000	1.000000000000
36	47	66
0.606596294387	-0.430958901910	0.668068380108	-1.299385066075
0.374205735201	0.896192996127	0.238344669408	0.034091575234
-0.701434960191	0.105416026093	0.704894643237	0.144119654994
0.000000000000	0.000000000000	0.000000000000	1.000000000000
36	48	66
0.538290161478	-0.502807623450	0.676334381690	-1.650801235120
0.327992121463	0.864240882507	0.381456242918	0.075016310924
-0.776314929854	0.016498206072	0.630129303304	0.146994547465
0.000000000000	0.000000000000	0.000000000000	1.000000000000
36	49	66
0.572506608281	-0.443246989065	0.689759588668	-1.592580828047
0.370643836477	0.890318887274	0.264490879702	-0.103098595005
-0.731340775532	0.104232363731	0.674000210975	0.390130231716
0.000000000000	0.000000000000	0.000000000000	1.000000000000
36	52	66
0.636933907818	-0.243976173306	0.731293938119	-1.551253605345
0.399589946338	0.915706884282	-0.042529717432	-0.679135525555
-0.659274655859	0.319306324613	0.680735190221	1.239727509018
0.000000000000	0.000000000000	0.000000000000	1.000000000000
37	38	66
0.978058952442	-0.084706264485	0.190330066740	-0.183133338331
0.083859200700	0.996399020026	0.012515084844	-0.033917243879
-0.190704798068	0.003720436494	0.981640381375	0.000175668287
0.000000000000	0.000000000000	0.000000000000	1.000000000000
37	39	66
0.735220246429	-0.314980808455	0.600198533443	-0.285757882592
0.355633405586	0.933062583098	0.054028666954	-0.012025261432
-0.577040787183	0.173727678644	0.798024199884	0.106764062987
0.000000000000	0.000000000000	0.000000000000	1.000000000000
37	45	66
0.763964409657	-0.174898447309	0.621102981724	-0.748972694980
0.394707460897	0.888139889935	-0.235400841585	-0.166534032651
-0.510455092138	0.424991845846	0.747540988759	-0.329486521441
0.000000000000	0.000000000000	0.000000000000	1.000000000000
37	46	66
0.761944257108	-0.249402047854	0.597695212952	-0.893093247054
0.367277816982	0.926525529339	-0.081593189891	-0.032568783833
-0.533430364914	0.281689655490	0.797560645830	-0.077348370507
0.000000000000	0.000000000000	0.000000000000	1.000000000000
37	47	66
0.641361577731	-0.471346339711	0.605382486244	-1.353974880085
0.400239652360	0.878714215163	0.260133713212	-0.094253559005
-0.654571269831	0.075458307113	0.752225030559	0.089551400407
0.000000000000	0.000000000000	0.000000000000	1.000000000000
37	48	66
0.586149261244	-0.536400861176	0.607209321135	-1.769505888383
0.402990639955	0.843190108444	0.355849666475	0.081601395085
-0.702870960883	0.036118653792	0.710399785470	0.030834283698
0.000000000000	0.000000000000	0.000000000000	1.000000000000
37	49	66
0.587675318400	-0.500585088485	0.635651075143	-1.776081774956
0.409591774512	0.861587553462	0.299835731647	-0.262799215502
-0.697762350945	0.084151392774	0.711369274497	0.334810190280
0.000000000000	0.000000000000	0.000000000000	1.000000000000
38	39	66
0.865306456417	-0.217007249227	0.451832480314	-0.102078986262
0.219610476390	0.974434168379	0.047426681900	-0.133493623981
-0.450572940980	0.058188532195	0.890841242634	0.126587089088
0.000000000000	0.000000000000	0.000000000000	1.000000000000
38	44	66
0.756274058032	-0.227154258109	0.613555614570	-0.456669099576
0.345009565009	0.935268533632	-0.079001076265	0.097846016920
-0.555893829071	0.271429020228	0.785689721060	-0.403620727691
0.000000000000	0.000000000000	0.000000000000	1.000000000000
38	45	66
0.891764601275	-0.163930361927	0.421761463805	-0.453960273223
0.327072588654	0.877617725590	-0.350443503980	0.069251682614
-0.312697006164	0.450459725357	0.836245548967	-0.428175027717
0.000000000000	0.000000000000	0.000000000000	1.000000000000
38	46	66
0.881765755685	-0.150730959018	0.446955624301	-0.762489542882
0.240956225305	0.958542468886	-0.152106649522	0.067568601701
-0.405498766445	0.241819174871	0.881529487355	-0.233333469849
0.000000000000	0.000000000000	0.000000000000	1.000000000000
38	47	66
0.779204510393	-0.383411030481	0.495818830511	-1.225549526262
0.332321108281	0.923451199971	0.191834726426	0.075991272042
-0.531416044144	0.015292579182	0.846972918722	-0.119085805885
0.000000000000	0.000000000000	0.000000000000	1.000000000000
38	48	66
0.740479484251	-0.458448778027	0.491441605207	-1.500284677128
0.316347973524	0.882909831246	0.346978658618	0.145746457582
-0.592970566765	-0.101464022267	0.798805958375	-0.245166489664
0.000000000000	0.000000000000	0.000000000000	1.000000000000
38	49	66
0.765295872309	-0.390592671986	0.511624464249	-1.595182218928
0.338662053739	0.920269286010	0.195990955362	0.019545718930
-0.547384911359	0.023276722657	0.836557202466	0.021470614260
0.000000000000	0.000000000000	0.000000000000	1.000000000000
39	40	66
0.790442255875	-0.260890282427	0.554199693849	-0.029154433163
0.287543233836	0.956917164145	0.040353805760	0.095070643525
-0.540851115190	0.127459018902	0.831404997398	-0.225310438122
0.000000000000	0.000000000000	0.000000000000	1.000000000000
39	43	66
0.626623284233	-0.181381113278	0.757920940075	-0.282958609162
0.337417962952	0.939801493913	-0.054058027310	0.213265600988
-0.702490126575	0.289610158291	0.650102744402	-0.515523009311
0.000000000000	0.000000000000	0.000000000000	1.000000000000
39	44	66
0.981456456330	-0.104609333989	0.160624131348	-0.013836419398
0.133493819729	0.974359907203	-0.181113697246	0.311962079756
-0.137559530470	0.199197536326	0.970256521286	-0.630798250046
0.000000000000	0.000000000000	0.000000000000	1.000000000000
39	45	66
0.987607352525	-0.125381849988	-0.094398670177	-0.025987237850
0.084484262297	0.931611655590	-0.353499833937	0.168192954531
0.132265364559	0.341143833101	0.930659313861	-0.655723439656
0.000000000000	0.000000000000	0.000000000000	1.000000000000
39	46	66
0.997332773079	0.018114643987	-0.070705016908	-0.340821820536
-0.028733763821	0.987932433511	-0.152196838449	0.225577228075
0.067094787871	0.153822516201	0.985817895430	-0.599356346148
0.000000000000	0.000000000000	0.000000000000	1.000000000000
39	47	66
0.978888666658	0.093876240993	-0.181560539947	-0.026422734077
-0.075100807028	0.991346136566	0.107669430663	0.484602368217
0.190096941250	-0.091761042347	0.977467679279	-0.661186167519
0.000000000000	0.000000000000	0.000000000000	1.000000000000
39	48	66
-0.963102709418	0.127219238408	-0.237167528324	-0.282002089505
0.168795725841	-0.400834094634	-0.900466563242	1.587581590688
-0.209621501880	-0.907274651888	0.364570338881	1.044516459993
0.000000000000	0.000000000000	0.000000000000	1.000000000000
39	49	66
-0.952758379769	0.128774613324	-0.275079204489	1.021103075964
0.174009291873	-0.510880118397	-0.841856443207	1.792589757990
-0.248942234506	-0.849952118410	0.464337334584	0.520231020784
0.000000000000	0.000000000000	0.000000000000	1.000000000000
40	41	66
0.896861142852	-0.106517480133	0.429294906642	0.063593703173
0.123221657431	0.992315821227	-0.011213121004	0.109723312231
-0.424801734439	0.062955042442	0.903094761943	-0.163899347379
0.000000000000	0.000000000000	0.000000000000	1.000000000000
40	42	66
0.912578847275	-0.054858255912	0.405204169852	-0.001162185818
0.213290554016	0.909328120804	-0.357252723269	0.073084684796
-0.348865284995	0.412447500264	0.841534356073	-0.269102924995
0.000000000000	0.000000000000	0.000000000000	1.000000000000
40	43	66
0.982127643141	-0.075466946787	0.172423990563	0.144712553581
0.100262523452	0.985069520782	-0.139948081865	0.115900029870
-0.159288163309	0.154734544202	0.975030513297	-0.309686235169
0.000000000000	0.000000000000	0.000000000000	1.000000000000
40	44	66
0.884078369797	0.125644086387	-0.450132202373	0.202229404992
-0.138412654417	0.990364012029	0.004589202005	-0.086961526587
0.446371339979	0.058246778742	0.892950132769	-0.299921729581
0.000000000000	0.000000000000	0.000000000000	1.000000000000
40	45	66
0.706007360690	-0.080791081685	-0.703581130910	1.507139681923
-0.128226957763	0.962469213963	-0.239187916661	0.036348582940
0.696499428539	0.259086497707	0.669150754876	-0.403889724191
0.000000000000	0.000000000000	0.000000000000	1.000000000000
40	46	66
-0.704712526542	-0.207419869905	0.678496317237	-1.571565291419
-0.281268950443	-0.796278638343	-0.535563355389	1.907430779456
0.651358605111	-0.568258152328	0.502806761949	0.314569971807
0.000000000000	0.000000000000	0.000000000000	1.000000000000
40	47	66
0.947477959898	0.305892105004	-0.093357032960	0.309150066513
-0.299850001492	0.951159654591	0.073384522103	-0.339051179871
0.111245189165	-0.041537110817	0.992924557211	0.510358472293
0.000000000000	0.000000000000	0.000000000000	1.000000000000
41	42	66
0.994312579840	-0.072949497064	-0.077594229489	0.039658977222
0.040105175349	0.931414849750	-0.361742937147	-0.005958140465
0.098661382932	0.356573622894	0.929043154527	-0.134842779993
0.000000000000	0.000000000000	0.000000000000	1.000000000000
41	43	66
0.962528723348	0.038749096911	-0.268397027215	0.132300314592
-0.072958834224	0.990248314479	-0.118681439916	0.050116004898
0.261180905194	0.133816229062	0.955969534871	-0.100524344296
0.000000000000	0.000000000000	0.000000000000	1.000000000000
42	43	66
0.979055936598	0.066100816247	-0.192562081166	0.130815878056
-0.007579971938	0.957005124666	0.289971956211	-0.052617272094
0.203450281487	-0.282439150004	0.937462590991	0.039681821802
0.000000000000	0.000000000000	0.000000000000	1.000000000000
44	45	66
0.959414615699	-0.037324182959	-0.279518336696	0.000232809206
-0.010759725699	0.985635441834	-0.168543775036	-0.106812079281
0.281793937986	0.164710901786	0.945231450676	-0.003692464534
0.000000000000	0.000000000000	0.000000000000	1.000000000000
44	46	66
0.960691731062	0.099481194096	-0.259181191234	-0.231600254835
-0.106743452018	0.994187152078	-0.014062080038	0.121490373237
0.256275697871	0.041175219064	0.965726342198	-0.005862752715
0.000000000000	0.000000000000	0.000000000000	1.000000000000
44	47	66
0.989024580654	0.141306775917	-0.043159864940	-0.672590709571
-0.121554766279	0.944240029955	0.305998700365	0.183516766432
0.083992961947	-0.297393949014	0.951053111784	-0.217144288375
0.000000000000	0.000000000000	0.000000000000	1.000000000000
44	48	66
0.996076252838	-0.032328445841	0.082383069382	-1.056738038677
0.001835788907	0.938238668618	0.345983858857	0.613418982537
-0.088480101777	-0.344475067748	0.934616605507	-0.591396933776
0.000000000000	0.000000000000	0.000000000000	1.000000000000
44	49	66
0.990078757168	0.113255303647	-0.083170251892	-0.926258164574
-0.079906422679	0.940686202687	0.329733880105	0.231573585527
0.115581219143	-0.319816672909	0.940403252606	-0.394078581665
0.000000000000	0.000000000000	0.000000000000	1.000000000000
44	50	66
0.994960221971	0.059291366980	-0.080862169755	-1.292382087570
-0.061262253487	0.997876742427	-0.022112060524	0.091399492615
0.079379424246	0.026954419388	0.996479987898	-0.022641784687
0.000000000000	0.000000000000	0.000000000000	1.000000000000
45	46	66
0.993430921985	0.101917996228	0.052035807756	-0.300545062852
-0.110346420553	0.973622659593	0.199706244765	0.120853264586
-0.030309581241	-0.204136323990	0.978473142459	0.057030437045
0.000000000000	0.000000000000	0.000000000000	1.000000000000
45	47	66
0.976401759376	-0.021127407299	0.214926119744	-0.696705154315
-0.083111012039	0.881795351554	0.464251567209	0.276045889372
-0.199329285268	-0.471158774341	0.859230612464	-0.075010964512
0.000000000000	0.000000000000	0.000000000000	1.000000000000
45	48	66
0.953845465743	-0.054183091148	0.295369294469	-0.918131455586
-0.130221223035	0.811666216589	0.569421097184	0.342644354493
-0.270594272949	-0.581603082421	0.767148351993	-0.322886645632
0.000000000000	0.000000000000	0.000000000000	1.000000000000
45	49	66
0.970373173213	-0.032264072259	0.239447143123	-1.114713350525
-0.087387648434	0.877081829296	0.472324955534	0.325999733972
-0.225253864805	-0.479256188651	0.848277196458	-0.105616384710
0.000000000000	0.000000000000	0.000000000000	1.000000000000
46	47	66
0.983438133689	-0.130286226104	0.125995779666	-0.419356297924
0.084777040325	0.945105572167	0.315576157042	0.100401696399
-0.160194539981	-0.299668077625	0.940498140675	-0.119230157479
0.000000000000	0.000000000000	0.000000000000	1.000000000000
46	48	66
0.976128931217	-0.113946694179	0.184901218297	-0.591410151350
0.025657531944	0.905862813363	0.422793394486	0.250857813568
-0.215671047423	-0.407956755370	0.887162490782	-0.378398292951
0.000000000000	0.000000000000	0.000000000000	1.000000000000
46	49	66
0.979165351253	-0.134909255978	0.151771893172	-0.836939433901
0.086830913497	0.953797159227	0.287630616438	0.204635869802
-0.183563633018	-0.268459441448	0.945639424374	-0.163540268418
0.000000000000	0.000000000000	0.000000000000	1.000000000000
47	48	66
0.996275738692	-0.022083655739	0.083348453157	-0.190693904131
0.011618092545	0.992211755061	0.124019567186	0.228846344274
-0.085438120415	-0.122589335868	0.988773069168	-0.251055220816
0.000000000000	0.000000000000	0.000000000000	1.000000000000
47	49	66
0.998967646349	-0.044623090306	0.008510074010	-0.395367176935
0.044731093793	0.998915075526	-0.012953807739	0.136076875970
-0.007922802290	0.013321099747	0.999879881538	-0.088338532754
0.000000000000	0.000000000000	0.000000000000	1.000000000000
48	49	66
0.999102628468	0.000847200195	-0.042346428888	-0.280279019423
-0.006186066350	0.991997617190	-0.126104956570	-0.147054775960
0.041900720410	0.126253751391	0.991112667606	0.119682510887
0.000000000000	0.000000000000	0.000000000000	1.000000000000
49	50	66
0.998653702406	0.048837681099	-0.017483236978	-0.298186509868
-0.051848537671	0.929485937430	-0.365195319331	-0.170384621990
-0.001584869633	0.365610138023	0.930766735097	0.282739021208
0.000000000000	0.000000000000	0.000000000000	1.000000000000
50	51	66
0.991813385709	0.026318916965	-0.124954081723	-0.281794872079
-0.025971972073	0.999652965713	0.004405088932	-0.021484625651
0.125026655542	-0.001123722247	0.992152746633	0.171828185351
0.000000000000	0.000000000000	0.000000000000	1.000000000000
51	52	66
0.982632996989	-0.114020022872	0.146396132508	-0.549779155530
0.113994939265	0.993444205407	0.008588629969	-0.074255888285
-0.146415665320	0.008248947027	0.989188762483	0.342100483307
0.000000000000	0.000000000000	0.000000000000	1.000000000000
51	53	66
0.969829469081	-0.090498568225	0.226364330341	-0.844168577577
0.084924339910	0.995798085408	0.034264115164	-0.260505722711
-0.228514020122	-0.014006507285	0.973439859653	0.702636497581
0.000000000000	0.000000000000	0.000000000000	1.000000000000
52	53	66
0.996313017899	0.014942317563	0.084481344162	-0.361541634747
-0.010552904217	0.998582612960	-0.052167051923	-0.005300647953
-0.085141098056	0.051083189403	0.995058541586	0.295518491171
0.000000000000	0.000000000000	0.000000000000	1.000000000000
53	54	66
0.977588623666	0.014329234167	-0.210036082442	-0.024386532723
-0.046442295523	0.987780461504	-0.148771210443	-0.107107030952
0.205337760935	0.155191600669	0.966308424374	0.330908607546
0.000000000000	0.000000000000	0.000000000000	1.000000000000
54	55	66
0.970192005015	-0.021962926799	-0.241340223028	0.113185635008
0.034077525035	0.998353644725	0.046138079188	0.010257371409
0.239929564023	-0.052987073048	0.969343166478	0.012747143142
0.000000000000	0.000000000000	0.000000000000	1.000000000000
55	56	66
0.888888241275	0.164270405226	-0.427659828006	0.047775811424
-0.042912026610	0.959253039952	0.279270770605	0.090260647681
0.456109912735	-0.229888754203	0.859717923621	0.039356667615
0.000000000000	0.000000000000	0.000000000000	1.000000000000
56	57	66
0.907311038447	0.203271083876	-0.368059160968	-0.021177722007
-0.201953608555	0.978470462774	0.042547543637	-0.032940192859
0.368783702872	0.035727019719	0.928828380573	0.193460954417
0.000000000000	0.000000000000	0.000000000000	1.000000000000
58	59	66
0.927738959976	0.159411233655	-0.337473674126	0.263643995750
-0.156697447190	0.987009948863	0.035458015865	-0.332722055882
0.338742279894	0.019985480468	0.940666916811	0.617769003548
0.000000000000	0.000000000000	0.000000000000	1.000000000000
58	60	66
0.753198338126	0.327883435327	-0.570249696434	0.580690589628
-0.283503391002	0.944075077093	0.168368869161	-0.618631219362
0.593563889345	0.034852570213	0.804031844901	1.158924199315
0.000000000000	0.000000000000	0.000000000000	1.000000000000
58	61	66
0.433901695340	0.379267569564	-0.817242576875	1.024573201280
-0.342260500856	0.908467194808	0.239885609220	-0.692582832820
0.833418903274	0.175623081154	0.523993764306	1.490960049015
0.000000000000	0.000000000000	0.000000000000	1.000000000000
58	62	66
-0.020557951472	-0.529794052028	0.847877133237	-2.709550473279
0.618591043770	0.659501475033	0.427086554455	-1.376206576065
-0.785444136269	0.533269225499	0.314167856308	2.016031007582
0.000000000000	0.000000000000	0.000000000000	1.000000000000
59	60	66
0.944795958913	0.144915407228	-0.293870925354	0.520870636378
-0.130252003960	0.989078465141	0.068979745276	-0.186003831020
0.300657631676	-0.026894507650	0.953352859110	0.363177831435
0.000000000000	0.000000000000	0.000000000000	1.000000000000
59	61	66
0.714019478529	0.314937767998	-0.625292240932	1.121688363733
-0.280694076270	0.946964029712	0.156428776057	-0.342015507471
0.641394589803	0.063822634860	0.764551928551	0.575441227155
0.000000000000	0.000000000000	0.000000000000	1.000000000000
59	62	66
0.353477773785	0.393207653833	-0.848788079798	1.528589610245
-0.340919570235	0.899110388028	0.274543906817	-0.476157126588
0.871106945255	0.192323298398	0.451867722705	0.745269326750
0.000000000000	0.000000000000	0.000000000000	1.000000000000
60	61	66
0.916416854554	0.156773398113	-0.368242108311	0.638250359454
-0.159326359563	0.986942127311	0.023671681117	-0.025868063042
0.367144739630	0.036977547004	0.929428534735	0.014968356625
0.000000000000	0.000000000000	0.000000000000	1.000000000000
60	62	66
0.655500891247	0.311736318403	-0.687851037190	1.029427403824
-0.313712495575	0.940922762363	0.127470880547	-0.131699096029
0.686952001012	0.132230189654	0.714571287731	-0.001511088148
0.000000000000	0.000000000000	0.000000000000	1.000000000000
60	63	66
0.447311867925	0.405180827177	-0.797333424674	0.930523648870
-0.450979313765	0.872045385336	0.190143378716	-0.092488287711
0.772353385032	0.274527490794	0.572804421621	0.066876225416
0.000000000000	0.000000000000	0.000000000000	1.000000000000
61	62	66
0.919013558792	0.148747087731	-0.365086815221	0.313911298265
-0.161165275925	0.986920893452	-0.003592200554	0.078123835098
0.359777476494	0.062140598327	0.930966547974	-0.149059020267
0.000000000000	0.000000000000	0.000000000000	1.000000000000
61	63	66
0.731400649326	0.313330829970	-0.605703624849	0.454503417591
-0.323345646261	0.941346396612	0.096511940345	-0.049604789467
0.600417091037	0.125262734184	0.789815525433	-0.000865412347
0.000000000000	0.000000000000	0.000000000000	1.000000000000
62	63	66
0.950361205376	0.170272219217	-0.260424558518	0.135111906893
-0.170175680595	0.985143098271	0.023093584901	-0.004066060176
0.260487652395	0.022370679306	0.965217973132	0.074813462549
0.000000000000	0.000000000000	0.000000000000	1.000000000000
62	64	66
0.933995358617	0.141889627063	-0.327902430326	-0.361951206805
-0.142625402412	0.989533615652	0.021936683454	-0.086754507491
0.327583065296	0.026278455547	0.944456869373	0.402546897372
0.000000000000	0.000000000000	0.000000000000	1.000000000000
63	64	66
0.997272701194	-0.018955636688	-0.071329119518	-0.361918830863
0.019381914959	0.999798164728	0.005288778502	-0.182062849102
0.071214470622	-0.006656849351	0.997438812926	0.444423031329
0.000000000000	0.000000000000	0.000000000000	1.000000000000
63	65	66
0.994857342723	-0.092887472155	0.040382980916	-0.899368092666
0.096959304207	0.988677067162	-0.114527508470	-0.315431353977
-0.029287556381	0.117854038477	0.992598944517	1.028559238396
0.000000000000	0.000000000000	0.000000000000	1.000000000000
64	65	66
0.990843617302	-0.086736929207	0.103468020009	-0.506860645654
0.092701933083	0.994212240222	-0.054298922600	-0.239190034211
-0.098159450159	0.063393426351	0.993149533474	0.596154353959
0.000000000000	0.000000000000	0.000000000000	1.000000000000
