0	1	66
0.978606767389	-0.060827392716	0.196542166252	-0.487239964798
0.062558422947	0.998037903136	-0.002605306447	0.024061769887
-0.195998057486	0.014844938484	0.980491911881	0.109369552482
0.000000000000	0.000000000000	0.000000000000	1.000000000000
0	2	66
0.859822695271	-0.025694107060	0.509945826103	-0.628964616844
0.082374293101	0.992630509245	-0.088877150904	0.031374974267
-0.503904166021	0.118425018384	0.855602773773	0.100130092190
0.000000000000	0.000000000000	0.000000000000	1.000000000000
0	5	66
0.394714261926	-0.006790104016	0.918778834062	-0.931181425326
0.249597945663	0.963160757419	-0.100111042792	0.030082664520
-0.884251953322	0.268840565867	0.381868083494	0.055357495894
0.000000000000	0.000000000000	0.000000000000	1.000000000000
0	6	66
0.703532992981	-0.132205947244	0.698257055318	-0.832357908278
0.240853151184	0.968751207648	-0.059252487253	0.110119057907
-0.668603834384	0.209863491808	0.713390655569	0.218605311573
0.000000000000	0.000000000000	0.000000000000	1.000000000000
0	7	66
0.677864369141	0.005353000121	0.735167492778	-0.803078781968
0.028828229791	0.999010885858	-0.033855326084	-0.071067840032
-0.734621555779	0.044142896675	0.677039566390	0.478027373546
0.000000000000	0.000000000000	0.000000000000	1.000000000000
0	34	66
0.618557975456	0.389460709296	-0.682426836309	0.767927180538
-0.269001886072	0.920996400862	0.281786470380	-0.178754691541
0.738257418716	0.009272837444	0.674455334471	0.553827865542
0.000000000000	0.000000000000	0.000000000000	1.000000000000
0	35	66
0.871996435737	0.276332622183	-0.404057542905	1.024206014317
-0.204458949551	0.955581650128	0.212273992488	-0.233148178877
0.444768202562	-0.102488984068	0.889762470626	0.568712522210
0.000000000000	0.000000000000	0.000000000000	1.000000000000
0	36	66
0.987065106260	0.107056239521	-0.119337494459	0.943674222652
-0.090438922401	0.986448818352	0.136892403322	-0.191977738581
0.132375516313	-0.124328960230	0.983371258645	0.425783164659
0.000000000000	0.000000000000	0.000000000000	1.000000000000
0	37	66
0.991861283990	0.121257412660	-0.038830827909	1.024569603384
-0.113636880120	0.980625129522	0.159565080224	-0.168867695409
0.057426934426	-0.153853811215	0.986423414147	0.391169848864
0.000000000000	0.000000000000	0.000000000000	1.000000000000
0	38	66
0.989000804721	0.024641226398	0.145843128817	0.834856976395
-0.047148674370	0.987108768126	0.152948626649	-0.180772542505
-0.140194189489	-0.158142625027	0.977413167183	0.387103608989
0.000000000000	0.000000000000	0.000000000000	1.000000000000
0	45	66
0.855715576659	-0.132926835576	0.500081301637	0.475263475769
0.299687139378	0.915167005791	-0.269549568732	-0.006856390508
-0.421827536269	0.380525699390	0.822959125200	0.002425569988
0.000000000000	0.000000000000	0.000000000000	1.000000000000
0	46	66
0.842780260704	-0.130266103705	0.522256808853	0.183572866319
0.184318887836	0.981456023861	-0.052636686954	-0.060506786161
-0.505715314930	0.140622954927	0.851162267017	0.236997777087
0.000000000000	0.000000000000	0.000000000000	1.000000000000
0	47	66
0.727233500362	-0.377756224186	0.573089583782	-0.280734187990
0.242887120538	0.922538321902	0.299881462078	-0.065805973788
-0.641979191740	-0.078887766546	0.762652894613	0.387267777682
0.000000000000	0.000000000000	0.000000000000	1.000000000000
0	48	66
0.673904909968	-0.434598590163	0.597474884618	-0.639673593932
0.219515867965	0.889952082719	0.399747513033	0.102289276743
-0.705453723523	-0.138236593897	0.695144364917	0.300260344016
0.000000000000	0.000000000000	0.000000000000	1.000000000000
0	49	66
0.682098269931	-0.385016323230	0.621694765140	-0.711497068882
0.251625083101	0.921828572466	0.294816723644	-0.079061759048
-0.686605248823	-0.044659980203	0.725657438780	0.606282669096
0.000000000000	0.000000000000	0.000000000000	1.000000000000
1	2	66
0.945071326120	0.010731349952	0.326687965303	-0.139533837742
0.027199388758	0.993412629692	-0.111317296141	0.034988034103
-0.325730535560	0.114088497655	0.938553905168	-0.053379979150
0.000000000000	0.000000000000	0.000000000000	1.000000000000
1	3	66
0.706000025503	-0.175034666103	0.686241087120	-0.161325423679
0.237759266392	0.971319029195	0.003142414319	0.029844919212
-0.667109057976	0.160941632852	0.727367373190	-0.041649245117
0.000000000000	0.000000000000	0.000000000000	1.000000000000
1	5	66
0.604538503451	-0.025971812148	0.796152411802	-0.298735232727
0.222995471125	0.965024183422	-0.137845367236	0.008858883684
-0.764726237096	0.260871214174	0.589185872126	-0.180374067565
0.000000000000	0.000000000000	0.000000000000	1.000000000000
1	6	66
0.842651526495	-0.123101451100	0.524198853139	-0.300360882744
0.182981001572	0.981046941873	-0.063756183272	0.033385594028
-0.506415203128	0.149642676328	0.849205929950	0.030269408011
0.000000000000	0.000000000000	0.000000000000	1.000000000000
1	7	66
0.804583182974	0.049178555700	0.591800110962	-0.376624280305
-0.013929475042	0.997853722218	-0.063983738412	-0.082174673211
-0.593676571375	0.043236775035	0.803541355429	0.311690399974
0.000000000000	0.000000000000	0.000000000000	1.000000000000
1	34	66
0.456748971155	0.453268726490	-0.765459234013	1.083083151240
-0.289842453004	0.889330358533	0.353670561155	-0.322488260499
0.841053939879	0.060323917125	0.537577245833	0.682191092726
0.000000000000	0.000000000000	0.000000000000	1.000000000000
1	35	66
0.768632245469	0.339708077549	-0.542035878216	1.370838906222
-0.237662365961	0.938340257251	0.251066049933	-0.345523887255
0.593903250565	-0.064155932468	0.801974404390	0.727653909807
0.000000000000	0.000000000000	0.000000000000	1.000000000000
1	36	66
0.935869655413	0.173930781123	-0.306424658694	1.326281487811
-0.136051607414	0.980604919893	0.141081363767	-0.256448712118
0.325019919694	-0.090344199928	0.941381950826	0.570857404024
0.000000000000	0.000000000000	0.000000000000	1.000000000000
1	37	66
0.959723011471	0.194620251566	-0.202619591680	1.367292180013
-0.167797861289	0.975510194469	0.142210190333	-0.218682280206
0.225334460301	-0.102483257989	0.968876443533	0.532787770566
0.000000000000	0.000000000000	0.000000000000	1.000000000000
1	38	66
0.994586423754	0.081902090075	-0.063952273819	1.301823005352
-0.072563915199	0.987947700313	0.136725343870	-0.240639804247
0.074379593278	-0.131344543422	0.988542506429	0.540133670817
0.000000000000	0.000000000000	0.000000000000	1.000000000000
1	45	66
0.941641597362	-0.083723930842	0.326038963197	0.868945608779
0.188772472688	0.933279024917	-0.305540856850	-0.117022443698
-0.278704244089	0.349257161779	0.894619125255	0.070951454598
0.000000000000	0.000000000000	0.000000000000	1.000000000000
1	46	66
0.912918077044	-0.061433354385	0.403492908953	0.495545275220
0.086261208859	0.995316815415	-0.043628440248	-0.222397584534
-0.398923035750	0.074634977868	0.913942028592	0.275536587984
0.000000000000	0.000000000000	0.000000000000	1.000000000000
1	47	66
0.841315578776	-0.292948780231	0.454278668957	0.107291207867
0.193048221493	0.947823809468	0.253697478081	-0.066472267005
-0.504896505323	-0.125741951501	0.853972177852	0.314865611449
0.000000000000	0.000000000000	0.000000000000	1.000000000000
1	48	66
0.798882112173	-0.369568899550	0.474558952434	-0.217270419500
0.179213043249	0.899390874390	0.398721381662	0.031422226260
-0.574169013427	-0.233484225484	0.784738848580	0.170145072301
0.000000000000	0.000000000000	0.000000000000	1.000000000000
1	49	66
0.836654702758	-0.289614411120	0.464900420761	-0.283784454995
0.194347864082	0.950516784113	0.242377290284	-0.033723867532
-0.512091609070	-0.112433695972	0.851540279688	0.424700239447
0.000000000000	0.000000000000	0.000000000000	1.000000000000
2	3	66
0.884785101276	-0.197670305431	0.421997363630	-0.043519400717
0.179768876799	0.980263714425	0.082256921393	0.052350356651
-0.429928453925	0.003082293547	0.902857698628	-0.021381907626
0.000000000000	0.000000000000	0.000000000000	1.000000000000
2	5	66
0.828585577162	-0.092483328957	0.552170965539	-0.074389306839
0.156572290733	0.985186872612	-0.069942432092	0.005532049834
-0.537523077731	0.144407963413	0.830791960126	-0.187550903040
0.000000000000	0.000000000000	0.000000000000	1.000000000000
2	6	66
0.965914384261	-0.150703435543	0.210470607907	-0.166666803600
0.153807818865	0.988099423719	0.001638200996	0.105492454375
-0.208212768901	0.030789663232	0.977598813167	-0.011651275252
0.000000000000	0.000000000000	0.000000000000	1.000000000000
2	7	66
0.963996868508	0.061407551821	0.258726013546	-0.266445723460
-0.074071425797	0.996471263861	0.039477134905	-0.099677664837
-0.255388843505	-0.057220039141	0.965143722838	0.277420389689
0.000000000000	0.000000000000	0.000000000000	1.000000000000
2	8	66
0.979517854597	-0.110481246959	0.168340923712	-0.567222523592
0.105842027000	0.993719636936	0.036314576807	-0.128433765364
-0.171295761321	-0.017753231772	0.985059685966	0.747155672227
0.000000000000	0.000000000000	0.000000000000	1.000000000000
2	35	66
0.524135550604	0.326807298955	-0.786434303640	1.167087054884
-0.138996060633	0.943885482888	0.299600217493	-0.213470573810
0.840215460297	-0.047719854804	0.540148864422	1.270725839775
0.000000000000	0.000000000000	0.000000000000	1.000000000000
2	36	66
0.767842062145	0.208443368934	-0.605780430147	1.215280453166
-0.079424701599	0.969265760563	0.232842440666	-0.184770681975
0.635696692124	-0.130672289897	0.760798572735	1.126031485418
0.000000000000	0.000000000000	0.000000000000	1.000000000000
2	37	66
0.804287510710	0.253475708724	-0.537467827133	1.261654961297
-0.142951785005	0.960431538083	0.239031478719	-0.147575574627
0.576789725359	-0.115418047729	0.808697895990	1.112014629045
0.000000000000	0.000000000000	0.000000000000	1.000000000000
2	38	66
0.914992185463	0.181818705186	-0.360182258011	1.117486104528
-0.078201880832	0.955697642326	0.283771884243	-0.272707720027
0.395820371350	-0.231482126518	0.888674439110	1.069079347480
0.000000000000	0.000000000000	0.000000000000	1.000000000000
2	45	66
0.978186125965	-0.198774279416	0.060338120727	0.812775735961
0.206153386147	0.964629567996	-0.164288094299	-0.168868345158
-0.025547687769	0.173143242406	0.984565250889	0.429064312946
0.000000000000	0.000000000000	0.000000000000	1.000000000000
2	46	66
0.994554546709	-0.079202418604	0.067736478415	0.514008375373
0.079024469791	0.996858551284	0.005306779227	-0.059290517215
-0.067943997492	0.000074957884	0.997689133742	0.504385027088
0.000000000000	0.000000000000	0.000000000000	1.000000000000
2	47	66
0.967437803219	-0.184834637982	0.172916897686	0.074322343714
0.117533980864	0.933109868552	0.339840751754	-0.025170528563
-0.224164805993	-0.308451178977	0.924450112198	0.425316489086
0.000000000000	0.000000000000	0.000000000000	1.000000000000
2	48	66
0.949442713372	-0.233200746206	0.210180746010	-0.150046111124
0.110169006260	0.874409266194	0.472515846564	0.054111370868
-0.293975039900	-0.425471323550	0.855893000761	0.177298686583
0.000000000000	0.000000000000	0.000000000000	1.000000000000
2	49	66
0.962862175013	-0.216618669932	0.161160738910	-0.283540863176
0.149741344424	0.925136823704	0.348854392544	-0.018412952338
-0.224664108614	-0.311766273455	0.923216025119	0.391875187168
0.000000000000	0.000000000000	0.000000000000	1.000000000000
3	4	66
0.934052092395	0.112511228732	0.338951194276	-0.026222781565
-0.044172494128	0.978187640955	-0.202972239100	0.445398367252
-0.354394525148	0.174614324991	0.918648114380	-0.054954888509
0.000000000000	0.000000000000	0.000000000000	1.000000000000
3	5	66
0.996071190366	0.034251715807	0.081663968103	0.124184736376
-0.017390149276	0.979871707350	-0.198869353705	0.028014756372
-0.086831828440	0.196667885276	0.976617620397	-0.128841882912
0.000000000000	0.000000000000	0.000000000000	1.000000000000
3	6	66
0.963939179132	0.041872792141	-0.262807778067	-0.012681345838
-0.048631026753	0.998631086029	-0.019260769810	0.036813569866
0.261641514618	0.031346822726	0.964655946197	-0.010551633929
0.000000000000	0.000000000000	0.000000000000	1.000000000000
3	7	66
0.935628029758	0.251203669429	-0.247985697969	-0.163057547108
-0.263853823563	0.964383336573	-0.018599460530	-0.067605128681
0.234481022095	0.082834151208	0.968585129801	0.199342711958
0.000000000000	0.000000000000	0.000000000000	1.000000000000
3	38	66
0.597504243878	0.409256455534	-0.689563508425	0.577152029139
-0.277212785488	0.912351371229	0.301277358889	-0.422915017738
0.752423916492	0.011141320421	0.658584938235	1.471462654835
0.000000000000	0.000000000000	0.000000000000	1.000000000000
3	39	66
0.899432450650	0.123503671751	-0.419247074865	0.551934192883
-0.129081325700	0.991518106867	0.015160973277	-0.165488499716
0.417563501846	0.040480696871	0.907745578401	1.514616696001
0.000000000000	0.000000000000	0.000000000000	1.000000000000
3	43	66
0.875510096032	-0.227852821954	0.426104638878	1.229370602996
0.272225197061	0.961163387922	-0.045369414837	-0.040939890000
-0.399218629112	0.155717800028	0.903535529420	0.701816956241
0.000000000000	0.000000000000	0.000000000000	1.000000000000
3	45	66
0.890312480364	-0.060791405421	-0.451273855143	0.626835854294
-0.023881634034	0.983450341131	-0.179597032506	-0.377058835538
0.454723382799	0.170674636534	0.874126314430	0.806378351429
0.000000000000	0.000000000000	0.000000000000	1.000000000000
3	46	66
0.905050795213	0.135463387687	-0.403153480303	0.299917496321
-0.144505186938	0.989471152091	0.008067845346	-0.246810227093
0.400001636286	0.050955959189	0.915096815201	0.726132634629
0.000000000000	0.000000000000	0.000000000000	1.000000000000
3	47	66
0.955149554382	0.118675219948	-0.271303374351	0.100683472937
-0.035936687375	0.955864534292	0.291601691666	-0.050384823941
0.293935168472	-0.268773481304	0.917258378257	0.522219746671
0.000000000000	0.000000000000	0.000000000000	1.000000000000
3	48	66
0.978418453550	0.115578959252	-0.171285825246	0.006238797225
-0.036501018130	0.912574150907	0.407278890652	0.102639053167
0.203383886843	-0.392237075343	0.897098139168	0.157513924334
0.000000000000	0.000000000000	0.000000000000	1.000000000000
4	5	66
0.942709916862	0.072342635111	-0.325675537605	0.210898165570
-0.136983109133	0.974054661352	-0.180147563154	0.185235439551
0.304193426065	0.214438941994	0.928160707903	0.076041569912
0.000000000000	0.000000000000	0.000000000000	1.000000000000
4	39	66
0.878452275454	-0.357592109710	0.316937663937	0.330937876983
0.244424226570	0.906220052518	0.344995672262	-0.151434863610
-0.410582996743	-0.225594989942	0.883475242040	-0.138507860573
0.000000000000	0.000000000000	0.000000000000	1.000000000000
4	40	66
0.993298403980	0.035577023917	-0.109966158526	-0.028344608427
-0.014292560435	0.981952507213	0.188586840196	-0.276200026610
0.114690903597	-0.185751309412	0.975880344962	1.439755643173
0.000000000000	0.000000000000	0.000000000000	1.000000000000
4	41	66
0.942757104860	-0.141682349248	0.301885993627	0.094671667732
0.082335020843	0.976125792349	0.200995974720	-0.285927409631
-0.323156286616	-0.164634593638	0.931914945152	1.272177122920
0.000000000000	0.000000000000	0.000000000000	1.000000000000
4	42	66
0.936002597103	-0.097408981214	0.338246402192	-0.078588846103
0.158710208468	0.974512658642	-0.158543835817	-0.358527352332
-0.314181807151	0.202080599085	0.927606179113	1.209962330516
0.000000000000	0.000000000000	0.000000000000	1.000000000000
4	43	66
0.989061454868	-0.093518026827	0.114069352384	0.014484460448
0.082555879859	0.991823812035	0.097314195165	-0.358009143449
-0.122237331432	-0.086832623698	0.988695165491	1.209046467430
0.000000000000	0.000000000000	0.000000000000	1.000000000000
4	45	66
0.724753884737	0.021719675143	-0.688665421137	1.214104762385
-0.120800095722	0.988026941437	-0.095969265222	-0.289624337446
0.678335568456	0.152744946579	0.718700102868	0.975066491566
0.000000000000	0.000000000000	0.000000000000	1.000000000000
4	46	66
0.427844513065	0.759383630460	0.490189325088	-0.593991196110
-0.164629055086	0.598733895047	-0.783846284130	1.537577957683
-0.888733000885	0.254664926349	0.381181621312	1.938405363268
0.000000000000	0.000000000000	0.000000000000	1.000000000000
4	47	66
-0.772514735489	-0.387265997712	0.503235561610	-1.265329494797
-0.031928070644	-0.767809537962	-0.639882107673	1.291643201494
0.634193646892	-0.510385697714	0.580779525991	0.877572480260
0.000000000000	0.000000000000	0.000000000000	1.000000000000
4	48	66
-0.986617507194	-0.151496106406	0.060289503576	0.110850895380
-0.142751606800	0.981238834439	0.129585217310	0.780551145504
-0.078790058088	0.119244620563	-0.989733725410	4.471843392551
0.000000000000	0.000000000000	0.000000000000	1.000000000000
5	6	66
0.939563424918	0.001439493711	-0.342371871528	-0.157384035161
0.048836187587	0.989202484609	0.138179127315	0.095052224021
0.338874013961	-0.146548191054	0.929348174992	0.101538678699
0.000000000000	0.000000000000	0.000000000000	1.000000000000
5	7	66
0.929418443765	0.175976294767	-0.324366613678	-0.318039885413
-0.145371240921	0.982495529933	0.116489209692	0.091122592817
0.339188087500	-0.061113642844	0.938731358780	0.306841945797
0.000000000000	0.000000000000	0.000000000000	1.000000000000
5	38	66
0.521733786959	0.406586019159	-0.749987776281	0.325665205259
-0.110696509590	0.903956128037	0.413049151251	-0.152230136462
0.845896056446	-0.132480668813	0.516632107094	1.722667444854
0.000000000000	0.000000000000	0.000000000000	1.000000000000
5	39	66
0.885016594656	0.116619155317	-0.450716762275	0.210193142451
0.014245327016	0.960881894890	0.276591855865	-0.011448485739
0.465341485192	-0.251208990057	0.848735144479	1.680964082019
0.000000000000	0.000000000000	0.000000000000	1.000000000000
5	43	66
0.890532569763	-0.293253302124	0.347784765314	0.348218511807
0.278690895483	0.955923043191	0.092425755450	0.152604139841
-0.359559629222	0.014616302168	0.933007629521	1.026748854581
0.000000000000	0.000000000000	0.000000000000	1.000000000000
5	45	66
0.834891616575	-0.218121764056	-0.505350259342	0.513132434371
0.210990475847	0.974819648248	-0.072178061011	0.037622593165
0.508368968048	-0.046363233649	0.859890366786	1.032400105878
0.000000000000	0.000000000000	0.000000000000	1.000000000000
5	46	66
0.870244835431	0.041017291589	-0.490908859358	0.185705646146
0.039547320693	0.987494096587	0.152615263429	-0.000790697671
0.491029465340	-0.152226774899	0.857739513589	0.934490832867
0.000000000000	0.000000000000	0.000000000000	1.000000000000
5	47	66
0.925310234885	0.103266773296	-0.364879353691	-0.077262573802
0.073684412159	0.894904962050	0.440131476157	0.095330858175
0.371983301536	-0.434144080268	0.820455569148	0.647023581147
0.000000000000	0.000000000000	0.000000000000	1.000000000000
5	48	66
0.955223919100	0.159654235418	-0.249114009026	-0.165777682060
0.005589216694	0.832045171383	0.554679721492	0.162826707667
0.295831075171	-0.531235689586	0.793897107359	0.260853276874
0.000000000000	0.000000000000	0.000000000000	1.000000000000
5	49	66
0.938208056621	0.095018343939	-0.332771929114	-0.437589590431
0.069261442995	0.890560451028	0.449560825228	0.092632504274
0.339070044394	-0.444829852169	0.828949882450	0.372512250351
0.000000000000	0.000000000000	0.000000000000	1.000000000000
6	7	66
0.980678778533	0.185486181328	0.062161160471	-0.189036645215
-0.184993533519	0.982645080809	-0.013639564425	-0.055582389375
-0.063612309275	0.001876618656	0.997972921682	0.219643469021
0.000000000000	0.000000000000	0.000000000000	1.000000000000
6	35	66
0.257403119641	0.486190842112	-0.835082091202	1.017538379675
-0.223305306457	0.870738793941	0.438119496066	-0.488604746003
0.940148059673	0.073704937230	0.332699876948	1.602182523533
0.000000000000	0.000000000000	0.000000000000	1.000000000000
6	36	66
0.622498222445	0.364821356702	-0.692388143130	1.028212101999
-0.186649606131	0.928380981140	0.321357555363	-0.413053903884
0.760038082982	-0.070810532778	0.646009273048	1.317915111367
0.000000000000	0.000000000000	0.000000000000	1.000000000000
6	37	66
0.622803207573	0.421276612479	-0.659273979780	1.131686732231
-0.240273193817	0.904921204131	0.351264012741	-0.456116374869
0.744570317008	-0.060362489118	0.664809305694	1.429433073595
0.000000000000	0.000000000000	0.000000000000	1.000000000000
6	38	66
0.778572564429	0.322654882406	-0.538255133537	1.034273319450
-0.205626761807	0.941516363361	0.266954251424	-0.352170156782
0.592910108488	-0.097163595981	0.799385288123	1.289732925663
0.000000000000	0.000000000000	0.000000000000	1.000000000000
6	39	66
-0.933722860687	0.199182719873	-0.297469096773	0.064240548429
0.046683905049	-0.756086487852	-0.652804592430	1.934507534171
-0.354939758889	-0.623425590582	0.696676611182	0.430948025770
0.000000000000	0.000000000000	0.000000000000	1.000000000000
6	44	66
0.990909771010	-0.094325109127	0.095919755550	0.845226693698
0.089253356791	0.994440920584	0.055866750117	-0.304262649038
-0.100656167313	-0.046797748401	0.993820057519	0.675109777344
0.000000000000	0.000000000000	0.000000000000	1.000000000000
6	45	66
0.970629088767	-0.053247575016	-0.234614295799	0.901702053769
0.024088989062	0.991808757803	-0.125439660998	-0.467632598447
0.239371871039	0.116103762644	0.963961111070	0.721197625121
0.000000000000	0.000000000000	0.000000000000	1.000000000000
6	46	66
0.985262721557	0.063289535793	-0.158908162688	0.563292586039
-0.054441565456	0.996746625952	0.059432984139	-0.311036359354
0.162152660972	-0.049905894563	0.985502874794	0.663272632078
0.000000000000	0.000000000000	0.000000000000	1.000000000000
6	47	66
0.999970325219	0.001555665578	0.007545103486	0.167882587548
-0.004026183261	0.940533013836	0.339678435780	-0.139313822627
-0.006567992871	-0.339698733866	0.940511367119	0.477253486913
0.000000000000	0.000000000000	0.000000000000	1.000000000000
6	48	66
0.998863100497	-0.016718393883	0.044643048413	0.078608844646
-0.004888549316	0.895625639525	0.444781762115	0.026208299086
-0.047419495476	-0.444494329694	0.894525674488	0.194550473119
0.000000000000	0.000000000000	0.000000000000	1.000000000000
6	49	66
0.999949054281	0.010092109290	-0.000195378962	-0.189595664808
-0.009438026388	0.941654540477	0.336448584568	-0.071472023695
0.003579455372	-0.336429599961	0.941701816803	0.361787002098
0.000000000000	0.000000000000	0.000000000000	1.000000000000
7	37	66
0.646026996338	0.198679021734	-0.737004590437	1.255288543325
-0.094095118836	0.978896035103	0.181407444915	-0.042839602825
0.757492725122	-0.047845572232	0.651087991445	1.188578529872
0.000000000000	0.000000000000	0.000000000000	1.000000000000
7	38	66
0.772792541313	0.132695501076	-0.620631607385	1.174011647485
-0.029027460936	0.984264878389	0.174298754103	-0.048448999818
0.633994554080	-0.116681417392	0.764484370169	1.119537600104
0.000000000000	0.000000000000	0.000000000000	1.000000000000
7	39	66
0.985209980244	-0.159827479475	-0.061777598150	0.814950799749
0.167602255625	0.973850308361	0.153378814750	-0.074155964057
0.035647983642	-0.161464403846	0.986234489132	1.016287974658
0.000000000000	0.000000000000	0.000000000000	1.000000000000
7	44	66
0.922222092510	-0.316249085036	0.222470061581	0.583002553311
0.309303043563	0.948645622196	0.066355939684	0.039000744313
-0.232030255200	0.007615753602	0.972678755278	0.303148545760
0.000000000000	0.000000000000	0.000000000000	1.000000000000
7	45	66
0.941026776667	-0.294427469060	-0.166676546220	0.971346269082
0.252416193243	0.938997153740	-0.233603104980	0.023716279349
0.225287973459	0.177754917599	0.957939725810	0.376206209537
0.000000000000	0.000000000000	0.000000000000	1.000000000000
7	46	66
0.972095885016	-0.125636982070	-0.198103354518	0.685727970119
0.133224395077	0.990760507061	0.025394452250	-0.088894529740
0.193082497630	-0.051078042103	0.979852122886	0.438431420909
0.000000000000	0.000000000000	0.000000000000	1.000000000000
7	47	66
0.977827000944	-0.176447041203	-0.112786514603	0.323642961237
0.203919192932	0.924842054058	0.321067185803	0.029245096763
0.047658356873	-0.336947498426	0.940316470304	0.266638760471
0.000000000000	0.000000000000	0.000000000000	1.000000000000
7	48	66
0.987410196031	-0.152510042284	-0.041973703401	0.127300847637
0.154138076582	0.868075901507	0.471895838687	0.055836912740
-0.035532493892	-0.472424508493	0.880654600654	-0.055103184149
0.000000000000	0.000000000000	0.000000000000	1.000000000000
7	49	66
0.978353677645	-0.185394040926	-0.091940910526	-0.085258467500
0.205435589470	0.923591666200	0.323689129728	0.012826805596
0.024905822981	-0.335570385634	0.941685837351	0.115374434330
0.000000000000	0.000000000000	0.000000000000	1.000000000000
8	37	66
0.689200180086	0.360477018552	-0.628537533378	1.730286349284
-0.216628788272	0.930297297203	0.296004910278	-0.253726910423
0.691429736026	-0.067847313231	0.719250764495	0.665405518011
0.000000000000	0.000000000000	0.000000000000	1.000000000000
8	38	66
0.833309639136	0.264225124767	-0.485571960440	1.598562582263
-0.161592217487	0.956438285509	0.243133217108	-0.190572255060
0.528661517960	-0.124140603573	0.839705966379	0.511043552645
0.000000000000	0.000000000000	0.000000000000	1.000000000000
8	39	66
0.994007248308	-0.025335607779	-0.106337656971	1.543017124602
0.041235686377	0.987809757400	0.150104967786	-0.149352274809
0.101238374545	-0.153590332259	0.982934789981	0.602262715363
0.000000000000	0.000000000000	0.000000000000	1.000000000000
8	44	66
0.987963077330	-0.116230151255	0.102075999978	1.518994117769
0.117553264142	0.993041744244	-0.007023124497	-0.017832059271
-0.100549430241	0.018937954678	0.994751811233	-0.098283940178
0.000000000000	0.000000000000	0.000000000000	1.000000000000
8	45	66
0.979364163834	-0.135311801180	-0.150121787425	1.461455442716
0.100907900519	0.970969474257	-0.216877559176	-0.089739960601
0.175109766178	0.197253635005	0.964586737036	-0.085609704323
0.000000000000	0.000000000000	0.000000000000	1.000000000000
8	46	66
0.994724818888	0.010621356117	-0.102028042631	1.102649378482
-0.011948595257	0.999851647201	-0.012406234718	-0.036996361568
0.101881135448	0.013559881369	0.994704158962	-0.060063520785
0.000000000000	0.000000000000	0.000000000000	1.000000000000
8	47	66
0.993017355092	-0.115804042761	0.022493469420	0.728794590642
0.103726351560	0.947935554229	0.301096378293	0.101635635121
-0.056190537268	-0.296660763683	0.953328387709	-0.213269344734
0.000000000000	0.000000000000	0.000000000000	1.000000000000
8	48	66
0.986798199094	-0.128467571496	0.098617429187	0.492798724103
0.080803141874	0.918255622561	0.387656373478	0.312126199936
-0.140357281709	-0.374570013093	0.916513578057	-0.519721119505
0.000000000000	0.000000000000	0.000000000000	1.000000000000
8	49	66
0.990268297231	-0.122975423629	0.065159379080	0.259612727210
0.100307107948	0.955223395072	0.278364418706	0.177820844164
-0.096473745619	-0.269119510051	0.958262754007	-0.327606807195
0.000000000000	0.000000000000	0.000000000000	1.000000000000
8	50	66
0.996088460079	-0.009344679722	0.087866129183	-0.007524975342
0.014406645738	0.998261449620	-0.057153536742	-0.012988578220
-0.087179287995	0.058195834597	0.994491335598	0.049452241647
0.000000000000	0.000000000000	0.000000000000	1.000000000000
8	51	66
0.999315088745	0.022833424670	-0.029120235640	-0.275191431174
-0.023475169216	0.999484747573	-0.021889627684	-0.116559922229
0.028605416203	0.022558237691	0.999336207728	0.258575300235
0.000000000000	0.000000000000	0.000000000000	1.000000000000
9	10	66
0.998539501942	-0.052295899048	0.013564733809	-0.461416958446
0.048118216403	0.975018253234	0.216850278097	-0.070767292772
-0.024566243316	-0.215880857891	0.976110626356	0.550147997667
0.000000000000	0.000000000000	0.000000000000	1.000000000000
9	51	66
0.997492755461	-0.016178237476	-0.068894611069	0.321283955867
0.026098700252	0.988994936201	0.145629234753	0.039841788892
0.065780397135	-0.147062166453	0.986937515018	-0.084959373414
0.000000000000	0.000000000000	0.000000000000	1.000000000000
9	52	66
0.987940862059	-0.124479547054	0.092074401656	-0.279627863846
0.110475755489	0.983378464219	0.144089914841	0.045190540269
-0.108480231029	-0.132180325598	0.985271739674	0.225124992234
0.000000000000	0.000000000000	0.000000000000	1.000000000000
9	53	66
0.982885267142	-0.097153595002	0.156517508965	-0.564135787314
0.075864144202	0.987705521495	0.136683702148	-0.041969827790
-0.167872520857	-0.122470330229	0.978171679694	0.569894813599
0.000000000000	0.000000000000	0.000000000000	1.000000000000
10	11	66
0.982790260489	-0.018262270365	-0.183820002637	0.151431647502
0.002913924538	0.996509992228	-0.083422685364	-0.085111332328
0.184701957034	0.081451365063	0.979413529719	0.409135446635
0.000000000000	0.000000000000	0.000000000000	1.000000000000
10	51	66
0.998371534513	0.042769465028	-0.037749860073	0.660907929926
-0.045302713570	0.996586146661	-0.069019681447	0.216451464384
0.034669052736	0.070617456376	0.996900813340	-0.606641104796
0.000000000000	0.000000000000	0.000000000000	1.000000000000
10	52	66
0.994352148787	-0.062512602174	0.085767002821	0.150000542277
0.066478944734	0.996808631214	-0.044193920905	0.074408412673
-0.082730611689	0.049646020056	0.995334576201	-0.292048699909
0.000000000000	0.000000000000	0.000000000000	1.000000000000
10	53	66
0.986523860298	-0.049774533587	0.155862660279	-0.128934975836
0.064210910617	0.993959774744	-0.088999579486	0.044795242856
-0.150491302144	0.097808292067	0.983761102088	0.030039001247
0.000000000000	0.000000000000	0.000000000000	1.000000000000
10	54	66
0.999408722891	0.001297577406	-0.034358709252	-0.133913776874
-0.009005672000	0.974280614340	-0.225158127529	-0.158867231375
0.033182864259	0.225334419949	0.973716230072	0.349000914273
0.000000000000	0.000000000000	0.000000000000	1.000000000000
11	12	66
0.942532079137	0.081324570400	-0.324067267782	0.087869178101
-0.151704888987	0.968346403703	-0.198219245010	-0.164565351776
0.297689278369	0.235990586007	0.925034884132	0.182120640150
0.000000000000	0.000000000000	0.000000000000	1.000000000000
11	52	66
0.957661841335	-0.089048845714	0.273777465705	-0.123130109292
0.089390483534	0.995933085053	0.011253068493	0.230683551724
-0.273666108798	0.013696465746	0.961727231455	-0.709537103950
0.000000000000	0.000000000000	0.000000000000	1.000000000000
11	53	66
0.940480328410	-0.028373836669	0.338661596977	-0.350675867186
0.025926980875	0.999594808490	0.011747787109	0.049432265561
-0.338857703966	-0.002268089930	0.940834901686	-0.315921821820
0.000000000000	0.000000000000	0.000000000000	1.000000000000
11	54	66
0.989551832327	0.056307695460	0.132727595361	-0.271682155648
-0.036244822953	0.988173583638	-0.148994232807	-0.043718817995
-0.139547425441	0.142626827886	0.979889842799	-0.007754044754
0.000000000000	0.000000000000	0.000000000000	1.000000000000
11	55	66
0.992681928226	0.073072978278	-0.096140154037	-0.221889516191
-0.079485911414	0.994737089022	-0.064653798116	-0.087689277644
0.090909731379	0.071822444748	0.993265803887	-0.029419939367
0.000000000000	0.000000000000	0.000000000000	1.000000000000
12	52	66
0.808062344671	-0.221644572358	0.545810343131	-0.482886997555
0.085332222968	0.960787984616	0.263827330540	0.122964939018
-0.582883915414	-0.166613721406	0.795290015649	-0.797117516782
0.000000000000	0.000000000000	0.000000000000	1.000000000000
12	54	66
0.909017538873	-0.053940470132	0.413252392253	-0.330841037932
0.005428276155	0.993037034758	0.117677446505	-0.009842792157
-0.416722506998	-0.104727614696	0.902980885114	-0.081561643824
0.000000000000	0.000000000000	0.000000000000	1.000000000000
12	55	66
0.979519313475	-0.060379506884	0.192083913118	-0.285735076098
0.027180026558	0.984897919927	0.170989278843	-0.014892286386
-0.199507294820	-0.162266455164	0.966367650970	-0.092651559512
0.000000000000	0.000000000000	0.000000000000	1.000000000000
12	56	66
0.952421962236	0.067847549312	-0.297134844647	-0.201488226831
0.064188402002	0.908390011633	0.413167563845	0.069783816947
0.297946731648	-0.412582472746	0.860815571585	-0.062773585447
0.000000000000	0.000000000000	0.000000000000	1.000000000000
13	14	66
0.961026574454	0.037556665553	-0.273893081448	0.231468504233
-0.066927597973	0.992865039394	-0.098689970003	-0.067617927397
0.268232398905	0.113174689848	0.956683265117	0.114055189401
0.000000000000	0.000000000000	0.000000000000	1.000000000000
13	15	66
0.754683950722	0.246339822251	-0.608086199890	0.472075616957
-0.131923717771	0.964882338049	0.227152385881	-0.080764842922
0.642688312646	-0.091207267778	0.760679280047	0.290267930916
0.000000000000	0.000000000000	0.000000000000	1.000000000000
13	54	66
-0.642102658677	0.074899673833	-0.762950990942	1.712083360894
0.252727983137	-0.918899558823	-0.302906202206	1.702838778707
-0.723762904728	-0.387315942940	0.571098606271	0.418146695802
0.000000000000	0.000000000000	0.000000000000	1.000000000000
13	55	66
0.738467432400	-0.100315705027	0.666785280738	-0.570336020279
0.147395541871	0.988972017058	-0.014453501731	-0.006185420492
-0.657982070820	0.108954618078	0.745109713853	0.017426311322
0.000000000000	0.000000000000	0.000000000000	1.000000000000
13	56	66
0.966685370400	-0.113814483786	0.229272017341	-0.514335258251
0.067897710679	0.977637103066	0.199036668965	0.092743635030
-0.246798086580	-0.176838790961	0.952795227985	0.021660200757
0.000000000000	0.000000000000	0.000000000000	1.000000000000
13	57	66
0.975902093202	0.072116689957	-0.205947293047	-0.382382460111
-0.024257693428	0.973812892758	0.226053122533	0.021092203030
0.216856332149	-0.215609909158	0.952095424986	0.235623310915
0.000000000000	0.000000000000	0.000000000000	1.000000000000
14	15	66
0.927364525358	0.115392164798	-0.355920897687	0.221243911217
-0.011823377105	0.959818068594	0.280373827157	0.009784005152
0.373972251458	-0.255800554151	0.891465552691	0.139587998877
0.000000000000	0.000000000000	0.000000000000	1.000000000000
14	18	66
0.555128528222	0.282697556369	-0.782249582152	0.536918381749
-0.072196196502	0.953297271581	0.293278061243	-0.087124552369
0.828625383611	-0.106331573951	0.549612199661	0.191526158769
0.000000000000	0.000000000000	0.000000000000	1.000000000000
14	56	66
0.857542223575	-0.240184398242	0.454898658635	-0.722296416271
0.090565500706	0.940984358894	0.326107844737	0.089235085529
-0.506378539107	-0.238453121511	0.828686239763	0.152972897516
0.000000000000	0.000000000000	0.000000000000	1.000000000000
14	57	66
0.994981627058	-0.092509640058	0.038125166398	-0.547013608556
0.076751712490	0.950102394777	0.302348497711	0.088802709356
-0.064192962591	-0.297905028381	0.952434699924	0.275342919728
0.000000000000	0.000000000000	0.000000000000	1.000000000000
15	18	66
0.797009436980	0.202262484386	-0.569092123276	0.417429066466
-0.215614972196	0.975453836753	0.044721316268	-0.072254262598
0.564168539649	0.087061471238	0.821056733177	0.001961326746
0.000000000000	0.000000000000	0.000000000000	1.000000000000
15	56	66
0.609497802470	-0.379557475640	0.696023384284	-0.813699272105
0.355278846519	0.915619638668	0.188195692040	-0.102804214265
-0.708723761419	0.132577524386	0.692916899799	0.306272907124
0.000000000000	0.000000000000	0.000000000000	1.000000000000
15	57	66
0.899147680859	-0.208380282081	0.384852057349	-0.657948295640
0.194758021697	0.978015653774	0.074529819257	-0.078804724991
-0.391921881235	0.007939711195	0.919964238433	0.413043683122
0.000000000000	0.000000000000	0.000000000000	1.000000000000
15	62	66
0.170157096284	0.490582552732	-0.854619986625	0.747680168160
-0.332878232914	0.844902124898	0.418727215971	-1.084988732408
0.927490509189	0.213234983757	0.307070345469	2.423465213052
0.000000000000	0.000000000000	0.000000000000	1.000000000000
16	17	66
0.996246440360	-0.046643667219	-0.072920493535	0.062836091906
0.044181750566	0.998409571290	-0.035018578977	-0.235768805879
0.074437913633	0.031665379595	0.996722780290	-0.151375983068
0.000000000000	0.000000000000	0.000000000000	1.000000000000
16	61	66
-0.858259947135	0.209491423152	-0.468511693312	-1.054442188954
-0.075044069186	0.851855586414	0.518372884684	-0.514921014185
0.507698976583	0.480057708533	-0.715392441709	4.071929935146
0.000000000000	0.000000000000	0.000000000000	1.000000000000
17	18	66
0.931377724985	0.153782615444	-0.329979454798	0.176708831300
-0.027819591518	0.933815777198	0.356670947210	0.054493909449
0.362989812157	-0.323015481739	0.874013383666	0.191817325874
0.000000000000	0.000000000000	0.000000000000	1.000000000000
17	19	66
0.855115469128	0.193508601053	-0.480969807552	-0.105790344408
-0.014843154774	0.936487264262	0.350387335146	0.027035415673
0.518225062319	-0.292482521175	0.803677024427	0.024695456784
0.000000000000	0.000000000000	0.000000000000	1.000000000000
17	64	66
0.114886133636	0.534593619535	-0.837263900005	0.691994892109
0.124261679125	0.828490545452	0.546042536069	0.049250295488
0.985576080980	-0.166772533855	0.028752574707	2.485308060336
0.000000000000	0.000000000000	0.000000000000	1.000000000000
18	19	66
0.977424525670	0.025807866233	-0.209702767411	-0.199545788026
-0.030040033736	0.999403760264	-0.017021173408	0.016343743269
0.209138454122	0.022936390552	0.977617015500	-0.059602851282
0.000000000000	0.000000000000	0.000000000000	1.000000000000
18	20	66
0.923476510815	0.085293145383	-0.374053757264	-0.368021680365
-0.054142809290	0.994190167075	0.093029392632	-0.056758077405
0.379815336939	-0.065658137667	0.922729277082	-0.169443836533
0.000000000000	0.000000000000	0.000000000000	1.000000000000
18	62	66
0.717995732598	0.372831398029	-0.587774511709	1.813096970496
-0.217311864501	0.922306720080	0.319571381138	-0.836810008772
0.661254626840	-0.101720512872	0.743232975415	1.770702987776
0.000000000000	0.000000000000	0.000000000000	1.000000000000
18	63	66
0.489662630924	0.400950454575	-0.774253989885	1.949132468491
-0.264661413176	0.914447519980	0.306170001108	-0.666367581483
0.830773642006	0.054995146868	0.553886892396	1.887808169903
0.000000000000	0.000000000000	0.000000000000	1.000000000000
18	64	66
0.464769599749	0.380196813460	-0.799649674660	1.348138342306
-0.231278570796	0.923893432107	0.304846106750	-0.560323576543
0.854692600787	0.043258630874	0.517328956289	1.776012096578
0.000000000000	0.000000000000	0.000000000000	1.000000000000
19	20	66
0.990061659851	0.049387983122	-0.131676637323	-0.320544561606
-0.041418300455	0.997179356533	0.062592773486	0.042901997785
0.134396555317	-0.056516882685	0.989314615221	-0.076151600291
0.000000000000	0.000000000000	0.000000000000	1.000000000000
19	21	66
0.993523553390	0.028014540494	-0.110118728560	-0.641395405403
-0.013175914128	0.990996801305	0.133235637460	0.110764057456
0.112859842928	-0.130921829056	0.984947780611	-0.297755674834
0.000000000000	0.000000000000	0.000000000000	1.000000000000
19	64	66
0.678376292049	0.291605343955	-0.674367800064	1.926654937261
-0.146413920734	0.953108715507	0.264852298913	-0.413451952042
0.719978173420	-0.080932686853	0.689261438061	1.422697929155
0.000000000000	0.000000000000	0.000000000000	1.000000000000
19	65	66
0.742874274608	0.226798354675	-0.629841502635	1.160794441047
-0.190784204055	0.973570255186	0.125548180791	-0.310824297831
0.641669073284	0.026897296027	0.766509840679	1.481773228951
0.000000000000	0.000000000000	0.000000000000	1.000000000000
20	21	66
0.998420971513	-0.046985365376	0.030788619395	-0.395299417007
0.044734881907	0.996536185533	0.070102933355	0.066564967240
-0.033975785268	-0.068614913574	0.997064511278	-0.166945814365
0.000000000000	0.000000000000	0.000000000000	1.000000000000
20	22	66
0.992581317090	-0.080134156294	0.091437661598	-1.008345366343
0.082337027773	0.996392174053	-0.020573024651	0.022553527139
-0.089459168457	0.027949105187	0.995598264712	-0.069461224202
0.000000000000	0.000000000000	0.000000000000	1.000000000000
20	23	66
0.996953511149	-0.029644982910	0.072144796043	-1.429440591560
0.049834688215	0.953639934169	-0.296795181579	-0.030281591590
-0.060001670463	0.299486311785	0.952212029222	0.030565733978
0.000000000000	0.000000000000	0.000000000000	1.000000000000
20	34	66
0.417675562663	-0.403313416396	0.814177752404	-2.228761229632
0.299672020784	0.907090693998	0.295606415394	-0.296145880687
-0.857755095766	0.120518716464	0.499731362503	1.039605393277
0.000000000000	0.000000000000	0.000000000000	1.000000000000
20	64	66
0.726028774107	0.301628583652	-0.617982537530	2.502822207005
-0.220878638111	0.953337853855	0.205814391219	-0.487392926122
0.651225649368	-0.012928028885	0.758774024117	1.237682356204
0.000000000000	0.000000000000	0.000000000000	1.000000000000
20	65	66
0.838502186874	0.111593944439	-0.533348735980	1.709603323881
-0.049338454715	0.990332528005	0.129642588922	-0.486453416684
0.542659929876	-0.082390991866	0.835901863239	1.354046026508
0.000000000000	0.000000000000	0.000000000000	1.000000000000
21	22	66
0.997928285493	-0.027060195498	0.058368508915	-0.634332125361
0.032311524020	0.995327677513	-0.090987800238	-0.011016607870
-0.055633644756	0.092685274970	0.994139998881	0.059687485795
0.000000000000	0.000000000000	0.000000000000	1.000000000000
21	23	66
0.999899758371	0.011750876097	0.007898741661	-0.991841060720
-0.008227279397	0.936220626657	-0.351316452925	-0.062254333475
-0.011523240977	0.351216251237	0.936223456117	0.149554103405
0.000000000000	0.000000000000	0.000000000000	1.000000000000
21	24	66
0.990939806884	0.099958633489	-0.089702679583	-0.094665663446
-0.102626286946	0.994389868545	-0.025624881696	-0.270797252664
0.086638007601	0.034598568253	0.995638887707	0.306715046249
0.000000000000	0.000000000000	0.000000000000	1.000000000000
21	34	66
0.477779616232	-0.369252396421	0.797106834779	-1.845300284411
0.340130131119	0.914355223759	0.219695285999	-0.342488299594
-0.809961809111	0.166154122796	0.562454153917	1.063512692514
0.000000000000	0.000000000000	0.000000000000	1.000000000000
21	65	66
0.821758714261	0.149245986236	-0.549943861797	2.013702922456
-0.109056935129	0.988443683854	0.105288502455	-0.755742006076
0.559302423056	-0.026546552343	0.828538520603	1.520712831136
0.000000000000	0.000000000000	0.000000000000	1.000000000000
22	23	66
0.998468305680	0.015357531485	-0.053152504913	-0.356911731346
-0.029814334802	0.958632640168	-0.283080494991	-0.005247529009
0.046606308502	0.284231608782	0.957622182584	0.058575230470
0.000000000000	0.000000000000	0.000000000000	1.000000000000
22	24	66
0.989587967489	0.114844910703	-0.086754256878	-0.719572021835
-0.120782980299	0.990442029686	-0.066603734887	0.121845998106
0.078275962281	0.076388692334	0.994000825660	0.474687689061
0.000000000000	0.000000000000	0.000000000000	1.000000000000
22	33	66
0.968681289527	-0.092414027047	0.230469535787	-1.274497803697
0.044329824384	0.977614019552	0.205683483649	-0.300061972748
-0.244318288286	-0.189025068128	0.951093106708	0.977615391508
0.000000000000	0.000000000000	0.000000000000	1.000000000000
22	34	66
0.527128158075	-0.346561899781	0.775906408393	-1.276094016749
0.242094313460	0.936468352663	0.253805767962	-0.220495171394
-0.814571205208	0.054054362275	0.577539503034	0.987952794457
0.000000000000	0.000000000000	0.000000000000	1.000000000000
22	65	66
0.774886496383	0.197868619290	-0.600332347308	2.574975849828
-0.139048562779	0.979837065459	0.143474117327	-0.573079465323
0.616616910985	-0.027700806014	0.786775857810	1.666391588571
0.000000000000	0.000000000000	0.000000000000	1.000000000000
23	24	66
0.992696109409	0.087539145053	-0.083014049698	-0.228512310133
-0.060484626334	0.956509071402	0.285362937857	0.011193922839
0.104384119199	-0.278257604404	0.954817606274	0.349774648845
0.000000000000	0.000000000000	0.000000000000	1.000000000000
23	33	66
0.961301423310	-0.049904505679	0.270941163089	-0.880298061181
-0.072767906180	0.902537193513	0.424418951222	0.116565471587
-0.265714894903	-0.427710363026	0.863978842326	0.966783906879
0.000000000000	0.000000000000	0.000000000000	1.000000000000
24	25	66
0.998672145244	-0.050740937522	0.008905255318	-0.544486639805
0.050294647752	0.997733570311	0.044700906937	-0.100765967588
-0.011153238109	-0.044193663946	0.998960722625	0.400900017638
0.000000000000	0.000000000000	0.000000000000	1.000000000000
24	32	66
0.995163711144	0.076435923121	-0.061698765623	-0.738570671691
-0.054986874088	0.953945634538	0.294896880324	-0.201239639030
0.081397983395	-0.290078051571	0.953535050376	0.483335867321
0.000000000000	0.000000000000	0.000000000000	1.000000000000
24	33	66
0.881773137601	-0.186056139191	0.433427325943	-0.816597863615
0.092444847722	0.969262363761	0.228000921766	-0.199325014584
-0.462525765698	-0.160976965017	0.871869447107	0.856065169801
0.000000000000	0.000000000000	0.000000000000	1.000000000000
25	26	66
0.994246316721	-0.079981282618	0.071254867328	-0.364103557750
0.094762164712	0.966889018158	-0.236950962658	-0.109445021975
-0.049943906799	0.242339887340	0.968905044459	0.356427388436
0.000000000000	0.000000000000	0.000000000000	1.000000000000
25	27	66
0.994123349198	-0.091497025994	0.057853788242	-0.326150567834
0.092205666487	0.995692787556	-0.009694734523	-0.046867167968
-0.056717560309	0.014972209057	0.998277993000	0.304999410417
0.000000000000	0.000000000000	0.000000000000	1.000000000000
25	32	66
0.995545211335	0.076283119528	-0.055413156038	-0.224811423526
-0.063174078801	0.975966510303	0.208562716072	0.007295687944
0.069991199123	-0.204132938162	0.976437901560	0.054376289987
0.000000000000	0.000000000000	0.000000000000	1.000000000000
25	33	66
0.897901442187	-0.153684537483	0.412497349151	-0.261543908865
0.084453721155	0.979810579320	0.181214783160	-0.134713790454
-0.432019176774	-0.127876079042	0.892752563316	0.417586646356
0.000000000000	0.000000000000	0.000000000000	1.000000000000
26	27	66
0.999993545431	-0.002248172017	0.002802645045	0.047110275154
0.001513867621	0.971067775197	0.238799254980	-0.000070101214
-0.003258420091	-0.238793470800	0.971064910807	-0.027644264422
0.000000000000	0.000000000000	0.000000000000	1.000000000000
26	32	66
0.980751927491	0.174868730519	-0.086871075797	0.151910925146
-0.121286237935	0.894253429692	0.430813709127	0.051273502648
0.153020603877	-0.411985109647	0.898249945293	-0.310205333461
0.000000000000	0.000000000000	0.000000000000	1.000000000000
27	28	66
0.923478761235	0.231959266006	-0.305584483346	0.166697148913
-0.173219534961	0.962805903235	0.207363896096	0.068834848709
0.342318521637	-0.138562951795	0.929310679017	-0.178576390318
0.000000000000	0.000000000000	0.000000000000	1.000000000000
27	31	66
0.644406368723	0.474292749222	-0.599822323680	0.390843245410
-0.284903836526	0.876845888490	0.387261012461	0.107978470782
0.709626828609	-0.078661781538	0.700172898821	-0.342227780466
0.000000000000	0.000000000000	0.000000000000	1.000000000000
27	32	66
0.978516278206	0.175094343553	-0.108847894521	0.152404810737
-0.148716066568	0.965100971669	0.215554276292	0.068214244107
0.142791543274	-0.194735937461	0.970406352942	-0.232203512079
0.000000000000	0.000000000000	0.000000000000	1.000000000000
27	33	66
0.948049661185	-0.051530796501	0.313921036152	0.226305117096
-0.011615258547	0.980528273975	0.196034154431	-0.204505006621
-0.317910247862	-0.189496387688	0.928990954400	0.064611785641
0.000000000000	0.000000000000	0.000000000000	1.000000000000
28	29	66
0.891972938028	0.287105939884	-0.349219783387	0.143172901882
-0.260754087967	0.957744264461	0.121380515328	0.088475613138
0.369312311512	-0.017207648759	0.929146012955	-0.187834005002
0.000000000000	0.000000000000	0.000000000000	1.000000000000
28	30	66
0.735118564821	0.415942252945	-0.535343569934	0.144760457823
-0.327180304607	0.909284440777	0.257205859260	0.254081545611
0.593762363183	-0.013922929842	0.804519986136	-0.401817577927
0.000000000000	0.000000000000	0.000000000000	1.000000000000
28	31	66
0.887221314749	0.252113019388	-0.386364289383	0.142137264855
-0.213563646029	0.966782182983	0.140437814573	0.095685095355
0.408936312584	-0.042086056150	0.911591935094	-0.211040987766
0.000000000000	0.000000000000	0.000000000000	1.000000000000
28	32	66
0.976761955295	-0.055385441705	0.207047181906	-0.067957628322
0.046224698069	0.997737019782	0.048827416941	0.002921394078
-0.209282966284	-0.038122069773	0.977111737633	-0.070099930138
0.000000000000	0.000000000000	0.000000000000	1.000000000000
29	30	66
0.964357458223	0.137446631150	-0.226104215696	-0.139769418126
-0.118496420338	0.988359518380	0.095415202119	0.117088704337
0.236586751820	-0.065221821608	0.969418806734	-0.176890403989
0.000000000000	0.000000000000	0.000000000000	1.000000000000
29	31	66
0.997598793624	-0.040015139076	-0.056528184156	0.010207640356
0.040203971192	0.999189056642	0.002206759280	0.022456530063
0.056394039221	-0.004474117883	0.998398565008	-0.026232588269
0.000000000000	0.000000000000	0.000000000000	1.000000000000
29	32	66
0.780868296602	-0.316641511998	0.538500562898	-0.110077644749
0.327818695900	0.941495157709	0.078241744796	-0.111999656515
-0.531770256766	0.115434054289	0.838984727590	0.185904420004
0.000000000000	0.000000000000	0.000000000000	1.000000000000
30	31	66
0.966728811008	-0.160828237115	0.198921301306	0.180844903752
0.174950763595	0.983013539708	-0.055467207138	-0.120156946850
-0.186621639379	0.088423180765	0.978444533338	0.113042329157
0.000000000000	0.000000000000	0.000000000000	1.000000000000
30	32	66
0.569744548828	-0.382913334901	0.727164717953	0.098519101439
0.468154442928	0.878441819623	0.095767359280	-0.256806491226
-0.675442496921	0.285862462545	0.679750017183	0.349217211301
0.000000000000	0.000000000000	0.000000000000	1.000000000000
31	32	66
0.768011020870	-0.270615303741	0.580453640874	-0.093719415949
0.293116277086	0.954369502653	0.057111299351	-0.157183291532
-0.569422444175	0.126278302916	0.812288046374	0.222943867677
0.000000000000	0.000000000000	0.000000000000	1.000000000000
32	33	66
0.874570896915	-0.185108650510	0.448174668825	0.071352358672
0.193943337680	0.980652725236	0.026574692035	-0.244625333356
-0.444422915745	0.063679038888	0.893550922985	0.296902420910
0.000000000000	0.000000000000	0.000000000000	1.000000000000
33	65	66
0.452878524997	0.161768470546	-0.876773633006	0.574892159109
-0.271173314219	0.961804114297	0.037388225123	-0.599678493846
0.849332723526	0.220825287636	0.479447720912	1.311268160637
0.000000000000	0.000000000000	0.000000000000	1.000000000000
34	35	66
0.920771587806	-0.179048346018	0.346585303896	0.171524184869
0.180813518581	0.983132123016	0.027526354509	0.082192340510
-0.345667693872	0.037321823138	0.937614487372	-0.163948386640
0.000000000000	0.000000000000	0.000000000000	1.000000000000
34	36	66
0.744973973443	-0.312815826254	0.589202883341	0.078135229389
0.342703168371	0.937241440267	0.064288576235	0.125859361315
-0.572335843086	0.154028378849	0.805423454605	-0.246553364632
0.000000000000	0.000000000000	0.000000000000	1.000000000000
34	37	66
0.692233490763	-0.299982425834	0.656371341892	0.040524957132
0.297075870939	0.947327541330	0.119651395077	0.153991448919
-0.657691965263	0.112165385163	0.744889391252	-0.284682084370
0.000000000000	0.000000000000	0.000000000000	1.000000000000
34	64	66
0.792014820731	-0.272027480694	-0.546546954514	1.924968061382
0.256492522200	0.960666068321	-0.106453234957	0.320899469516
0.554007319263	-0.055872667063	0.830634778515	1.072551204966
0.000000000000	0.000000000000	0.000000000000	1.000000000000
34	65	66
-0.364213265440	0.360742285180	-0.858611495940	1.086183077493
-0.318560952164	0.818066920875	0.478837584915	-1.853092305159
0.875138627324	0.447919096103	-0.183032418747	3.772435685519
0.000000000000	0.000000000000	0.000000000000	1.000000000000
35	36	66
0.944936174954	-0.157023942683	0.287122111108	-0.096753274204
0.164776990008	0.986326644981	-0.002879750665	0.029779897746
-0.282743998746	0.050032297812	0.957889659799	-0.095521066845
0.000000000000	0.000000000000	0.000000000000	1.000000000000
35	37	66
0.924931363789	-0.154020838437	0.347533528752	-0.029623882155
0.150549436438	0.987904317371	0.037147367452	0.070897150003
-0.349051342166	0.017962211658	0.936931437985	-0.150841853702
0.000000000000	0.000000000000	0.000000000000	1.000000000000
35	38	66
0.830633919216	-0.218580063199	0.512123079171	-0.194805750186
0.222717026962	0.973374557159	0.054213442761	0.055974635311
-0.510337553144	0.069027005197	0.857199425108	-0.091075166825
0.000000000000	0.000000000000	0.000000000000	1.000000000000
35	45	66
0.470008711563	-0.143359965990	0.870941864424	-0.798277455628
0.550300915875	0.819070116716	-0.162151305541	-0.012182443276
-0.690116448899	0.555492631863	0.463861210822	-0.220314232684
0.000000000000	0.000000000000	0.000000000000	1.000000000000
35	46	66
0.444940802806	-0.275604106820	0.852097446483	-0.914065826773
0.444511773165	0.893955641038	0.057031529641	-0.160334982094
-0.777455442785	0.353391692262	0.520266610811	0.098422926060
0.000000000000	0.000000000000	0.000000000000	1.000000000000
35	47	66
0.306647368631	-0.534990257983	0.787243809233	-1.231852886408
0.493551004109	0.796582957634	0.349088810977	-0.141544441275
-0.813864114981	0.281497807221	0.508315046871	0.373549673182
0.000000000000	0.000000000000	0.000000000000	1.000000000000
35	48	66
-0.666902613804	0.460750101488	-0.585619541751	0.410694248858
0.390755338371	-0.452935006823	-0.801348953409	1.693052455015
-0.634469202749	-0.763255673791	0.122022978122	0.954728640648
0.000000000000	0.000000000000	0.000000000000	1.000000000000
35	49	66
0.257499780753	-0.510943775250	0.820140427881	-1.547005975129
0.466096544997	0.809169730004	0.357768582727	-0.307277840425
-0.846432438919	0.290139288236	0.446510156400	0.787143508196
0.000000000000	0.000000000000	0.000000000000	1.000000000000
36	37	66
0.996125799150	0.021987512776	0.085146588601	0.033936017939
-0.024597786131	0.999255280593	0.029729331031	0.025984182431
-0.084429504239	-0.031708571207	0.995924809072	-0.046112561816
0.000000000000	0.000000000000	0.000000000000	1.000000000000
36	38	66
0.952787463469	-0.088372391915	0.290493321445	-0.168240359181
0.085230084306	0.996084641145	0.023478083477	0.028559229730
-0.291430750241	0.002389146674	0.956588945050	-0.028217460791
0.000000000000	0.000000000000	0.000000000000	1.000000000000
36	39	66
0.707510200352	-0.280482711151	0.648659205703	-0.213056143687
0.311972010834	0.947549719999	0.069447768767	-0.002032677844
-0.634115747206	0.153228511955	0.757903847642	0.040799461027
0.000000000000	0.000000000000	0.000000000000	1.000000000000
36	45	66
0.715586221798	-0.110899844308	0.689664834326	-0.764756423216
0.411525299309	0.864716809886	-0.287944034024	0.066692527643
-0.564431826886	0.489863310765	0.664417526533	-0.285860794432
0.000000000000	0.000000000000	0.000000000000	1.000000000000
36	46	66
0.716363708557	-0.181433152080	0.673724757144	-0.890648328926
0.304311672116	0.950164219564	-0.067693146440	-0.031770194058
-0.627867377140	0.253515220820	0.735875389952	-0.036983336117
0.000000000000	0.000000000000	0.000000000000	1.000000000000
36	47	66
0.584312409065	-0.428671277066	0.689071799475	-1.300507412936
0.365730909584	0.897085742602	0.247947720688	0.011261348971
-0.724444553011	0.107135925993	0.680956667472	0.184058494104
0.000000000000	0.000000000000	0.000000000000	1.000000000000
36	48	66
0.566095541981	-0.524653040023	0.635826253740	-1.547620892757
0.356833110431	0.851267592100	0.384725379903	0.095008176585
-0.743105624154	0.009092537366	0.669112365089	0.089513974318
0.000000000000	0.000000000000	0.000000000000	1.000000000000
36	49	66
0.573788876758	-0.448234164995	0.685457845706	-1.620240439794
0.361544824440	0.889604946429	0.279084896063	-0.129012170405
-0.734882075457	0.087687927455	0.672502165461	0.404974089901
0.000000000000	0.000000000000	0.000000000000	1.000000000000
36	52	66
0.526797905588	-0.195689515420	0.827157530476	-1.741190148969
0.405361753168	0.913185328248	-0.042123690974	-0.715092850579
-0.747104956306	0.357488698880	0.560389163382	1.713113926287
0.000000000000	0.000000000000	0.000000000000	1.000000000000
37	38	66
0.978051926191	-0.108989171954	0.177583191973	-0.172922201577
0.113980756921	0.993317656348	-0.018122379529	0.040808363447
-0.174421376919	0.037965694843	0.983938915426	-0.003514422660
0.000000000000	0.000000000000	0.000000000000	1.000000000000
37	39	66
0.755203913180	-0.306885907403	0.579213336652	-0.226067991181
0.338487852668	0.939283353726	0.056327213746	-0.038533318979
-0.561331473475	0.153518146320	0.813227616130	0.057590471191
0.000000000000	0.000000000000	0.000000000000	1.000000000000
37	45	66
0.748102554586	-0.168972465095	0.641709337521	-0.810301502383
0.447159047441	0.842873556793	-0.299354227547	0.055135708258
-0.490297209979	0.510893798454	0.706113427566	-0.303861005683
0.000000000000	0.000000000000	0.000000000000	1.000000000000
37	46	66
0.766994278864	-0.199667233930	0.609797320332	-0.943410384138
0.328780596993	0.938408172131	-0.106270511050	-0.021305101868
-0.551020049754	0.281998401011	0.785400411635	-0.073582472615
0.000000000000	0.000000000000	0.000000000000	1.000000000000
37	47	66
0.624020844258	-0.469390291801	0.624716527631	-1.394860642612
0.410162934368	0.877242478053	0.249423338865	-0.058409998777
-0.665104768591	0.100590201625	0.739944091222	0.113027587075
0.000000000000	0.000000000000	0.000000000000	1.000000000000
37	48	66
0.564304938044	-0.564899426734	0.602037020934	-1.758354626645
0.380972241789	0.825137686408	0.417142600865	-0.077168375841
-0.732407050680	-0.006036236032	0.680840271994	0.070212985056
0.000000000000	0.000000000000	0.000000000000	1.000000000000
37	49	66
0.611799841211	-0.477333039933	0.630756786156	-1.724184306579
0.409865538027	0.873306022018	0.263337867851	-0.182544057434
-0.676543564770	0.097415403786	0.729930848830	0.316418063755
0.000000000000	0.000000000000	0.000000000000	1.000000000000
38	39	66
0.870080763134	-0.236066017537	0.432703479287	-0.055714923643
0.243823929213	0.969059031068	0.038399034485	-0.123356798401
-0.428379921526	0.072093201275	0.900718165223	0.125530835008
0.000000000000	0.000000000000	0.000000000000	1.000000000000
38	44	66
0.760768764533	-0.245031970791	0.600991031714	-0.412515486379
0.353326632509	0.933110627462	-0.066819515697	0.074538897361
-0.544418201083	0.263180337807	0.796457740324	-0.403653915270
0.000000000000	0.000000000000	0.000000000000	1.000000000000
38	45	66
0.893700785568	-0.154134731953	0.421356607022	-0.472896293113
0.315988917678	0.882939344340	-0.347230641104	0.048435303123
-0.318512024545	0.443464314938	0.837788452772	-0.431424483563
0.000000000000	0.000000000000	0.000000000000	1.000000000000
38	46	66
0.887534184783	-0.148804628749	0.436050746250	-0.738401673128
0.235914232836	0.959705873498	-0.152673216770	0.064698415047
-0.395761980978	0.238373276263	0.886876899900	-0.228818851901
0.000000000000	0.000000000000	0.000000000000	1.000000000000
38	47	66
0.788062650876	-0.383603624009	0.481461855126	-1.173815291878
0.335594449338	0.923381096446	0.186396663865	0.094898155587
-0.516075211445	0.014683677108	0.856417401597	-0.118129776385
0.000000000000	0.000000000000	0.000000000000	1.000000000000
38	48	66
0.738328522004	-0.459548650959	0.493645653275	-1.521739283921
0.337980264129	0.885502311418	0.318833808640	0.220257677444
-0.583644013637	-0.068561606419	0.809109987252	-0.230200962744
0.000000000000	0.000000000000	0.000000000000	1.000000000000
38	49	66
0.762780452665	-0.392731258756	0.513739369162	-1.616084920409
0.342909863404	0.919210800673	0.193557044580	0.021329884589
-0.548250678624	0.028524766823	0.835827452927	0.009865620824
0.000000000000	0.000000000000	0.000000000000	1.000000000000
39	40	66
0.803311454306	-0.241788040847	0.544269465141	-0.008451616629
0.256785851160	0.965185689841	0.049775604172	0.059061216314
-0.537356244986	0.099775384890	0.837432468050	-0.232517845622
0.000000000000	0.000000000000	0.000000000000	1.000000000000
39	43	66
0.657356973700	-0.170868829814	0.733952077541	-0.200707324837
0.376583988736	0.918107729456	-0.123542286450	0.396785498795
-0.652737549522	0.357605984446	0.667870984047	-0.521532836560
0.000000000000	0.000000000000	0.000000000000	1.000000000000
39	44	66
0.983368142268	-0.095555243179	0.154454822757	0.022011393104
0.122110658579	0.977360520152	-0.172787154355	0.297026740495
-0.134447327357	0.188773963113	0.972773512703	-0.638742424031
0.000000000000	0.000000000000	0.000000000000	1.000000000000
39	45	66
0.986577890180	-0.130166316236	-0.098594100870	0.006135330166
0.086926375150	0.929783150581	-0.357696936245	0.171468956072
0.138231226255	0.344325460884	0.928618385062	-0.655491083652
0.000000000000	0.000000000000	0.000000000000	1.000000000000
39	46	66
0.997908095602	-0.008334294788	-0.064109065361	-0.353798980363
-0.001643613947	0.988064137795	-0.154034275849	0.230656116725
0.064627635454	0.153817421424	0.985983503717	-0.602133713264
0.000000000000	0.000000000000	0.000000000000	1.000000000000
39	47	66
0.982362860469	-0.186941778798	0.003997713260	-0.621471955419
0.184375047902	0.971991414606	0.145734455926	0.405360361740
-0.031129601390	-0.142427038418	0.989315665824	-0.754278681152
0.000000000000	0.000000000000	0.000000000000	1.000000000000
39	48	66
-0.902570932312	0.251632428141	-0.349352019105	0.012125057582
0.209932837720	-0.451211223222	-0.867373411908	1.513715860621
-0.375890829619	-0.856206489783	0.354424224711	1.000427059247
0.000000000000	0.000000000000	0.000000000000	1.000000000000
39	49	66
-0.965414991923	0.116712985796	-0.233135094564	0.947047149462
0.154595559331	-0.463776778919	-0.872359623304	1.816514667013
-0.209938339534	-0.878230709029	0.429693745954	0.611724458281
0.000000000000	0.000000000000	0.000000000000	1.000000000000
40	41	66
0.899511062295	-0.152531604352	0.409406837366	0.100083065703
0.167638619348	0.985847981078	-0.001025430774	0.096688541483
-0.403456493456	0.069554783292	0.912351352281	-0.185957111897
0.000000000000	0.000000000000	0.000000000000	1.000000000000
40	42	66
0.912487126426	-0.055852629175	0.405274879459	-0.013429857136
0.215903783155	0.907193663535	-0.361088927082	0.071535633042
-0.347495036692	0.416989377150	0.839861333089	-0.265481021869
0.000000000000	0.000000000000	0.000000000000	1.000000000000
40	43	66
0.976616763113	-0.088057643443	0.196126360894	0.090675141012
0.113366075702	0.986061299327	-0.121783606652	0.078911003386
-0.182668636844	0.141169987605	0.972986743853	-0.309879388003
0.000000000000	0.000000000000	0.000000000000	1.000000000000
40	44	66
0.820200058046	0.067017379846	-0.568137778695	0.634990200880
-0.099222295957	0.994728015665	-0.025905806981	-0.025041199630
0.563406425919	0.077619879212	0.822525594486	-0.171182507912
0.000000000000	0.000000000000	0.000000000000	1.000000000000
40	45	66
-0.726516107754	-0.029779875349	0.686503826791	-1.640489416813
-0.582222255803	0.557292411699	-0.591981767211	1.577504737479
-0.364954230037	-0.829782096027	-0.422220420032	4.030716625580
0.000000000000	0.000000000000	0.000000000000	1.000000000000
40	46	66
-0.658719922435	-0.239138409631	0.713372893251	-1.703412018935
-0.287260768327	-0.796382476766	-0.532218189919	1.903889233907
0.695391483099	-0.555506770201	0.455897920037	0.385676363766
0.000000000000	0.000000000000	0.000000000000	1.000000000000
40	47	66
0.501885995187	-0.455334802790	0.735377906388	-0.749910109913
0.431774359779	0.868593237173	0.243139241125	-0.011463349583
-0.749454034663	0.195489144726	0.632536674211	0.274119650335
0.000000000000	0.000000000000	0.000000000000	1.000000000000
41	42	66
0.995847467733	-0.066978409806	-0.061658037841	-0.012701062902
0.040277456232	0.931541924107	-0.361396416904	-0.015010663716
0.081642804521	0.357412277701	0.930371386178	-0.117828536561
0.000000000000	0.000000000000	0.000000000000	1.000000000000
41	43	66
0.961903400582	0.046983699886	-0.269322074650	0.138199694541
-0.072936413993	0.993519262902	-0.087176566561	-0.022937316833
0.263480791449	0.103498822160	0.959096380115	-0.098914228330
0.000000000000	0.000000000000	0.000000000000	1.000000000000
42	43	66
0.980433941003	0.074069995034	-0.182381257713	0.107705165528
-0.024351591086	0.965027260973	0.261016063857	0.029525185267
0.195336344137	-0.251467734343	0.947949202881	0.002519661097
0.000000000000	0.000000000000	0.000000000000	1.000000000000
44	45	66
0.962402364559	-0.018985463747	-0.270963541564	-0.040142970525
-0.026778374432	0.986063386554	-0.164200841535	-0.110749949724
0.270304656551	0.165283241329	0.948481334968	-0.022245237971
0.000000000000	0.000000000000	0.000000000000	1.000000000000
44	46	66
0.963917170620	0.098330652348	-0.247375768807	-0.251401574719
-0.102418363996	0.994734612348	-0.003678275773	0.101536270209
0.245711552232	0.028881374709	0.968912637597	-0.031624555437
0.000000000000	0.000000000000	0.000000000000	1.000000000000
44	47	66
0.991354996654	-0.007781620965	-0.130976016831	-0.501322291965
0.042476425400	0.963516115563	0.264258298519	0.334733640198
0.124141145053	-0.267537177652	0.955517050962	-0.221499533660
0.000000000000	0.000000000000	0.000000000000	1.000000000000
44	48	66
0.995356712814	0.050335882187	-0.082044580693	-0.518193184122
-0.014934479559	0.922806099148	0.384975148154	0.465667610247
0.095089303168	-0.381962304868	0.919272985616	-0.515257270506
0.000000000000	0.000000000000	0.000000000000	1.000000000000
44	49	66
0.992883396526	0.097594352078	-0.068248834030	-0.946981120336
-0.066779565819	0.930765598710	0.359466117802	0.139475297741
0.098605529728	-0.352350312475	0.930659017474	-0.361572358899
0.000000000000	0.000000000000	0.000000000000	1.000000000000
44	50	66
0.991150273611	0.120138675639	-0.056460904495	-1.382348792229
-0.121492201244	0.992366547634	-0.021172627945	0.121351470788
0.053486261389	0.027844815552	0.998180287368	-0.023999476470
0.000000000000	0.000000000000	0.000000000000	1.000000000000
45	46	66
0.993489825654	0.091030695423	0.068493640669	-0.327958754804
-0.102181431598	0.977885845169	0.182478022938	0.162640814798
-0.050367860367	-0.188288837454	0.980821284604	0.039461444829
0.000000000000	0.000000000000	0.000000000000	1.000000000000
45	47	66
0.974637278439	-0.057419918767	0.216298701813	-0.727078364035
-0.049701197757	0.886848039946	0.459380392469	0.300579081785
-0.218201664564	-0.458479560037	0.861501321305	-0.065780679318
0.000000000000	0.000000000000	0.000000000000	1.000000000000
45	48	66
0.956525707962	-0.069023858521	0.283362448047	-0.920836739024
-0.107965706240	0.818760398403	0.563892557394	0.370918359454
-0.270927990958	-0.569971154500	0.775713160100	-0.342571340611
0.000000000000	0.000000000000	0.000000000000	1.000000000000
45	49	66
0.978355438141	-0.042070950629	0.202609653700	-1.049011874792
-0.053774643812	0.893787047107	0.445256108444	0.399386425872
-0.199822231851	-0.446513997022	0.872179067693	-0.153858514880
0.000000000000	0.000000000000	0.000000000000	1.000000000000
46	47	66
0.982378058628	-0.136036156125	0.128169864449	-0.410476574210
0.091573372700	0.948121699156	0.304433179863	0.140923679979
-0.162934549248	-0.287331529450	0.943871243786	-0.114354166976
0.000000000000	0.000000000000	0.000000000000	1.000000000000
46	48	66
0.969209444693	-0.145145322018	0.198911758862	-0.662501027396
0.049460226167	0.906093715400	0.420175992817	0.263856332510
-0.241219274405	-0.397400320091	0.885373507197	-0.379735412499
0.000000000000	0.000000000000	0.000000000000	1.000000000000
46	49	66
0.980174630395	-0.120722289323	0.157110861465	-0.842766297751
0.070614522270	0.953721231680	0.292283084503	0.189021972247
-0.185125047398	-0.275394155898	0.943338102550	-0.171388834732
0.000000000000	0.000000000000	0.000000000000	1.000000000000
47	48	66
0.997375877695	-0.017047633390	0.070361472328	-0.160467566439
0.007603736875	0.991171960271	0.132364377226	0.210178111500
-0.071996817832	-0.131482026790	0.988700629540	-0.248841656224
0.000000000000	0.000000000000	0.000000000000	1.000000000000
47	49	66
0.999508797071	-0.030812576690	0.005722734960	-0.385719962913
0.030836461558	0.999515896624	-0.004133404828	0.110086218584
-0.005592603712	0.004307843384	0.999975082324	-0.092980635350
0.000000000000	0.000000000000	0.000000000000	1.000000000000
48	49	66
0.998014380158	0.004077918721	-0.062854336176	-0.241312295522
-0.012629268324	0.990592379121	-0.136261660085	-0.121353187415
0.061707362436	0.136784900506	0.988676940368	0.118045325530
0.000000000000	0.000000000000	0.000000000000	1.000000000000
49	50	66
0.997839911382	0.065242888818	-0.007673116207	-0.317655072417
-0.063833544384	0.935375129391	-0.347848596272	-0.200813776762
-0.015517405227	0.347587014683	0.937519321059	0.270352724257
0.000000000000	0.000000000000	0.000000000000	1.000000000000
50	51	66
0.993292296171	0.033248297820	-0.110747302719	-0.300052831686
-0.030525944656	0.999190859958	0.026187632198	-0.056470444225
0.111528386837	-0.022631307284	0.993503519299	0.178332535897
0.000000000000	0.000000000000	0.000000000000	1.000000000000
51	52	66
0.984129891208	-0.106396782862	0.142014371904	-0.541298961666
0.108560190758	0.994061195534	-0.007551457880	-0.039784280538
-0.140367525494	0.022848722727	0.989835791259	0.340605635011
0.000000000000	0.000000000000	0.000000000000	1.000000000000
51	53	66
0.973995449865	-0.068810879339	0.215865528808	-0.825451350038
0.066075463315	0.997616728031	0.019872018036	-0.242484378147
-0.216718473579	-0.005091840317	0.976220864544	0.704818495774
0.000000000000	0.000000000000	0.000000000000	1.000000000000
52	53	66
0.995347836720	0.027285355215	0.092402344818	-0.380105218129
-0.026331749253	0.999586834400	-0.011523865450	-0.104533970906
-0.092678600110	0.009037139172	0.995655064366	0.312596398221
0.000000000000	0.000000000000	0.000000000000	1.000000000000
53	54	66
0.975895190345	0.017578887774	-0.217530595931	0.001412936545
-0.049690024145	0.988468409826	-0.143042316386	-0.125649284590
0.212507597422	0.150403409141	0.965515062315	0.331605534578
0.000000000000	0.000000000000	0.000000000000	1.000000000000
54	55	66
0.972655248711	0.029478055963	-0.230375370583	0.061923450466
-0.014784192731	0.997759396437	0.065250398209	-0.028622153273
0.231782645597	-0.060060228420	0.970911723156	0.018230486631
0.000000000000	0.000000000000	0.000000000000	1.000000000000
55	56	66
0.882437711458	0.185302385446	-0.432396474715	0.055484804965
-0.060385582085	0.956167093278	0.286527609854	0.075299894145
0.466537529974	-0.226732255492	0.854947493970	0.039758421110
0.000000000000	0.000000000000	0.000000000000	1.000000000000
56	57	66
0.892641402377	0.234399120476	-0.385030361248	0.014465185515
-0.221472381035	0.972018674231	0.078292281765	-0.088981450087
0.392608343265	0.015386658687	0.919577043827	0.197441029206
0.000000000000	0.000000000000	0.000000000000	1.000000000000
58	59	66
0.925098851172	0.179241417191	-0.334760556105	0.252086262116
-0.169412421499	0.983801923927	0.058593565520	-0.373614353249
0.339840472873	0.002507756284	0.940479752124	0.640979116258
0.000000000000	0.000000000000	0.000000000000	1.000000000000
58	60	66
0.749818223642	0.292680486402	-0.593389218283	0.614564949290
-0.256379739661	0.955298667150	0.147220534008	-0.582379218032
0.609952506829	0.041744334007	0.791337696557	1.185947463233
0.000000000000	0.000000000000	0.000000000000	1.000000000000
58	61	66
0.393967437209	0.381813251026	-0.836067162230	1.084819631483
-0.398298010623	0.890708413152	0.219082672692	-0.689611312846
0.828340722863	0.246692448367	0.502985569143	1.597871936883
0.000000000000	0.000000000000	0.000000000000	1.000000000000
58	62	66
0.000610258506	-0.570865341511	0.821043475978	-2.659442931053
0.619750974876	0.644569662410	0.447703785377	-1.407896363419
-0.784798290470	0.508569279610	0.354187706044	1.944825581898
0.000000000000	0.000000000000	0.000000000000	1.000000000000
59	60	66
0.941736365498	0.146706875091	-0.302670961110	0.562537011543
-0.130636880255	0.988754539947	0.072790557426	-0.189340797467
0.309946162123	-0.029009524890	0.950311435294	0.391257669601
0.000000000000	0.000000000000	0.000000000000	1.000000000000
59	61	66
0.724411998137	0.315067984706	-0.613155300041	1.112851370681
-0.267641498568	0.948217041378	0.171033536726	-0.361734340206
0.635291496244	0.040207057269	0.771225069190	0.575271232660
0.000000000000	0.000000000000	0.000000000000	1.000000000000
59	62	66
0.397402503846	0.368145880777	-0.840559254546	1.479335422981
-0.332527116349	0.911513766409	0.242009029870	-0.389506576416
0.855275959459	0.183333750611	0.484656341192	0.672320025289
0.000000000000	0.000000000000	0.000000000000	1.000000000000
60	61	66
0.913439228073	0.171014571888	-0.369300409991	0.634022852573
-0.172391738984	0.984585438318	0.029539854119	-0.033310143193
0.368659551548	0.036681478342	0.928840462189	0.007714914189
0.000000000000	0.000000000000	0.000000000000	1.000000000000
60	62	66
0.673360081021	0.285692282918	-0.681884242939	1.001078160687
-0.320306301410	0.943996751981	0.079208620276	-0.004849558100
0.666325802115	0.165075896879	0.727158767881	-0.007822351990
0.000000000000	0.000000000000	0.000000000000	1.000000000000
60	63	66
0.475369625224	0.380168412324	-0.793407649122	0.901288648040
-0.430200928716	0.887094311815	0.167304640933	-0.031028067644
0.767431352205	0.261793163044	0.585246494596	0.040598281251
0.000000000000	0.000000000000	0.000000000000	1.000000000000
61	62	66
0.915456916808	0.153910614904	-0.371820058750	0.321128292496
-0.161722767508	0.986782579447	0.010290158825	0.025353890563
0.368489321335	0.050711571845	0.928247788332	-0.154037510248
0.000000000000	0.000000000000	0.000000000000	1.000000000000
61	63	66
0.746806682205	0.287474808650	-0.599698268971	0.437996951634
-0.306593850232	0.949027096836	0.073128520223	0.006593820808
0.590152514537	0.129250933699	0.796877785939	-0.031300501987
0.000000000000	0.000000000000	0.000000000000	1.000000000000
62	63	66
0.948580120151	0.167967379292	-0.268295946946	0.156129808311
-0.164919022506	0.985719905926	0.034029150402	-0.037451833542
0.270180442797	0.011967729736	0.962735322804	0.101666196553
0.000000000000	0.000000000000	0.000000000000	1.000000000000
62	64	66
0.939594048561	0.148697883097	-0.308304984507	-0.400871357647
-0.140674229074	0.988880767866	0.048224352966	-0.119776250404
0.312047729016	-0.001940749027	0.950064444293	0.398287331693
0.000000000000	0.000000000000	0.000000000000	1.000000000000
63	64	66
0.997069459919	-0.032513234452	-0.069248694441	-0.364415273073
0.032970742759	0.999441328001	0.005473756015	-0.178098808278
0.069032037621	-0.007740895844	0.997584410621	0.449729042862
0.000000000000	0.000000000000	0.000000000000	1.000000000000
63	65	66
0.997270190678	-0.066047587122	0.033013376371	-0.884833690912
0.068065086868	0.995608690116	-0.064268811371	-0.397822490217
-0.028623604487	0.066340428102	0.997386402988	1.023731200634
0.000000000000	0.000000000000	0.000000000000	1.000000000000
64	65	66
0.992600855433	-0.090662593416	0.080770266496	-0.456066486458
0.095811962029	0.993445850015	-0.062333065227	-0.225776191600
-0.074589608706	0.069610611572	0.994781761508	0.593231118864
0.000000000000	0.000000000000	0.000000000000	1.000000000000
