0	1	66
0.978020711498	-0.059875687913	0.199725786713	-0.498113767651
0.060258455338	0.998174108587	0.004167434053	0.010899283021
-0.199610637095	0.007959330581	0.979842968345	0.114183081213
0.000000000000	0.000000000000	0.000000000000	1.000000000000
0	2	66
0.842942918851	-0.033219862493	0.536976420613	-0.709487644977
0.089227600759	0.992901622089	-0.078643525582	0.016386131255
-0.530552231944	0.114205120678	0.839923520084	0.136579347424
0.000000000000	0.000000000000	0.000000000000	1.000000000000
0	5	66
0.392299675299	-0.008061773245	0.919802137730	-0.932897776602
0.239859631366	0.966262321277	-0.093832210464	0.005148595126
-0.888013694715	0.257433747383	0.380998088850	0.064027803842
0.000000000000	0.000000000000	0.000000000000	1.000000000000
0	6	66
0.717857786251	-0.136588903845	0.682659263517	-0.783452872464
0.233984716177	0.970859574769	-0.051796126056	0.092969283224
-0.655691506209	0.196914086406	0.728898821003	0.190641933012
0.000000000000	0.000000000000	0.000000000000	1.000000000000
0	7	66
0.680288537630	-0.010937988593	0.732862787959	-0.772305890238
0.045710597768	0.998575370107	-0.027527649151	-0.087669182968
-0.731517632611	0.052226340305	0.679819360241	0.483038178009
0.000000000000	0.000000000000	0.000000000000	1.000000000000
0	34	66
0.620363834886	0.395786635771	-0.677127500040	0.761108181979
-0.252810685042	0.918164865375	0.305057433149	-0.226222635465
0.742452335099	-0.018061531943	0.669655367461	0.567114844963
0.000000000000	0.000000000000	0.000000000000	1.000000000000
0	35	66
0.873013115106	0.267945291808	-0.407496529373	1.024720783915
-0.198301280100	0.958389795662	0.205342645063	-0.214582428803
0.445561110471	-0.098459738820	0.889820755359	0.573705832918
0.000000000000	0.000000000000	0.000000000000	1.000000000000
0	36	66
0.981825121182	0.097812711846	-0.162641030549	1.041329146654
-0.073674609061	0.986188269361	0.148339978950	-0.208790319189
0.174904212061	-0.133661403465	0.975470730380	0.466298415976
0.000000000000	0.000000000000	0.000000000000	1.000000000000
0	37	66
0.991998840394	0.117244243471	-0.046819739755	1.048389043546
-0.108916647264	0.982326731349	0.152221407255	-0.156612639614
0.063839365650	-0.145904010400	0.987236828295	0.403905253746
0.000000000000	0.000000000000	0.000000000000	1.000000000000
0	38	66
0.986077081336	-0.012425992698	0.165823955959	0.799697266562
-0.011824158038	0.989440534818	0.144456281783	-0.154177347097
-0.165867956372	-0.144405757383	0.975517707827	0.383130203138
0.000000000000	0.000000000000	0.000000000000	1.000000000000
0	45	66
0.849519183213	-0.147099474005	0.506634880462	0.470735006482
0.285406150682	0.935817571158	-0.206854544704	-0.166089885584
-0.443689628576	0.320323614895	0.836978073330	0.005896890751
0.000000000000	0.000000000000	0.000000000000	1.000000000000
0	46	66
0.836193374964	-0.111336162790	0.537014802889	0.153132853523
0.165894787103	0.984654277541	-0.054174471215	-0.071480515399
-0.522742345021	0.134388290319	0.841831472533	0.248518295470
0.000000000000	0.000000000000	0.000000000000	1.000000000000
0	47	66
0.718554427861	-0.370969782982	0.588269457235	-0.296560070917
0.248049197916	0.926931365091	0.281549000751	-0.016049330412
-0.649731582743	-0.056388514124	0.758069393829	0.392012701616
0.000000000000	0.000000000000	0.000000000000	1.000000000000
0	48	66
0.662253653866	-0.447956277766	0.600629062859	-0.684063980244
0.210468823834	0.880548755878	0.424660761921	0.040073836794
-0.719112628268	-0.154819448815	0.677427461898	0.320157873471
0.000000000000	0.000000000000	0.000000000000	1.000000000000
0	49	66
0.677834236930	-0.377549611934	0.630870064097	-0.749690141273
0.213042892460	0.922125362799	0.322951298580	-0.141267858917
-0.703671424187	-0.084505063817	0.705482403020	0.632397902662
0.000000000000	0.000000000000	0.000000000000	1.000000000000
1	2	66
0.940212985704	0.009599324255	0.340451750602	-0.173039607260
0.026615014620	0.994475193570	-0.101541766627	0.011886514857
-0.339545552925	0.104532015894	0.934763004800	-0.032684144605
0.000000000000	0.000000000000	0.000000000000	1.000000000000
1	3	66
0.681963162524	-0.180002806844	0.708890142750	-0.247274635788
0.233131318629	0.972183011065	0.022582764884	-0.016355841123
-0.693235914559	0.149863879984	0.704957292495	-0.017194329135
0.000000000000	0.000000000000	0.000000000000	1.000000000000
1	5	66
0.615437560413	-0.032091306597	0.787532067457	-0.258569832402
0.245684827506	0.957200349295	-0.152991688803	0.084601417771
-0.748916266859	0.287641511870	0.596981394923	-0.210579966488
0.000000000000	0.000000000000	0.000000000000	1.000000000000
1	6	66
0.841380926959	-0.100317928053	0.531050326298	-0.330038507217
0.170725807618	0.981640507421	-0.085056527104	0.081654917251
-0.512767817207	0.162228935462	0.843060459359	0.032507954163
0.000000000000	0.000000000000	0.000000000000	1.000000000000
1	7	66
0.813406482460	0.056872728733	0.578908789895	-0.343124690425
-0.010835185711	0.996517660492	-0.082674972503	-0.041986329872
-0.581594784229	0.060975774322	0.811190151508	0.304748303239
0.000000000000	0.000000000000	0.000000000000	1.000000000000
1	34	66
0.438267445827	0.460696486301	-0.771803338577	1.125678129936
-0.299949287034	0.884401421284	0.357581530897	-0.317479121869
0.847320524439	0.074785516915	0.525789934597	0.693908030885
0.000000000000	0.000000000000	0.000000000000	1.000000000000
1	35	66
0.764762202642	0.326946729635	-0.555197811047	1.391368408641
-0.225324529342	0.942992380477	0.244937189580	-0.339795965945
0.603628718574	-0.062219019147	0.794834047943	0.745041506004
0.000000000000	0.000000000000	0.000000000000	1.000000000000
1	36	66
0.941026969565	0.161417607215	-0.297342561084	1.335239192483
-0.128011571083	0.983384373004	0.128717569118	-0.237307505550
0.313179310013	-0.083063415603	0.946054537946	0.573429335797
0.000000000000	0.000000000000	0.000000000000	1.000000000000
1	37	66
0.957225406677	0.197624517726	-0.211338758411	1.393418801379
-0.165853640493	0.973264389935	0.158899330457	-0.256322890930
0.237090891323	-0.117051173758	0.964410147175	0.561901341810
0.000000000000	0.000000000000	0.000000000000	1.000000000000
1	38	66
0.992107830219	0.109131349290	-0.061744650131	1.288299795672
-0.101478614957	0.988071644728	0.115829683551	-0.211878481068
0.073648787662	-0.108649774447	0.991348113726	0.545185903886
0.000000000000	0.000000000000	0.000000000000	1.000000000000
1	45	66
0.936944924954	-0.095221528628	0.336254469246	0.861398645912
0.205403216641	0.928480221935	-0.309409107929	-0.088003977697
-0.282743216004	0.358967043002	0.889493640136	0.074467559683
0.000000000000	0.000000000000	0.000000000000	1.000000000000
1	46	66
0.910960405036	-0.088538673481	0.402879688934	0.485365474915
0.116762018629	0.992094712553	-0.045986001467	-0.186656640254
-0.395623269617	0.088932472267	0.914096955423	0.258676333949
0.000000000000	0.000000000000	0.000000000000	1.000000000000
1	47	66
0.847607873636	-0.295164517979	0.440952151460	0.134873890457
0.191596211237	0.945189546580	0.264400478205	-0.080163887711
-0.494825003804	-0.139623165563	0.857702505096	0.316898058671
0.000000000000	0.000000000000	0.000000000000	1.000000000000
1	48	66
0.799452857095	-0.347259826088	0.490189496489	-0.228389876743
0.140434141548	0.901415840833	0.409545765187	-0.015887228264
-0.584083368339	-0.258573190955	0.769406604955	0.177895772490
0.000000000000	0.000000000000	0.000000000000	1.000000000000
1	49	66
0.824510562510	-0.295972450573	0.482268224965	-0.306740782904
0.186361251117	0.946782292211	0.262436230803	-0.086041100361
-0.534276909843	-0.126505334504	0.835789796510	0.445001008669
0.000000000000	0.000000000000	0.000000000000	1.000000000000
2	3	66
0.868367602500	-0.211019490922	0.448785562802	-0.125923640510
0.190172166432	0.977464805663	0.091635696125	0.025250634452
-0.458009010876	0.005773052994	0.888928803570	-0.004476005586
0.000000000000	0.000000000000	0.000000000000	1.000000000000
2	5	66
0.829760765950	-0.105538213012	0.548049958384	-0.064709003630
0.169480033656	0.983236153341	-0.067254627763	0.018300542321
-0.531764599689	0.148688776838	0.833737403599	-0.195459749435
0.000000000000	0.000000000000	0.000000000000	1.000000000000
2	6	66
0.966297687911	-0.141533153090	0.215028242130	-0.182393613138
0.143779880251	0.989595828033	0.005238623355	0.095146878144
-0.213532490203	0.025854665268	0.976593780398	-0.011201625195
0.000000000000	0.000000000000	0.000000000000	1.000000000000
2	7	66
0.965031828688	0.038827853728	0.259241137542	-0.249275768170
-0.046221651069	0.998678135652	0.022484224296	-0.052578347983
-0.258025441753	-0.033680545491	0.965550875026	0.270430906746
0.000000000000	0.000000000000	0.000000000000	1.000000000000
2	8	66
0.984343666088	-0.087276456969	0.153135126904	-0.545841618292
0.083362148781	0.996011458929	0.031810781699	-0.119928991636
-0.155300673481	-0.018547068246	0.987693123939	0.755692459249
0.000000000000	0.000000000000	0.000000000000	1.000000000000
2	35	66
0.512471373213	0.377092050538	-0.771475649037	1.120949769193
-0.199118643616	0.926115291209	0.320409477316	-0.239626060015
0.835299262182	-0.010585500012	0.549693632661	1.225020733259
0.000000000000	0.000000000000	0.000000000000	1.000000000000
2	36	66
0.774099361565	0.202812809750	-0.599697542622	1.198780394566
-0.064556721895	0.967644628438	0.243918639536	-0.187713673342
0.629763930440	-0.150102755659	0.762146019251	1.110757117520
0.000000000000	0.000000000000	0.000000000000	1.000000000000
2	37	66
0.808864947039	0.258741946866	-0.528005778741	1.269718459885
-0.148034665705	0.958663549774	0.243001926093	-0.158484008282
0.569054685598	-0.118392581134	0.813732119024	1.115217284591
0.000000000000	0.000000000000	0.000000000000	1.000000000000
2	38	66
0.914362469061	0.157103877980	-0.373175088525	1.134223605681
-0.065524125071	0.966920732603	0.246517516408	-0.198297967786
0.399559587804	-0.200954393796	0.894410122599	1.049160775499
0.000000000000	0.000000000000	0.000000000000	1.000000000000
2	45	66
0.980872697913	-0.189583079699	0.044124895240	0.852731247928
0.194015909984	0.970511658377	-0.143055750068	-0.216909539502
-0.015702775588	0.148880411224	0.988730522434	0.450021053293
0.000000000000	0.000000000000	0.000000000000	1.000000000000
2	46	66
0.994920739875	-0.093738714405	0.036684803225	0.586106604068
0.094074026505	0.995536805559	-0.007519728419	-0.021392038145
-0.035816182140	0.010932620913	0.999298593463	0.505835136252
0.000000000000	0.000000000000	0.000000000000	1.000000000000
2	47	66
0.965889204333	-0.211534166534	0.149369814027	0.125740144806
0.150993904981	0.928672690346	0.338774076435	-0.009593574347
-0.210377958951	-0.304664291630	0.928935295806	0.422794005065
0.000000000000	0.000000000000	0.000000000000	1.000000000000
2	48	66
0.947224392126	-0.237976745802	0.214785985154	-0.165752719477
0.114510134104	0.876984715465	0.466674659725	0.075308684637
-0.299421742946	-0.417450448915	0.857952063085	0.165659662184
0.000000000000	0.000000000000	0.000000000000	1.000000000000
2	49	66
0.963637372673	-0.207358166876	0.168539623286	-0.299403973571
0.135306906450	0.922542010147	0.361397676503	-0.054205415871
-0.230423642569	-0.325451732434	0.917052950925	0.401167935257
0.000000000000	0.000000000000	0.000000000000	1.000000000000
3	4	66
0.947752474901	-0.003572084544	0.318986655725	0.050277798132
0.055122779004	0.986729830303	-0.152727604663	0.326660884485
-0.314208092756	0.162331396233	0.935372541955	-0.074820957116
0.000000000000	0.000000000000	0.000000000000	1.000000000000
3	5	66
0.996763981981	0.041569913480	0.068800483414	0.158134682367
-0.027161606780	0.979733753948	-0.198454071494	0.012279003384
-0.075655874470	0.195943138866	0.977692423510	-0.131437381704
0.000000000000	0.000000000000	0.000000000000	1.000000000000
3	6	66
0.961215535372	0.034978953046	-0.273571137737	0.023941074488
-0.046078675211	0.998350426668	-0.034251733723	0.076398856805
0.271921772298	0.045529094171	0.961241723675	-0.014658054841
0.000000000000	0.000000000000	0.000000000000	1.000000000000
3	7	66
0.939653949706	0.231288548938	-0.252103276323	-0.154486969391
-0.249446408081	0.967470461768	-0.042159163915	-0.013232730193
0.234151541311	0.102501281633	0.966781538387	0.195000891087
0.000000000000	0.000000000000	0.000000000000	1.000000000000
3	38	66
0.601331899016	0.412229314878	-0.684446447271	0.588888194010
-0.241364858946	0.910329399843	0.336219256806	-0.492221277575
0.761671157451	-0.036978043979	0.646907777176	1.495063740577
0.000000000000	0.000000000000	0.000000000000	1.000000000000
3	39	66
0.906908868538	0.177999278536	-0.381880296700	0.477276733687
-0.122446844805	0.978604674693	0.165347092099	-0.428358424711
0.403141506626	-0.103194706787	0.909300708306	1.560436708013
0.000000000000	0.000000000000	0.000000000000	1.000000000000
3	43	66
0.876709701489	-0.125644640157	0.464320496764	0.895214037227
0.130478086397	0.991210231037	0.021857421100	-0.366647475206
-0.462985494682	0.041421036765	0.885397497979	0.787403967171
0.000000000000	0.000000000000	0.000000000000	1.000000000000
3	45	66
0.869929723535	-0.140067360044	-0.472867223182	0.744122785054
0.044413790992	0.977175249979	-0.207740092420	-0.261003153183
0.491171753341	0.159717455149	0.856294717513	0.883887150261
0.000000000000	0.000000000000	0.000000000000	1.000000000000
3	46	66
0.912994205689	0.094621805241	-0.396847948654	0.325098110285
-0.097191239108	0.995171668705	0.013682574615	-0.244491034584
0.396226505195	0.026078032525	0.917782377691	0.727514580639
0.000000000000	0.000000000000	0.000000000000	1.000000000000
3	47	66
0.956882762022	0.133726012282	-0.257861849414	0.076942765082
-0.053822231889	0.953978980143	0.295003852179	-0.062541904623
0.285444472882	-0.268405400626	0.920043473873	0.514148934233
0.000000000000	0.000000000000	0.000000000000	1.000000000000
3	48	66
0.980434304050	0.130280115254	-0.147565805699	-0.051774446461
-0.058294572858	0.908185144714	0.414489427726	0.072848788792
0.188016803020	-0.397777367997	0.898010493977	0.155728168425
0.000000000000	0.000000000000	0.000000000000	1.000000000000
4	5	66
0.966378741292	0.080695723418	-0.244131785315	0.122514319074
-0.090406033765	0.995488021527	-0.028815760534	-0.349041784987
0.240704959313	0.049917924821	0.969313841511	0.067610593318
0.000000000000	0.000000000000	0.000000000000	1.000000000000
4	39	66
-0.572178469957	-0.093844092126	0.814742342640	-1.982268435796
0.545438231861	0.698338326545	0.463487558520	-0.865793167144
-0.612461373266	0.709589224870	-0.348387999515	3.976344426092
0.000000000000	0.000000000000	0.000000000000	1.000000000000
4	40	66
0.991350809144	0.031695953397	-0.127353601233	0.009079225201
-0.004714159536	0.978371377698	0.206802379101	-0.320112760785
0.131153916863	-0.204413340661	0.970058676705	1.440199397110
0.000000000000	0.000000000000	0.000000000000	1.000000000000
4	41	66
0.939029713460	-0.151059860153	0.308875567000	0.079678159779
0.088767343370	0.974376526631	0.206665776321	-0.297747554653
-0.332180005404	-0.166647241206	0.928377693080	1.271367209665
0.000000000000	0.000000000000	0.000000000000	1.000000000000
4	42	66
0.937652234502	-0.093339189708	0.334807530977	-0.073550220364
0.159327619859	0.971526098740	-0.175361766119	-0.312685180128
-0.308906129244	0.217772438869	0.925825128296	1.207198889406
0.000000000000	0.000000000000	0.000000000000	1.000000000000
4	43	66
0.986209298431	-0.095953454747	0.134848634438	-0.023916122042
0.097058526734	0.995277341975	-0.001629398504	-0.142029015341
-0.134055444037	0.014695137746	0.990864870126	1.160314865787
0.000000000000	0.000000000000	0.000000000000	1.000000000000
4	45	66
0.586524153441	0.068912232487	-0.806994746974	1.571345186494
-0.199914161854	0.977862862397	-0.061794419127	-0.321602879157
0.784871801838	0.197573597828	0.587316718748	1.217904958150
0.000000000000	0.000000000000	0.000000000000	1.000000000000
4	46	66
0.706354863759	0.115497822308	-0.698371720136	1.117988776772
-0.093910653375	0.993168059821	0.069267554699	-0.165966244321
0.701600738046	0.016657070374	0.712375565541	0.971217242908
0.000000000000	0.000000000000	0.000000000000	1.000000000000
4	47	66
0.857072723829	0.191661051013	-0.478217928976	0.086975512998
0.000893006823	0.927672177519	0.373394608419	-0.088217478727
0.515194670594	-0.320453385974	0.794911365380	0.575713544280
0.000000000000	0.000000000000	0.000000000000	1.000000000000
4	48	66
-0.286127775563	0.149903345362	-0.946393091215	2.902948761544
0.228651766296	0.969835200137	0.084487006957	1.116638649903
0.930510218010	-0.192220372552	-0.311772453169	3.346666367853
0.000000000000	0.000000000000	0.000000000000	1.000000000000
5	6	66
0.937446446601	-0.005260780293	-0.348089764207	-0.136878931854
0.052082825754	0.990751930772	0.125291623551	0.135566089258
0.344211474266	-0.135583685823	0.929050873269	0.095830140689
0.000000000000	0.000000000000	0.000000000000	1.000000000000
5	7	66
0.924249044453	0.210890339116	-0.318259279039	-0.337981515370
-0.171242467533	0.974029968803	0.148127098083	0.005620428285
0.341232649581	-0.082406824603	0.936359649984	0.307586316715
0.000000000000	0.000000000000	0.000000000000	1.000000000000
5	38	66
0.523578653593	0.351909246793	-0.775902877636	0.387976808669
-0.060646382911	0.923792474182	0.378060155114	-0.063852113541
0.849816103485	-0.150888523973	0.505020042762	1.737758098830
0.000000000000	0.000000000000	0.000000000000	1.000000000000
5	39	66
0.887667609766	0.018904046327	-0.460096567694	0.272979394425
-0.020560542763	0.999787614311	0.001410798459	0.451597589091
0.460025519567	0.008207515059	0.887867759322	1.525727392168
0.000000000000	0.000000000000	0.000000000000	1.000000000000
5	43	66
0.921173353055	-0.187114799982	0.341215042530	0.337405374240
0.130881126805	0.974704140795	0.181168343159	-0.029781323566
-0.366482993149	-0.122228840886	0.922361277477	1.089987631028
0.000000000000	0.000000000000	0.000000000000	1.000000000000
5	45	66
0.858623391454	-0.126196785207	-0.496830195390	0.409263007149
0.122600943087	0.991649499375	-0.040003489137	-0.114123097614
0.497729726260	-0.026563918996	0.866925301168	1.004563324883
0.000000000000	0.000000000000	0.000000000000	1.000000000000
5	46	66
0.858179661490	0.068318713094	-0.508783079559	0.191401981225
0.008912965346	0.988972375905	0.147831656776	-0.012882798405
0.513272079557	-0.131400887126	0.848107056455	0.945451986664
0.000000000000	0.000000000000	0.000000000000	1.000000000000
5	47	66
0.930711431039	0.109836503193	-0.348872719914	-0.098735981933
0.057839370535	0.897643930300	0.436909580590	0.105910272746
0.361152100022	-0.426815319502	0.829094592726	0.627393405795
0.000000000000	0.000000000000	0.000000000000	1.000000000000
5	48	66
0.956403089078	0.166006036209	-0.240281349971	-0.178101250567
0.002720558446	0.817640924405	0.575722083387	0.106439549952
0.292037206128	-0.551276078458	0.781542676734	0.275068927779
0.000000000000	0.000000000000	0.000000000000	1.000000000000
5	49	66
0.931294093042	0.101403274017	-0.349869530374	-0.391721003888
0.073175219148	0.888814683730	0.452386831472	0.086886308894
0.356842681820	-0.446906963478	0.820327657968	0.401466137401
0.000000000000	0.000000000000	0.000000000000	1.000000000000
6	7	66
0.977735916062	0.204528947560	0.046908294072	-0.155024795290
-0.205314397962	0.978615791677	0.012535161339	-0.138429700691
-0.043341393984	-0.021887025611	0.998820545282	0.250085143181
0.000000000000	0.000000000000	0.000000000000	1.000000000000
6	35	66
0.267854542182	0.473136923086	-0.839282667666	0.996887993738
-0.213052275843	0.878635630953	0.427326755279	-0.462334500714
0.939607722398	0.064349670025	0.336149442923	1.550389778017
0.000000000000	0.000000000000	0.000000000000	1.000000000000
6	36	66
0.581541211562	0.390127650013	-0.713869901278	1.048312881825
-0.191271688188	0.918481524358	0.346131233365	-0.465398901471
0.790711679788	-0.064746475647	0.608755232699	1.401331256214
0.000000000000	0.000000000000	0.000000000000	1.000000000000
6	37	66
0.618897340116	0.426520616189	-0.659580356259	1.142078908986
-0.240225055932	0.902270732109	0.358049505631	-0.469148596323
0.747835546695	-0.063148158691	0.660873895047	1.462066299542
0.000000000000	0.000000000000	0.000000000000	1.000000000000
6	38	66
0.789229326508	0.323541259045	-0.521956055502	1.010335514561
-0.199694374474	0.938975014316	0.280085842724	-0.373538495856
0.580723020882	-0.116820273012	0.805675987498	1.279663116001
0.000000000000	0.000000000000	0.000000000000	1.000000000000
6	39	66
-0.938189898055	0.110776283052	-0.327915126673	0.117141158673
0.109823022314	-0.803170570165	-0.585539015772	1.774432261224
-0.328235615005	-0.585359419788	0.741360729138	0.313979961641
0.000000000000	0.000000000000	0.000000000000	1.000000000000
6	44	66
0.973286374690	-0.044925998372	0.225156140298	0.497658178102
0.040312939391	0.998873138851	0.025046345035	-0.279850496531
-0.226027652647	-0.015300560521	0.974000715137	0.576430474439
0.000000000000	0.000000000000	0.000000000000	1.000000000000
6	45	66
0.972381678983	-0.062258811207	-0.224939349172	0.896314552245
0.026714917747	0.987120714458	-0.157730809475	-0.382320711316
0.231862423753	0.147365313134	0.961521336704	0.685015391485
0.000000000000	0.000000000000	0.000000000000	1.000000000000
6	46	66
0.985152922692	0.055043604851	-0.162615867847	0.571248385471
-0.052528125353	0.998424491836	0.019731450749	-0.227761984209
0.163445755397	-0.010896589684	0.986492143596	0.656814397273
0.000000000000	0.000000000000	0.000000000000	1.000000000000
6	47	66
0.999660420254	0.004803216773	0.025611975427	0.123583208209
-0.013249997900	0.940016476475	0.340871620278	-0.152861160357
-0.022438398613	-0.341095225800	0.939760908531	0.471063174096
0.000000000000	0.000000000000	0.000000000000	1.000000000000
6	48	66
0.998698005722	-0.011109749692	0.049788219778	0.070239583747
-0.012313505876	0.894636530867	0.446624960354	0.007330896503
-0.049504251736	-0.446656524748	0.893334919255	0.195875226586
0.000000000000	0.000000000000	0.000000000000	1.000000000000
6	49	66
0.999952688108	-0.006312727646	0.007400744225	-0.199177072401
0.003517783364	0.944003824454	0.329915753818	-0.056455514938
-0.009068999152	-0.329874110664	0.943981368655	0.361513316756
0.000000000000	0.000000000000	0.000000000000	1.000000000000
7	37	66
0.642793795012	0.205666962114	-0.737914112746	1.262818054406
-0.126829112912	0.978563434238	0.162258994483	-0.014840729364
0.755467082812	-0.010710082514	0.655099061914	1.209468588242
0.000000000000	0.000000000000	0.000000000000	1.000000000000
7	38	66
0.776190726433	0.149381856750	-0.612546338715	1.158594288282
-0.051834167894	0.983357529494	0.174129802811	-0.056467339194
0.628363887599	-0.103407108374	0.771016079404	1.102187907695
0.000000000000	0.000000000000	0.000000000000	1.000000000000
7	39	66
0.988114156636	-0.098192294821	-0.118273778555	0.879260367353
0.117679656959	0.978213446004	0.171026174592	-0.149645915421
0.098903547934	-0.182911801958	0.978141789778	1.086851292694
0.000000000000	0.000000000000	0.000000000000	1.000000000000
7	44	66
0.957883081397	-0.271767378694	0.092749632087	0.850325450024
0.267177299921	0.961839666141	0.058997856272	0.002121894233
-0.105243967909	-0.031732452092	0.993940017659	0.408634630925
0.000000000000	0.000000000000	0.000000000000	1.000000000000
7	45	66
0.935713492709	-0.272434952360	-0.224096979663	1.046806561681
0.226990681549	0.951278293726	-0.208674000239	-0.049923762207
0.270028683757	0.144391151454	0.951964130275	0.458201085477
0.000000000000	0.000000000000	0.000000000000	1.000000000000
7	46	66
0.968139401921	-0.128349282399	-0.215017581041	0.715192213803
0.139574842298	0.989489790845	0.037799698564	-0.115768391660
0.207906137106	-0.066606422526	0.975878385165	0.465871622957
0.000000000000	0.000000000000	0.000000000000	1.000000000000
7	47	66
0.974235637599	-0.192823035408	-0.116979483024	0.326135758505
0.220428964645	0.923809207890	0.313029741338	0.055552759959
0.047707378654	-0.330750395968	0.942511634724	0.253747148106
0.000000000000	0.000000000000	0.000000000000	1.000000000000
7	48	66
0.982813623561	-0.173479718888	-0.063104425181	0.152906136589
0.182668807208	0.864615882998	0.468050725608	0.084714951901
-0.026636220005	-0.471533839722	0.881445602281	-0.057122935255
0.000000000000	0.000000000000	0.000000000000	1.000000000000
7	49	66
0.980642380550	-0.175110044133	-0.087618456463	-0.079007220567
0.194428563791	0.923819885569	0.329779248300	-0.005494352192
0.023196013700	-0.340431037761	0.939983326170	0.117088878893
0.000000000000	0.000000000000	0.000000000000	1.000000000000
8	37	66
0.698120911106	0.344409744952	-0.627701458544	1.721381533548
-0.223628832026	0.937731230154	0.265801214218	-0.189437700568
0.680159789287	-0.045189241808	0.731669729770	0.646739281590
0.000000000000	0.000000000000	0.000000000000	1.000000000000
8	38	66
0.835080893880	0.237806520635	-0.496072534435	1.609889587274
-0.149652892921	0.965934894134	0.211125062309	-0.119232748498
0.529380687519	-0.102067815877	0.842222208591	0.513846784826
0.000000000000	0.000000000000	0.000000000000	1.000000000000
8	39	66
0.996927346555	0.037144000849	-0.068965128088	1.474106926536
-0.024770572309	0.984733553223	0.172296975898	-0.230552305705
0.074312074650	-0.170059261309	0.982627886437	0.587810045973
0.000000000000	0.000000000000	0.000000000000	1.000000000000
8	44	66
0.982036702982	-0.137138257061	0.129603288719	1.414431705429
0.138113345164	0.990415327825	0.001477259590	-0.012309937092
-0.128563672489	0.016449220612	0.991564826553	-0.132169947836
0.000000000000	0.000000000000	0.000000000000	1.000000000000
8	45	66
0.983381573028	-0.100651454955	-0.151095884937	1.423026094022
0.071875352413	0.980089367836	-0.185091233641	-0.196350896416
0.166717172316	0.171155238513	0.971036183046	-0.088342195104
0.000000000000	0.000000000000	0.000000000000	1.000000000000
8	46	66
0.994599042580	-0.007086044579	-0.103549661864	1.102982138018
0.006222865243	0.999943168160	-0.008656581176	-0.032674452029
0.103605117866	0.007965451758	0.994586613187	-0.065880790072
0.000000000000	0.000000000000	0.000000000000	1.000000000000
8	47	66
0.994703493091	-0.101348722143	0.017128845641	0.748787595296
0.091360638215	0.948131441181	0.304466753571	0.077698040747
-0.047097713513	-0.301289241037	0.952368940389	-0.201776866689
0.000000000000	0.000000000000	0.000000000000	1.000000000000
8	48	66
0.989390831548	-0.112591708613	0.091808984307	0.524366405107
0.066097409198	0.911622574963	0.405678953502	0.261259357358
-0.129371229202	-0.395306701143	0.909393037738	-0.507232678769
0.000000000000	0.000000000000	0.000000000000	1.000000000000
8	49	66
0.991800327003	-0.112053197473	0.061450730620	0.259625350213
0.091089405739	0.957098484409	0.275073101745	0.182811985447
-0.089637221732	-0.267220081726	0.959457448980	-0.326039891594
0.000000000000	0.000000000000	0.000000000000	1.000000000000
8	50	66
0.997046798216	0.001179371400	0.076787311783	0.022020612891
0.002264805144	0.998995608088	-0.044750929369	-0.045522726089
-0.076762965194	0.044792679143	0.996042701429	0.046821286255
0.000000000000	0.000000000000	0.000000000000	1.000000000000
8	51	66
0.999127734116	0.027744336933	-0.031209336559	-0.268541306193
-0.028850578339	0.998950572811	-0.035572422055	-0.086525136134
0.030189651370	0.036441800854	0.998879662472	0.248491421583
0.000000000000	0.000000000000	0.000000000000	1.000000000000
9	10	66
0.998792622093	-0.047860104494	0.011077384656	-0.446402600519
0.043995569742	0.971781495382	0.231743640855	-0.109230964187
-0.021856072293	-0.230976482853	0.972713820439	0.560594998828
0.000000000000	0.000000000000	0.000000000000	1.000000000000
9	51	66
0.998216585951	-0.014324731744	-0.057952131915	0.284844114218
0.023198285386	0.987566923743	0.155478007073	0.015172198387
0.055004427897	-0.156545115506	0.986137992232	-0.075958681017
0.000000000000	0.000000000000	0.000000000000	1.000000000000
9	52	66
0.987906268479	-0.126755293998	0.089298936971	-0.280068538061
0.112260846727	0.981991437347	0.151954990935	0.020420579758
-0.106951891020	-0.140092513796	0.984345153178	0.224358899043
0.000000000000	0.000000000000	0.000000000000	1.000000000000
9	53	66
0.982044505619	-0.098084524122	0.161145943514	-0.560868658641
0.073914548140	0.985967400577	0.149682746412	-0.068896848002
-0.173566207991	-0.135084089101	0.975513741736	0.581191803999
0.000000000000	0.000000000000	0.000000000000	1.000000000000
10	11	66
0.982454101140	-0.015468732532	-0.185861931196	0.158013859384
-0.001400124746	0.995914716192	-0.090287971082	-0.069771316626
0.186499272933	0.088964017362	0.978418839153	0.396965518306
0.000000000000	0.000000000000	0.000000000000	1.000000000000
10	51	66
0.997744437396	0.008437534400	-0.066594636865	0.764471213391
-0.016192404329	0.993025314503	-0.116784120490	0.376856551248
0.065144790183	0.117599033882	0.990922107707	-0.579956980189
0.000000000000	0.000000000000	0.000000000000	1.000000000000
10	52	66
0.993951347298	-0.069344940376	0.085158666312	0.167361987275
0.075599645659	0.994494642993	-0.072560999406	0.157559186173
-0.079658099274	0.078560068119	0.993721743204	-0.279932529920
0.000000000000	0.000000000000	0.000000000000	1.000000000000
10	53	66
0.985323717970	-0.054105552761	0.161894286392	-0.154433219461
0.068183879114	0.994238885959	-0.082704269997	0.029978217331
-0.156486834702	0.092529059258	0.983336282132	0.040101767287
0.000000000000	0.000000000000	0.000000000000	1.000000000000
10	54	66
0.998950693204	0.003538518168	-0.045661706445	-0.103868878655
-0.013766969865	0.974100566803	-0.225695716165	-0.157594419584
0.043680465738	0.226087515453	0.973127151131	0.346012250895
0.000000000000	0.000000000000	0.000000000000	1.000000000000
11	12	66
0.947499797710	0.080993071961	-0.309328717766	0.051909861180
-0.148196091623	0.968448465481	-0.200363390205	-0.160559482336
0.283340875569	0.235685578687	0.929607581849	0.158343841636
0.000000000000	0.000000000000	0.000000000000	1.000000000000
11	52	66
0.965761070355	-0.050631619366	0.254444481383	-0.079867883118
0.045420203815	0.998621205078	0.026319077772	0.150149370198
-0.255426232152	-0.013861020516	0.966729182366	-0.707304467885
0.000000000000	0.000000000000	0.000000000000	1.000000000000
11	53	66
0.941249803690	-0.011353714739	0.337520221936	-0.350774873150
0.005763160095	0.999829183554	0.017561027887	0.021895493487
-0.337661950832	-0.014584130976	0.941154456019	-0.310707577385
0.000000000000	0.000000000000	0.000000000000	1.000000000000
11	54	66
0.988375887633	0.047832138434	0.144309359639	-0.294980315450
-0.026951828315	0.989309509108	-0.143318854793	-0.052958180635
-0.149621869046	0.137763499236	0.979098827791	-0.001957300097
0.000000000000	0.000000000000	0.000000000000	1.000000000000
11	55	66
0.993524868720	0.048823383686	-0.102589533777	-0.188047521159
-0.055424579222	0.996504122479	-0.062511198200	-0.100257197269
0.099178885117	0.067792411727	0.992757642962	-0.019507649533
0.000000000000	0.000000000000	0.000000000000	1.000000000000
12	52	66
0.805507036346	-0.201182050423	0.557390524664	-0.531004221911
0.067025480977	0.965501729953	0.251622722259	0.133336454245
-0.588783491019	-0.165324505277	0.791202760775	-0.781650175940
0.000000000000	0.000000000000	0.000000000000	1.000000000000
12	54	66
0.906779109782	-0.064049635935	0.416712479054	-0.337479741546
0.014696365840	0.992594309989	0.120584213764	-0.015730587769
-0.421349810601	-0.103219086969	0.901005081668	-0.076903903454
0.000000000000	0.000000000000	0.000000000000	1.000000000000
12	55	66
0.977204073092	-0.058570705075	0.204062911962	-0.319483797616
0.024885482589	0.986166007489	0.163882025948	-0.006419675908
-0.210838592976	-0.155067979220	0.965142999525	-0.092073021393
0.000000000000	0.000000000000	0.000000000000	1.000000000000
12	56	66
0.954744887472	0.074611813853	-0.287915399171	-0.207886189655
0.057328092751	0.903707651359	0.424294674321	0.050265905942
0.291848744434	-0.421598811798	0.858532906919	-0.048952407813
0.000000000000	0.000000000000	0.000000000000	1.000000000000
13	14	66
0.963592853430	0.046211473962	-0.263350170863	0.199558584994
-0.071912247225	0.993450200296	-0.088799370663	-0.086679030680
0.257521730186	0.104504541554	0.960604684184	0.113029489459
0.000000000000	0.000000000000	0.000000000000	1.000000000000
13	15	66
0.771573510160	0.223386472400	-0.595628073858	0.456277161341
-0.117974697342	0.970321301615	0.211088944331	-0.067760363969
0.625105022542	-0.092601595991	0.775028164142	0.294370230497
0.000000000000	0.000000000000	0.000000000000	1.000000000000
13	54	66
-0.634316918358	0.010568862818	-0.773000870778	1.765712255720
0.254997562927	-0.941084986829	-0.222115489026	1.550387797927
-0.729807022429	-0.338004950708	0.594251094497	0.339776994741
0.000000000000	0.000000000000	0.000000000000	1.000000000000
13	55	66
0.739506065326	-0.078725217618	0.668530567332	-0.583751166665
0.128768537343	0.991341591486	-0.025700443187	-0.006165437410
-0.660718883594	0.105091336943	0.743240450838	0.024703740173
0.000000000000	0.000000000000	0.000000000000	1.000000000000
13	56	66
0.967622061421	-0.111812032677	0.226286578478	-0.515232958139
0.066077539104	0.977476322071	0.200434025595	0.085940266136
-0.243600708284	-0.178991924787	0.953215917715	0.023358047778
0.000000000000	0.000000000000	0.000000000000	1.000000000000
13	57	66
0.976438778427	0.099004528711	-0.191743097084	-0.411801175717
-0.052325188866	0.970652766528	0.234723840802	0.023607433645
0.209354690883	-0.219160466612	0.952963432289	0.244442766974
0.000000000000	0.000000000000	0.000000000000	1.000000000000
14	15	66
0.920598677946	0.125543419180	-0.369779561447	0.249195018040
-0.012118209888	0.955642508749	0.294279704466	-0.010791541183
0.390321948079	-0.266432440540	0.881284591648	0.161851935084
0.000000000000	0.000000000000	0.000000000000	1.000000000000
14	18	66
0.583737298918	0.221214407959	-0.781226568649	0.539843917814
-0.082631736730	0.973359581922	0.213876413767	0.103782115904
0.807726910494	-0.060293531928	0.586465623947	0.077758550380
0.000000000000	0.000000000000	0.000000000000	1.000000000000
14	56	66
0.849970416710	-0.248860572744	0.464347613379	-0.756065422369
0.096832679884	0.940179689411	0.326627591801	0.086427736133
-0.517854924495	-0.232659766511	0.823222758568	0.148951112697
0.000000000000	0.000000000000	0.000000000000	1.000000000000
14	57	66
0.995115553707	-0.097939325640	0.012366214580	-0.489028022317
0.089538428646	0.948230549451	0.304699351628	0.083838788441
-0.041568071467	-0.302103812588	0.952368301580	0.272229256737
0.000000000000	0.000000000000	0.000000000000	1.000000000000
15	18	66
0.754805472914	0.189356602981	-0.628022909587	0.570529939306
-0.235600723233	0.971800050913	0.009846839987	0.022455297173
0.612177259681	0.140530202993	0.778132549618	0.117595640713
0.000000000000	0.000000000000	0.000000000000	1.000000000000
15	56	66
0.604495478627	-0.356139607185	0.712565643652	-0.848358112570
0.323599182552	0.927152672286	0.188868979255	-0.107470331109
-0.727920864772	0.116415215788	0.675706084153	0.337275896953
0.000000000000	0.000000000000	0.000000000000	1.000000000000
15	57	66
0.901764559499	-0.200465793245	0.382928380993	-0.659601096753
0.187201533311	0.979677545845	0.072024246563	-0.071969522471
-0.389584734246	0.006735867095	0.920965994452	0.409099812358
0.000000000000	0.000000000000	0.000000000000	1.000000000000
15	62	66
0.147757127950	0.496570784405	-0.855327590585	0.739709695465
-0.328637729134	0.840331166329	0.431092535177	-1.102299797008
0.932826390134	0.217395922157	0.287356814605	2.461032297610
0.000000000000	0.000000000000	0.000000000000	1.000000000000
16	17	66
0.996023670395	-0.043866854325	-0.077540615843	0.076913494051
0.039460760030	0.997567050608	-0.057470235417	-0.176190054683
0.079873001894	0.054181903184	0.995331414623	-0.176801382558
0.000000000000	0.000000000000	0.000000000000	1.000000000000
16	61	66
0.993765043220	0.001643982147	0.111482447933	0.096310473341
-0.052757745052	0.887800022350	0.457195516877	-0.382744977042
-0.098222498500	-0.460226485155	0.882351360372	1.269660746067
0.000000000000	0.000000000000	0.000000000000	1.000000000000
17	18	66
0.932116984009	0.169442076922	-0.320073914417	0.152273899322
-0.040211285097	0.926755514624	0.373506718366	0.008519933964
0.359918019377	-0.335281372406	0.870658038868	0.198640135283
0.000000000000	0.000000000000	0.000000000000	1.000000000000
17	19	66
0.859865836498	0.223331093339	-0.459079476748	-0.165661537142
-0.055127455018	0.934599105347	0.351405002792	0.061387899803
0.507534931731	-0.276853273471	0.815941516312	0.002688673788
0.000000000000	0.000000000000	0.000000000000	1.000000000000
17	64	66
0.268900507665	0.541339531934	-0.796645484606	0.685724677515
0.027668403354	0.822426764388	0.568197744340	-0.034141498869
0.962770469236	-0.174830570505	0.206172973940	2.152259611840
0.000000000000	0.000000000000	0.000000000000	1.000000000000
18	19	66
0.978378454322	0.050737408310	-0.200502657130	-0.234964557572
-0.053361986753	0.998545518155	-0.007703670717	-0.010887372143
0.199820165369	0.018236325582	0.979662869533	-0.056609630191
0.000000000000	0.000000000000	0.000000000000	1.000000000000
18	20	66
0.930887882135	0.076791450522	-0.357142582201	-0.405509548097
-0.045947432057	0.994504436619	0.094073157879	-0.071206755820
0.362403896753	-0.071161778173	0.929300498733	-0.177640981801
0.000000000000	0.000000000000	0.000000000000	1.000000000000
18	62	66
0.766663366423	0.284860866654	-0.575396879757	1.850401360274
-0.174140428526	0.954852272850	0.240691188428	-0.642178217593
0.617982518958	-0.084329257575	0.781656051329	1.652118022243
0.000000000000	0.000000000000	0.000000000000	1.000000000000
18	63	66
0.510767615210	0.391827860900	-0.765236806927	1.932353400404
-0.256474576922	0.919016723966	0.299381115744	-0.654274234371
0.820571285536	0.043349607774	0.569897865288	1.847478326686
0.000000000000	0.000000000000	0.000000000000	1.000000000000
18	64	66
0.476384781471	0.356761218489	-0.803603741259	1.351242081072
-0.243436483524	0.931767334112	0.269347941464	-0.512360196863
0.844864615470	0.067313208685	0.530728474329	1.732006452511
0.000000000000	0.000000000000	0.000000000000	1.000000000000
19	20	66
0.989007325826	0.047086694543	-0.140169014622	-0.287571348112
-0.037722320508	0.996921731001	0.068732007047	0.031969021849
0.142973899711	-0.062688957994	0.987739114618	-0.076774745456
0.000000000000	0.000000000000	0.000000000000	1.000000000000
19	21	66
0.994525681508	0.044169281918	-0.094698169755	-0.664509312217
-0.029693601114	0.988368264075	0.149152487820	0.074128016182
0.100184623935	-0.145524049919	0.984269166449	-0.299735603276
0.000000000000	0.000000000000	0.000000000000	1.000000000000
19	64	66
0.673410963398	0.298757779469	-0.676211108739	1.938501884094
-0.159486230073	0.951874520883	0.261723210493	-0.420802039038
0.721859970349	-0.068400918855	0.688650490094	1.442233146514
0.000000000000	0.000000000000	0.000000000000	1.000000000000
19	65	66
0.746075804366	0.213998926054	-0.630535767255	1.170231974075
-0.152476247425	0.976693433030	0.151065985078	-0.361351962459
0.648168101738	-0.016564948671	0.761317091864	1.499524174233
0.000000000000	0.000000000000	0.000000000000	1.000000000000
20	21	66
0.998620157852	-0.035330476130	0.038852770665	-0.414160104415
0.032483101990	0.996902674955	0.071623353404	0.055417532348
-0.041262918183	-0.070262465970	0.996674750086	-0.167502929758
0.000000000000	0.000000000000	0.000000000000	1.000000000000
20	22	66
0.994888035285	-0.069397252451	0.073360879213	-0.949800463273
0.072449673111	0.996577759641	-0.039797158882	0.078001590436
-0.070348007170	0.044908688928	0.996511097553	-0.084444045725
0.000000000000	0.000000000000	0.000000000000	1.000000000000
20	23	66
0.996945063589	-0.042234852739	0.065702034981	-1.398109017895
0.058934501335	0.958794662324	-0.277919988577	-0.096896064557
-0.051256850653	0.280943077353	0.958354695584	0.023502797520
0.000000000000	0.000000000000	0.000000000000	1.000000000000
20	34	66
0.428921285157	-0.390619356351	0.814520134547	-2.206623343850
0.286033603776	0.914007389024	0.287706917400	-0.270517850978
-0.856861312378	0.109576508673	0.503767486145	1.020209374033
0.000000000000	0.000000000000	0.000000000000	1.000000000000
20	64	66
0.779921405887	0.286389759687	-0.556510113282	2.404489636890
-0.219878620020	0.957866216711	0.184785560427	-0.450589528423
0.585982929015	-0.021753538340	0.810031351537	1.090870969803
0.000000000000	0.000000000000	0.000000000000	1.000000000000
20	65	66
0.831118611022	0.138177976812	-0.538654528560	1.720036321562
-0.106804257703	0.990267732057	0.089233790595	-0.426309066661
0.545742343006	-0.016633267014	0.837787938251	1.371307388163
0.000000000000	0.000000000000	0.000000000000	1.000000000000
21	22	66
0.997409626839	-0.038350487231	0.060854551337	-0.632887918353
0.044458912387	0.993746621192	-0.102425865770	0.008525409594
-0.056545922918	0.104866071722	0.992877467567	0.062428653198
0.000000000000	0.000000000000	0.000000000000	1.000000000000
21	23	66
0.999744371054	-0.022549065830	0.001652929652	-0.946966157919
0.021500401902	0.925538465765	-0.378042697467	-0.026761761474
0.006994659698	0.377981597462	0.925786685320	0.141393872670
0.000000000000	0.000000000000	0.000000000000	1.000000000000
21	24	66
0.989335538828	0.093475630294	-0.111702722224	-0.013483922237
-0.085980338856	0.993824714704	0.070141412686	-0.585139286656
0.117569438807	-0.059789154406	0.991263175990	0.274637368977
0.000000000000	0.000000000000	0.000000000000	1.000000000000
21	34	66
0.477585880358	-0.369037761328	0.797322304716	-1.859252415512
0.342805173558	0.913848643324	0.217635636045	-0.341048354662
-0.808947674368	0.169386504211	0.562949262657	1.074968469654
0.000000000000	0.000000000000	0.000000000000	1.000000000000
21	65	66
0.820597851203	0.179404493372	-0.542616986795	1.982798710870
-0.151811140964	0.983767813648	0.095677930112	-0.744285036283
0.550974177326	0.003862200015	0.834513354795	1.508982535496
0.000000000000	0.000000000000	0.000000000000	1.000000000000
22	23	66
0.999387744221	0.016037259818	-0.031095707085	-0.428068436213
-0.024207878006	0.958632545151	-0.283615271134	-0.000561729771
0.025260945034	0.284194387128	0.958433844864	0.074249762060
0.000000000000	0.000000000000	0.000000000000	1.000000000000
22	24	66
0.990955293959	0.128219141727	-0.039591123621	-0.866979711773
-0.128645987625	0.991654850564	-0.008418267137	-0.022395940407
0.038181346791	0.013435365585	0.999180502066	0.493063896821
0.000000000000	0.000000000000	0.000000000000	1.000000000000
22	33	66
0.967961629451	-0.057824621057	0.244349334173	-1.296257358949
0.007740747715	0.979532007441	0.201139571502	-0.256836329169
-0.250978813321	-0.192803940828	0.948597003825	1.001781600569
0.000000000000	0.000000000000	0.000000000000	1.000000000000
22	34	66
0.529161246666	-0.317436568041	0.786906856176	-1.305641782843
0.227765213564	0.946489520668	0.228649501982	-0.155068103730
-0.817380806306	0.058237552634	0.573146582425	0.998030564126
0.000000000000	0.000000000000	0.000000000000	1.000000000000
22	65	66
0.775173679567	0.222902587511	-0.591117757294	2.534464686894
-0.163891307718	0.974605724275	0.152588733087	-0.609231789035
0.610119173409	-0.021403707429	0.792020501974	1.652281607663
0.000000000000	0.000000000000	0.000000000000	1.000000000000
23	24	66
0.995010049559	0.071503448044	-0.069586336264	-0.271110840667
-0.048830264089	0.957183544475	0.285333607370	0.011509069015
0.087009232763	-0.280511887633	0.955898778277	0.373562638671
0.000000000000	0.000000000000	0.000000000000	1.000000000000
23	33	66
0.959739598014	-0.050637359579	0.276289271995	-0.887572201008
-0.079213445546	0.894901817796	0.439176464022	0.095406075678
-0.269490508273	-0.443380868240	0.854861551147	0.988473523284
0.000000000000	0.000000000000	0.000000000000	1.000000000000
24	25	66
0.998765022673	-0.049143278536	0.007305317164	-0.525974341957
0.048754304206	0.997738350060	0.046273130885	-0.097087152526
-0.009562808454	-0.045859818962	0.998902112171	0.396316429106
0.000000000000	0.000000000000	0.000000000000	1.000000000000
24	32	66
0.995370013923	0.053572981448	-0.079802700712	-0.703658780497
-0.030667626348	0.963882156275	0.264557527787	-0.144369487697
0.091093534767	-0.260885270710	0.961062351489	0.469953689513
0.000000000000	0.000000000000	0.000000000000	1.000000000000
24	33	66
0.885961840728	-0.158851021814	0.435703993144	-0.826766544384
0.062383380012	0.971789694185	0.227449124366	-0.197060024140
-0.459543176069	-0.174330557119	0.870878249920	0.851090226581
0.000000000000	0.000000000000	0.000000000000	1.000000000000
25	26	66
0.995955835435	-0.064936939706	0.062089996980	-0.336224066765
0.077639186674	0.969834497267	-0.231069696419	-0.108635678027
-0.045212062062	0.234955829407	0.970953978143	0.354615590478
0.000000000000	0.000000000000	0.000000000000	1.000000000000
25	27	66
0.994688207837	-0.080638271117	0.063975295395	-0.337814852203
0.079688675002	0.996670313908	0.017262689567	-0.116842360534
-0.065154311185	-0.012072887225	0.997802165325	0.314921192797
0.000000000000	0.000000000000	0.000000000000	1.000000000000
25	32	66
0.995269057397	0.080562300588	-0.054306713317	-0.231501650604
-0.067932355015	0.976644851078	0.203838244705	0.018898957239
0.069460049881	-0.199184714741	0.977497187149	0.065509042580
0.000000000000	0.000000000000	0.000000000000	1.000000000000
25	33	66
0.896350293969	-0.151112800028	0.416798599048	-0.260803484315
0.066251145707	0.975217979104	0.211094004949	-0.237302289659
-0.438368493614	-0.161600788676	0.884148318387	0.417702233361
0.000000000000	0.000000000000	0.000000000000	1.000000000000
26	27	66
0.999926993831	-0.000222452024	0.012081288178	0.013651103560
-0.002528792381	0.973837666581	0.227230729342	0.044357458833
-0.011815761424	-0.227244691167	0.973766007888	-0.039561529275
0.000000000000	0.000000000000	0.000000000000	1.000000000000
26	32	66
0.980628253505	0.179912666913	-0.077457476799	0.139534035386
-0.127956744027	0.887782832814	0.442118438226	0.012525754865
0.148308125488	-0.423642625388	0.893605967901	-0.311113879268
0.000000000000	0.000000000000	0.000000000000	1.000000000000
27	28	66
0.927464592660	0.210819628695	-0.308811453024	0.175517602640
-0.155193122433	0.968439616521	0.195037955028	0.095531060027
0.340183074405	-0.132965383875	0.930911210900	-0.168588862393
0.000000000000	0.000000000000	0.000000000000	1.000000000000
27	31	66
0.649836713314	0.459301664842	-0.605602366824	0.394107592388
-0.274376470487	0.884797279564	0.376631552740	0.122788109070
0.708822825869	-0.078585970435	0.700995325789	-0.344784940703
0.000000000000	0.000000000000	0.000000000000	1.000000000000
27	32	66
0.980525337083	0.169432604795	-0.099310904587	0.133476643929
-0.146067584394	0.967178416126	0.207918667199	0.094617727651
0.131279564772	-0.189363417304	0.973091553791	-0.241238868775
0.000000000000	0.000000000000	0.000000000000	1.000000000000
27	33	66
0.943759384801	0.007250381223	0.330553559309	0.232738469799
-0.053818576675	0.989794762652	0.131946537022	-0.073420727923
-0.326223519086	-0.142315704683	0.934518301477	0.076128786965
0.000000000000	0.000000000000	0.000000000000	1.000000000000
28	29	66
0.892343267666	0.292116616829	-0.344080477248	0.137162673114
-0.265722067208	0.956212569131	0.122675611411	0.083017292801
0.364849661710	-0.018038980249	0.930891679811	-0.188304044971
0.000000000000	0.000000000000	0.000000000000	1.000000000000
28	30	66
0.744362062766	0.415841973155	-0.522494567318	0.122344789952
-0.331304298491	0.909324924219	0.251725334434	0.260057105892
0.579795292596	-0.014270093099	0.814637209515	-0.411448537995
0.000000000000	0.000000000000	0.000000000000	1.000000000000
28	31	66
0.890811864828	0.243841173250	-0.383400187415	0.135162600408
-0.207098227422	0.968951604684	0.135067064743	0.108053626562
0.404431138367	-0.040917844614	0.913652660649	-0.210106109354
0.000000000000	0.000000000000	0.000000000000	1.000000000000
28	32	66
0.973370226627	-0.067090042869	0.219201569484	-0.099022271531
0.057755212450	0.997140922924	0.048726945977	0.008656727253
-0.221843948196	-0.034769325233	0.974462085805	-0.067070826957
0.000000000000	0.000000000000	0.000000000000	1.000000000000
29	30	66
0.965831376565	0.125172600075	-0.226939578377	-0.147712455393
-0.107673545314	0.990287268244	0.087963253653	0.132072357869
0.235745964298	-0.060522281387	0.969928293109	-0.182810021852
0.000000000000	0.000000000000	0.000000000000	1.000000000000
29	31	66
0.998067199428	-0.035312459434	-0.051136050253	0.015529883044
0.035443360648	0.999370316272	0.001655034888	0.020313097321
0.051045407362	-0.003464269507	0.998690324988	-0.021762295821
0.000000000000	0.000000000000	0.000000000000	1.000000000000
29	32	66
0.784719077324	-0.326030014482	0.527181562026	-0.091987644321
0.342469376883	0.936942228172	0.069670560251	-0.090894345045
-0.516653361143	0.125871723295	0.846891736702	0.162812697724
0.000000000000	0.000000000000	0.000000000000	1.000000000000
30	31	66
0.967180532973	-0.159281300030	0.197967886536	0.183940809101
0.174750909744	0.982583234251	-0.063184707902	-0.098362423367
-0.184455783814	0.095706087737	0.978169928278	0.113650928448
0.000000000000	0.000000000000	0.000000000000	1.000000000000
30	32	66
0.582755738758	-0.388001137324	0.714038420801	0.146174367263
0.461716938534	0.881145640922	0.101979547728	-0.270137718538
-0.668740022442	0.270254466973	0.692639376202	0.326925777858
0.000000000000	0.000000000000	0.000000000000	1.000000000000
31	32	66
0.770865173214	-0.301638533939	0.561053544297	-0.073892627745
0.326361567444	0.943414440174	0.058798991199	-0.137540000028
-0.547042056903	0.137780219601	0.825688560576	0.207901545147
0.000000000000	0.000000000000	0.000000000000	1.000000000000
32	33	66
0.868013783070	-0.181649581165	0.462120657472	0.025059221593
0.199650001719	0.979814850143	0.010135889383	-0.197779488832
-0.454633862810	0.083464298371	0.886759133973	0.312786920038
0.000000000000	0.000000000000	0.000000000000	1.000000000000
33	65	66
-0.965659448730	0.194500008120	0.172254393033	-0.355318073927
-0.259331256983	-0.681299586806	-0.684527700075	2.151936385484
-0.015783796424	-0.705691589761	0.708343315004	1.171137339911
0.000000000000	0.000000000000	0.000000000000	1.000000000000
34	35	66
0.919273132694	-0.174397065263	0.352877558276	0.169462325603
0.176302894372	0.983965401510	0.027007000328	0.083220429369
-0.351929249912	0.037386525087	0.935279664485	-0.163117626147
0.000000000000	0.000000000000	0.000000000000	1.000000000000
34	36	66
0.743832886033	-0.303150888040	0.595661125756	0.070017555274
0.326505587722	0.942455030724	0.071920902721	0.104030771436
-0.583186710104	0.140989553311	0.800009504328	-0.242208788145
0.000000000000	0.000000000000	0.000000000000	1.000000000000
34	37	66
0.695484252381	-0.307015239308	0.649648595414	0.060969117670
0.294851987656	0.946434979321	0.131617382183	0.130254466559
-0.655258697054	0.100012362987	0.748754677571	-0.294989637240
0.000000000000	0.000000000000	0.000000000000	1.000000000000
34	64	66
-0.162048259296	-0.226979457039	-0.960323220453	2.317169945424
0.164718974847	0.953309727125	-0.253117015420	0.693575539362
0.972937829969	-0.199200628142	-0.117094358376	4.363092340714
0.000000000000	0.000000000000	0.000000000000	1.000000000000
34	65	66
-0.274180022950	0.413453197291	-0.868263651586	1.177388844002
-0.374174645535	0.785854380904	0.492367978907	-1.909001831963
0.885899909501	0.459879707820	-0.060761868650	3.435503232327
0.000000000000	0.000000000000	0.000000000000	1.000000000000
35	36	66
0.940876080407	-0.180818015372	0.286456011692	-0.088999759310
0.187561528534	0.982244858742	0.003963645789	0.022466880030
-0.282086643305	0.049998827897	0.958085196044	-0.102399850488
0.000000000000	0.000000000000	0.000000000000	1.000000000000
35	37	66
0.922423908009	-0.149208626809	0.356189443442	-0.046298610705
0.145085716595	0.988672524892	0.038428809042	0.065181394605
-0.357888626215	0.016230348428	0.933623214694	-0.154726606143
0.000000000000	0.000000000000	0.000000000000	1.000000000000
35	38	66
0.830668492299	-0.237423554020	0.503606902155	-0.173602263172
0.250497642731	0.967171160130	0.042788760201	0.098632981164
-0.497233131326	0.090609066929	0.862872649991	-0.103413403013
0.000000000000	0.000000000000	0.000000000000	1.000000000000
35	45	66
0.496975642078	-0.099142065906	0.862082398585	-0.813275924909
0.537687819591	0.814941106784	-0.216247083535	0.101266988211
-0.681107201434	0.571000738390	0.458313361046	-0.220660081312
0.000000000000	0.000000000000	0.000000000000	1.000000000000
35	46	66
0.451354915958	-0.237545867285	0.860145743916	-0.955223973529
0.439192044454	0.898220822377	0.017598361740	-0.082715420342
-0.776781235567	0.369826060714	0.509744638900	0.114517597444
0.000000000000	0.000000000000	0.000000000000	1.000000000000
35	47	66
0.293422518793	-0.525263005915	0.798750273917	-1.275552365488
0.511652069844	0.792072872791	0.332915490197	-0.104690928781
-0.807536615200	0.310997329260	0.501163921591	0.410684600375
0.000000000000	0.000000000000	0.000000000000	1.000000000000
35	48	66
-0.642943149737	0.493533034804	-0.585704063298	0.422211243853
0.402053500850	-0.433403539687	-0.806544700708	1.703317571434
-0.651902668088	-0.754046759388	0.080227152486	1.009020325865
0.000000000000	0.000000000000	0.000000000000	1.000000000000
35	49	66
0.255595686528	-0.536568229331	0.804217246955	-1.519903814580
0.482670279045	0.791582059257	0.374736234155	-0.341181502483
-0.837675502062	0.292390797965	0.461310496857	0.759248500697
0.000000000000	0.000000000000	0.000000000000	1.000000000000
36	37	66
0.996262177390	0.031647384313	0.080374852839	0.046887368764
-0.033761562776	0.999115125577	0.025082318913	0.029836010450
-0.079509941402	-0.027702146294	0.996449075623	-0.033246810926
0.000000000000	0.000000000000	0.000000000000	1.000000000000
36	38	66
0.947899019369	-0.084929772133	0.307041337420	-0.212664297176
0.086136568099	0.996236652363	0.009644901458	0.052572550964
-0.306704973411	0.017305094436	0.951647304936	-0.028454299660
0.000000000000	0.000000000000	0.000000000000	1.000000000000
36	39	66
0.729815538703	-0.265423000614	0.630015801558	-0.125557451063
0.296639990048	0.953228845219	0.057961064058	0.019426308571
-0.615933434529	0.144586995915	0.774416299442	-0.007800473681
0.000000000000	0.000000000000	0.000000000000	1.000000000000
36	45	66
0.732448434933	-0.077445644647	0.676403328119	-0.752067052584
0.364355201010	0.883851087539	-0.293347136604	0.027130889556
-0.575121359073	0.461312721678	0.675593069204	-0.288954160094
0.000000000000	0.000000000000	0.000000000000	1.000000000000
36	46	66
0.709805140182	-0.152047078332	0.687792373425	-0.940760622252
0.307006901871	0.945582654039	-0.107797062043	0.057700021997
-0.633974309554	0.287671914430	0.717858930761	-0.027542484045
0.000000000000	0.000000000000	0.000000000000	1.000000000000
36	47	66
0.585475466446	-0.451623344586	0.673242031378	-1.299837268178
0.415087874020	0.880339848408	0.229573099790	0.078336430823
-0.696362358999	0.145045185823	0.702880757340	0.156358932937
0.000000000000	0.000000000000	0.000000000000	1.000000000000
36	48	66
0.541604220173	-0.506221779050	0.671121731958	-1.652039399249
0.347240279240	0.861781212006	0.369807153941	0.117519521922
-0.765564534945	0.032751382384	0.642524933203	0.148295663097
0.000000000000	0.000000000000	0.000000000000	1.000000000000
36	49	66
0.565158538115	-0.445340192125	0.694455138993	-1.634193389237
0.382696440513	0.887254042634	0.257533877865	-0.075351715939
-0.730848316147	0.120218039860	0.671869304015	0.404471192185
0.000000000000	0.000000000000	0.000000000000	1.000000000000
36	52	66
0.581104779146	-0.200528036591	0.788736801597	-1.680648921683
0.377574490359	0.924979665048	-0.043013061701	-0.677078005159
-0.720940177742	0.322801991611	0.613224375191	1.534317740604
0.000000000000	0.000000000000	0.000000000000	1.000000000000
37	38	66
0.977779779928	-0.099688617299	0.184414971043	-0.175373505864
0.100235077598	0.994943323110	0.006380675335	-0.021516897903
-0.184118524823	0.012245953608	0.982827759802	0.000551592715
0.000000000000	0.000000000000	0.000000000000	1.000000000000
37	39	66
0.774460287018	-0.314154130224	0.549106953421	-0.125748657474
0.330193412745	0.941107890725	0.072720342372	-0.077176886760
-0.539614282624	0.124992481686	0.832582311552	0.012648465943
0.000000000000	0.000000000000	0.000000000000	1.000000000000
37	45	66
0.754950143474	-0.158359963665	0.636374420272	-0.810920131442
0.435152237560	0.846952858237	-0.305472398213	0.047264595118
-0.490604536276	0.507536183766	0.708317874371	-0.308587377938
0.000000000000	0.000000000000	0.000000000000	1.000000000000
37	46	66
0.753368141786	-0.235537046630	0.613969659353	-0.962131648856
0.360396333780	0.928836292054	-0.085893103103	-0.032967847519
-0.550046293997	0.285981541760	0.784642359443	-0.081276237073
0.000000000000	0.000000000000	0.000000000000	1.000000000000
37	47	66
0.623591742410	-0.496422697551	0.603902180948	-1.359989787467
0.465087174199	0.856504394285	0.223817208827	0.024356631685
-0.628352814264	0.141296595596	0.764988897226	0.085809550232
0.000000000000	0.000000000000	0.000000000000	1.000000000000
37	48	66
0.570075525420	-0.553685983492	0.606997303949	-1.762288197453
0.414584157665	0.831709426306	0.369295825061	0.054578765564
-0.709319301535	0.041124954455	0.703686625275	0.060606715930
0.000000000000	0.000000000000	0.000000000000	1.000000000000
37	49	66
0.611257074092	-0.474790710423	0.633197102543	-1.743634602976
0.409740248859	0.874344262457	0.260067374298	-0.176820187369
-0.677109827014	0.100478316092	0.728989979463	0.310789704190
0.000000000000	0.000000000000	0.000000000000	1.000000000000
38	39	66
0.867380209428	-0.225997532096	0.443369696504	-0.077352646747
0.234219037359	0.971480326288	0.036978617785	-0.122359171316
-0.439082013786	0.071771102271	0.895575733285	0.126499161063
0.000000000000	0.000000000000	0.000000000000	1.000000000000
38	44	66
0.744748586601	-0.235910660677	0.624256119661	-0.476800385694
0.353235756368	0.932998904052	-0.068829829734	0.075929388099
-0.566192584885	0.271770501006	0.778181695753	-0.392580777844
0.000000000000	0.000000000000	0.000000000000	1.000000000000
38	45	66
0.889047232415	-0.155197144446	0.430707400554	-0.489645492013
0.323941823346	0.878043425914	-0.352280339073	0.075649327352
-0.323506898880	0.452718001151	0.830896923698	-0.423025824519
0.000000000000	0.000000000000	0.000000000000	1.000000000000
38	46	66
0.887331062765	-0.163657819109	0.431114489779	-0.727581654436
0.250941960495	0.955723962594	-0.153687474398	0.072183347778
-0.386874291619	0.244556385254	0.889112173416	-0.227892197421
0.000000000000	0.000000000000	0.000000000000	1.000000000000
38	47	66
0.789071095907	-0.403541912363	0.463163826925	-1.138426331053
0.354972058436	0.914874004751	0.192354862585	0.089751029703
-0.501359794294	0.012628554814	0.865146736842	-0.140064830340
0.000000000000	0.000000000000	0.000000000000	1.000000000000
38	48	66
0.754394049553	-0.445879163856	0.481748263347	-1.485398298322
0.293380856152	0.885545128942	0.360190918612	0.099543127344
-0.587211453602	-0.130390167754	0.798862386717	-0.269430364011
0.000000000000	0.000000000000	0.000000000000	1.000000000000
38	49	66
0.764964717478	-0.389723881257	0.512780925340	-1.606533116520
0.341901160625	0.920431184531	0.189499421917	0.035392280538
-0.545832004721	0.030360021771	0.837344428357	0.010355682112
0.000000000000	0.000000000000	0.000000000000	1.000000000000
39	40	66
0.792076209245	-0.239139736125	0.561629295313	-0.057283993064
0.279088789291	0.960144643808	0.015222045162	0.133550895211
-0.542885555564	0.144687420230	0.827248949221	-0.211118177136
0.000000000000	0.000000000000	0.000000000000	1.000000000000
39	43	66
0.649534161033	-0.210765932449	0.730536169789	-0.184012702520
0.379211231580	0.922582839511	-0.070991169052	0.287243316957
-0.659017613948	0.323138710090	0.679173879465	-0.522549102080
0.000000000000	0.000000000000	0.000000000000	1.000000000000
39	44	66
0.984477525832	-0.089325938562	0.151079044980	0.022877567999
0.115789538709	0.977448120826	-0.176601115002	0.302299261816
-0.131896868263	0.191353201683	0.972618716840	-0.638122263145
0.000000000000	0.000000000000	0.000000000000	1.000000000000
39	45	66
0.989256072662	-0.112874100716	-0.092907804243	-0.036041683960
0.072353067556	0.930237447376	-0.359754534529	0.184211437147
0.127033288224	0.349167193314	0.928409831269	-0.655079019178
0.000000000000	0.000000000000	0.000000000000	1.000000000000
39	46	66
0.997862051101	-0.014673358016	-0.063686886693	-0.359356740587
0.003194927928	0.984257343204	-0.176712406991	0.282341285248
0.065277250307	0.176131129882	0.982199931622	-0.604681279139
0.000000000000	0.000000000000	0.000000000000	1.000000000000
39	47	66
0.987379409525	-0.153221713287	0.040062553889	-0.719075703487
0.147512803019	0.981821301631	0.119444148490	0.486665516205
-0.057635705879	-0.112026953187	0.992032301474	-0.730481235291
0.000000000000	0.000000000000	0.000000000000	1.000000000000
39	48	66
-0.914834004959	0.179251495765	-0.361866888007	-0.008454342089
0.266471163796	-0.405357242487	-0.874459046970	1.615430272520
-0.303433456025	-0.896411962899	0.323069234895	1.087739609160
0.000000000000	0.000000000000	0.000000000000	1.000000000000
39	49	66
0.992709403815	-0.113328456219	0.041045104308	-1.036386970882
0.106736513237	0.984742986453	0.137435684501	0.471213619172
-0.055994252550	-0.132052685104	0.989659907260	-0.817359972101
0.000000000000	0.000000000000	0.000000000000	1.000000000000
40	41	66
0.891381436775	-0.145885024202	0.429134820174	0.052683170122
0.160282093977	0.987067761882	0.002623700197	0.089513061744
-0.423967905062	0.066443909925	0.903236636940	-0.162083792245
0.000000000000	0.000000000000	0.000000000000	1.000000000000
40	42	66
0.914775788571	-0.037044536775	0.402259815219	-0.012711778543
0.205196946436	0.900362207063	-0.383721395372	0.127003164228
-0.347964753702	0.433561527800	0.831230973793	-0.270358172234
0.000000000000	0.000000000000	0.000000000000	1.000000000000
40	43	66
0.978860421249	-0.081205486357	0.187717726113	0.107375098804
0.106636225363	0.985815590108	-0.129600685723	0.087762259947
-0.174530774225	0.146878491568	0.973635310351	-0.318685067381
0.000000000000	0.000000000000	0.000000000000	1.000000000000
40	44	66
0.878239571139	0.131094922214	-0.459901486250	0.241431222509
-0.166177069426	0.985422352443	-0.036441307641	-0.002824781749
0.448419934082	0.108429279604	0.887221874191	-0.290365738762
0.000000000000	0.000000000000	0.000000000000	1.000000000000
40	45	66
0.715533078976	-0.012350201820	-0.698469673935	1.198259561997
-0.166643882281	0.967961577236	-0.187830246480	-0.052649981743
0.678411548685	0.250794452709	0.690550442112	-0.401872211945
0.000000000000	0.000000000000	0.000000000000	1.000000000000
40	46	66
-0.641820878312	-0.191558460836	0.742543814361	-1.818814542005
-0.343091677260	-0.794251506459	-0.501450541413	1.870163230947
0.685823637066	-0.576602029627	0.444045085854	0.422769523090
0.000000000000	0.000000000000	0.000000000000	1.000000000000
40	47	66
0.491578022810	-0.462241214046	0.738027172622	-0.730148449184
0.460477688964	0.857294747803	0.230230348466	0.023594732638
-0.739128774610	0.226668867352	0.634279023078	0.284104335006
0.000000000000	0.000000000000	0.000000000000	1.000000000000
41	42	66
0.995120712880	-0.051628533528	-0.084078899394	0.040193505755
0.017847745765	0.932301813173	-0.361240622197	-0.013241962706
0.097037233929	0.357977406662	0.928674297884	-0.123136455402
0.000000000000	0.000000000000	0.000000000000	1.000000000000
41	43	66
0.959250142085	0.040846279883	-0.279590318735	0.169632192660
-0.073540728178	0.991485544652	-0.107462440162	0.020950680074
0.272820318542	0.123644636626	0.954086514748	-0.094607718759
0.000000000000	0.000000000000	0.000000000000	1.000000000000
42	43	66
0.980806753717	0.048835231796	-0.188767666721	0.123938662763
0.001562773976	0.966127016980	0.258062288604	0.022137514718
0.194976074433	-0.253404236739	0.947507584772	0.003069194384
0.000000000000	0.000000000000	0.000000000000	1.000000000000
44	45	66
0.959647411369	-0.046271390553	-0.277373041714	-0.005073953399
-0.003927320961	0.984067857295	-0.177749904046	-0.072200265278
0.281178630062	0.171666568250	0.944176449262	-0.005370401293
0.000000000000	0.000000000000	0.000000000000	1.000000000000
44	46	66
0.965484177466	0.109661438199	-0.236251290015	-0.287144553444
-0.109382109246	0.993896479760	0.014329748705	0.049672161917
0.236380746337	0.012006518772	0.971586324661	-0.024390735782
0.000000000000	0.000000000000	0.000000000000	1.000000000000
44	47	66
0.996342630191	0.025468596920	-0.081564170039	-0.626011393640
0.000090034459	0.954233837994	0.299061489197	0.253323880893
0.085447967542	-0.297975054322	0.950741558913	-0.230531599554
0.000000000000	0.000000000000	0.000000000000	1.000000000000
44	48	66
0.996188730332	0.074470616416	-0.045410801029	-0.614344290036
-0.052190250805	0.926056614838	0.373758376276	0.505756764320
0.069886989350	-0.369963881218	0.926413803499	-0.554588221755
0.000000000000	0.000000000000	0.000000000000	1.000000000000
44	49	66
0.995948789176	0.060491935102	-0.066533714209	-0.979391759023
-0.039004796562	0.957288099243	0.286492793788	0.341710160818
0.081022436299	-0.282737017094	0.955769398956	-0.403785512012
0.000000000000	0.000000000000	0.000000000000	1.000000000000
44	50	66
0.992776007838	0.102194982121	-0.062864806461	-1.356769524763
-0.103243690287	0.994562321530	-0.013657562308	0.085111164530
0.061127233520	0.020049294793	0.997928598198	-0.020344770312
0.000000000000	0.000000000000	0.000000000000	1.000000000000
45	46	66
0.994217068446	0.090258415900	0.058187964124	-0.314977979199
-0.099394158914	0.978562332853	0.180378939723	0.161825204068
-0.040659832556	-0.185119364414	0.981874533194	0.038244580480
0.000000000000	0.000000000000	0.000000000000	1.000000000000
45	47	66
0.974189910402	-0.051910984444	0.219679922081	-0.726760409393
-0.060570462225	0.877392074894	0.475935254019	0.261923308556
-0.217451690215	-0.476957436892	0.851602234506	-0.060437831262
0.000000000000	0.000000000000	0.000000000000	1.000000000000
45	48	66
0.955230886339	-0.072454863019	0.286852308008	-0.937076938152
-0.108830439186	0.815522896332	0.568399807411	0.365636416452
-0.275117955232	-0.574171314490	0.771127364529	-0.342887407523
0.000000000000	0.000000000000	0.000000000000	1.000000000000
45	49	66
0.968101906190	-0.041269443076	0.247134644068	-1.149605916867
-0.077749197078	0.888172503528	0.452884826784	0.372419030491
-0.238188500109	-0.457653184241	0.856632827628	-0.133427503481
0.000000000000	0.000000000000	0.000000000000	1.000000000000
46	47	66
0.981789273504	-0.130334367089	0.138212789523	-0.441811239860
0.083521093331	0.949587920487	0.302170495305	0.141005411522
-0.170628395647	-0.285124067767	0.943180903422	-0.107125797736
0.000000000000	0.000000000000	0.000000000000	1.000000000000
46	48	66
0.971444574802	-0.145122446157	0.187709652679	-0.633126985823
0.053539171123	0.904805369855	0.422446209402	0.262053778919
-0.231147128996	-0.400333259053	0.886738003276	-0.381634743921
0.000000000000	0.000000000000	0.000000000000	1.000000000000
46	49	66
0.980583033938	-0.117428800170	0.157058557368	-0.837006856607
0.064654894259	0.949703858130	0.306402229922	0.164959316184
-0.185139564114	-0.290298223803	0.938855837206	-0.160187588543
0.000000000000	0.000000000000	0.000000000000	1.000000000000
47	48	66
0.996948970948	-0.002713524651	0.078008884807	-0.172976658164
-0.007376742810	0.991647230499	0.128768606073	0.204598002316
-0.077706711360	-0.128951180795	0.988601669016	-0.247820833977
0.000000000000	0.000000000000	0.000000000000	1.000000000000
47	49	66
0.999546852928	-0.012075454576	0.027573033889	-0.426246847538
0.012541497921	0.999780341828	-0.016792228109	0.133554917816
-0.027364203459	0.017130425907	0.999478738582	-0.095350014948
0.000000000000	0.000000000000	0.000000000000	1.000000000000
48	49	66
0.998241248063	-0.005700929848	-0.059007711906	-0.245454396599
-0.001926116822	0.991720875545	-0.128397800146	-0.132570387438
0.059251166566	0.128285636013	0.989965703877	0.113006653408
0.000000000000	0.000000000000	0.000000000000	1.000000000000
49	50	66
0.997824539196	0.065829709377	-0.003555044653	-0.328796471087
-0.063177250184	0.939426899362	-0.336876439981	-0.238480903160
-0.018836773565	0.336368176435	0.941542152983	0.273618352169
0.000000000000	0.000000000000	0.000000000000	1.000000000000
50	51	66
0.993056170672	0.028303360487	-0.114185645661	-0.300283195327
-0.026493690030	0.999498659289	0.017335353148	-0.042392773928
0.114619048498	-0.014189780312	0.993308171645	0.189544379789
0.000000000000	0.000000000000	0.000000000000	1.000000000000
51	52	66
0.981278519477	-0.108221233737	0.159312999413	-0.584264825802
0.108272016159	0.994085923947	0.008387271709	-0.076629460623
-0.159278491110	0.009018890081	0.987192494852	0.349260707643
0.000000000000	0.000000000000	0.000000000000	1.000000000000
51	53	66
0.968266401995	-0.089605811553	0.233304464816	-0.838343194513
0.097210627657	0.995036305873	-0.021280128387	-0.143342401105
-0.230239589640	0.043284506808	0.972170860926	0.695595915333
0.000000000000	0.000000000000	0.000000000000	1.000000000000
52	53	66
0.995992092722	0.018102269818	0.087590290917	-0.368348693841
-0.017860990510	0.999834221295	-0.003537647013	-0.119760478367
-0.087639809753	0.001959019096	0.996150302911	0.307168962438
0.000000000000	0.000000000000	0.000000000000	1.000000000000
53	54	66
0.975568849889	0.024201354272	-0.218356849168	-0.002173301895
-0.057361279116	0.987497314417	-0.146828940191	-0.123093298855
0.212073342939	0.155766968485	0.964759839931	0.326606037407
0.000000000000	0.000000000000	0.000000000000	1.000000000000
54	55	66
0.977857972164	0.005357963627	-0.209201048038	0.013696204750
0.005124404800	0.998759365064	0.049532526405	0.005127788614
0.209206899384	-0.049507806681	0.976617351027	0.000973646352
0.000000000000	0.000000000000	0.000000000000	1.000000000000
55	56	66
0.881873898097	0.167334230752	-0.440792108679	0.069288099884
-0.037980550179	0.957075212403	0.287340417642	0.068619773881
0.469953088790	-0.236656487385	0.850375094482	0.055672267646
0.000000000000	0.000000000000	0.000000000000	1.000000000000
56	57	66
0.884890537014	0.211805662825	-0.414857925919	0.076254972787
-0.201004001515	0.977078539746	0.070106480034	-0.090787683462
0.420197725931	0.021351542404	0.907181339512	0.202004827385
0.000000000000	0.000000000000	0.000000000000	1.000000000000
58	59	66
0.926423322067	0.145545506209	-0.347212231859	0.281899288098
-0.151776343905	0.988370710983	0.009342328473	-0.259960005070
0.344534134391	0.044043652131	0.937740042307	0.649626855703
0.000000000000	0.000000000000	0.000000000000	1.000000000000
58	60	66
0.745412676386	0.326333538734	-0.581262731800	0.600897021942
-0.281938610215	0.944485225469	0.168695817791	-0.626376264227
0.604045165491	0.038132405739	0.796037284102	1.162510193280
0.000000000000	0.000000000000	0.000000000000	1.000000000000
58	61	66
0.455158702675	0.414213539287	-0.788199022615	0.951111912015
-0.354543119005	0.896318025682	0.266295275220	-0.735911012456
0.816780100239	0.158243927876	0.554823509906	1.415977000574
0.000000000000	0.000000000000	0.000000000000	1.000000000000
58	62	66
-0.007599964293	-0.543693802277	0.839249241827	-2.699306799374
0.612519663459	0.660865598079	0.433677671954	-1.375663318567
-0.790418814565	0.517352597984	0.328000589848	2.015036439762
0.000000000000	0.000000000000	0.000000000000	1.000000000000
59	60	66
0.942138770344	0.166041487615	-0.291212571510	0.537878496051
-0.146075160604	0.985246161360	0.089174261865	-0.236159471962
0.301722695317	-0.041475606267	0.952493143920	0.381212540077
0.000000000000	0.000000000000	0.000000000000	1.000000000000
59	61	66
0.720116181667	0.310576192701	-0.620463627804	1.114582340870
-0.268435644882	0.949298905139	0.163627299856	-0.343174863849
0.639824186365	0.048723887667	0.766975223403	0.575962662937
0.000000000000	0.000000000000	0.000000000000	1.000000000000
59	62	66
0.391185317852	0.373100173840	-0.841290857776	1.481779961928
-0.383765810579	0.896997527962	0.219360975243	-0.320493593012
0.836479437719	0.237047875143	0.494075353730	0.653327378189
0.000000000000	0.000000000000	0.000000000000	1.000000000000
60	61	66
0.914127753809	0.160082016882	-0.372483821913	0.625509128075
-0.158441466373	0.986739568497	0.035232452320	-0.046349947699
0.373184607733	0.026809920444	0.927369654839	0.003478834564
0.000000000000	0.000000000000	0.000000000000	1.000000000000
60	62	66
0.676650262407	0.296128061401	-0.674130991452	0.980271184100
-0.331024871417	0.940162598977	0.080726835614	-0.008259549923
0.657698226308	0.168530290262	0.734187022751	-0.035424743285
0.000000000000	0.000000000000	0.000000000000	1.000000000000
60	63	66
0.479902861546	0.381445718848	-0.790058483312	0.895053359621
-0.438250238252	0.884358487226	0.160769383725	-0.011827543820
0.760019718265	0.269089631246	0.591574845817	0.025538279629
0.000000000000	0.000000000000	0.000000000000	1.000000000000
61	62	66
0.918185467224	0.152791274603	-0.365500033083	0.308661148290
-0.164147717745	0.986435769199	0.000001996110	0.047036549865
0.360542611264	0.059994163468	0.930811326646	-0.158092056332
0.000000000000	0.000000000000	0.000000000000	1.000000000000
61	63	66
0.753981593212	0.307107048347	-0.580686677954	0.396886090132
-0.322115025737	0.943261746656	0.080617538353	-0.014132732178
0.572497744355	0.126263764206	0.810125789342	-0.049385747658
0.000000000000	0.000000000000	0.000000000000	1.000000000000
62	63	66
0.948285317746	0.162674273649	-0.272565656015	0.173575729621
-0.161885887513	0.986478979790	0.025537851431	-0.014426046743
0.273034641704	0.019907363571	0.961798201966	0.099974941040
0.000000000000	0.000000000000	0.000000000000	1.000000000000
62	64	66
0.945334556260	0.128432843614	-0.299745861394	-0.410189961713
-0.121143197525	0.991709292834	0.042860286982	-0.116137252310
0.302765424768	-0.004205138281	0.953055829622	0.412844268676
0.000000000000	0.000000000000	0.000000000000	1.000000000000
63	64	66
0.998371580157	-0.018720889076	-0.053886141520	-0.402939292570
0.018683410414	0.999824730651	-0.001199230414	-0.174516476067
0.053899147591	0.000190500666	0.998546366274	0.443391487906
0.000000000000	0.000000000000	0.000000000000	1.000000000000
63	65	66
0.988685327204	-0.145098263698	0.038050198987	-0.901104406587
0.146638832973	0.988322878290	-0.041411845089	-0.455949821212
-0.031597095363	0.046522920385	0.998417368360	1.023135766554
0.000000000000	0.000000000000	0.000000000000	1.000000000000
64	65	66
0.993868534380	-0.088516055695	0.066258918289	-0.427128391277
0.091473464316	0.994878185383	-0.043011644633	-0.276760369874
-0.062112331261	0.048808853011	0.996874994256	0.590643285656
0.000000000000	0.000000000000	0.000000000000	1.000000000000
