0	3	66
0.488662869292	-0.231028622754	0.841328934272	-0.770034772913
0.327377166328	0.942397772235	0.068634028399	0.046896167899
-0.808722938430	0.241892981203	0.536148295252	0.174227097715
0.000000000000	0.000000000000	0.000000000000	1.000000000000
0	8	66
0.772792489946	-0.108296611331	0.625350790723	-0.699881785812
0.175542265336	0.983366770848	-0.046633754645	-0.179593442415
-0.609898910119	0.145813709800	0.778949087855	1.000500150846
0.000000000000	0.000000000000	0.000000000000	1.000000000000
0	18	66
0.768285569057	-0.022998222044	0.639693962893	-0.043216667711
0.099916483157	0.991413300842	-0.084358540209	0.291060287200
-0.632261006842	0.128727420138	0.763986433474	-0.362730259734
0.000000000000	0.000000000000	0.000000000000	1.000000000000
0	19	66
-0.665582069870	-0.386376818309	0.638524441616	-0.581238312329
-0.051842561628	-0.829556356162	-0.556011331498	2.756533085080
0.744521898316	-0.403173915605	0.532107072594	1.160470774697
0.000000000000	0.000000000000	0.000000000000	1.000000000000
0	21	66
-0.399868958783	0.444073918354	-0.801812428714	1.012632827814
-0.188716356876	0.816162876790	0.546135784578	-0.926634807724
0.896934196276	0.369697867978	-0.242554187684	2.621087823190
0.000000000000	0.000000000000	0.000000000000	1.000000000000
0	22	66
-0.140669758529	-0.406942647231	0.902557311698	-1.047038461098
-0.463232541262	-0.778628974081	-0.423264141450	1.556892075794
0.875001503856	-0.477634381705	-0.078979526857	2.300833386072
0.000000000000	0.000000000000	0.000000000000	1.000000000000
0	33	66
-0.170140498530	0.496813641207	-0.851016108349	0.869647889252
-0.358220303200	0.773342636272	0.523086399458	-0.160677453209
0.918003499522	0.393849429139	0.046391831518	0.575630632167
0.000000000000	0.000000000000	0.000000000000	1.000000000000
0	39	66
0.513879439047	0.446325063221	-0.732613035692	1.662058186940
-0.242465038162	0.894743751733	0.375025764454	-0.486723185204
0.822884334153	-0.015084981809	0.568008640718	0.851918698107
0.000000000000	0.000000000000	0.000000000000	1.000000000000
0	44	66
0.725527330320	-0.103591297998	0.680352067637	0.520635536759
0.128453980673	0.991616625317	0.014001544377	-0.271953975095
-0.676098859493	0.077235428234	0.732751677458	0.063371800314
0.000000000000	0.000000000000	0.000000000000	1.000000000000
0	45	66
0.841371866170	-0.110907133328	0.528954620543	0.378433152286
0.269347642342	0.934561022273	-0.232481274971	-0.130647993733
-0.468556539151	0.338075884121	0.816185926241	0.009940734730
0.000000000000	0.000000000000	0.000000000000	1.000000000000
0	50	66
0.690312182045	-0.105180727548	0.715825471657	-0.711496296031
0.186191220033	0.981879861194	-0.035281266473	-0.282087574489
-0.699143705473	0.157635505943	0.697387357473	1.050245767114
0.000000000000	0.000000000000	0.000000000000	1.000000000000
0	51	66
0.763240690856	-0.104001371001	0.637689079922	-0.781693265233
0.135529318464	0.990773137966	-0.000626835192	-0.457917350793
-0.631740019041	0.086903992519	0.770293609233	1.411857401369
0.000000000000	0.000000000000	0.000000000000	1.000000000000
0	64	66
-0.142011334694	-0.805890070925	-0.574781675424	1.510716204554
0.176223936451	0.550807636896	-0.815816199495	3.543688586235
0.974052311244	-0.217145436799	0.063796192970	2.797132550700
0.000000000000	0.000000000000	0.000000000000	1.000000000000
1	8	66
0.891494309387	-0.087003870196	0.444598946132	-0.353885719034
0.131156738375	0.988924753333	-0.069467562384	-0.184113003309
-0.433630956355	0.120242084212	0.893031933849	0.795704683649
0.000000000000	0.000000000000	0.000000000000	1.000000000000
1	19	66
-0.354871610188	0.119301509489	-0.927271961248	4.031531154677
0.303580404833	-0.923375560229	-0.234981940953	1.783244108097
-0.884253966960	-0.364890017137	0.291462171319	2.024884358992
0.000000000000	0.000000000000	0.000000000000	1.000000000000
1	20	66
-0.247464634923	-0.342915606092	0.906184386072	-1.112287782100
-0.391893994428	-0.819929145899	-0.417295210655	1.121922357253
0.886104029781	-0.458394025706	0.068516900129	2.831460776505
0.000000000000	0.000000000000	0.000000000000	1.000000000000
1	21	66
-0.581108081718	0.392022163133	-0.713184422835	0.956979614622
-0.163324538570	0.802329537355	0.574101392255	-0.991219196711
0.797269397672	0.450095475539	-0.402213339455	2.761900039695
0.000000000000	0.000000000000	0.000000000000	1.000000000000
1	22	66
-0.376544645316	-0.262519202663	0.888424334604	-0.967283124120
-0.349643162603	-0.847809532292	-0.398708735544	1.452885171249
0.857883318948	-0.460763133495	0.227450095369	1.724142833704
0.000000000000	0.000000000000	0.000000000000	1.000000000000
1	33	66
-0.325894675131	0.497227786545	-0.804087799316	1.121226112123
-0.342285300906	0.730764192794	0.590613636241	-0.256786029650
0.881268082654	0.467705273455	-0.067958396672	0.624435462995
0.000000000000	0.000000000000	0.000000000000	1.000000000000
1	39	66
-0.984107568367	-0.101044342425	0.146021692729	-0.145397325064
-0.042504068353	-0.664374964664	-0.746189862234	1.941813319422
0.172411420901	-0.740537606872	0.649521635322	0.657339134334
0.000000000000	0.000000000000	0.000000000000	1.000000000000
1	44	66
0.783992147685	-0.330480594136	0.525489190438	1.022895973840
0.248279918443	0.942787853339	0.222504259947	-0.643787186926
-0.568958165831	-0.043973179281	0.821189968910	0.225940530911
0.000000000000	0.000000000000	0.000000000000	1.000000000000
1	50	66
0.835795264703	-0.071444380583	0.544373011806	-0.385088027849
0.162996256374	0.979084972826	-0.121757284771	-0.171183266336
-0.524288561679	0.190494925050	0.829959750604	0.848377865856
0.000000000000	0.000000000000	0.000000000000	1.000000000000
1	51	66
0.886950761266	-0.058009654417	0.458206533218	-0.537937020337
0.105650574285	0.991259254524	-0.079012951308	-0.365627977754
-0.449617952536	0.118490380688	0.885326903715	1.187767552968
0.000000000000	0.000000000000	0.000000000000	1.000000000000
1	64	66
-0.876478639949	-0.353508843233	-0.326828229302	1.264006979535
0.175740496231	0.397086369701	-0.900798364221	1.812514480028
0.448219222811	-0.846967480340	-0.285911901726	3.566678276228
0.000000000000	0.000000000000	0.000000000000	1.000000000000
2	4	66
0.625665156707	0.190887311274	0.756376325699	-1.627571941931
0.516961946433	0.624665619266	-0.585271911206	1.945980495688
-0.584203267385	0.757202019610	0.292150036582	2.287462414315
0.000000000000	0.000000000000	0.000000000000	1.000000000000
2	21	66
-0.528348385457	-0.214998405148	0.821354776798	-1.821424018813
-0.342021800405	-0.831541545121	-0.437675389741	1.461938632495
0.777090130958	-0.512166325056	0.365809491192	1.937645460727
0.000000000000	0.000000000000	0.000000000000	1.000000000000
2	34	66
0.153553601918	0.429377145071	-0.889975594401	0.906286020028
-0.211209995204	0.894104325563	0.394927579354	-0.212703127640
0.965303905132	0.127329188719	0.227981684432	1.069689258198
0.000000000000	0.000000000000	0.000000000000	1.000000000000
2	43	66
0.750816296987	0.103832240064	-0.652298822704	1.200882658550
-0.025959666077	0.991442571921	0.127936399511	-0.117384619229
0.660000745390	-0.079123274111	0.747086690805	0.698230508229
0.000000000000	0.000000000000	0.000000000000	1.000000000000
2	51	66
0.986453566697	-0.037977353341	0.159584088758	-0.841259924161
0.034639169206	0.999120039414	0.023648991482	-0.267239804182
-0.160341787155	-0.017800771743	0.986901030406	1.081185161687
0.000000000000	0.000000000000	0.000000000000	1.000000000000
3	8	66
0.928997577799	0.070135802079	-0.363379236762	-0.588325271617
-0.081755564331	0.996512899635	-0.016675387926	-0.032518746653
0.360942555186	0.045199669560	0.931492062085	0.464597343167
0.000000000000	0.000000000000	0.000000000000	1.000000000000
3	35	66
-0.030681203125	0.489800362083	-0.871294593738	0.545543769749
-0.340312348816	0.814505540911	0.469859797248	-0.463173348182
0.939811773186	0.310928173585	0.141695101724	1.726029728165
0.000000000000	0.000000000000	0.000000000000	1.000000000000
3	36	66
0.383153291226	0.334198600881	-0.861106759114	0.676444999523
-0.174012670969	0.941675432402	0.288039876323	-0.359106719552
0.907145603398	0.039480060525	0.418960832365	1.618177291621
0.000000000000	0.000000000000	0.000000000000	1.000000000000
3	37	66
0.401438540495	0.453825057070	-0.795543786212	0.683184025669
-0.303108751310	0.885489437659	0.352183958569	-0.462720265483
0.864275524983	0.099756069337	0.493027933839	1.652072419214
0.000000000000	0.000000000000	0.000000000000	1.000000000000
3	41	66
0.702928372724	-0.175442928418	0.689283310176	0.654896965982
0.107766390750	0.984183383410	0.140603957430	-0.375160888618
-0.703049150376	-0.024552936453	0.710717275340	1.077778586964
0.000000000000	0.000000000000	0.000000000000	1.000000000000
3	42	66
0.856967936806	-0.085051281033	0.508303290252	1.128947344386
0.250043972754	0.931043947534	-0.265772796668	-0.195762085106
-0.450648385080	0.354856939279	0.819141370992	0.871973550905
0.000000000000	0.000000000000	0.000000000000	1.000000000000
4	6	66
0.819885212074	0.152193315519	-0.551928830315	1.056657375614
-0.011377119768	0.968161419162	0.250068045924	-0.646432225250
0.572414884649	-0.198747732459	0.795512752050	0.238233431283
0.000000000000	0.000000000000	0.000000000000	1.000000000000
4	7	66
0.706677926967	0.310797931118	-0.635618559791	1.380097284519
-0.074361073616	0.926005475393	0.370113888247	-1.184127604197
0.703616897372	-0.214286036772	0.677498897547	0.752932485391
0.000000000000	0.000000000000	0.000000000000	1.000000000000
4	38	66
0.090096188357	-0.653499898733	0.751545447195	-2.148889137723
0.995924667516	0.062217255507	-0.065292187510	-0.430649836689
-0.004090657187	0.754365226845	0.656442206938	1.884168718199
0.000000000000	0.000000000000	0.000000000000	1.000000000000
4	45	66
0.684011113356	-0.032464988125	-0.728748805386	1.321345530537
0.010602753819	0.999346105161	-0.034567957857	-0.503343339877
0.729394528644	0.015918123160	0.683908060297	1.170917515480
0.000000000000	0.000000000000	0.000000000000	1.000000000000
4	49	66
0.785851898539	0.295796398145	-0.543084969785	0.861503674257
-0.062296488926	0.911586711931	0.406360448492	-0.079795849346
0.615268998918	-0.285506843132	0.734799225296	0.416289713276
0.000000000000	0.000000000000	0.000000000000	1.000000000000
5	8	66
0.927062437644	0.019700646640	-0.374388997208	-0.921457847868
0.004524620904	0.997957737659	0.063717200595	0.263178696758
0.374879666712	-0.060763791586	0.925079994983	0.479495005032
0.000000000000	0.000000000000	0.000000000000	1.000000000000
5	34	66
-0.452232925661	0.380215979330	-0.806796870352	0.172041102401
-0.099202638873	0.877526605749	0.469154444338	-0.068509206076
0.886365735681	0.292203465524	-0.359127995772	1.717537561547
0.000000000000	0.000000000000	0.000000000000	1.000000000000
5	35	66
-0.072887748267	0.434234576821	-0.897846149652	0.247693221223
-0.080192811008	0.894774112682	0.439258921749	-0.124447304029
0.994110903881	0.104017400306	-0.030395578929	1.989127992185
0.000000000000	0.000000000000	0.000000000000	1.000000000000
5	36	66
0.285405304891	0.391563701048	-0.874769501047	0.345060107679
-0.043084216483	0.917051987134	0.396433352763	-0.127012115393
0.957438020046	-0.075455423359	0.278601717252	1.867786979244
0.000000000000	0.000000000000	0.000000000000	1.000000000000
5	41	66
0.765018502002	-0.288544605746	0.575750555441	0.213938874131
0.155423046714	0.950306636835	0.269742418870	0.104861288139
-0.624972293902	-0.116873035736	0.771848641492	1.237809184108
0.000000000000	0.000000000000	0.000000000000	1.000000000000
5	42	66
0.814947057348	-0.032488480741	0.578624050951	0.185615795813
0.127838854313	0.983910832948	-0.124806651005	0.062514920867
-0.565259693458	0.175681448725	0.805988528160	1.119895483267
0.000000000000	0.000000000000	0.000000000000	1.000000000000
5	50	66
0.943484358290	0.131605889439	-0.304166328721	1.088812651557
-0.082110036220	0.981984729637	0.170187933506	-0.021012231099
0.321084424435	-0.135594544964	0.937293396841	0.042882011047
0.000000000000	0.000000000000	0.000000000000	1.000000000000
6	34	66
-0.115972905865	0.491449745296	-0.863149716419	0.812624438619
-0.184549200394	0.843219633339	0.504898249734	-0.428909964765
0.975956903628	0.217848107174	-0.007093973632	1.360003449621
0.000000000000	0.000000000000	0.000000000000	1.000000000000
6	40	66
0.293343090279	0.396723576232	-0.869804711097	0.954285167392
-0.124823899338	0.917936171281	0.376579579384	-0.310507728733
0.947823203736	-0.001894601851	0.318790816907	1.379744487662
0.000000000000	0.000000000000	0.000000000000	1.000000000000
6	43	66
0.596134001925	0.234369089184	-0.767916259617	1.151846164643
-0.148317258330	0.972131195341	0.181556960555	-0.274051645792
0.789066690864	0.005662956780	0.614281440619	0.916011841649
0.000000000000	0.000000000000	0.000000000000	1.000000000000
6	50	66
0.997193661857	0.071670236397	0.021637420530	-0.555802167096
-0.071648764710	0.997428359532	-0.001766951328	-0.193437658083
-0.021708414683	0.000211698213	0.999764322186	0.705055072742
0.000000000000	0.000000000000	0.000000000000	1.000000000000
6	51	66
0.992783988618	0.058680045597	-0.104578220453	-0.813538414463
-0.059521713056	0.998214773399	-0.004942857849	-0.191432652595
0.104101477508	0.011131864960	0.994504381068	0.887286618911
0.000000000000	0.000000000000	0.000000000000	1.000000000000
7	34	66
-0.146518807228	0.327923239334	-0.933273051273	0.952770174132
-0.195618389758	0.915218489315	0.352290451766	-0.197870177100
0.969672978234	0.234182548285	-0.069948905365	1.190480901574
0.000000000000	0.000000000000	0.000000000000	1.000000000000
7	40	66
0.441881534736	0.201311697223	-0.874193519663	0.755840545853
-0.077613394190	0.979420219562	0.186312089131	0.047587781727
0.893709611844	-0.014478745646	0.448412193883	0.506099858607
0.000000000000	0.000000000000	0.000000000000	1.000000000000
7	43	66
0.500715648720	0.006421208402	-0.865588012399	1.424592651453
0.022681414530	0.999531817093	0.020535336716	0.070116788476
0.865314620564	-0.029915124967	0.500335580123	1.028736805665
0.000000000000	0.000000000000	0.000000000000	1.000000000000
8	9	66
0.998543079015	0.041604087850	0.034363050288	-0.590743012697
-0.034950120789	0.983847606832	-0.175563024547	-0.133719151751
-0.041112144286	0.174106250334	0.983868286503	0.320541064551
0.000000000000	0.000000000000	0.000000000000	1.000000000000
8	10	66
0.997386749238	0.030210732346	0.065627616865	-1.074214659518
-0.034470241450	0.997304533103	0.064772453304	-0.367928298717
-0.063493896546	-0.066865386440	0.995739697510	0.854834520836
0.000000000000	0.000000000000	0.000000000000	1.000000000000
8	34	66
-0.032624629359	0.447482701412	-0.893697300822	1.405731195961
-0.304604737952	0.847183089715	0.435312262770	-0.113252187428
0.951919947882	0.286426333354	0.108666316701	0.558895010835
0.000000000000	0.000000000000	0.000000000000	1.000000000000
8	35	66
0.348625191023	0.460724633275	-0.816206645696	1.579339066158
-0.247008717455	0.885218827637	0.394175494798	-0.318980695350
0.904127850299	0.064190649561	0.422412583647	0.760656996360
0.000000000000	0.000000000000	0.000000000000	1.000000000000
8	36	66
0.655540792215	0.299293682244	-0.693317792582	1.654991266992
-0.164002365869	0.952619283873	0.256163471212	-0.205236263151
0.737136007621	-0.054219846572	0.673565672007	0.640250840577
0.000000000000	0.000000000000	0.000000000000	1.000000000000
8	52	66
0.983126599747	-0.124775847450	0.133765005750	-0.852027246825
0.126794852622	0.991906677511	-0.006648944100	-0.183689862315
-0.131852774786	0.023497467994	0.990990774316	0.572680420483
0.000000000000	0.000000000000	0.000000000000	1.000000000000
8	53	66
0.977195694981	-0.077413473797	0.197726396277	-1.107978662706
0.070140751492	0.996586669044	0.043534883311	-0.448258656861
-0.200421677196	-0.028673422528	0.979290041893	0.944018694580
0.000000000000	0.000000000000	0.000000000000	1.000000000000
8	55	66
0.949301970213	0.177753518833	-0.259286435996	-1.069028247350
-0.184711303619	0.982789601868	-0.002516500483	-0.631048480301
0.254376696386	0.050282054470	0.965797189545	1.217194135518
0.000000000000	0.000000000000	0.000000000000	1.000000000000
9	12	66
0.864509512602	-0.010092870263	-0.502515110809	-0.219949447568
-0.039587414222	0.995325071226	-0.088095625455	-0.250532503023
0.501055026176	0.096052780069	0.860068441570	1.144541060908
0.000000000000	0.000000000000	0.000000000000	1.000000000000
9	36	66
0.762391873513	0.292780157828	-0.577094801903	1.650170587727
-0.081743476428	0.928224016532	0.362929992140	0.109053247556
0.641931955321	-0.229521141325	0.731603314934	0.247605392496
0.000000000000	0.000000000000	0.000000000000	1.000000000000
9	37	66
0.655314645471	0.369243931714	-0.658954956217	2.302269236917
-0.093427411367	0.905299760485	0.414371406434	-0.042564943208
0.749555891336	-0.209979195535	0.627753696291	0.466281185012
0.000000000000	0.000000000000	0.000000000000	1.000000000000
9	38	66
0.805733334693	0.009781107750	-0.592197706256	2.240054864168
0.111154461588	0.979600479358	0.167414415480	0.594126218680
0.581754655360	-0.200716792453	0.788209547135	0.242392128094
0.000000000000	0.000000000000	0.000000000000	1.000000000000
9	39	66
0.995970004327	-0.045947100513	0.077023466787	1.461576151510
0.011106733536	0.915380283962	0.402437046263	-0.209372153284
-0.088996578314	-0.399959747586	0.912201627580	0.210116610086
0.000000000000	0.000000000000	0.000000000000	1.000000000000
9	50	66
0.994785973377	-0.068403696123	0.075642590714	0.543486117147
0.057575307060	0.988886587181	0.137070790871	0.075516958040
-0.084178092102	-0.132000954731	0.987668869996	-0.312350077253
0.000000000000	0.000000000000	0.000000000000	1.000000000000
9	54	66
0.998839807776	-0.041612660050	-0.024236850584	-0.565709583362
0.041016049531	0.998855266429	-0.024613825549	-0.132878546223
0.025233352602	0.023591168916	0.999403189241	0.923087159449
0.000000000000	0.000000000000	0.000000000000	1.000000000000
9	56	66
0.772735968349	0.145149847901	-0.617908281927	-0.526356993792
-0.018822247612	0.978313555145	0.206272418937	0.073474715180
0.634448458280	-0.147763694707	0.758710118763	0.823809680697
0.000000000000	0.000000000000	0.000000000000	1.000000000000
10	13	66
0.915816745294	-0.091551216386	0.391021820128	-2.777785559147
0.114160724038	0.992848448146	-0.034918306117	-0.392129868557
-0.385028593906	0.076618103560	0.919718787501	0.676057852998
0.000000000000	0.000000000000	0.000000000000	1.000000000000
10	37	66
0.694973720906	0.360293846483	-0.622253864140	2.565628207817
-0.225305826855	0.930937385545	0.287389750305	-0.130779108123
0.682824144004	-0.059530902745	0.728153321755	-0.078934737732
0.000000000000	0.000000000000	0.000000000000	1.000000000000
10	39	66
0.999867976791	0.016020531082	-0.002715063778	1.764734850986
-0.015689773286	0.995343257011	0.095108526100	0.053797095162
0.004226109522	-0.095053370832	0.995463207101	0.014676148180
0.000000000000	0.000000000000	0.000000000000	1.000000000000
10	56	66
0.620977726770	0.322860432717	-0.714246318746	0.155621775151
-0.257200232491	0.944705316904	0.203420511797	-0.115579998380
0.740428729361	0.057384712244	0.669680738515	0.452234809161
0.000000000000	0.000000000000	0.000000000000	1.000000000000
11	13	66
-0.757148398653	0.125876674789	-0.641000284837	0.994536189029
0.152236373891	-0.920238888703	-0.360533596469	1.168077385294
-0.635256160050	-0.370560994254	0.677594392433	1.477383825146
0.000000000000	0.000000000000	0.000000000000	1.000000000000
11	51	66
0.988861514956	0.005777150177	0.148726355346	0.326270386097
-0.000254109505	0.999310491914	-0.037127835633	0.448737843656
-0.148838300403	0.036676495010	0.988181154975	-1.121745640555
0.000000000000	0.000000000000	0.000000000000	1.000000000000
11	56	66
0.796702421012	0.282985087739	-0.534026864934	0.526165637676
-0.124209947676	0.941411155826	0.313555297490	-0.290129022173
0.591470321531	-0.183478815680	0.785174109955	0.660630449309
0.000000000000	0.000000000000	0.000000000000	1.000000000000
12	14	66
0.704173039692	0.059786619915	-0.707506812865	0.311868134943
0.014570840525	0.995021976873	0.098584766301	-0.015252565544
0.709878877540	-0.079729703494	0.699796508711	0.348418564360
0.000000000000	0.000000000000	0.000000000000	1.000000000000
12	15	66
0.367854069644	0.327451972794	-0.870320968931	0.383946112648
0.025707913712	0.932007225023	0.361526811838	0.021737986482
0.929528098886	-0.155363245391	0.334424543600	0.604780272175
0.000000000000	0.000000000000	0.000000000000	1.000000000000
12	51	66
0.889681561024	-0.072698242764	0.450756791931	-0.245183234152
-0.039591594410	0.971240463229	0.234786005204	0.118885621408
-0.454861765403	-0.226730959700	0.861216492113	-1.342157711187
0.000000000000	0.000000000000	0.000000000000	1.000000000000
12	52	66
0.826770748747	-0.177920760986	0.533661251944	-0.461845860036
0.040954019249	0.965185160638	0.258341583939	0.100883825339
-0.561046252392	-0.191733691601	0.805273428210	-0.788929277944
0.000000000000	0.000000000000	0.000000000000	1.000000000000
12	57	66
0.739266398673	0.273751562792	-0.615260329993	-0.291641972376
0.034662175986	0.896965056665	0.440740536686	0.044027644887
0.672520427459	-0.347150931140	0.653607302330	0.156887835454
0.000000000000	0.000000000000	0.000000000000	1.000000000000
13	53	66
-0.485408891464	0.172293414078	-0.857142454644	1.975513477820
0.226196811767	-0.922260812325	-0.313480456162	1.504475694982
-0.844519514537	-0.346049091192	0.408701377598	0.101511371506
0.000000000000	0.000000000000	0.000000000000	1.000000000000
13	58	66
-0.850628924484	-0.274939976227	0.448150022094	-0.592735964964
-0.058981619460	-0.797093155699	-0.600968942378	2.116144999802
0.522447702069	-0.537634179168	0.661814088694	0.010214802684
0.000000000000	0.000000000000	0.000000000000	1.000000000000
14	18	66
0.536511938213	0.246706616901	-0.807025888886	0.594671241694
-0.093917134264	0.967828101270	0.233427372609	0.054333808073
0.838650411105	-0.049443013349	0.542421308933	0.196659814548
0.000000000000	0.000000000000	0.000000000000	1.000000000000
14	55	66
0.491794022840	-0.150246962293	0.857650563703	-0.818895334649
0.118353387423	0.987392756702	0.105109560446	0.011393952903
-0.862630346547	0.049813595868	0.503376092879	0.187936900574
0.000000000000	0.000000000000	0.000000000000	1.000000000000
14	61	66
0.723633891691	-0.538856935138	-0.431262326490	1.442457703206
0.071889127171	-0.562605213682	0.823594151832	-1.599025654071
-0.686429853802	-0.626983713497	-0.368382245525	2.507059070153
0.000000000000	0.000000000000	0.000000000000	1.000000000000
14	62	66
0.015417054868	0.481051700286	-0.876556658791	0.281118130906
-0.158397141844	0.866765798361	0.472892584258	-0.440728884900
0.987255113876	0.131553458499	0.089560190275	2.376978535957
0.000000000000	0.000000000000	0.000000000000	1.000000000000
14	63	66
-0.363200075652	0.361028880129	-0.858920166698	0.201974894933
-0.185690795250	0.875330662017	0.446447265299	-0.281642036715
0.913019514362	0.321643249341	-0.250880422805	2.667128306474
0.000000000000	0.000000000000	0.000000000000	1.000000000000
15	16	66
0.977360003829	0.010033558881	-0.211345098383	0.238163084326
-0.071477639867	0.955808118516	-0.285169752215	-0.002651315586
0.199144093343	0.293819958947	0.934885801481	-0.039309633173
0.000000000000	0.000000000000	0.000000000000	1.000000000000
15	17	66
0.944057420355	-0.056876521903	-0.324839419295	0.428537730379
-0.078487910960	0.917959972277	-0.388830473511	0.046258564888
0.320304909274	0.392574261196	0.862142804030	-0.148685789051
0.000000000000	0.000000000000	0.000000000000	1.000000000000
15	19	66
0.654847451888	0.226208134448	-0.721113510250	0.276102390590
-0.271338838841	0.960909656278	0.055026057538	0.036093179249
0.705372277094	0.159632428978	0.690628292446	-0.170300842382
0.000000000000	0.000000000000	0.000000000000	1.000000000000
15	55	66
0.126076353751	-0.135984818087	0.982656034569	-0.947716452087
0.380989071148	0.921232255183	0.078603178539	-0.164333522267
-0.915943273730	0.364471207725	0.167954333224	0.424241032863
0.000000000000	0.000000000000	0.000000000000	1.000000000000
15	60	66
0.866376739052	0.476388936622	0.149816311171	0.766585867384
0.069646990412	0.181803333668	-0.980865354977	2.213094975354
-0.494510508236	0.860233182882	0.124331123671	1.912366160212
0.000000000000	0.000000000000	0.000000000000	1.000000000000
15	61	66
0.333278572357	0.480301769541	-0.811317202691	0.353947783552
-0.353584258331	0.861381375255	0.364692059997	-1.060932283564
0.874015769576	0.165324942279	0.456907099959	2.657553221416
0.000000000000	0.000000000000	0.000000000000	1.000000000000
15	63	66
-0.193985882454	0.462982791586	-0.864879420557	0.693979785248
-0.370699664345	0.781663613939	0.501581253138	-1.107237494480
0.908268262279	0.417910192912	0.019995859506	2.615255232021
0.000000000000	0.000000000000	0.000000000000	1.000000000000
15	64	66
-0.209605028099	0.527905885779	-0.823031656715	0.257082937655
-0.280290662484	0.773964854086	0.567816474896	-0.951857284624
0.936751235238	0.349705276482	-0.014259834534	2.199411861476
0.000000000000	0.000000000000	0.000000000000	1.000000000000
16	18	66
0.900296554872	0.111945737289	-0.420635549126	0.242759467599
0.000439482879	0.966128522469	0.258061010087	0.019290920199
0.435276831615	-0.232516300450	0.869752982107	0.027080838212
0.000000000000	0.000000000000	0.000000000000	1.000000000000
16	19	66
0.818522111470	0.170535253039	-0.548579329273	-0.086260905469
-0.022841290749	0.963828764725	0.265541687360	-0.049677034324
0.574020756133	-0.204821482662	0.792810400896	-0.147034213430
0.000000000000	0.000000000000	0.000000000000	1.000000000000
16	57	66
0.728789809688	-0.321234169432	0.604709865708	-0.925732439094
0.058580247191	0.909138901184	0.412352777355	-0.212381350313
-0.682227064791	-0.265094448721	0.681389143826	0.673522638333
0.000000000000	0.000000000000	0.000000000000	1.000000000000
16	58	66
0.962781475206	-0.144688823271	0.228291426515	-0.487674280439
0.031713671737	0.899285423533	0.436210923805	-0.231404129330
-0.268413997446	-0.412735837361	0.870403960545	1.293731317927
0.000000000000	0.000000000000	0.000000000000	1.000000000000
16	61	66
0.993783646049	0.029657537467	0.107305616429	0.121029969389
-0.077010375725	0.879182857455	0.470220060385	-0.449785451778
-0.080395689415	-0.475560651893	0.876001483729	1.299522717074
0.000000000000	0.000000000000	0.000000000000	1.000000000000
16	62	66
0.381135300847	0.296359706108	-0.875732154853	1.219393320756
-0.103221031095	0.954948093121	0.278243702866	-0.015297761629
0.918738973369	-0.015654521413	0.394554983205	2.366099553322
0.000000000000	0.000000000000	0.000000000000	1.000000000000
16	63	66
0.141240731868	0.443989266398	-0.884830258854	2.060226543472
0.086026258156	0.884904826201	0.457758595195	-0.179586772341
0.986230469297	-0.140772795277	0.086789870036	3.118948900022
0.000000000000	0.000000000000	0.000000000000	1.000000000000
16	64	66
0.101833474934	0.485748929031	-0.868146255725	1.485719490638
0.057680633375	0.868331654563	0.492618597109	-0.310463458732
0.993127830602	-0.100240289453	0.060406923891	2.792157830102
0.000000000000	0.000000000000	0.000000000000	1.000000000000
17	20	66
0.748540640580	0.262100374182	-0.609089733335	-0.219287103975
0.032780223294	0.902814203804	0.428779629146	-0.054744337013
0.662278163887	-0.340925075733	0.667201413649	-0.147516759003
0.000000000000	0.000000000000	0.000000000000	1.000000000000
17	57	66
0.717586680665	-0.372395067198	0.588550142009	-0.722889280735
0.144042351375	0.906131151082	0.397716152612	0.087284299377
-0.681411151026	-0.200619667442	0.703868306072	0.773894027764
0.000000000000	0.000000000000	0.000000000000	1.000000000000
17	58	66
0.904453618211	-0.127722082420	0.407002115679	-0.583497073893
-0.098213716437	0.866139004608	0.490058456309	0.014755701652
-0.415111693895	-0.483208334322	0.770838496206	1.517918103347
0.000000000000	0.000000000000	0.000000000000	1.000000000000
17	61	66
-0.315965236188	0.946293883271	0.068511721660	-1.949522910373
-0.888278108533	-0.320419298142	0.329079740001	-0.263469356780
0.333358622840	0.043120295246	0.941813499965	1.796655336313
0.000000000000	0.000000000000	0.000000000000	1.000000000000
17	62	66
0.421994910465	0.409841098924	-0.808672102385	1.286534452611
0.003935407960	0.891148614502	0.453694456034	0.061579350198
0.906589658063	-0.194639205981	0.374447287864	2.575496445973
0.000000000000	0.000000000000	0.000000000000	1.000000000000
17	63	66
0.223296484314	0.436279209896	-0.871664574883	2.254706181254
0.048539069968	0.888157500449	0.456968503382	0.142261979670
0.973541287660	-0.144349248037	0.177145860273	3.070293320545
0.000000000000	0.000000000000	0.000000000000	1.000000000000
17	65	66
0.282851581725	0.363157632991	-0.887756451014	0.999270122298
-0.000219594802	0.925577098874	0.378559091580	0.309741305423
0.959163664081	-0.106881091128	0.261880693953	2.372309122588
0.000000000000	0.000000000000	0.000000000000	1.000000000000
18	21	66
0.947044576530	0.074602463442	-0.312315613625	-0.725232778174
-0.047287821220	0.994434609691	0.094147060568	0.218984964823
0.317601057980	-0.074392738206	0.945301691775	-0.485900772599
0.000000000000	0.000000000000	0.000000000000	1.000000000000
18	34	66
0.971726595989	-0.042117926053	0.232321981207	-0.267687741680
-0.003738448561	0.981093107168	0.193500230153	0.168945958538
-0.236079322791	-0.188897843746	0.953196809677	-0.860119389043
0.000000000000	0.000000000000	0.000000000000	1.000000000000
18	56	66
0.995681765443	0.044039201440	0.081721298939	-0.784808573059
-0.045073328128	0.998924736004	0.010852045486	0.159103052862
-0.081155511551	-0.014488634730	0.996596138066	0.622905850886
0.000000000000	0.000000000000	0.000000000000	1.000000000000
18	57	66
0.473236568726	-0.418779344110	0.775029683926	-0.523515226656
0.385850606343	0.889436049940	0.244995556393	-0.133687947971
-0.791938419074	0.183104817016	0.582499928224	0.883845650631
0.000000000000	0.000000000000	0.000000000000	1.000000000000
18	58	66
0.807806295612	-0.256840882646	0.530548536678	0.007165846323
0.138842913193	0.957660738025	0.252207367660	-0.640031491911
-0.572862666112	-0.130071794973	0.809264909611	1.327088233962
0.000000000000	0.000000000000	0.000000000000	1.000000000000
18	61	66
0.906975991909	0.221222681670	-0.358406299074	1.597376252373
-0.148075577797	0.964111173787	0.220370750868	-0.669956839366
0.394294526162	-0.146799760535	0.907183364566	1.950468941701
0.000000000000	0.000000000000	0.000000000000	1.000000000000
18	65	66
0.598944918414	0.235318766243	-0.765434558248	0.594931538115
-0.083404066867	0.968981813629	0.232632771738	-0.519789868537
0.796435023298	-0.075493861410	0.599993275423	1.706330493085
0.000000000000	0.000000000000	0.000000000000	1.000000000000
19	22	66
0.999662759637	-0.009587843668	-0.024133798891	-1.346946474198
0.010607765630	0.999040401183	0.042494142099	0.096518398311
0.023703212934	-0.042735817041	0.998805190034	-0.286839579183
0.000000000000	0.000000000000	0.000000000000	1.000000000000
19	23	66
0.997242586033	-0.010566812166	-0.073454523906	-1.715185227799
-0.007894912643	0.969087201968	-0.246592103151	0.118472770656
0.073789531480	0.246492063692	0.966331603323	-0.206993888564
0.000000000000	0.000000000000	0.000000000000	1.000000000000
19	24	66
0.891261756521	-0.258647618379	-0.372496833369	-1.288865349112
0.300921151847	0.951815972193	0.059100046107	-0.452488844847
0.339262349421	-0.164765787061	0.926149714506	0.097601223427
0.000000000000	0.000000000000	0.000000000000	1.000000000000
19	33	66
0.989598874719	-0.093189983992	0.109588749602	-0.503093764929
0.058300668622	0.956246844104	0.286693224856	-0.097496736154
-0.131510832992	-0.277322195332	0.951733839254	-0.216235980836
0.000000000000	0.000000000000	0.000000000000	1.000000000000
19	34	66
0.554923284395	-0.297514038751	0.776881937737	-2.679051936571
0.169674417790	0.954709817947	0.244417175057	0.015381393144
-0.814414354235	-0.003815791068	0.580271229129	0.659362026193
0.000000000000	0.000000000000	0.000000000000	1.000000000000
19	62	66
0.903903722509	0.188532202053	-0.383944877844	2.392461999923
-0.123268740094	0.974356136915	0.188241696157	-0.425760970214
0.409588669459	-0.122823968530	0.903964266221	1.141400528620
0.000000000000	0.000000000000	0.000000000000	1.000000000000
20	24	66
0.996630253123	-0.081978045325	-0.002781841963	-1.694437638804
0.081851525281	0.996153557311	-0.031279674964	-0.236058309717
0.005335388379	0.030946572370	0.999506800022	0.454926642563
0.000000000000	0.000000000000	0.000000000000	1.000000000000
20	25	66
0.998381894586	-0.026728183977	0.050191600338	-0.245857023595
0.021496609343	0.994549777187	0.102022725331	-0.344862075526
-0.052644927105	-0.100778692582	0.993515056137	0.310020781313
0.000000000000	0.000000000000	0.000000000000	1.000000000000
20	32	66
0.990171880220	0.121062166693	-0.070025705401	-0.278731802646
-0.100459088491	0.964019765886	0.246117578651	-0.072129129400
0.097301691459	-0.236663987073	0.966707059073	0.308137649440
0.000000000000	0.000000000000	0.000000000000	1.000000000000
20	33	66
0.950645011170	-0.074728640791	0.301147294497	-0.023562676652
0.004924301858	0.974075701981	0.226168693815	-0.311198202735
-0.310241541365	-0.213523200276	0.926368192975	0.580580335879
0.000000000000	0.000000000000	0.000000000000	1.000000000000
20	35	66
0.049715675531	-0.450881778068	0.891198055323	-2.258094246866
0.371247980806	0.836710402757	0.402604816993	-0.172935674215
-0.927201859551	0.310839708088	0.208986572587	0.735490083646
0.000000000000	0.000000000000	0.000000000000	1.000000000000
20	63	66
0.796327822149	0.284149950155	-0.533967045329	3.016565464390
-0.199425576416	0.956765364641	0.211729725108	-0.509878954101
0.571044165667	-0.062119585078	0.818565646731	1.009589634984
0.000000000000	0.000000000000	0.000000000000	1.000000000000
21	25	66
0.997667966839	0.013194184359	0.066966718923	-0.019696702794
-0.011225248257	0.999496023288	-0.029693319657	-0.263745022475
-0.067324748390	0.028872355806	0.997313273412	0.479579278927
0.000000000000	0.000000000000	0.000000000000	1.000000000000
21	32	66
0.973939890514	0.161625411420	-0.159117302795	0.256094884948
-0.133138745191	0.975376935315	0.175823515446	-0.142283527924
0.183616895177	-0.150056857351	0.971477110058	0.413277471208
0.000000000000	0.000000000000	0.000000000000	1.000000000000
21	35	66
0.024494269327	-0.433301978435	0.900915881897	-1.957750222292
0.409484863724	0.826466392756	0.386361809740	-0.313366709345
-0.911988035640	0.359447766900	0.197674292005	0.950214258513
0.000000000000	0.000000000000	0.000000000000	1.000000000000
21	47	66
0.796726761133	0.282066616991	-0.534476277934	-0.609143090918
-0.142972760592	0.947265095259	0.286788474373	-0.326614237840
0.587184177089	-0.152076503390	0.795039294182	0.992113217017
0.000000000000	0.000000000000	0.000000000000	1.000000000000
21	48	66
-0.762436131082	-0.481669285345	0.432071574599	-1.837842205995
-0.200517207330	-0.458993772486	-0.865515780552	1.639878982047
0.615210529482	-0.746538288619	0.253370456131	1.374260768285
0.000000000000	0.000000000000	0.000000000000	1.000000000000
21	63	66
0.762445651852	0.417379459759	-0.494440102078	3.221753830421
-0.270972674564	0.899870141554	0.341771177808	-1.324046997290
0.587580154201	-0.126602191576	0.799200505178	1.190312282867
0.000000000000	0.000000000000	0.000000000000	1.000000000000
21	64	66
0.740480690541	0.374051335149	-0.558367213945	2.672684045520
-0.366309775316	0.921180155618	0.131317437545	-0.700114952954
0.563476259876	0.107297341851	0.819134778280	1.251920991809
0.000000000000	0.000000000000	0.000000000000	1.000000000000
21	65	66
0.807688498238	0.161650828695	-0.567017018612	2.031454008035
-0.119499431285	0.986604201175	0.111049701247	-0.776764939391
0.577372648933	-0.021935355177	0.816186047698	1.574925529625
0.000000000000	0.000000000000	0.000000000000	1.000000000000
22	25	66
0.459930501361	0.511812595706	-0.725611329015	2.257093932184
-0.330164881910	0.857153809669	0.395320752457	-1.059356928293
0.824290655455	0.057751306881	0.563213726646	1.538990724015
0.000000000000	0.000000000000	0.000000000000	1.000000000000
22	26	66
0.998362744021	-0.054150539173	0.018426894983	0.328957729269
0.056239778250	0.988051800866	-0.143494690314	-0.401059653667
-0.010436411924	0.144296077262	0.989479521462	0.790064993628
0.000000000000	0.000000000000	0.000000000000	1.000000000000
22	27	66
-0.690521805636	-0.341255801674	0.637749256185	-0.845381213669
-0.148513025856	-0.796030426392	-0.586753305410	1.714459624527
0.707900781954	-0.499880023688	0.498995435676	1.771514319185
0.000000000000	0.000000000000	0.000000000000	1.000000000000
22	32	66
-0.584630577687	-0.445624365342	0.677957235117	-1.276700094351
-0.218158569956	-0.718515532976	-0.660410680734	1.566302916652
0.781417894592	-0.533998458692	0.322849376840	1.623093084859
0.000000000000	0.000000000000	0.000000000000	1.000000000000
22	35	66
0.117084340712	-0.404157555733	0.907164774064	-1.389569868778
0.272616198797	0.891437860197	0.361965398293	-0.168531702833
-0.954972075672	0.204927332368	0.214553310706	0.817847972760
0.000000000000	0.000000000000	0.000000000000	1.000000000000
22	48	66
0.929711736714	0.243516596159	-0.276289257865	-0.256754825023
-0.114709451649	0.904351775979	0.411083455015	0.018689415006
0.349968324736	-0.350496123630	0.868720115458	0.407818051541
0.000000000000	0.000000000000	0.000000000000	1.000000000000
22	64	66
0.638743694173	0.316801562408	-0.701172777004	4.530059899917
-0.194987503298	0.948201458496	0.250786498167	-0.640159631948
0.744302604263	-0.023468365120	0.667430048114	1.628346289041
0.000000000000	0.000000000000	0.000000000000	1.000000000000
23	26	66
0.936415699410	-0.111370244446	0.332749615402	-0.950221504324
0.077622428577	0.990548014905	0.113090179725	-0.022257328090
-0.342199351957	-0.080070586488	0.936209541022	1.033410721394
0.000000000000	0.000000000000	0.000000000000	1.000000000000
23	28	66
0.967230146087	0.126128181693	-0.220357723449	-0.282904478237
-0.005459318752	0.878018063913	0.478596359453	0.109399707990
0.253842550294	-0.461709823619	0.849934114173	0.704988106457
0.000000000000	0.000000000000	0.000000000000	1.000000000000
23	31	66
-0.734341650719	-0.651201865086	0.191516241940	0.776627997640
-0.639359901829	0.758343653645	0.127018970665	1.311339527743
-0.227950117244	-0.029172485055	-0.973235690963	3.927089073427
0.000000000000	0.000000000000	0.000000000000	1.000000000000
23	34	66
0.403091220417	-0.387010302706	0.829301208019	-1.050737665575
0.065982583117	0.916113730152	0.395451554747	0.152886470037
-0.912778049006	-0.104683613932	0.394813340994	1.148343543741
0.000000000000	0.000000000000	0.000000000000	1.000000000000
23	64	66
0.857055221368	0.241421085088	-0.455161737408	0.223934762115
-0.072404645939	0.931093372189	0.357523005570	0.140745408584
0.510111668923	-0.273461134241	0.815478444404	1.755769904281
0.000000000000	0.000000000000	0.000000000000	1.000000000000
24	28	66
0.957264812645	0.111197753516	-0.266981531355	-0.720567610401
-0.054276621748	0.975802086908	0.211812028737	-0.109327255470
0.284074157225	-0.188269346414	0.940136440309	0.514283446980
0.000000000000	0.000000000000	0.000000000000	1.000000000000
24	29	66
0.704300196387	0.404030727431	-0.583712604507	-0.491557080132
-0.211109806226	0.904246971702	0.371173899787	-0.148139331620
0.677786015704	-0.138190395684	0.722156168330	0.410802470877
0.000000000000	0.000000000000	0.000000000000	1.000000000000
24	31	66
0.729206532760	0.351929671615	-0.586858874702	-0.557104763497
-0.108038667052	0.906066959643	0.409109167661	-0.230226640733
0.675711091371	-0.234921627100	0.698731958708	0.333870190654
0.000000000000	0.000000000000	0.000000000000	1.000000000000
24	34	66
0.403545928916	-0.440672681870	0.801846787553	-0.502386168223
0.332254563038	0.887128701564	0.320327289193	-0.121685214687
-0.852500785100	0.137150480547	0.504412685298	0.682022650868
0.000000000000	0.000000000000	0.000000000000	1.000000000000
24	65	66
0.808099309100	0.157858227766	-0.567500032210	3.476056477842
-0.110583951658	0.986948171687	0.117066203658	-0.304041089604
0.578572982663	-0.031844722167	0.815008722286	0.994976222055
0.000000000000	0.000000000000	0.000000000000	1.000000000000
25	29	66
0.747797460321	0.392848383755	-0.535228087565	-0.088323132529
-0.248297225678	0.913135000776	0.323315570424	0.019710749278
0.615749499438	-0.108878913198	0.780383198309	-0.036272670905
0.000000000000	0.000000000000	0.000000000000	1.000000000000
25	31	66
0.717397269420	0.393355560741	-0.574989183083	-0.022200149016
-0.229212541326	0.912666102572	0.338381731355	0.072383870368
0.657877472427	-0.110959398206	0.744906197600	-0.079277658573
0.000000000000	0.000000000000	0.000000000000	1.000000000000
26	28	66
0.920086105883	0.224639875446	-0.320902608467	0.258444559784
-0.077044080726	0.906999941609	0.414023327298	0.074154089524
0.384064795818	-0.356213464486	0.851825217009	-0.198311518606
0.000000000000	0.000000000000	0.000000000000	1.000000000000
26	33	66
0.924737778586	-0.060230655532	0.375808872953	0.104486516954
-0.085626655566	0.929163833577	0.359614580112	-0.024353389586
-0.370847834984	-0.364728444883	0.854075549809	0.073386755284
0.000000000000	0.000000000000	0.000000000000	1.000000000000
27	29	66
0.649605833440	0.509490688115	-0.564297350591	0.338923886831
-0.346271702717	0.859051251929	0.376997154441	0.073010778810
0.676836885119	-0.049499346288	0.734466912569	-0.322987900942
0.000000000000	0.000000000000	0.000000000000	1.000000000000
27	30	66
0.416579415917	0.561149143088	-0.715243475641	0.545785560273
-0.314128586748	0.827150468674	0.465988554753	0.285046616474
0.853103054280	0.030557182220	0.520846846388	-0.509566968909
0.000000000000	0.000000000000	0.000000000000	1.000000000000
27	31	66
0.642415630729	0.470288802183	-0.605087266381	0.391442067635
-0.281042908821	0.879128565262	0.384899791038	0.113055121822
0.712963562039	-0.077210156593	0.696937264697	-0.330796666567
0.000000000000	0.000000000000	0.000000000000	1.000000000000
28	33	66
0.777802462810	-0.191675073050	0.598568287848	0.177512350064
0.215795840495	0.975910879311	0.032095340282	-0.047277629828
-0.590301180815	0.104204712054	0.800428568902	0.191758372609
0.000000000000	0.000000000000	0.000000000000	1.000000000000
30	32	66
0.589408480124	-0.375496243957	0.715262339517	0.135300571867
0.468102269884	0.880362603343	0.076432660326	-0.224269037311
-0.658390392159	0.289765866536	0.694663828124	0.332751785232
0.000000000000	0.000000000000	0.000000000000	1.000000000000
33	34	66
0.703819080449	-0.352427694174	0.616792852079	0.018527615768
0.371746819153	0.922606121086	0.102967217040	0.004177261680
-0.605345359646	0.156820488823	0.780361666050	0.046734397625
0.000000000000	0.000000000000	0.000000000000	1.000000000000
33	65	66
0.558912350622	0.222431647194	-0.798837371840	0.398124942453
-0.238559448510	0.965756440030	0.101999451310	-0.736984808817
0.794170242359	0.133561449782	0.592836373111	1.084566282298
0.000000000000	0.000000000000	0.000000000000	1.000000000000
34	36	66
0.752636694692	-0.289911434444	0.591176256274	0.071915531120
0.323671169367	0.944780783519	0.051246904428	0.143373300310
-0.573389030174	0.152776409408	0.804912659115	-0.247990929414
0.000000000000	0.000000000000	0.000000000000	1.000000000000
34	37	66
0.704159394794	-0.296027157913	0.645389392926	0.065930343071
0.297951085487	0.948238882025	0.109855237800	0.183821733669
-0.644503450247	0.114938872420	0.755912930321	-0.300722518535
0.000000000000	0.000000000000	0.000000000000	1.000000000000
34	38	66
0.534941502115	-0.372237193661	0.758470210997	-0.054671124005
0.367467471658	0.910866102674	0.187857925766	0.066089536774
-0.760792512179	0.178220129770	0.624045141602	-0.185754929248
0.000000000000	0.000000000000	0.000000000000	1.000000000000
34	46	66
0.072072474600	-0.276530014888	0.958298862188	-0.622632398291
0.490212010730	0.846563372693	0.207418997565	-0.189873536407
-0.868618295307	0.454820411679	0.196572251802	0.230266232964
0.000000000000	0.000000000000	0.000000000000	1.000000000000
34	47	66
-0.101375240625	-0.527463676318	0.843507635267	-0.815658740114
0.520332783834	0.694545934275	0.496849815589	-0.264043052405
-0.847925028912	0.489272945653	0.204046881857	0.638643759784
0.000000000000	0.000000000000	0.000000000000	1.000000000000
34	48	66
-0.191586967618	-0.613726449072	0.765920543887	-1.132311384606
0.437806457878	0.644995945202	0.626343145659	-0.357864840524
-0.878418999840	0.455324144300	0.145120585507	0.914460127340
0.000000000000	0.000000000000	0.000000000000	1.000000000000
34	49	66
-0.134121404048	-0.552367553979	0.822740259308	-0.849407269376
0.476549925584	0.691986177363	0.542268659213	-0.523795528856
-0.868856499890	0.464806643294	0.170420559054	1.014858223489
0.000000000000	0.000000000000	0.000000000000	1.000000000000
34	63	66
0.968864158049	0.104771075638	-0.224332933288	0.097909415393
-0.126101563260	0.988544723403	-0.082932053965	-0.122487735165
0.213074256989	0.108638628218	0.970977347556	0.377294622162
0.000000000000	0.000000000000	0.000000000000	1.000000000000
34	64	66
-0.021527739860	-0.175175419089	-0.984301848502	2.565960546713
0.143512131798	0.973792502550	-0.176443843770	0.412179796930
0.989414384595	-0.145057693780	0.004176246160	4.053505373362
0.000000000000	0.000000000000	0.000000000000	1.000000000000
35	39	66
0.856572339652	0.219337345939	-0.467092020505	0.782786864995
-0.194536628666	0.975640814315	0.101392808178	-0.113491569770
0.477953268688	0.004016232020	0.878376082797	-0.027579170568
0.000000000000	0.000000000000	0.000000000000	1.000000000000
35	44	66
0.260995623715	-0.298214085205	0.918122891440	-0.719838415445
0.518664997317	0.845466481904	0.127173301186	0.043596873228
-0.814167000657	0.443006531963	0.375336259477	-0.250560785109
0.000000000000	0.000000000000	0.000000000000	1.000000000000
35	50	66
0.245739411249	-0.170183081601	0.954279760079	-1.318015675328
0.464558249197	0.884720485421	0.038148339134	-0.482448239331
-0.850763054477	0.433943984187	0.296470645638	1.143394179064
0.000000000000	0.000000000000	0.000000000000	1.000000000000
35	51	66
0.418588294663	-0.222323231437	0.880543139394	-1.165135607307
0.388620029558	0.920168399855	0.047587693099	-0.733287671329
-0.820827821286	0.322277049557	0.471570982071	1.364672728355
0.000000000000	0.000000000000	0.000000000000	1.000000000000
35	52	66
0.884253753771	0.070919492838	-0.461590429360	1.341285706603
-0.106010604025	0.993081698302	-0.050502399260	0.409692872825
0.454815402966	0.093590416349	0.885654437798	-1.500824376114
0.000000000000	0.000000000000	0.000000000000	1.000000000000
36	44	66
0.580904301492	-0.221741462741	0.783186386635	-0.591300871663
0.418144427793	0.906809427210	-0.053403185559	0.200668544893
-0.698359098182	0.358507163699	0.619489453956	-0.343985242580
0.000000000000	0.000000000000	0.000000000000	1.000000000000
36	50	66
0.570689949700	-0.133020857488	0.810319957044	-1.579404052346
0.319278480050	0.945093112063	-0.069715577232	-0.313349292453
-0.756554184106	0.298503703503	0.581825837779	0.815473479977
0.000000000000	0.000000000000	0.000000000000	1.000000000000
36	51	66
0.644949432208	-0.134066738661	0.752373803025	-1.597292465274
0.303303829028	0.948541083824	-0.090975818734	-0.471383178683
-0.701460631248	0.286872657955	0.652423988620	1.159958714444
0.000000000000	0.000000000000	0.000000000000	1.000000000000
36	52	66
0.692537594363	-0.202638118488	0.692336242970	-1.495062906371
0.361645164382	0.927946873841	-0.090151951766	-0.514031242732
-0.624183030427	0.312813670199	0.715921191378	1.126890952938
0.000000000000	0.000000000000	0.000000000000	1.000000000000
36	53	66
0.698816444126	-0.230171161390	0.677256830075	-1.361037728738
0.381324602151	0.920931539155	-0.080477624122	-0.766712596892
-0.605183546714	0.314493778403	0.731332030019	1.221160498343
0.000000000000	0.000000000000	0.000000000000	1.000000000000
37	44	66
0.564373670467	-0.296739276228	0.770342886010	-0.786819888269
0.482516080170	0.875737909128	-0.016166226924	0.127273220561
-0.669821313830	0.380826622572	0.637424890540	-0.310493588688
0.000000000000	0.000000000000	0.000000000000	1.000000000000
37	50	66
0.618080442114	-0.186971381266	0.763556330380	-1.682916852278
0.345681585376	0.936998510589	-0.050378891275	-0.441209726524
-0.706031733428	0.295085570202	0.643773017181	0.722193540653
0.000000000000	0.000000000000	0.000000000000	1.000000000000
37	51	66
0.707016350133	-0.175796011025	0.684999009600	-1.731324773507
0.323512333331	0.941718215143	-0.092231087224	-0.566825041274
-0.628862187468	0.286814514583	0.722682353041	1.027887045142
0.000000000000	0.000000000000	0.000000000000	1.000000000000
37	52	66
0.579280310423	-0.272706376952	0.768157245573	-1.887701777389
0.474678208411	0.878960738988	-0.045919688332	-0.831419733104
-0.662657468392	0.391227876418	0.638612424165	1.544926337287
0.000000000000	0.000000000000	0.000000000000	1.000000000000
37	53	66
0.977121240290	-0.090837673136	0.192308603328	-0.609635030159
0.160750168418	0.907480981728	-0.388120665716	0.335298551699
-0.139260421973	0.410154586639	0.901321113661	0.288413285016
0.000000000000	0.000000000000	0.000000000000	1.000000000000
38	40	66
-0.387808719487	0.432737958217	-0.813844123041	2.215280244842
-0.304604858828	0.773169781604	0.556259264006	-1.200514756361
0.869954181016	0.463623067084	-0.168027898278	2.374532760641
0.000000000000	0.000000000000	0.000000000000	1.000000000000
38	43	66
0.204908849215	-0.282115312616	0.937242398689	-0.822434185997
0.482224226403	0.862378585042	0.154152429530	-0.348208988219
-0.851746534471	0.420373793722	0.312751841831	0.588987710489
0.000000000000	0.000000000000	0.000000000000	1.000000000000
38	51	66
0.857128312324	-0.132026260061	0.497895694767	-1.698095573982
0.243520265848	0.955615582848	-0.165821403741	-0.353177169275
-0.453904104779	0.263377911890	0.851236241706	0.699640947614
0.000000000000	0.000000000000	0.000000000000	1.000000000000
38	52	66
0.533005578920	0.211771283036	-0.819181284284	1.937411270710
-0.327304175620	0.944404431302	0.031180871686	0.199875473669
0.780241648121	0.251501876371	0.572686455854	-0.509228131318
0.000000000000	0.000000000000	0.000000000000	1.000000000000
39	41	66
0.446262386325	-0.360795414421	0.818948442507	-0.064243056415
0.418270623226	0.893109783444	0.165543349195	0.163357616283
-0.791138147416	0.268666305385	0.549471426057	-0.405163107222
0.000000000000	0.000000000000	0.000000000000	1.000000000000
39	42	66
-0.460661128603	0.200735246858	-0.864578906325	2.215595457513
-0.249928809959	0.905337741873	0.343364475584	-2.077055953178
0.851661267492	0.374257844018	-0.366884384574	3.654105121654
0.000000000000	0.000000000000	0.000000000000	1.000000000000
39	48	66
-0.926570370158	0.247935064643	-0.282834850867	-0.109473948306
0.136053389718	-0.480118969633	-0.866588281795	1.445647451881
-0.350651998840	-0.841435665229	0.411131605438	0.901625400219
0.000000000000	0.000000000000	0.000000000000	1.000000000000
39	49	66
0.985961967510	-0.026856559420	0.164796006745	-1.308183878994
-0.006482911258	0.980077711449	0.198508567527	0.296370377241
-0.166844150286	-0.196790255694	0.966145240002	-0.789946419517
0.000000000000	0.000000000000	0.000000000000	1.000000000000
39	50	66
0.993063527968	-0.024011359910	0.115101190327	-1.380591436799
0.049937008569	0.972381010868	-0.227994440457	0.293655398478
-0.106447755235	0.232160772525	0.966835172667	-0.437149009894
0.000000000000	0.000000000000	0.000000000000	1.000000000000
39	51	66
0.969008825422	0.246462152011	0.016682442273	-1.624760010182
-0.245129322296	0.967725926264	-0.058464920996	-0.105869602769
-0.030553422147	0.052563668654	0.998150063434	-0.270540269242
0.000000000000	0.000000000000	0.000000000000	1.000000000000
39	52	66
0.995526397176	-0.084247736527	0.042772788261	-1.846372462159
0.090808171076	0.978181210835	-0.186856615712	0.066607707133
-0.026097290883	0.189904812102	0.981455599479	-0.021700236119
0.000000000000	0.000000000000	0.000000000000	1.000000000000
39	53	66
0.996311138063	0.006865980168	0.085539315453	-2.078364127418
0.010916415676	0.978555555715	-0.205693597976	0.020446366712
-0.085117260533	0.205868605416	0.974870847478	0.249900413971
0.000000000000	0.000000000000	0.000000000000	1.000000000000
40	45	66
0.724237672596	-0.004801119469	-0.689533714074	1.355766078407
-0.167033757778	0.968972397953	-0.182187309567	-0.078701646885
0.669013839434	0.247122320434	0.700964365277	-0.441439712442
0.000000000000	0.000000000000	0.000000000000	1.000000000000
40	46	66
-0.668551573251	-0.216293129957	0.711516743188	-1.721103766727
-0.385332420150	-0.717560700362	-0.580194421963	2.095938014692
0.636048520071	-0.662060362225	0.396381579902	0.608197608983
0.000000000000	0.000000000000	0.000000000000	1.000000000000
40	47	66
-0.600734741815	0.437033313594	-0.669417398030	-0.137044484984
0.270892622688	-0.676532940161	-0.684777604665	1.545680900195
-0.752153546126	-0.592709932164	0.288027740615	0.945218127673
0.000000000000	0.000000000000	0.000000000000	1.000000000000
40	48	66
0.445883846983	-0.556272395383	0.701247899914	-1.032838661832
0.409705569567	0.823386837736	0.392651832682	0.017813222635
-0.795819666297	0.112228060561	0.595042789350	0.269190240671
0.000000000000	0.000000000000	0.000000000000	1.000000000000
40	49	66
0.471868943125	-0.467118365119	0.747756734161	-1.062267359398
0.393427910067	0.870552004424	0.295556571867	-0.202103950602
-0.789021026396	0.154724401959	0.594563856406	0.579005248425
0.000000000000	0.000000000000	0.000000000000	1.000000000000
41	44	66
0.587741754053	0.181236774022	-0.788487705856	0.587854190668
-0.275901690531	0.961064937184	0.015246103664	0.028408550527
0.760551042143	0.208584319298	0.614861524278	0.075380159753
0.000000000000	0.000000000000	0.000000000000	1.000000000000
42	44	66
0.650056036031	0.190251363770	-0.735684421885	1.292254294884
0.128263289011	0.926787658295	0.353005899559	-0.196903364337
0.748983096413	-0.323834919388	0.578061645738	0.500800530852
0.000000000000	0.000000000000	0.000000000000	1.000000000000
43	45	66
0.597860521433	0.022049122937	-0.801296844553	1.057887876108
-0.101354608572	0.993678185397	-0.048279469617	-0.203947123894
0.795166674499	0.110079516909	0.596315738283	0.088233527882
0.000000000000	0.000000000000	0.000000000000	1.000000000000
43	46	66
-0.747971284278	-0.196770501820	0.633892993737	-1.940452433532
-0.166146445553	-0.869131314755	-0.465839152865	1.942344481830
0.642599654938	-0.453753377206	0.617392546236	0.120343182487
0.000000000000	0.000000000000	0.000000000000	1.000000000000
43	47	66
0.604397337456	-0.429848253201	0.670771449672	-0.839298852911
0.319294188950	0.902072549992	0.290372752602	0.040076608898
-0.729900732551	0.038672907451	0.682458296785	0.460542206965
0.000000000000	0.000000000000	0.000000000000	1.000000000000
43	48	66
0.545153630359	-0.499505700902	0.673276744046	-1.331754595169
0.222442105752	0.860510296749	0.458302889776	0.022298703733
-0.808286476997	-0.100080387466	0.580221412177	0.460639074029
0.000000000000	0.000000000000	0.000000000000	1.000000000000
44	48	66
0.998871711615	0.039973105115	-0.025640877558	-0.690360106687
-0.025788913572	0.909944212600	0.413928087828	0.383332273078
0.039877759105	-0.412799807199	0.909948396067	-0.539939890395
0.000000000000	0.000000000000	0.000000000000	1.000000000000
44	51	66
-0.303829487980	-0.947236625489	-0.102129415768	-0.777298287099
0.926693422032	-0.318712449886	0.199152393532	-0.893597113649
-0.221194357512	-0.034134288031	0.974632190411	-0.948261395278
0.000000000000	0.000000000000	0.000000000000	1.000000000000
47	50	66
0.997252711185	0.072719447438	0.014103616528	-0.716291888773
-0.063829024288	0.940215650078	-0.334545044809	-0.145038417711
-0.037588371784	0.332725732867	0.942274217516	0.167260788349
0.000000000000	0.000000000000	0.000000000000	1.000000000000
48	50	66
0.998726739900	0.027771229770	-0.042114816941	-0.607367688867
-0.044342767254	0.881345478061	-0.470386933592	-0.374669293332
0.024054479857	0.471655496203	0.881454749207	0.343338988089
0.000000000000	0.000000000000	0.000000000000	1.000000000000
49	51	66
0.990791197551	0.100209774884	-0.091053851505	-0.663311999303
-0.124979346172	0.935561431167	-0.330310416945	-0.290912243158
0.052086139103	0.338648504396	0.939470182913	0.449401391734
0.000000000000	0.000000000000	0.000000000000	1.000000000000
50	52	66
0.997532554808	-0.065809055844	0.024453430572	-0.878415583392
0.065641649784	0.997814412995	0.007587557723	-0.065992929637
-0.024899315481	-0.005963672315	0.999672175616	0.492829556172
0.000000000000	0.000000000000	0.000000000000	1.000000000000
51	55	66
0.969933136325	-0.001912654847	-0.243364033517	-0.670352835725
-0.029080133683	0.991894082182	-0.123695091081	-0.291568158809
0.241627930677	0.127053026268	0.962015317774	1.017146093074
0.000000000000	0.000000000000	0.000000000000	1.000000000000
51	56	66
0.722023322462	0.309481888791	-0.618791792392	-0.127701611241
-0.094882225362	0.930219078553	0.354527614165	-0.696500168720
0.685331806595	-0.197264863586	0.701004200032	1.794704047145
0.000000000000	0.000000000000	0.000000000000	1.000000000000
52	54	66
0.986573200161	0.081600377859	-0.141473315707	-0.368224450363
-0.100535630140	0.986095067729	-0.132321972749	-0.280103604634
0.128708615858	0.144768421049	0.981058712041	0.617076203531
0.000000000000	0.000000000000	0.000000000000	1.000000000000
52	56	66
0.570249075695	0.313919343718	-0.759124915484	0.305731643290
-0.147685928796	0.948223945846	0.281176483653	-0.425998350705
0.808087159968	-0.048228561695	0.587085298515	1.509271319015
0.000000000000	0.000000000000	0.000000000000	1.000000000000
53	56	66
0.512888504827	0.365499185601	-0.776759761407	0.509988403411
-0.217635030986	0.930634537631	0.294201207774	-0.298524551307
0.830409763252	0.018157717169	0.556857183130	1.203894577081
0.000000000000	0.000000000000	0.000000000000	1.000000000000
54	56	66
-0.410211462367	0.410375085143	-0.814443887347	1.405091416767
0.040718148581	-0.883908094302	-0.465884656545	1.367885501606
-0.911080999977	-0.224273873472	0.345879518270	1.935104716987
0.000000000000	0.000000000000	0.000000000000	1.000000000000
55	57	66
0.547225878499	0.345206564446	-0.762480337953	0.049047329802
-0.111429441646	0.932922850815	0.342400984172	0.054146944379
0.829534397982	-0.102407921038	0.548985701337	0.291786266208
0.000000000000	0.000000000000	0.000000000000	1.000000000000
57	59	66
-0.294999820802	0.500741999739	-0.813776723324	1.112129341841
-0.317647815926	0.751843049096	0.577781874554	-0.802548239136
0.901152024225	0.428939948271	-0.062733962196	1.608429451464
0.000000000000	0.000000000000	0.000000000000	1.000000000000
57	60	66
-0.501247175792	-0.468355122046	0.727595181687	-0.999138523734
0.364673780373	0.648195554251	0.668472555426	-1.201505801668
-0.784706507345	0.600404865989	-0.154109358016	2.648710852781
0.000000000000	0.000000000000	0.000000000000	1.000000000000
57	61	66
0.247527586334	0.462224288346	-0.851515590736	0.257121391787
-0.436933676796	0.837676520107	0.327699572387	-0.889218352362
0.864765318503	0.290941153714	0.409309404963	1.921180890780
0.000000000000	0.000000000000	0.000000000000	1.000000000000
57	62	66
-0.265646916135	0.492026139701	-0.829060910789	0.355493765121
-0.348335438617	0.752876417405	0.558425932706	-1.206818239345
0.898940564304	0.437135422913	-0.028609157331	2.331295601499
0.000000000000	0.000000000000	0.000000000000	1.000000000000
57	63	66
-0.592692333066	0.401205422197	-0.698391013347	0.195826891543
-0.359317291767	0.644325245167	0.675082263341	-1.286001087253
0.720837625379	0.651060049182	-0.237726587065	2.373940735201
0.000000000000	0.000000000000	0.000000000000	1.000000000000
58	62	66
0.008291830452	-0.440712338171	0.897610093822	-3.340085826190
0.575971312595	0.735886864961	0.355988158574	-1.350955621327
-0.817427851627	0.514045870483	0.259939513009	2.483904042100
0.000000000000	0.000000000000	0.000000000000	1.000000000000
58	63	66
-0.207839922415	0.417775089751	-0.884458331994	1.253794703658
-0.484534867843	0.741502945536	0.464111348283	-0.803589362310
0.849722618561	0.525011767625	0.048312683230	1.647336406222
0.000000000000	0.000000000000	0.000000000000	1.000000000000
59	63	66
0.194004291364	0.478450983881	-0.856415197761	1.271706141415
-0.441647615776	0.822124575737	0.359247220516	-0.438737092027
0.875962167226	0.308538227765	0.370802432026	0.552667175091
0.000000000000	0.000000000000	0.000000000000	1.000000000000
60	64	66
-0.011464299900	-0.890471736837	-0.454894114846	0.399399273305
0.998750494798	-0.032326969765	0.038110578154	-0.278449092775
-0.048641741018	-0.453888811186	0.889729693846	-0.531316743662
0.000000000000	0.000000000000	0.000000000000	1.000000000000
61	64	66
0.741968351870	0.277420331687	-0.610344922475	-0.244483228581
-0.285076496301	0.954520494268	0.087304165304	0.012593064875
0.606806687571	0.109218064392	0.787310014118	0.016304999821
0.000000000000	0.000000000000	0.000000000000	1.000000000000
62	65	66
0.965816014006	0.028637946706	-0.257641796100	-0.082998082491
-0.048769001204	0.996205329454	-0.072086934252	0.012034302162
0.254599708583	0.082187648566	0.963547704482	0.236497513676
0.000000000000	0.000000000000	0.000000000000	1.000000000000
63	65	66
0.996520605984	-0.049569713743	0.067003920242	-0.940059720476
0.057208408041	0.991439570165	-0.117365994910	-0.288792825309
-0.060612539113	0.120790819979	0.990825765668	1.048617833101
0.000000000000	0.000000000000	0.000000000000	1.000000000000
