0	30	60
-0.066618778809	-0.923890928756	-0.376812274313	1.314366745727
-0.321607928993	-0.337613039018	0.884638782721	-2.356075052457
-0.944526483651	0.180119370553	-0.274639279843	3.929832122664
0.000000000000	0.000000000000	0.000000000000	1.000000000000
0	31	60
-0.188937112563	0.670963201856	0.717015445616	-1.861039956754
0.072628734471	0.737714485168	-0.671194759591	2.665912432359
-0.979299665284	-0.074737675433	-0.188112852951	2.462535410452
0.000000000000	0.000000000000	0.000000000000	1.000000000000
0	33	60
-0.103351768624	-0.469690471239	0.876760670394	-2.786042110112
0.211056863543	0.851051775677	0.480797125063	-1.028195900048
-0.971994553623	0.234737590396	0.011173691489	1.218849454821
0.000000000000	0.000000000000	0.000000000000	1.000000000000
0	34	60
0.317251798197	-0.398072487016	0.860749436028	-2.192990968004
0.165533205759	0.916947535946	0.363050924960	-1.089065952855
-0.933782659045	0.027304054720	0.356797469531	1.678943074694
0.000000000000	0.000000000000	0.000000000000	1.000000000000
0	35	60
0.495025327594	-0.211074553639	0.842850792161	-2.247215821328
0.154214218445	0.975986954475	0.153842255324	-1.343200838480
-0.855083563092	0.053823763339	0.515688959190	2.220496147792
0.000000000000	0.000000000000	0.000000000000	1.000000000000
0	36	60
0.340867777878	-0.536161718437	0.772230386405	-1.716686422753
0.359769497563	0.833291289052	0.419751755461	-1.035689088032
-0.868547676658	0.134745089975	0.476936782078	1.632684730362
0.000000000000	0.000000000000	0.000000000000	1.000000000000
0	37	60
0.060198914367	-0.673154856489	0.737047237221	-1.371782186958
0.311680715120	0.714143992640	0.626780256230	-1.236290130343
-0.948278030185	0.191991919003	0.252800080115	1.992904045523
0.000000000000	0.000000000000	0.000000000000	1.000000000000
0	38	60
-0.335345234012	-0.509673227005	0.792323655901	-1.348586367480
0.258645055171	0.758898602646	0.597641737446	-1.231255130684
-0.905895308223	0.405346903993	-0.122668569578	2.044323251539
0.000000000000	0.000000000000	0.000000000000	1.000000000000
0	41	60
0.993861995751	-0.093904892483	0.058482515070	0.547723980446
0.080499243525	0.976496784281	0.199934744558	-0.343690450850
-0.075882838593	-0.193999746024	0.978062315678	0.447647597828
0.000000000000	0.000000000000	0.000000000000	1.000000000000
0	42	60
-0.115784719017	0.410947132650	-0.904276701574	0.986704859406
-0.470963815689	0.778841072569	0.414245902805	-0.911486207412
0.874521002123	0.473844951272	0.103363334893	1.879554177650
0.000000000000	0.000000000000	0.000000000000	1.000000000000
0	47	60
0.989714327823	-0.057793073143	0.130864471876	0.674924727335
0.052189458310	0.997583873413	0.045854944632	-0.080733431716
-0.133198384915	-0.038553549804	0.990339241903	-0.090896109602
0.000000000000	0.000000000000	0.000000000000	1.000000000000
0	49	60
-0.407284044085	-0.175705971599	0.896240547497	-2.024531560193
0.441840369443	0.820931478935	0.361730002659	-1.261830347339
-0.799310199712	0.543322112966	-0.256718301253	4.104689008952
0.000000000000	0.000000000000	0.000000000000	1.000000000000
0	50	60
-0.069348409330	-0.418551298409	0.905541610708	-2.156902966383
0.156202355443	0.891974682970	0.424242842125	-1.393831672934
-0.985287583540	0.170868298815	0.003521673259	3.871615809692
0.000000000000	0.000000000000	0.000000000000	1.000000000000
0	51	60
0.339319751279	-0.130759005270	0.931538613764	-2.238596782074
-0.405551912285	0.873194424991	0.270294547866	-0.486142475201
-0.848757770411	-0.469503544933	0.243262550470	2.909089173095
0.000000000000	0.000000000000	0.000000000000	1.000000000000
1	3	60
0.910795843850	-0.008270881130	-0.412774179608	0.047850886120
-0.019958910316	0.997748238250	-0.064031983940	-0.084727054258
0.412374311426	0.066558587678	0.908579870832	-0.083657919882
0.000000000000	0.000000000000	0.000000000000	1.000000000000
1	31	60
0.298914717351	-0.618898790245	0.726370621091	-3.335903194786
0.235772846373	0.785470714346	0.572229780611	-0.822433451638
-0.924695169591	0.000210565725	0.380708285959	0.513751272438
0.000000000000	0.000000000000	0.000000000000	1.000000000000
1	33	60
-0.001126276831	-0.465900751578	0.884836268007	-2.949054090140
0.111559211795	0.879254944683	0.463103967285	-0.754398478376
-0.993757150296	0.099233219896	0.050985236148	1.000002250027
0.000000000000	0.000000000000	0.000000000000	1.000000000000
1	35	60
0.657928259864	-0.228301662219	0.717641105220	-2.312643076699
0.201253565712	0.971584652863	0.124580354030	-0.940755888032
-0.725690986000	0.062462895787	0.685179523547	1.699349534865
0.000000000000	0.000000000000	0.000000000000	1.000000000000
1	36	60
0.421691371329	-0.444800776003	0.790144706375	-2.004300256878
0.227253801071	0.895445781206	0.382795719436	-0.600285342467
-0.877799576922	0.018141736052	0.478684426494	1.605321284021
0.000000000000	0.000000000000	0.000000000000	1.000000000000
1	37	60
0.122114337618	-0.665340109449	0.736485320496	-1.623516112834
0.260335220157	0.737529387747	0.623117946585	-0.899561880440
-0.957764930290	0.115641432749	0.263274376531	1.973237341952
0.000000000000	0.000000000000	0.000000000000	1.000000000000
1	38	60
-0.327770033515	-0.511555365261	0.794278234249	-1.613429135453
0.146227904924	0.803120895688	0.577593478781	-0.928886233331
-0.933372489926	0.305463476019	-0.188435293582	2.224584678053
0.000000000000	0.000000000000	0.000000000000	1.000000000000
1	39	60
-0.603858184852	-0.292700748575	0.741405128368	-1.734540462708
0.202000161013	0.843579772610	0.497563164024	-0.675501223657
-0.771071480174	0.450221544383	-0.450276951926	1.897583812897
0.000000000000	0.000000000000	0.000000000000	1.000000000000
1	47	60
0.979206190735	0.202683673920	-0.008635065314	0.766136251614
-0.202772930647	0.976562759608	-0.072168657624	0.511905836706
-0.006194725456	0.072418953822	0.997355062404	-0.818371487279
0.000000000000	0.000000000000	0.000000000000	1.000000000000
1	48	60
-0.618024367412	-0.225542307757	0.753111245897	-2.417816449644
0.213317057408	0.873913138428	0.436774151595	-0.744597140030
-0.756664862607	0.430588543617	-0.491987593139	3.395847182277
0.000000000000	0.000000000000	0.000000000000	1.000000000000
1	49	60
0.255649885947	0.218718691350	-0.941703387415	1.563455287798
-0.332311366340	0.934599990577	0.126854299950	0.184604551526
0.907861383481	0.280508452045	0.311613088163	0.638659884732
0.000000000000	0.000000000000	0.000000000000	1.000000000000
1	50	60
-0.012527649239	-0.375820496691	0.926607798516	-2.538931432650
0.095152283042	0.922027194658	0.375249111050	-0.798617089152
-0.995383896312	0.092869836754	0.024209344991	3.835794250304
0.000000000000	0.000000000000	0.000000000000	1.000000000000
1	51	60
0.525194098929	-0.339941244627	0.780135314322	-2.233867407906
0.058499131172	0.929000192109	0.365426455958	-0.660011561865
-0.848969381133	-0.146282580177	0.507791686260	1.141163974024
0.000000000000	0.000000000000	0.000000000000	1.000000000000
2	3	60
0.817583743340	0.076841140498	-0.570659497208	-0.151023680457
-0.157890051307	0.982987046844	-0.093846669810	-0.164688394862
0.553739608774	0.166828968896	0.815806681029	0.042843256474
0.000000000000	0.000000000000	0.000000000000	1.000000000000
2	31	60
0.431309168845	-0.450607600797	0.781617036006	-3.797361345579
0.288972321561	0.889698175206	0.353457429412	-0.189943482812
-0.854673854895	0.073416259364	0.513948104987	0.183164213085
0.000000000000	0.000000000000	0.000000000000	1.000000000000
2	33	60
0.104223768676	-0.409885425355	0.906162978787	-3.435639718986
0.211702251834	0.899387458499	0.382471379405	-0.636858187333
-0.971761062511	0.151974134566	0.180511217966	0.741732093041
0.000000000000	0.000000000000	0.000000000000	1.000000000000
2	35	60
0.902339051144	-0.131793650626	0.410383565016	-2.550528690579
0.140393576743	0.990052474276	0.009259686291	-0.926328578978
-0.407521631806	0.049259839987	0.911865992224	0.937349096236
0.000000000000	0.000000000000	0.000000000000	1.000000000000
2	37	60
0.352967576510	-0.595693859027	0.721500323111	-2.183480483832
0.362491350859	0.797973073813	0.481496618910	-0.899269852238
-0.862562409617	0.091584932095	0.497592493642	1.588477522863
0.000000000000	0.000000000000	0.000000000000	1.000000000000
2	39	60
-0.454105472415	-0.298253498823	0.839543370150	-2.286600063260
0.280489147305	0.846530466515	0.452451110625	-0.772691929664
-0.845644167583	0.440943329354	-0.300757247845	1.758848126749
0.000000000000	0.000000000000	0.000000000000	1.000000000000
2	48	60
0.509862425093	0.164631285979	-0.844355877078	1.147770347546
-0.245810692294	0.968475588598	0.040399725790	-0.165884825051
0.824389113849	0.186953400522	0.534257442625	1.227953165266
0.000000000000	0.000000000000	0.000000000000	1.000000000000
2	49	60
0.002259192226	0.065501048473	-0.997849942977	1.387213614236
-0.197761348535	0.978174262708	0.063761750294	0.022225383968
0.980247593762	0.197192100308	0.015163459367	1.362473433191
0.000000000000	0.000000000000	0.000000000000	1.000000000000
2	50	60
-0.210986849862	0.332142216449	-0.919329156090	1.346743114774
-0.478022526532	0.785307852004	0.393428572562	-0.229884832947
0.852630642959	0.522468301079	-0.006918168392	1.015347101786
0.000000000000	0.000000000000	0.000000000000	1.000000000000
2	51	60
0.037966749224	-0.795359255482	0.604948080972	-1.491294535670
0.806838144847	-0.332763339409	-0.488140110999	0.856034424533
0.589551298848	0.506628280561	0.629092243921	-0.746980829754
0.000000000000	0.000000000000	0.000000000000	1.000000000000
3	24	60
-0.268377448279	-0.828090372172	0.492178708166	-0.441257391709
-0.700689427259	-0.182807691045	-0.689648950280	1.393993189702
0.661065709126	-0.529950642618	-0.531172706947	4.983110774529
0.000000000000	0.000000000000	0.000000000000	1.000000000000
3	25	60
0.625633876675	0.668541402583	-0.402038114349	1.078094901740
0.313899655721	-0.687530485966	-0.654804426532	1.870208297635
-0.714177329866	0.283468206155	-0.639997279373	4.319876469223
0.000000000000	0.000000000000	0.000000000000	1.000000000000
3	26	60
0.407850093716	0.843350924962	-0.349882149331	1.204792817065
-0.275852430573	0.479109145318	0.833282583173	-1.643303785600
0.870381374802	-0.243338538332	0.428045112295	1.680600330791
0.000000000000	0.000000000000	0.000000000000	1.000000000000
3	29	60
0.488844055244	0.605076737678	0.628421539393	-0.499837496635
-0.272386125120	-0.578477804052	0.768875301373	-1.924964587082
0.828756471163	-0.547033428357	-0.117970927625	3.428747503379
0.000000000000	0.000000000000	0.000000000000	1.000000000000
3	30	60
-0.945445667187	0.100081213838	-0.310026194109	0.426968090412
0.018315153998	-0.933809563380	-0.357301349669	2.736985029357
-0.325264577738	-0.343487190413	0.881033202831	0.932867062496
0.000000000000	0.000000000000	0.000000000000	1.000000000000
3	32	60
-0.656145963187	-0.538968086464	0.528191136585	-2.653673395549
0.054290508224	0.664402181992	0.745400752134	-0.817264153637
-0.752678560682	0.517767459714	-0.406683958316	2.559312325572
0.000000000000	0.000000000000	0.000000000000	1.000000000000
3	33	60
-0.440747722832	-0.398268008706	0.804440201668	-2.263101585677
0.087982866165	0.872698446500	0.480267047317	-0.592482974203
-0.893308714880	0.282453562057	-0.349599092106	2.283328125798
0.000000000000	0.000000000000	0.000000000000	1.000000000000
3	34	60
0.039143047507	-0.385575391825	0.921845669866	-1.485290818406
0.103366564720	0.919165747653	0.380065364956	-0.543945711779
-0.993872816375	0.080411103460	0.075834552221	2.343434886713
0.000000000000	0.000000000000	0.000000000000	1.000000000000
3	35	60
0.357044012825	-0.163467082038	0.919672814644	-1.453947103973
0.136118107199	0.983163517033	0.121907176441	-0.598226492684
-0.924116569378	0.081657895304	0.373283477181	2.438805861627
0.000000000000	0.000000000000	0.000000000000	1.000000000000
3	36	60
0.064352419952	-0.440806504018	0.895292350052	-1.151108488531
0.166890775776	0.889270904493	0.425845896286	-0.412554123988
-0.983873078709	0.122011820894	0.130793274119	2.303084053434
0.000000000000	0.000000000000	0.000000000000	1.000000000000
3	37	60
-0.227172884741	-0.636095423124	0.737411074719	-0.602555744070
0.217354818886	0.704990371125	0.675089223235	-0.727684323238
-0.949288872338	0.313641816890	-0.021896290836	2.452014590123
0.000000000000	0.000000000000	0.000000000000	1.000000000000
3	38	60
-0.615428302945	-0.381704325960	0.689601197416	-0.616187071233
0.123255134343	0.817544317639	0.562520631226	-0.661032739558
-0.778496098765	0.431188005678	-0.456092894011	2.593842542940
0.000000000000	0.000000000000	0.000000000000	1.000000000000
3	40	60
-0.996947172495	0.043723183549	-0.064688627086	-0.435881728154
-0.011842871809	0.734237811054	0.678789056487	-0.723822889873
0.077175654460	0.677482929703	-0.731478501611	2.517148230105
0.000000000000	0.000000000000	0.000000000000	1.000000000000
3	41	60
-0.998242440738	0.024349263208	-0.054029093004	-0.323745057981
-0.011667938639	0.813094967151	0.582014118043	-0.452535705098
0.058102398553	0.581621601881	-0.811381798852	3.209119787753
0.000000000000	0.000000000000	0.000000000000	1.000000000000
3	42	60
-0.955004097619	0.116561890044	-0.272727885117	-0.169695979289
-0.057092265246	0.830093238791	0.554694229429	-0.474667443326
0.291045781244	0.545305914788	-0.786087662108	3.644879068642
0.000000000000	0.000000000000	0.000000000000	1.000000000000
3	44	60
-0.827515962523	0.144555459736	-0.542513641147	-0.121275004115
-0.068795129408	0.932897264518	0.353510854183	-0.451538237494
0.557211415837	0.329858170910	-0.762042666223	3.853100756610
0.000000000000	0.000000000000	0.000000000000	1.000000000000
3	45	60
0.636626072531	-0.630207797494	0.444460769642	-1.812085647804
0.599551500341	0.766960283230	0.228713625275	0.170586146997
-0.485020867811	0.120872064288	0.866108943415	-0.771642091694
0.000000000000	0.000000000000	0.000000000000	1.000000000000
3	46	60
-0.861083873794	0.210213182796	-0.462974059825	-0.316985790200
-0.048398621157	-0.940288147523	-0.336921019081	2.474711137163
-0.506154260836	-0.267709950146	0.819840988748	0.791533191810
0.000000000000	0.000000000000	0.000000000000	1.000000000000
3	48	60
-0.845799477484	-0.060823243129	0.530022430641	-0.922525428446
0.103009717032	0.956166563836	0.274106731765	-0.180921243026
-0.523461786651	0.286436791103	-0.802459795017	4.138078428663
0.000000000000	0.000000000000	0.000000000000	1.000000000000
3	49	60
0.407499709122	0.184319834589	-0.894410524112	2.195672796159
-0.082042901520	0.982847542429	0.165165585556	0.192356301338
0.909512478955	0.006075106477	0.415632221689	0.406845194081
0.000000000000	0.000000000000	0.000000000000	1.000000000000
4	8	60
0.938701664311	0.328606768723	0.104195858694	0.425366694846
-0.299360587044	0.926914061932	-0.226304133232	0.234306611953
-0.170945676589	0.181239933079	0.968467687800	1.533316889661
0.000000000000	0.000000000000	0.000000000000	1.000000000000
4	24	60
0.430072139654	0.587716142770	0.685293871431	-0.491138747639
-0.573455838725	0.764114345866	-0.295427939561	0.304722718757
-0.697270647400	-0.265930445734	0.665653545252	1.313035124887
0.000000000000	0.000000000000	0.000000000000	1.000000000000
4	25	60
-0.367604071553	-0.887770862599	0.277002061541	0.410902759274
-0.725149931524	0.460114701758	0.512300730076	-0.807145914283
-0.582258381982	-0.012544191723	-0.812907017971	5.559519836566
0.000000000000	0.000000000000	0.000000000000	1.000000000000
4	26	60
-0.581845167896	0.246526390763	-0.775036089001	-0.462862860877
0.296101444554	-0.823340426508	-0.484184341559	2.627275217246
-0.757482762266	-0.511209625041	0.406059828271	1.186884608994
0.000000000000	0.000000000000	0.000000000000	1.000000000000
4	29	60
0.298382763475	0.929579869275	-0.216446282251	1.831231888993
-0.888196998042	0.353452750358	0.293559612232	-0.530682713345
0.349390639730	0.104653809790	0.931114257739	1.276262614789
0.000000000000	0.000000000000	0.000000000000	1.000000000000
4	30	60
-0.457487210404	-0.880056278816	0.127304353548	0.474155071695
-0.359081217317	0.051865674312	-0.931864062618	1.505440863771
0.813490093170	-0.472028492725	-0.339739562562	4.383650135663
0.000000000000	0.000000000000	0.000000000000	1.000000000000
4	31	60
0.957720956592	0.041821133319	0.284642867665	1.252749407183
-0.094391050460	0.980288825377	0.173563096408	0.201391491954
-0.271773617001	-0.193092754005	0.942790692282	-0.112330600187
0.000000000000	0.000000000000	0.000000000000	1.000000000000
4	32	60
-0.294343505794	0.522954675240	-0.799925189153	0.402809098621
-0.383716238562	0.701909821352	0.600070371668	-0.511025713584
0.875284952950	0.483571101633	-0.005936396647	1.579797154490
0.000000000000	0.000000000000	0.000000000000	1.000000000000
4	42	60
0.900670455626	0.301208965615	-0.313154737145	-1.587530085707
-0.254605656321	0.949884095785	0.181372997836	0.257727211328
0.352091877402	-0.083626333219	0.932222047722	0.118147119424
0.000000000000	0.000000000000	0.000000000000	1.000000000000
4	44	60
0.083221893958	-0.503487114693	0.859985372959	-2.118602000483
0.716690683737	0.629853045393	0.299398739233	-0.108773379559
-0.692407813511	0.591426974822	0.413262087835	0.444336628356
0.000000000000	0.000000000000	0.000000000000	1.000000000000
4	45	60
0.036931475930	-0.431484223096	0.901364205693	-2.183791585824
0.713830151324	0.642615621999	0.278373269951	-0.098520814381
-0.699344393805	0.633140211630	0.331739191642	0.635584626375
0.000000000000	0.000000000000	0.000000000000	1.000000000000
4	47	60
0.802013382868	0.132038756576	-0.582529227132	-0.738030425972
-0.060682968296	0.988226520263	0.140449001448	0.143551182966
0.594215542594	-0.077292376150	0.800583398235	-0.016025213304
0.000000000000	0.000000000000	0.000000000000	1.000000000000
5	6	60
0.922919354602	-0.047802266023	0.382014146681	0.098805329402
0.037379497611	0.998699770972	0.034663245940	0.028069146821
-0.383174422502	-0.017711883688	0.923506172755	-0.085232453896
0.000000000000	0.000000000000	0.000000000000	1.000000000000
5	11	60
0.735819522914	0.249593995355	-0.629501761063	1.897606949757
-0.113714269361	0.961938152882	0.248483510464	-0.174801224531
0.667561753430	-0.111255685301	0.736195271546	1.727446595087
0.000000000000	0.000000000000	0.000000000000	1.000000000000
5	15	60
-0.464511976929	0.357895108724	-0.810024514716	1.272490308740
-0.141605821583	0.872907622652	0.466883361890	-0.382835586434
0.874171844996	0.331577100336	-0.354796014563	4.520985407960
0.000000000000	0.000000000000	0.000000000000	1.000000000000
5	40	60
0.373002263828	-0.471605751142	0.799035247451	-0.562769123557
0.879777447520	0.453326402979	-0.143132159896	-0.034367662705
-0.294721824800	0.756361810149	0.583999878540	0.961124200621
0.000000000000	0.000000000000	0.000000000000	1.000000000000
6	8	60
0.986665806031	0.084361420407	0.139189575605	0.435754950800
-0.101264623117	0.987692883300	0.119198340519	-0.224573943151
-0.127420811938	-0.131703906641	0.983065622255	1.491512335831
0.000000000000	0.000000000000	0.000000000000	1.000000000000
6	9	60
0.978787610323	0.103950236689	0.176547903329	0.496127113495
-0.053696518069	0.961759008394	-0.268582005578	0.327242667100
-0.197715699489	0.253404731734	0.946939567296	2.078499939110
0.000000000000	0.000000000000	0.000000000000	1.000000000000
6	10	60
0.706901037713	0.291312098440	-0.644537186036	1.204412475973
0.117972933186	0.849923940902	0.513528657152	-0.783735760809
0.697404695938	-0.439051883020	0.566445173075	2.413951748707
0.000000000000	0.000000000000	0.000000000000	1.000000000000
6	24	60
0.821247638514	0.281728236596	0.496166823699	0.137100047206
-0.264669681478	0.958478411293	-0.106155992730	0.213475392005
-0.505472329551	-0.044139956845	0.861713054484	1.009624838886
0.000000000000	0.000000000000	0.000000000000	1.000000000000
6	25	60
-0.986359420370	0.006323346208	0.164484373545	1.079819786523
0.067997145919	0.925670152286	0.372170871126	-0.872028137885
-0.149904909842	0.378278712671	-0.913473444357	5.429763326117
0.000000000000	0.000000000000	0.000000000000	1.000000000000
6	26	60
0.722447902779	0.122255574529	-0.680531117780	1.740621903345
0.014111240590	0.981431737663	0.191291968460	-0.227455899573
0.691281346963	-0.147801619765	0.707308122770	1.281373119980
0.000000000000	0.000000000000	0.000000000000	1.000000000000
6	29	60
-0.984575604099	-0.018120580740	0.174018747172	0.366005502625
0.052930734480	0.917163819678	0.394979575701	-0.240557720643
-0.166760958144	0.398098194454	-0.902057986169	5.667550955934
0.000000000000	0.000000000000	0.000000000000	1.000000000000
6	30	60
-0.665940216972	0.393083545857	-0.634041759978	1.682396644025
0.485243472859	0.873790988748	0.032063687092	-0.015051385344
0.566623684174	-0.286312126811	-0.772633785550	5.110982946094
0.000000000000	0.000000000000	0.000000000000	1.000000000000
6	31	60
0.981465328015	0.014828388041	0.191065247529	1.693429324477
-0.075694527622	0.945929916894	0.315415489177	-0.023405202010
-0.176057230449	-0.324031960202	0.929519843991	-0.131835918135
0.000000000000	0.000000000000	0.000000000000	1.000000000000
6	42	60
-0.991699918960	0.109607401643	-0.067212262571	1.046662027413
-0.044867184105	-0.784904285884	-0.617990451214	2.668422342964
-0.120491520553	-0.609845455428	0.783307292171	1.194897701891
0.000000000000	0.000000000000	0.000000000000	1.000000000000
6	43	60
-0.099665504121	0.323365577911	-0.941010887456	2.268276007894
-0.156045342666	0.928937952841	0.335744144853	-0.596817508854
0.982708826825	0.180302475838	-0.042123376955	2.755106081909
0.000000000000	0.000000000000	0.000000000000	1.000000000000
6	44	60
-0.128775716310	0.213977872625	-0.968313113056	2.399052204111
-0.143661246698	0.962117437816	0.231714224959	-0.287936228189
0.981212648250	0.168948234314	-0.093157034282	2.659099677268
0.000000000000	0.000000000000	0.000000000000	1.000000000000
6	45	60
-0.003930946775	-0.404606658687	0.914482366918	-2.356144781594
0.570463288255	0.750181168602	0.334364847177	-0.229287326300
-0.821313694279	0.522992988501	0.227864322719	0.869874408297
0.000000000000	0.000000000000	0.000000000000	1.000000000000
6	46	60
-0.829391539226	-0.325483809657	0.454059428171	-0.290238634363
0.056875339009	0.759337869798	0.648206136428	-1.008782669139
-0.555765121677	0.563441469135	-0.611276402609	3.348468891314
0.000000000000	0.000000000000	0.000000000000	1.000000000000
6	47	60
-0.985132800305	-0.015612143327	0.171083683452	0.433447040296
-0.060416765867	-0.900762168768	-0.430089908877	2.494820560520
0.160820335048	-0.434031999162	0.886427122520	0.513238792690
0.000000000000	0.000000000000	0.000000000000	1.000000000000
7	9	60
0.934279137464	0.150205878224	-0.323358450402	0.559991362064
-0.116878589006	0.985840193225	0.120243539760	-0.337430356316
0.336841043716	-0.074547351186	0.938605776511	1.564893058602
0.000000000000	0.000000000000	0.000000000000	1.000000000000
7	10	60
0.638672671473	0.278382334708	-0.717356602002	0.831686905054
-0.211367884352	0.959871474934	0.184310523497	-0.370356798551
0.739878933460	0.033912052869	0.671884764295	1.639146081273
0.000000000000	0.000000000000	0.000000000000	1.000000000000
7	24	60
0.037709633583	-0.042649381596	0.998378191761	-2.073484768030
0.136183370212	0.989986958886	0.037147152151	-0.002594072509
-0.989965692947	0.134561701404	0.043140181994	2.139680179095
0.000000000000	0.000000000000	0.000000000000	1.000000000000
7	25	60
0.334986718949	-0.179587016472	0.924949945480	-2.047559195470
0.165049616950	0.977673812965	0.130048219469	-0.560092390940
-0.927654311731	0.109098207854	0.357148511085	2.692114961037
0.000000000000	0.000000000000	0.000000000000	1.000000000000
7	26	60
0.998311948674	0.056929343994	0.011502300920	-0.463733821818
-0.057900403330	0.991067582564	0.120135715280	-0.165839625341
-0.004560310105	-0.120598907889	0.992690841596	0.715233055396
0.000000000000	0.000000000000	0.000000000000	1.000000000000
7	28	60
0.872752819906	0.325414080463	-0.363879364051	-0.103783526593
-0.324513307467	0.943608721962	0.065526278049	0.180559650320
0.364682915178	0.060895452002	0.929138372527	0.581145472633
0.000000000000	0.000000000000	0.000000000000	1.000000000000
7	29	60
0.210134982803	-0.317719297111	0.924606801427	-2.082331405196
0.101923646075	0.947688458497	0.302486621196	-0.147711416007
-0.972345031032	0.030676275444	0.231525607118	2.323749472572
0.000000000000	0.000000000000	0.000000000000	1.000000000000
7	30	60
0.647913181524	0.182296450105	0.739578605346	-1.043068493048
-0.191022103764	0.978798833475	-0.073914812195	-0.270893804238
-0.737373084049	-0.093385479961	0.668999317677	1.400833594951
0.000000000000	0.000000000000	0.000000000000	1.000000000000
7	31	60
0.987368535975	0.152569617291	-0.042730387851	1.529564271763
-0.136231063281	0.955209390107	0.262709189884	-0.086313160596
0.080897908278	-0.253569582031	0.963928418247	-0.137291913045
0.000000000000	0.000000000000	0.000000000000	1.000000000000
7	43	60
-0.194196426111	0.301478675471	-0.933487202013	1.845901797201
-0.198971178003	0.919717120096	0.338424126394	-0.686567235464
0.960571818455	0.251457804090	-0.118620210555	2.440604607769
0.000000000000	0.000000000000	0.000000000000	1.000000000000
7	44	60
-0.151206199596	0.244451420253	-0.957799659814	1.892015575840
-0.215276938984	0.937540108275	0.273266143013	-0.432455448779
0.964775893534	0.247511713888	-0.089137123259	2.140619580395
0.000000000000	0.000000000000	0.000000000000	1.000000000000
7	45	60
-0.033924002775	0.222403303990	-0.974364373533	1.879182828396
-0.240131907633	0.944552265851	0.223959112365	-0.357492347850
0.970147323334	0.241573565296	0.021363135964	1.822211235839
0.000000000000	0.000000000000	0.000000000000	1.000000000000
7	47	60
0.688783860425	0.166882902684	-0.705497618997	2.146926426461
-0.123624532235	0.985928875138	0.112522123150	-0.018932188647
0.714348492438	0.009713390775	0.699722717504	0.943044751743
0.000000000000	0.000000000000	0.000000000000	1.000000000000
8	11	60
-0.948683259801	-0.126474978425	0.289834698414	-0.569541751961
-0.066883784599	-0.815552304199	-0.574805183060	2.524909333609
0.309073829255	-0.564693296355	0.765241693272	0.984017750437
0.000000000000	0.000000000000	0.000000000000	1.000000000000
8	25	60
0.762417351133	0.078567465370	0.642298167580	-1.825368360077
-0.120973016822	0.992407453139	0.022203066359	0.051251096944
-0.635677049996	-0.094628750072	0.766133204977	0.656321825214
0.000000000000	0.000000000000	0.000000000000	1.000000000000
8	30	60
-0.620678635414	-0.158128776244	0.767953984080	-1.582365433946
0.251816978123	0.887359524126	0.386239931224	-0.778510472281
-0.742526929525	0.433114725063	-0.510945587968	2.528894086093
0.000000000000	0.000000000000	0.000000000000	1.000000000000
8	44	60
0.728170376155	0.658889003767	0.188767539597	0.552829913566
0.179660070891	0.082293102524	-0.980280625232	2.927168978929
-0.661430391060	0.747725301158	-0.058452645706	1.626616867584
0.000000000000	0.000000000000	0.000000000000	1.000000000000
8	45	60
-0.064334851196	0.155563990654	-0.985728599430	1.688550198958
-0.262998812835	0.950211179657	0.167123722143	-0.023368694705
0.962648768435	0.269997331223	-0.020218549986	1.032903299858
0.000000000000	0.000000000000	0.000000000000	1.000000000000
9	11	60
0.500686736303	0.253441878519	-0.827695600026	0.214327135342
-0.263511534675	0.955422851362	0.133149713434	-0.237042492713
0.824545003734	0.151441042348	0.545152407598	0.745528601873
0.000000000000	0.000000000000	0.000000000000	1.000000000000
9	24	60
-0.735155776589	-0.220548521380	0.641018200884	-1.904784917944
0.240052523565	0.799628809672	0.550425792158	-0.972615878439
-0.633972215541	0.558526737461	-0.534908509432	2.229205614584
0.000000000000	0.000000000000	0.000000000000	1.000000000000
9	26	60
-0.195120681187	-0.412479001307	0.889825259955	-1.751467717022
0.386185322094	0.801659618655	0.456292398378	-1.056250484785
-0.901548011352	0.432669538215	0.002872965105	2.028888510194
0.000000000000	0.000000000000	0.000000000000	1.000000000000
9	28	60
0.924895596915	0.376591195671	0.052413797331	-1.161438738076
-0.376097131743	0.926377802736	-0.019367862384	0.583815299343
-0.055848744857	-0.001799428199	0.998437619361	-0.535260405809
0.000000000000	0.000000000000	0.000000000000	1.000000000000
9	29	60
-0.626210735504	-0.373645007654	0.684287602544	-1.782990740983
0.285593948087	0.706744432018	0.647262237912	-0.920459086989
-0.725462756835	0.600750960105	-0.335860197669	2.498750480271
0.000000000000	0.000000000000	0.000000000000	1.000000000000
9	30	60
-0.790150211733	-0.145185515455	0.595469402237	-1.331198811258
0.218396025570	0.841076893669	0.494866481944	-0.978598965196
-0.572683000371	0.521067006284	-0.632869146070	2.202392199778
0.000000000000	0.000000000000	0.000000000000	1.000000000000
9	43	60
0.198884870278	0.322908012323	-0.925297370553	1.382775135928
-0.367569622370	0.899813061397	0.235008568461	-0.279585821652
0.908480809421	0.293371556421	0.297650380140	0.188545805557
0.000000000000	0.000000000000	0.000000000000	1.000000000000
9	44	60
0.186496608788	0.187637884968	-0.964370799556	1.392797567531
-0.287308689415	0.949097344108	0.129104408888	0.044236066936
0.939506642817	0.252994576093	0.230913430900	0.245391176397
0.000000000000	0.000000000000	0.000000000000	1.000000000000
9	45	60
0.282151160831	0.129186862279	-0.950632146025	1.360705259191
-0.258495162806	0.964482597699	0.054346752822	0.151874282377
0.923889048126	0.230399811959	0.305524063540	0.027775149077
0.000000000000	0.000000000000	0.000000000000	1.000000000000
10	12	60
0.827240949575	0.238133894678	-0.508885703820	-0.022741640616
-0.159851983559	0.968059935871	0.193150987347	-0.446372266087
0.538627658683	-0.078436017024	0.838884996012	1.517718667082
0.000000000000	0.000000000000	0.000000000000	1.000000000000
10	13	60
0.681965259410	0.401442545804	-0.611365085179	0.143391737817
-0.255653635187	0.914012886614	0.314994701415	-0.653247640274
0.685247841130	-0.058517736811	0.725955281478	2.138019220692
0.000000000000	0.000000000000	0.000000000000	1.000000000000
10	15	60
-0.159131720259	0.461183002928	-0.872918858439	0.251554971567
-0.326152726280	0.809984520329	0.487390475870	-1.098254436885
0.931826966098	0.362264150364	0.021521863616	3.203656018487
0.000000000000	0.000000000000	0.000000000000	1.000000000000
10	17	60
-0.123107944187	0.636259668391	-0.761589173017	0.073492814967
-0.282895479473	0.713085287567	0.641466694653	-1.347709581468
0.951217420873	0.294419780306	0.092208520176	3.046023357608
0.000000000000	0.000000000000	0.000000000000	1.000000000000
10	22	60
-0.852069416828	0.329095003508	-0.407030941788	-0.680802257555
-0.265252421428	0.398898633636	0.877793274644	-1.135690214002
0.451241467325	0.855906746527	-0.252596079575	3.329197171210
0.000000000000	0.000000000000	0.000000000000	1.000000000000
10	28	60
0.917381881855	0.355292539196	0.179381421657	-1.011703917567
-0.346338552829	0.934686556443	-0.080066522524	0.760194990226
-0.196112441391	0.011324875125	0.980516015950	-0.415105151590
0.000000000000	0.000000000000	0.000000000000	1.000000000000
10	29	60
-0.904401853442	-0.185062343598	0.384459642189	-0.556150939123
0.159090799612	0.689813495909	0.706291340978	-1.021081388990
-0.395913380639	0.699935189745	-0.594426888009	3.098407514089
0.000000000000	0.000000000000	0.000000000000	1.000000000000
10	43	60
0.637344685503	0.202949222655	-0.743372964860	1.250250704244
-0.229292907397	0.970944814943	0.068490356641	-0.025974737901
0.735674190439	0.126798183580	0.665361335037	-0.270163499087
0.000000000000	0.000000000000	0.000000000000	1.000000000000
10	44	60
0.643974622726	0.097852562841	-0.758763178620	1.137906565944
-0.183291678778	0.982635479911	-0.028838760577	0.274045976657
0.742765673531	0.157646406767	0.650727872969	-0.323769514525
0.000000000000	0.000000000000	0.000000000000	1.000000000000
10	45	60
0.710268028469	0.019830300153	-0.703651964348	0.983868839733
-0.133233029274	0.985322461220	-0.106717418101	0.380589322601
0.691207846921	0.169547652922	0.702485092898	-0.446013542198
0.000000000000	0.000000000000	0.000000000000	1.000000000000
11	13	60
0.940225919871	0.210682419623	-0.267559596474	0.663191125476
-0.138958850650	0.954630265422	0.263384688556	-0.437250644864
0.310911012075	-0.210461337071	0.926844306326	1.360603831917
0.000000000000	0.000000000000	0.000000000000	1.000000000000
11	18	60
0.551487548312	0.605055816057	-0.574255120580	0.918016168044
-0.275920251415	0.781965337934	0.558925956750	-1.109724189592
0.787229000301	-0.149792088329	0.598191299969	2.370879616084
0.000000000000	0.000000000000	0.000000000000	1.000000000000
11	20	60
0.599436495015	0.430607664680	-0.674724334497	0.628680933598
-0.304650706779	0.902255444430	0.305160711520	-1.243565118395
0.740178245629	0.022630778056	0.672029770607	2.823861296275
0.000000000000	0.000000000000	0.000000000000	1.000000000000
11	21	60
0.018635715354	0.681335396483	-0.731734096248	0.461845975773
-0.369911979326	0.684627682441	0.628052596513	-1.113635060125
0.928879883335	0.258972998467	0.264792651711	2.806007398595
0.000000000000	0.000000000000	0.000000000000	1.000000000000
11	22	60
-0.550343878225	0.578929635045	-0.601632855957	0.534254088653
-0.377939582293	0.469790933430	0.797783273203	-0.961562955100
0.744502040183	0.666436010832	-0.039746139812	2.822710555552
0.000000000000	0.000000000000	0.000000000000	1.000000000000
11	23	60
-0.633408068928	0.172216693405	-0.754410782485	0.768264906505
0.338930501667	-0.814686385508	-0.470544586951	1.239091740539
-0.695643826435	-0.553739563135	0.457659439935	1.543373878238
0.000000000000	0.000000000000	0.000000000000	1.000000000000
11	44	60
0.889652525051	0.034267878671	-0.455350521205	0.610465658901
-0.139415517528	0.969951650646	-0.199391847579	0.940554217098
0.434835254024	0.240872389244	0.867697409214	-1.187175187719
0.000000000000	0.000000000000	0.000000000000	1.000000000000
11	45	60
0.943902242186	-0.058697056328	-0.324966479462	0.215748300596
-0.011393342610	0.977701420983	-0.209690541400	0.735592641986
0.330028406262	0.201629826630	0.922185807781	-1.279669468321
0.000000000000	0.000000000000	0.000000000000	1.000000000000
12	19	60
0.855577476257	0.358776800514	-0.373184122833	0.649380765331
-0.261081168200	0.921541504141	0.287398468606	-1.365680893843
0.447016560916	-0.148460309707	0.882120020580	1.895723867837
0.000000000000	0.000000000000	0.000000000000	1.000000000000
12	20	60
0.714502312833	0.381958899437	-0.586168784649	0.716517493207
-0.326400260378	0.923041493012	0.203610589616	-1.268408088983
0.618828986863	0.045845406737	0.784186765828	1.758219509140
0.000000000000	0.000000000000	0.000000000000	1.000000000000
12	22	60
-0.396300135466	0.666770872739	-0.631159889328	0.590905376653
-0.529303829987	0.395784782483	0.750461099269	-0.957290397132
0.750189081626	0.631483182058	0.196074813751	1.721505489632
0.000000000000	0.000000000000	0.000000000000	1.000000000000
13	19	60
0.952329522750	0.235495736989	-0.193933591620	0.448854892128
-0.222348497248	0.971051359497	0.087294919613	-1.099546129747
0.208877059224	-0.040012686471	0.977123000984	1.244139453123
0.000000000000	0.000000000000	0.000000000000	1.000000000000
13	20	60
0.863024797101	0.240746678166	-0.444104983693	0.531491828844
-0.270181432381	0.962804403516	-0.003110332111	-1.045690709996
0.426837431799	0.122673214361	0.895969357341	1.139872796299
0.000000000000	0.000000000000	0.000000000000	1.000000000000
13	21	60
0.365759131542	0.637465237870	-0.678128548434	0.356067526237
-0.553381688058	0.734785068244	0.392249424229	-1.009826075575
0.748324104260	0.231795112099	0.621515937841	1.208946532012
0.000000000000	0.000000000000	0.000000000000	1.000000000000
13	22	60
-0.181867836902	0.714347525070	-0.675745294714	0.362981761058
-0.621271554402	0.449195608876	0.642063050376	-0.834293715326
0.762197970079	0.536591947753	0.362109563551	1.194014257798
0.000000000000	0.000000000000	0.000000000000	1.000000000000
14	19	60
0.995801729296	0.008488919594	0.091141945199	0.373671412436
-0.031960910000	0.965269228471	0.259294845299	-0.890239782028
-0.085775382031	-0.261119234854	0.961488080543	1.056782956277
0.000000000000	0.000000000000	0.000000000000	1.000000000000
14	22	60
0.196327904160	0.732555808580	-0.651780132686	0.240956434001
-0.507543629235	0.644661583221	0.571673777204	-0.531278103219
0.838960558353	0.218571339464	0.498369091230	1.008427002625
0.000000000000	0.000000000000	0.000000000000	1.000000000000
15	19	60
0.797846698957	-0.323116781002	0.508955981199	0.402558961471
0.158899683847	0.927093437731	0.339482912957	-0.762269644025
-0.581542376303	-0.189982376950	0.791021593265	0.816968886595
0.000000000000	0.000000000000	0.000000000000	1.000000000000
15	22	60
0.651179088866	0.601806875052	-0.462378934819	0.267093668901
-0.413626880661	0.792244659123	0.448621448089	-0.456215971482
0.636300713357	-0.100880549319	0.764816655775	0.857368020468
0.000000000000	0.000000000000	0.000000000000	1.000000000000
15	23	60
0.501357397809	0.337869089497	-0.796545816651	0.161213300142
-0.383289839424	0.912075789293	0.145625044480	-0.564627259734
0.775712355617	0.232297724802	0.586777733384	0.646757869220
0.000000000000	0.000000000000	0.000000000000	1.000000000000
16	22	60
0.428573982378	0.722147133275	-0.542980533289	0.041905917457
-0.538506118391	0.686725800185	0.488281512875	-0.118748198270
0.725489835962	0.083133586849	0.683193460634	0.777373284224
0.000000000000	0.000000000000	0.000000000000	1.000000000000
17	19	60
0.846687818704	-0.299704861107	0.439655244353	0.523439815418
0.291352018895	0.952537361525	0.088241577417	-0.498774452123
-0.445234476140	0.053381374357	0.893821397220	0.632530860483
0.000000000000	0.000000000000	0.000000000000	1.000000000000
17	20	60
0.949669305058	-0.095596343457	0.298311163297	0.421253509456
0.139676772361	0.981614162296	-0.130092411933	-0.400885454824
-0.280390103771	0.165211910882	0.945561428047	0.531039712947
0.000000000000	0.000000000000	0.000000000000	1.000000000000
17	23	60
0.487883662750	0.400683711501	-0.775514084308	0.124996489283
-0.590759694120	0.805614882181	0.044583017072	-0.251517887620
0.642629376409	0.436391137566	0.629754126330	0.464512530428
0.000000000000	0.000000000000	0.000000000000	1.000000000000
18	22	60
0.381286074245	0.696584862527	-0.607775006795	0.155335641779
-0.673011579861	0.659878396220	0.334089681935	-0.266324229173
0.633779411909	0.281655874252	0.720412122011	0.608116422406
0.000000000000	0.000000000000	0.000000000000	1.000000000000
19	21	60
0.573634706276	0.560165938191	-0.597626426329	0.035392071919
-0.563676374392	0.799331062984	0.208179722116	0.096431546872
0.594316555977	0.217448783485	0.774276344630	0.031029854935
0.000000000000	0.000000000000	0.000000000000	1.000000000000
20	22	60
-0.427025403980	-0.532702783874	0.730668904778	-2.017915638690
0.880803052765	-0.427826004028	0.202856827634	-0.474491586421
0.204536760990	0.730200420659	0.651898810455	0.544931531228
0.000000000000	0.000000000000	0.000000000000	1.000000000000
21	23	60
0.673285740082	0.252987518444	-0.694754365019	-0.119032320341
-0.494975179042	0.852245437057	-0.169343695328	0.059582183791
0.549259396218	0.457902861453	0.699027242058	-0.102249318827
0.000000000000	0.000000000000	0.000000000000	1.000000000000
22	31	60
0.939012999335	0.130121272703	-0.318312804440	-1.048992651600
-0.241166944903	0.909038546728	-0.339834408570	-0.527442542766
0.245138923402	0.395875453839	0.884979962079	0.195478721363
0.000000000000	0.000000000000	0.000000000000	1.000000000000
22	32	60
0.996422710496	-0.062998666594	0.056328944737	-1.054563900252
0.070842808663	0.986098260262	-0.150304748993	-0.801190508264
-0.046076875638	0.153757566047	0.987033703789	0.049090274766
0.000000000000	0.000000000000	0.000000000000	1.000000000000
22	42	60
-0.972612030061	0.187020101558	-0.138019276170	1.485044781957
0.179397880176	0.226448698335	-0.957359591591	2.097949278554
-0.147791202613	-0.955899821443	-0.253797737962	2.049970988478
0.000000000000	0.000000000000	0.000000000000	1.000000000000
22	43	60
0.049986465739	0.756249270572	-0.652371362034	1.515188965712
0.991346046770	-0.116955553832	-0.059618906249	-0.784722234039
-0.121385208313	-0.643745632364	-0.755550919539	3.708539031544
0.000000000000	0.000000000000	0.000000000000	1.000000000000
23	24	60
0.855113130370	0.113786953550	-0.505800418614	0.013903139274
-0.132958700555	0.991119916246	-0.001815369729	-0.078690060591
0.501102303143	0.068802912890	0.862648619638	0.099849350615
0.000000000000	0.000000000000	0.000000000000	1.000000000000
23	30	60
0.842718716479	0.081321511650	-0.532176640448	-0.448620032256
-0.160262452515	0.981603335461	-0.103782648477	-0.158785954719
0.513946603461	0.172747513887	0.840248287851	0.357870487404
0.000000000000	0.000000000000	0.000000000000	1.000000000000
23	43	60
-0.212915884468	-0.344896654410	0.914173464895	-2.951278773669
0.393615383769	0.826069124438	0.403332036057	-1.096166183164
-0.894278343583	0.445708536407	-0.040126609275	2.252820124107
0.000000000000	0.000000000000	0.000000000000	1.000000000000
23	44	60
-0.905457794018	0.145302920847	-0.398789724598	0.214188883728
0.112023933565	-0.824443725495	-0.554746051631	2.415105434601
-0.409385907867	-0.546973129765	0.730221592227	1.139852473438
0.000000000000	0.000000000000	0.000000000000	1.000000000000
23	45	60
-0.985378293370	0.062714621177	-0.158418733886	-0.181038910818
0.038680655416	-0.823171787853	-0.566473313211	2.530616147624
-0.165931991647	-0.564318247068	0.808709768813	0.864145886136
0.000000000000	0.000000000000	0.000000000000	1.000000000000
23	46	60
-0.063517445528	-0.139700887692	0.988154439393	-3.078462947201
0.348282230900	0.924797491227	0.153130950039	-0.603434037583
-0.935235276149	0.353883119403	-0.010085437450	2.456698907326
0.000000000000	0.000000000000	0.000000000000	1.000000000000
23	47	60
-0.884948112261	0.465688164701	0.001171265514	1.589199203163
-0.336733826214	-0.638154549079	-0.692364861741	2.741020761784
-0.321678673352	-0.613101382112	0.721546621060	-0.377847043155
0.000000000000	0.000000000000	0.000000000000	1.000000000000
24	27	60
0.592002114633	0.066660166065	-0.803174899091	0.075589362549
-0.182067606477	0.981872394600	-0.052706616218	0.164546659922
0.785101829664	0.177434559716	0.593407190786	0.307337599922
0.000000000000	0.000000000000	0.000000000000	1.000000000000
24	32	60
0.706511446494	-0.368245821862	0.604348070779	-0.288625004393
0.143830996175	0.910851653861	0.386861615048	-0.492980749782
-0.692931613157	-0.186398174184	0.696492282906	0.880329430793
0.000000000000	0.000000000000	0.000000000000	1.000000000000
24	42	60
-0.360794660790	-0.355286024768	0.862321896596	-1.208297905939
0.361266435252	0.799175125473	0.480422399129	-0.958965933054
-0.859833574307	0.484861794153	-0.159985202644	3.355633706426
0.000000000000	0.000000000000	0.000000000000	1.000000000000
24	43	60
-0.661328478367	-0.240881389788	0.710366665712	-1.313210551017
0.246716556333	0.824488091858	0.509264496323	-1.213176752338
-0.708361196377	0.512050331938	-0.485828028247	3.339920361686
0.000000000000	0.000000000000	0.000000000000	1.000000000000
24	44	60
-0.699939806526	-0.095135722560	0.707837171625	-1.179262271036
0.319007143220	0.845084344218	0.429030178114	-1.037026022983
-0.638998207991	0.526100413848	-0.561159197318	3.627446358318
0.000000000000	0.000000000000	0.000000000000	1.000000000000
24	45	60
-0.760396355523	-0.047929324209	0.647688321948	-1.003443246968
0.289355422781	0.867822686195	0.403927251659	-1.037239602767
-0.581438579572	0.494556938285	-0.646020597953	3.789305578941
0.000000000000	0.000000000000	0.000000000000	1.000000000000
24	46	60
-0.464070942913	-0.145186940747	0.873818580816	-1.527059107701
0.285871105971	0.909143944985	0.302877859983	-0.779687802292
-0.838400781676	0.390356298186	-0.380402536469	3.350888436035
0.000000000000	0.000000000000	0.000000000000	1.000000000000
24	47	60
-0.241889854122	-0.134846616341	0.960887968774	-1.807946166014
0.425247885397	0.875391843732	0.229898577403	-0.560239049586
-0.872154535870	0.464225710175	-0.154405166927	3.339860349402
0.000000000000	0.000000000000	0.000000000000	1.000000000000
25	31	60
0.832413477199	0.262309188705	-0.488141057994	-0.280706469972
-0.160909695820	0.957333892635	0.240041429348	-0.098165781964
0.530279051792	-0.121267091716	0.839105726174	0.151470198069
0.000000000000	0.000000000000	0.000000000000	1.000000000000
26	30	60
0.843113728317	-0.195846948837	0.500802569637	0.130314175037
0.262795344243	0.962592627669	-0.065985151377	-0.153942643403
-0.469145870884	0.187241570677	0.863042725503	0.300217134818
0.000000000000	0.000000000000	0.000000000000	1.000000000000
27	29	60
0.730644404259	-0.347341308037	0.587803343183	-0.354220797984
0.158326128523	0.923651988964	0.348998338548	-0.034510457730
-0.664147266465	-0.161929055496	0.729854361797	-0.113820624290
0.000000000000	0.000000000000	0.000000000000	1.000000000000
28	30	60
0.686345625220	-0.120587732594	0.717208673601	0.103266690487
0.169348966055	0.985549416119	0.003643636166	-0.194134999106
-0.707283967327	0.118957753577	0.696848938025	0.352289344938
0.000000000000	0.000000000000	0.000000000000	1.000000000000
29	32	60
0.470504781567	-0.482087217520	0.739065061565	-0.049598499284
0.321753332040	0.873630018658	0.365027921975	-0.844832278277
-0.821644718746	0.066049263458	0.566160269670	0.770403710169
0.000000000000	0.000000000000	0.000000000000	1.000000000000
29	42	60
-0.592376968686	-0.262729938762	0.761618346844	-0.266245544344
0.475959233972	0.648610975799	0.593941587759	-1.771142986511
-0.650040256113	0.714336602276	-0.259173463305	3.182161868892
0.000000000000	0.000000000000	0.000000000000	1.000000000000
29	43	60
-0.844544979609	-0.098383094745	0.526369208907	-0.372677981077
0.293037585908	0.737816656131	0.608075287429	-1.906115468605
-0.448188298221	0.667792893496	-0.594289408229	3.346540918688
0.000000000000	0.000000000000	0.000000000000	1.000000000000
29	44	60
-0.911207947382	-0.014426763549	0.411693994517	0.079156323678
0.299716793613	0.662403512212	0.686579515158	-2.054944753399
-0.282612668248	0.749008314708	-0.599263401388	3.358423280807
0.000000000000	0.000000000000	0.000000000000	1.000000000000
29	45	60
-0.568239059416	-0.055675023996	0.820977870017	-0.982606586949
0.602932516854	0.650794434079	0.461453122963	-1.724715485836
-0.559979242002	0.757209942008	-0.336238534751	2.845543380335
0.000000000000	0.000000000000	0.000000000000	1.000000000000
29	46	60
-0.690820544785	-0.140952179362	0.709154043939	-0.543552850160
0.402179332568	0.740163008431	0.538897490629	-1.806901338725
-0.600848366360	0.657488558139	-0.454631759294	3.202250011407
0.000000000000	0.000000000000	0.000000000000	1.000000000000
29	47	60
-0.473583187650	-0.155084647019	0.866987725769	-0.868355503400
0.566362629838	0.700237857410	0.434626638130	-1.653555325363
-0.674501546253	0.696861317127	-0.243786728093	3.237508610865
0.000000000000	0.000000000000	0.000000000000	1.000000000000
30	33	60
0.791467408361	-0.169578277113	0.587215930841	0.107886334864
0.047401623026	0.974877559500	0.217639220080	-0.461012944488
-0.609370517532	-0.144419361286	0.779622101052	1.020819257690
0.000000000000	0.000000000000	0.000000000000	1.000000000000
30	34	60
0.494610414927	0.362065764212	-0.790106904052	2.201351577849
-0.301816372793	0.924071856450	0.234516697125	-0.785735434111
0.815026020787	0.122472799027	0.566332940009	1.588122363902
0.000000000000	0.000000000000	0.000000000000	1.000000000000
30	36	60
-0.536839635906	-0.622862631195	0.569074114664	0.043372129731
-0.455630899082	-0.353653256551	-0.816902600028	2.076541579193
0.710073016754	-0.697833444878	-0.093940375172	1.605356035145
0.000000000000	0.000000000000	0.000000000000	1.000000000000
30	41	60
-0.223810112111	-0.303794167288	0.926076745005	-0.475650186187
0.178654351880	0.921292897825	0.345401243442	-0.439510518944
-0.958118811146	0.242751931688	-0.151920516688	2.974967408398
0.000000000000	0.000000000000	0.000000000000	1.000000000000
30	42	60
-0.461078616081	-0.323622404058	0.826241520008	-0.761485312242
0.249081968715	0.846486984680	0.470550696130	-0.563539406212
-0.851683440401	0.422762728205	-0.309688541904	3.167004517627
0.000000000000	0.000000000000	0.000000000000	1.000000000000
30	46	60
-0.605206306889	-0.116206074676	0.787541411171	-1.009776430643
0.217649317226	0.927441397988	0.304107263987	-0.460329442531
-0.765737618778	0.355455484564	-0.536001210522	3.200962457802
0.000000000000	0.000000000000	0.000000000000	1.000000000000
30	48	60
-0.077562440223	0.960924987593	-0.265720221449	1.957765583387
-0.475778361289	0.198541617991	0.856864153092	-2.527943743619
0.876138698378	0.192884406176	0.441787943541	1.773803798717
0.000000000000	0.000000000000	0.000000000000	1.000000000000
31	35	60
0.842186773905	0.041601739277	-0.537578583231	-0.398170521016
-0.261775002989	0.903178244263	-0.340210092297	-0.728985405394
0.471375949396	0.427245075314	0.771535067220	1.029258829052
0.000000000000	0.000000000000	0.000000000000	1.000000000000
31	37	60
0.995713158445	-0.085266346650	-0.035846286120	-0.557261362170
0.089691513619	0.984768079246	0.148953893815	-1.251942300662
0.022599523986	-0.151530459733	0.988194202214	1.673270669560
0.000000000000	0.000000000000	0.000000000000	1.000000000000
31	38	60
0.912518015329	-0.237447505787	0.333060885869	-0.654752874134
0.225994056193	0.971364466922	0.073333205078	-1.333952221438
-0.340936296492	0.008351909802	0.940049300482	1.699886258652
0.000000000000	0.000000000000	0.000000000000	1.000000000000
31	41	60
0.258133676617	-0.468936469299	0.844668924939	-1.209467038344
0.474032025719	0.823298685157	0.312206523973	-1.065831532991
-0.841819840339	0.319809103654	0.434812021029	1.871398786629
0.000000000000	0.000000000000	0.000000000000	1.000000000000
31	42	60
-0.066131200469	-0.470071947618	0.880147162915	-1.705581292000
0.514226011971	0.739865235734	0.433786861910	-1.020189677298
-0.855101323199	0.481281411459	0.192795046739	1.895721062011
0.000000000000	0.000000000000	0.000000000000	1.000000000000
31	46	60
-0.230136112923	-0.192016509917	0.954026744619	-1.976265830243
0.456439322569	0.844522018233	0.280081605131	-0.807413150809
-0.859476884122	0.499912212933	-0.106711128846	1.952754557353
0.000000000000	0.000000000000	0.000000000000	1.000000000000
31	49	60
0.947414020656	-0.019253134103	0.319430728471	-2.320074399217
0.103420171454	0.963045286869	-0.248692668921	-0.478814214755
-0.302838144230	0.268650502077	0.914393769737	1.413439753148
0.000000000000	0.000000000000	0.000000000000	1.000000000000
32	34	60
0.784488027293	0.261906769483	-0.562123989110	-0.806436194618
-0.405115332933	0.902731565955	-0.144766318083	-0.732694155137
0.469531790250	0.341292490289	0.814284553468	0.794540996604
0.000000000000	0.000000000000	0.000000000000	1.000000000000
32	36	60
0.801034346571	0.183735248235	-0.569723910477	-0.979106654116
-0.295975014217	0.948823620834	-0.110147753070	-0.809258438855
0.520329478861	0.256856175910	0.814421351835	1.100862263542
0.000000000000	0.000000000000	0.000000000000	1.000000000000
32	37	60
0.929071414445	0.189457080439	-0.317698475810	-1.471157477951
-0.175348103982	0.981817501887	0.072714753781	-1.181038927989
0.325698248830	-0.011849373775	0.945399515047	1.224932836091
0.000000000000	0.000000000000	0.000000000000	1.000000000000
32	38	60
0.994522689665	-0.092203223526	0.049225860197	-1.561677085752
0.098517286909	0.984245956043	-0.146813630818	-1.137583999790
-0.034913663813	0.150859085193	0.987938546922	1.193031907876
0.000000000000	0.000000000000	0.000000000000	1.000000000000
32	39	60
0.903629769536	-0.215537257180	0.370130963815	-1.358612843437
0.312668106081	0.922557572235	-0.226110993433	-0.981873507176
-0.292731780044	0.320048772343	0.901042112375	1.250733902965
0.000000000000	0.000000000000	0.000000000000	1.000000000000
32	40	60
0.577012818730	-0.371471480211	0.727368645468	-1.577735082806
0.556162621197	0.830902646939	-0.016850225310	-0.947768642250
-0.598113154682	0.414258048443	0.686040030535	1.324589141945
0.000000000000	0.000000000000	0.000000000000	1.000000000000
32	41	60
0.619264969031	-0.383809663354	0.684982511052	-2.009609020313
0.487389359019	0.871870078894	0.047897580771	-0.804097061666
-0.615599310303	0.304191893128	0.726983343213	1.203275221251
0.000000000000	0.000000000000	0.000000000000	1.000000000000
32	43	60
0.016775234062	-0.399446260487	0.916603118315	-2.564335574741
0.639681466310	0.708855972240	0.297205034076	-0.740885894932
-0.768457034051	0.581348342737	0.267409594471	0.837207159682
0.000000000000	0.000000000000	0.000000000000	1.000000000000
32	44	60
-0.919265774122	-0.047920661709	0.390709670611	-1.175443573318
-0.202909097046	-0.792846660579	-0.574649520268	1.701459656872
0.337310442862	-0.607534182569	0.719113261000	-0.109367934144
0.000000000000	0.000000000000	0.000000000000	1.000000000000
32	45	60
0.333863137341	0.324169300110	-0.885126923323	1.260056716369
-0.703282104570	0.710893894097	-0.004914542368	-0.441260545413
0.627638181531	0.624134709980	0.465323733418	0.502028810111
0.000000000000	0.000000000000	0.000000000000	1.000000000000
32	46	60
0.211429551718	-0.235001975065	0.948721042444	-2.671702244621
0.625495675323	0.778397023774	0.053415667482	-0.344028439460
-0.751034423188	0.582127258506	0.311568852890	1.001133877865
0.000000000000	0.000000000000	0.000000000000	1.000000000000
32	47	60
0.467256680571	-0.357631281805	0.808561105134	-2.780939114014
0.644147960820	0.764133092216	-0.034264003741	-0.193901583503
-0.605594417934	0.536843071722	0.587413753083	0.705655130256
0.000000000000	0.000000000000	0.000000000000	1.000000000000
32	48	60
-0.444129629827	0.292065623156	-0.847022162449	0.127911764138
0.555438136675	-0.652040781279	-0.516072955962	0.168759215258
-0.703020162041	-0.699671702529	0.127366245309	2.147710530533
0.000000000000	0.000000000000	0.000000000000	1.000000000000
33	35	60
0.709795327026	-0.026137697932	-0.703922875377	-0.493692877801
-0.179306402060	0.959689667516	-0.216436956741	-0.287455851632
0.681204674024	0.279843818602	0.676496584824	0.559670101766
0.000000000000	0.000000000000	0.000000000000	1.000000000000
33	46	60
0.556484152704	-0.262118497458	0.788428361412	-1.776968895020
0.349411278815	0.934770743590	0.064151501667	0.260052538531
-0.753815060891	0.239786467965	0.611772264617	-0.051823093154
0.000000000000	0.000000000000	0.000000000000	1.000000000000
33	49	60
-0.829350181151	-0.324573871254	0.454785750792	-0.993921278690
0.163839131073	0.636907568759	0.753329601162	-1.610150371827
-0.534167591823	0.699285743425	-0.475041506491	3.649369653722
0.000000000000	0.000000000000	0.000000000000	1.000000000000
34	38	60
0.774116599232	-0.345336688295	0.530552601078	-0.280673996813
0.275701095653	0.938356806409	0.208507577134	-0.421450326583
-0.569852960552	-0.015135243106	0.821607283175	0.787668888436
0.000000000000	0.000000000000	0.000000000000	1.000000000000
34	41	60
0.007475350397	-0.489922681504	0.871733838556	-0.759216683992
0.384540447406	0.806131585941	0.449756056611	-0.227674082481
-0.923077875071	0.331854836181	0.194421203211	1.063154768729
0.000000000000	0.000000000000	0.000000000000	1.000000000000
34	47	60
-0.188414018879	-0.341119605739	0.920943848489	-1.774225579007
0.441014975350	0.808484346914	0.389690713659	-0.102322609460
-0.877499828494	0.479573222120	-0.001890930487	1.081465867965
0.000000000000	0.000000000000	0.000000000000	1.000000000000
34	51	60
0.962727464788	0.025297910278	0.269287660835	-2.049233708500
-0.034309748838	0.998995881447	0.028810935174	-0.435639852310
-0.268288407645	-0.036976270587	0.962628737228	0.867631067991
0.000000000000	0.000000000000	0.000000000000	1.000000000000
34	55	60
0.955741415583	0.012256997264	-0.293952568549	-0.406821751125
-0.020311014364	0.999496853324	-0.024361914777	-0.226666162904
0.293506063369	0.029254165758	0.955509489514	1.160187098355
0.000000000000	0.000000000000	0.000000000000	1.000000000000
35	36	60
0.945244864193	-0.166827746001	0.280500712799	0.223219044418
0.079880250230	0.951599317442	0.296779185029	0.085262083205
-0.316435289340	-0.258122533320	0.912820609678	0.286501379436
0.000000000000	0.000000000000	0.000000000000	1.000000000000
35	37	60
0.832428964021	-0.390291430700	0.393363215084	0.265653684830
0.174141696583	0.858160901247	0.482943616877	-0.160310942519
-0.526057686352	-0.333515317030	0.782324001892	0.756951004063
0.000000000000	0.000000000000	0.000000000000	1.000000000000
35	48	60
0.015395822129	-0.286183176573	0.958051229375	-1.417612459323
0.221956002467	0.935237421208	0.275801557177	0.117820599330
-0.974935126883	0.208399029314	0.077918822831	1.472446656417
0.000000000000	0.000000000000	0.000000000000	1.000000000000
35	51	60
0.833451070222	-0.205469436371	0.512973317302	-1.468367832743
0.159994368501	0.978267135815	0.131890913382	-0.141333988495
-0.528924489502	-0.027851780951	0.848211744026	1.332726156245
0.000000000000	0.000000000000	0.000000000000	1.000000000000
35	52	60
0.997983883877	0.018331025834	-0.060762990500	-0.729614192964
-0.003445867575	0.971619697018	0.236523339998	-0.090704080321
0.063374233875	-0.235837100260	0.969723965168	1.629950142154
0.000000000000	0.000000000000	0.000000000000	1.000000000000
35	53	60
0.994510133564	0.023472498340	-0.101973702792	-0.538763989576
-0.000736529884	0.976062535276	0.217488815240	0.022061668088
0.104637716733	-0.216219724013	0.970721370520	1.481374568433
0.000000000000	0.000000000000	0.000000000000	1.000000000000
35	56	60
0.764542884341	0.369737746665	-0.527985015597	0.012719055030
-0.145406539932	0.896941257758	0.417556365389	0.280138717807
0.627957893611	-0.242467273715	0.739512342716	1.163075550028
0.000000000000	0.000000000000	0.000000000000	1.000000000000
35	57	60
0.701805001183	0.129393116606	-0.700519208651	-0.176724319296
-0.140656454428	0.989175832496	0.041796342356	0.063860447452
0.698344830397	0.069199666051	0.712408523304	0.833048879601
0.000000000000	0.000000000000	0.000000000000	1.000000000000
35	58	60
0.595786897374	0.114080128962	-0.794999180561	0.044516487789
-0.131401442278	0.990368202884	0.043640390516	0.136997000891
0.792320411125	0.078463666069	0.605038692335	0.958045321186
0.000000000000	0.000000000000	0.000000000000	1.000000000000
36	38	60
0.770083775819	-0.296943009770	0.564620073296	-0.268632528761
0.268011467350	0.953759967971	0.136057990817	-0.432144497617
-0.578913492319	0.046548603041	0.814059209128	0.421688399233
0.000000000000	0.000000000000	0.000000000000	1.000000000000
36	41	60
-0.018578587363	-0.449260937919	0.893207392352	-0.776304889339
0.463112312977	0.787881930340	0.405917540164	-0.199984363852
-0.886104859292	0.421196715922	0.193420538815	0.714745486222
0.000000000000	0.000000000000	0.000000000000	1.000000000000
36	47	60
-0.172758916661	-0.291386453550	0.940876342248	-1.811825070623
0.501838296281	0.795916315026	0.338637776779	-0.017106221223
-0.847533292030	0.530670476061	0.008727241073	0.745782226294
0.000000000000	0.000000000000	0.000000000000	1.000000000000
36	50	60
0.926117783826	-0.059922270550	0.372444857628	-2.036239782609
0.106487180638	0.988677497331	-0.105722687400	0.128326879616
-0.361892706256	0.137572263787	0.922012766395	0.364556496168
0.000000000000	0.000000000000	0.000000000000	1.000000000000
36	51	60
0.985615844708	-0.053341534132	0.160362362784	-1.699943680863
0.076023204771	0.987396227945	-0.138813404888	-0.245239975444
-0.150936672142	0.149007952059	0.977248561639	0.292455453235
0.000000000000	0.000000000000	0.000000000000	1.000000000000
36	55	60
0.968324363477	0.060214289127	-0.242326569903	-0.455305492086
-0.082129947373	0.993294381605	-0.081369178538	-0.217156468744
0.235802033156	0.098694026447	0.966776546211	0.800451020943
0.000000000000	0.000000000000	0.000000000000	1.000000000000
37	39	60
0.730635395457	-0.257107245509	0.632509117098	0.137467285345
0.456874338782	0.872530309397	-0.173080032775	0.225423675170
-0.507383245159	0.415435582840	0.754967230443	-0.014274043442
0.000000000000	0.000000000000	0.000000000000	1.000000000000
37	41	60
0.270625155569	-0.397976055735	0.876571208879	-0.609792971254
0.588754373554	0.788834601956	0.176375333815	0.229170798155
-0.761662860323	0.468353530806	0.447788630256	0.246061922698
0.000000000000	0.000000000000	0.000000000000	1.000000000000
37	47	60
0.132087008033	-0.264558982497	0.955280883871	-1.536459200956
0.634660298160	0.762856915594	0.123513692643	0.607952830855
-0.761419285446	0.589964296472	0.268668570250	0.088629926875
0.000000000000	0.000000000000	0.000000000000	1.000000000000
37	48	60
0.615462875924	-0.147882018792	0.774168170928	-1.651766824950
0.478748605346	0.850415759841	-0.218157760103	0.778588407708
-0.626103203345	0.504899934573	0.594197639535	-0.002719696524
0.000000000000	0.000000000000	0.000000000000	1.000000000000
37	50	60
0.991467727078	0.051217547961	0.119868715447	-1.654130078424
-0.007729013896	0.941054934187	-0.338165452385	0.869700522011
-0.130123051402	0.334353665485	0.933421457794	-0.250115601429
0.000000000000	0.000000000000	0.000000000000	1.000000000000
37	51	60
0.989372709277	0.008285603382	-0.145165391589	-1.240630669046
-0.073809406502	0.888797741475	-0.452317085970	0.811084138166
0.125274952208	0.458224752196	0.879963784950	-0.199127161793
0.000000000000	0.000000000000	0.000000000000	1.000000000000
37	55	60
0.854440288400	0.225539327353	-0.468042525179	-0.322865545840
-0.351672686605	0.914185077219	-0.201474479988	0.163111909465
0.382437073328	0.336745685061	0.860432582215	0.415793599963
0.000000000000	0.000000000000	0.000000000000	1.000000000000
38	40	60
0.651966231560	-0.313758501612	0.690286632908	0.001416253775
0.404028311391	0.914118170685	0.033898283400	0.199500715661
-0.641639428729	0.256794806585	0.722741496533	0.093503947796
0.000000000000	0.000000000000	0.000000000000	1.000000000000
38	41	60
0.617607489209	-0.355332852766	0.701640615286	-0.543193232944
0.386397899976	0.914118381992	0.122817940869	0.362633962522
-0.685023833284	0.195259180195	0.701866226843	-0.002977863558
0.000000000000	0.000000000000	0.000000000000	1.000000000000
38	48	60
0.915256648350	-0.111400417153	0.387163033758	-1.067968175885
0.198174858391	0.961194226931	-0.191917648005	0.975906565070
-0.350759166883	0.252379882662	0.901816168449	-0.866563744762
0.000000000000	0.000000000000	0.000000000000	1.000000000000
39	41	60
0.854409645482	-0.220588103610	0.470451959560	-0.649293130860
0.167359832887	0.973992252789	0.152740884651	0.276044942652
-0.491909386009	-0.051768523772	0.869105963564	-0.298271705895
0.000000000000	0.000000000000	0.000000000000	1.000000000000
39	42	60
0.747504111595	-0.304258044807	0.590478319093	-0.787838986038
0.261665469435	0.951929251608	0.159254142926	0.479089918176
-0.610547938539	0.035464659931	0.791184853648	-0.648039727461
0.000000000000	0.000000000000	0.000000000000	1.000000000000
39	46	60
-0.520954633385	-0.099690028351	-0.847742984755	0.654813241105
-0.409244962034	0.900737912031	0.145567080346	-0.428629194165
0.749082659660	0.422768390585	-0.510041230606	3.149111317994
0.000000000000	0.000000000000	0.000000000000	1.000000000000
39	47	60
0.731539414462	0.112888451311	-0.672388490866	2.595317738649
-0.321042851988	0.927057146510	-0.193640218687	0.889504557407
0.601482811289	0.357520970946	0.714420872495	0.149212029084
0.000000000000	0.000000000000	0.000000000000	1.000000000000
40	42	60
0.957183959898	-0.122289007780	0.262381907703	-0.323867769594
0.097228192305	0.989546863916	0.106506726247	0.427625059395
-0.272663795790	-0.076435611405	0.959068324873	-0.841411236211
0.000000000000	0.000000000000	0.000000000000	1.000000000000
40	43	60
0.794831590782	-0.055075436854	0.604325606400	-0.436433213130
0.102802835716	0.993699172302	-0.044648985823	0.455968123893
-0.598058792481	0.097614810462	0.795485404966	-1.008265371694
0.000000000000	0.000000000000	0.000000000000	1.000000000000
40	44	60
0.471093914790	0.443008844203	0.762767125279	-0.996341137052
-0.304106866348	0.893287225860	-0.330993876008	0.947332354956
-0.828003343766	-0.076033519402	0.555544207637	-0.422297206484
0.000000000000	0.000000000000	0.000000000000	1.000000000000
40	45	60
0.681409762350	0.059693975078	0.729463751748	-0.836170262310
0.134489654635	0.969485238050	-0.204965621505	0.733120901226
-0.719439551714	0.237770903481	0.652588483569	-0.563431438722
0.000000000000	0.000000000000	0.000000000000	1.000000000000
40	46	60
0.896568908096	-0.030080348440	0.441881619525	-0.302930297604
0.114821728742	0.979366908973	-0.166302219518	0.760566063741
-0.427761807137	0.199839010820	0.881523797812	-1.014373673111
0.000000000000	0.000000000000	0.000000000000	1.000000000000
40	47	60
0.980590368093	-0.100432802789	0.168391751955	-0.173933930652
0.117525180503	0.988535143563	-0.094795052020	0.855937685510
-0.156940631928	0.112745385998	0.981151423576	-1.274292097855
0.000000000000	0.000000000000	0.000000000000	1.000000000000
40	48	60
0.911953538739	-0.008554645962	-0.410204292048	-0.390049507309
-0.122044357609	0.948871986808	-0.291113598835	0.969590124871
0.391721735365	0.315545195944	0.864283119909	0.068206999008
0.000000000000	0.000000000000	0.000000000000	1.000000000000
41	43	60
0.835249352136	-0.138771910977	0.532072247425	-0.116789491176
0.229877802539	0.967139052664	-0.108619743658	0.247993822096
-0.499514479926	0.213036169549	0.839702849113	-0.588922328775
0.000000000000	0.000000000000	0.000000000000	1.000000000000
41	44	60
0.837491035934	-0.112185762528	0.534811293277	-0.255234575218
0.262478700770	0.940990037867	-0.213641476022	0.473430572532
-0.479284567218	0.319299394489	0.817517094810	-0.407932564276
0.000000000000	0.000000000000	0.000000000000	1.000000000000
41	45	60
0.756501465363	-0.036144867001	0.652992405387	-0.553304142897
0.310395473652	0.898691193958	-0.309852848687	0.599218246904
-0.575638934437	0.437090021040	0.691080408251	-0.104456828142
0.000000000000	0.000000000000	0.000000000000	1.000000000000
43	48	60
0.465402233680	-0.313589730606	0.827684868621	-1.325497720137
0.571123383348	0.820801380391	-0.010157506652	-0.093477397770
-0.676179592918	0.477437508797	0.561101223769	1.734765726016
0.000000000000	0.000000000000	0.000000000000	1.000000000000
44	48	60
0.998390279258	0.050603383674	-0.025615382959	0.968888576935
-0.048797007313	0.996571572721	0.066812817043	-0.289399722004
0.028908517096	-0.065455313036	0.997436664473	0.847739409259
0.000000000000	0.000000000000	0.000000000000	1.000000000000
46	48	60
0.770261838749	0.109907214983	-0.628185564831	0.192922179856
-0.099951844513	0.993669223511	0.051294278687	0.200020294824
0.629846273741	0.023278280483	0.776370912072	-0.445407706198
0.000000000000	0.000000000000	0.000000000000	1.000000000000
47	49	60
0.482928559210	0.290544493944	-0.826053208781	0.247783829602
-0.310118409880	0.938956543475	0.148953621370	0.064931452585
0.818905720186	0.184240349826	0.543552127162	-0.199034526829
0.000000000000	0.000000000000	0.000000000000	1.000000000000
48	50	60
0.645354997955	0.312458939410	-0.697055476844	0.301097955472
-0.271459227427	0.946761865315	0.173066051638	-0.010764099841
0.714021578428	0.077533099816	0.695817363949	-0.151574143484
0.000000000000	0.000000000000	0.000000000000	1.000000000000
48	51	60
0.763972905484	0.093506334068	-0.638437127034	-0.316089527768
-0.060698815802	0.995471087349	0.073163980294	-0.312906908235
0.642386996635	-0.017142921026	0.766188662675	-0.270794217087
0.000000000000	0.000000000000	0.000000000000	1.000000000000
49	52	60
0.826948813392	0.237358412426	-0.509722124378	-0.124412887576
-0.186980602220	0.971025428555	0.148821609631	-0.326743170689
0.530277205264	-0.027759703710	0.847369744814	0.507339272455
0.000000000000	0.000000000000	0.000000000000	1.000000000000
49	53	60
0.451558425525	0.334759382763	-0.827061753432	0.460994611112
-0.260209249502	0.936062226011	0.236809323104	-0.353973651733
0.853455408801	0.108275873062	0.509794272723	0.855618024489
0.000000000000	0.000000000000	0.000000000000	1.000000000000
49	54	60
0.253727265472	0.185286855887	-0.949363605681	0.931140352558
-0.278247009741	0.953978093871	0.111823065531	-0.365450293609
0.926391427166	0.235785023804	0.293605766673	1.089805290905
0.000000000000	0.000000000000	0.000000000000	1.000000000000
49	55	60
0.609617735752	0.283173499861	-0.740391102887	1.024998919928
-0.187798428007	0.959019585139	0.212163111209	-0.471952503136
0.770128539073	0.009705889767	0.637814886161	1.150079189116
0.000000000000	0.000000000000	0.000000000000	1.000000000000
49	56	60
-0.151835028990	0.580618483451	-0.799892680705	1.016459271330
-0.342502979758	0.728227764468	0.593612695211	-0.349537924373
0.927166561535	0.364096827414	0.088293076955	1.166553408934
0.000000000000	0.000000000000	0.000000000000	1.000000000000
50	52	60
0.927263196680	0.054595437618	-0.370408291313	0.095857026087
-0.080650402271	0.995212243806	-0.055209622271	-0.287882451640
0.365620673233	0.081067428533	0.927226830574	0.643659332307
0.000000000000	0.000000000000	0.000000000000	1.000000000000
50	53	60
0.679577765378	0.238413890738	-0.693781577665	0.646718746780
-0.221055938200	0.968311026678	0.116224041406	-0.309762093445
0.699505777668	0.074381263214	0.710745449997	0.837541911438
0.000000000000	0.000000000000	0.000000000000	1.000000000000
50	54	60
0.591602865539	0.196515233255	-0.781912918799	1.087411550440
-0.285811898930	0.957972102688	0.024515482911	-0.360821434798
0.753868428783	0.208976586180	0.622905433042	0.775535880974
0.000000000000	0.000000000000	0.000000000000	1.000000000000
50	55	60
0.774141567398	0.145472664561	-0.616070237466	1.327207396606
-0.136609015093	0.988695441624	0.061800491165	-0.359371932227
0.618096117624	0.036318419272	0.785263116286	1.037973187715
0.000000000000	0.000000000000	0.000000000000	1.000000000000
50	56	60
0.279509004766	0.493074609469	-0.823864154914	1.242601264420
-0.329777387067	0.855164625629	0.399925415611	-0.119636634988
0.901732549725	0.159909013408	0.401631069761	0.860166281356
0.000000000000	0.000000000000	0.000000000000	1.000000000000
50	57	60
-0.211736288710	0.047498126679	-0.976171947971	1.522647708245
-0.357515316177	0.925825699763	0.122595156338	-0.303296000999
0.909588117085	0.374954266039	-0.179049589883	1.084341901940
0.000000000000	0.000000000000	0.000000000000	1.000000000000
50	58	60
-0.084744324560	0.069701235020	-0.993961838951	1.448330458981
-0.348268727866	0.932559419105	0.095088501032	-0.195521251119
0.933556261103	0.354224035992	-0.054754357633	0.880691541472
0.000000000000	0.000000000000	0.000000000000	1.000000000000
51	52	60
0.957406642402	0.161964519655	-0.239039777980	0.148089907120
-0.136711519943	0.983461767087	0.118797781938	-0.043798254114
0.254327508144	-0.081058294156	0.963715244017	0.550463963616
0.000000000000	0.000000000000	0.000000000000	1.000000000000
51	53	60
0.770740384447	0.347596068918	-0.533981490930	0.663089493154
-0.272909184084	0.937409646814	0.216295472221	-0.054963314134
0.575742856686	-0.020979202408	0.817361631129	0.616286298985
0.000000000000	0.000000000000	0.000000000000	1.000000000000
51	54	60
0.599940212216	0.229607863039	-0.766388916280	1.239125837444
-0.209980488399	0.969540140490	0.126095640170	-0.123516729145
0.771997368038	0.085276873821	0.629879288859	0.728721740237
0.000000000000	0.000000000000	0.000000000000	1.000000000000
51	57	60
0.121836032880	0.148929423390	-0.981313409641	1.465990076437
-0.305325233730	0.946361676731	0.105716973394	0.060440360365
0.944421771636	0.286739609514	0.160772863368	0.407565488116
0.000000000000	0.000000000000	0.000000000000	1.000000000000
51	58	60
0.231816546314	0.246301152940	-0.941061544701	1.310308369991
-0.275980010469	0.944316337697	0.179169439859	-0.056565129613
0.932789431049	0.218179734205	0.286882346800	0.223013802538
0.000000000000	0.000000000000	0.000000000000	1.000000000000
52	57	60
0.517633373463	0.134461323010	-0.844970912690	0.991246357467
-0.289359525432	0.956894195806	-0.024991259968	0.158408195594
0.805187404099	0.257436692504	0.534228035237	-0.620227910005
0.000000000000	0.000000000000	0.000000000000	1.000000000000
52	58	60
0.420292734845	0.188875794380	-0.887513352764	1.128708504071
-0.366107744793	0.930247377433	0.024595446375	0.263885446133
0.830252453317	0.314588224632	0.460125105470	-0.476932744328
0.000000000000	0.000000000000	0.000000000000	1.000000000000
53	57	60
0.631443101795	-0.011622276115	-0.775335109416	0.754278076965
-0.166514043877	0.974529218871	-0.150219422038	0.188216145327
0.757332610144	0.223959202230	0.613424480559	-0.368817792415
0.000000000000	0.000000000000	0.000000000000	1.000000000000
54	56	60
0.930563407216	0.250957710996	-0.266593271562	0.056531794079
-0.128208659375	0.905387935597	0.404765642980	0.125850631408
0.342949391035	-0.342480529910	0.874695833888	-0.034749334727
0.000000000000	0.000000000000	0.000000000000	1.000000000000
54	57	60
0.814075549500	0.089363962005	-0.573842384284	0.071251323537
-0.161855003161	0.983852674935	-0.076399423914	0.121946072351
0.557749009553	0.155074163926	0.815394411328	-0.287135710012
0.000000000000	0.000000000000	0.000000000000	1.000000000000
54	58	60
0.811761719763	0.083938445668	-0.577924949856	0.071490222224
-0.125183401506	0.991623539488	-0.031809934324	0.084670559960
0.570413907890	0.098168698031	0.815469729918	-0.271420353333
0.000000000000	0.000000000000	0.000000000000	1.000000000000
55	56	60
0.717245509423	0.442713520730	-0.538111157453	-0.038401774173
-0.281884952051	0.890570921843	0.356965414256	0.101361361665
0.637259564871	-0.104346402578	0.763552274078	0.067385895690
0.000000000000	0.000000000000	0.000000000000	1.000000000000
55	58	60
0.537366179628	0.185535795685	-0.822687095749	-0.011852468837
-0.349826615691	0.936655397942	-0.017262805677	0.120496893552
0.767371440664	0.297074290415	0.568232292314	-0.195549713390
0.000000000000	0.000000000000	0.000000000000	1.000000000000
57	59	60
0.930525418525	0.246441699302	-0.270903920835	0.197959706877
-0.117087654822	0.901085309803	0.417535322513	0.061817014599
0.347005657831	-0.356807725958	0.867338065653	0.448290129781
0.000000000000	0.000000000000	0.000000000000	1.000000000000
