0	1	66
0.979986025926	-0.061332591239	0.189382423264	-0.481821835450
0.058663040910	0.998083933849	0.019675076190	-0.025398402616
-0.190226277418	-0.008171550882	0.981706264183	0.113441310417
0.000000000000	0.000000000000	0.000000000000	1.000000000000
0	2	66
0.858960713002	-0.054437495636	0.509139521731	-0.630570681116
0.110102146539	0.990709650183	-0.079824221655	0.025599707952
-0.500064006750	0.124623224578	0.856974352620	0.094992378849
0.000000000000	0.000000000000	0.000000000000	1.000000000000
0	5	66
0.369471595153	-0.010613181159	0.929181414343	-0.968236520141
0.259414141043	0.961357845510	-0.092170474141	0.024538575667
-0.892297620641	0.275097170582	0.357947625967	0.088216994698
0.000000000000	0.000000000000	0.000000000000	1.000000000000
0	6	66
0.706563200441	-0.143481775494	0.692951242068	-0.824766628055
0.216378673173	0.976133998685	-0.018511791009	0.006441539646
-0.673757162172	0.163019620633	0.720746758376	0.210439379064
0.000000000000	0.000000000000	0.000000000000	1.000000000000
0	7	66
0.686710120434	-0.012458185997	0.726824603391	-0.759047417207
0.041029893756	0.998923478664	-0.021643280532	-0.103274347494
-0.725772525184	0.044684196037	0.686482020386	0.471127447868
0.000000000000	0.000000000000	0.000000000000	1.000000000000
0	34	66
0.621364224959	0.393028300154	-0.677816535074	0.755210464510
-0.261530691793	0.919512484915	0.293425437439	-0.196012393741
0.738585267380	-0.005054242191	0.674141125763	0.556168051612
0.000000000000	0.000000000000	0.000000000000	1.000000000000
0	35	66
0.877168310343	0.266071547749	-0.399727015361	1.012935329794
-0.196557422593	0.958466355774	0.206657747187	-0.218136902203
0.438110642366	-0.102704315039	0.893034651466	0.570080509263
0.000000000000	0.000000000000	0.000000000000	1.000000000000
0	36	66
0.983767041741	0.118078207964	-0.135129361677	0.976919626206
-0.095102011788	0.981629907098	0.165403545440	-0.249450428291
0.152177576985	-0.149867482444	0.976924624917	0.448461459670
0.000000000000	0.000000000000	0.000000000000	1.000000000000
0	37	66
0.990661212593	0.128265073788	-0.046243190967	1.044114288422
-0.120121687868	0.981505160872	0.149058375432	-0.154143213172
0.064506914113	-0.142111540801	0.987746509993	0.398215453735
0.000000000000	0.000000000000	0.000000000000	1.000000000000
0	38	66
0.989015130324	-0.023350015882	0.145958380195	0.841617443590
-0.002906899791	0.984180710148	0.177143669676	-0.213894590490
-0.147785729772	-0.175622055935	0.973301737153	0.394526339722
0.000000000000	0.000000000000	0.000000000000	1.000000000000
0	45	66
0.849764300080	-0.106436325022	0.516306055577	0.412264809028
0.276124224955	0.924169676854	-0.263942836193	-0.049961688343
-0.449061295040	0.366853808894	0.814716046360	0.012138175938
0.000000000000	0.000000000000	0.000000000000	1.000000000000
0	46	66
0.833128302436	-0.135471934947	0.536231840273	0.161719788274
0.199807551932	0.977781102931	-0.063411804434	-0.020360725105
-0.515726840363	0.159973340255	0.841685426116	0.229426361941
0.000000000000	0.000000000000	0.000000000000	1.000000000000
0	47	66
0.701276879586	-0.388427283156	0.597775027797	-0.331127630331
0.260874873924	0.920189092882	0.291884109701	-0.040271563486
-0.663441812304	-0.048747092641	0.746638254208	0.410482524909
0.000000000000	0.000000000000	0.000000000000	1.000000000000
0	48	66
0.643283342263	-0.453891850710	0.616578242745	-0.726671805406
0.208977552318	0.878836228581	0.428923380058	0.025781690413
-0.736556124266	-0.147068253517	0.660193914402	0.354984547172
0.000000000000	0.000000000000	0.000000000000	1.000000000000
0	49	66
0.667059289617	-0.390021774533	0.634755795190	-0.769333735339
0.234087201679	0.918591424612	0.318422638390	-0.131421306877
-0.707272992660	-0.063818571117	0.704054048944	0.636721964930
0.000000000000	0.000000000000	0.000000000000	1.000000000000
1	2	66
0.941299489874	-0.003776995548	0.337551484470	-0.164927625805
0.038650608245	0.994567419748	-0.096652874033	-0.005647281951
-0.335352651466	0.104025871211	0.936331788029	-0.034336143723
0.000000000000	0.000000000000	0.000000000000	1.000000000000
1	3	66
0.675861894410	-0.165606077131	0.718181959466	-0.269775057628
0.213777101077	0.976587310040	0.024012016244	-0.041946212360
-0.705343923728	0.137302050553	0.695440936510	0.006337916794
0.000000000000	0.000000000000	0.000000000000	1.000000000000
1	5	66
0.614207761623	-0.023081981105	0.788806723925	-0.270085288676
0.223086367702	0.963878398396	-0.145502253080	0.038338272707
-0.756955281445	0.265340640035	0.597170868880	-0.190124437710
0.000000000000	0.000000000000	0.000000000000	1.000000000000
1	6	66
0.842584525914	-0.118647703367	0.525332313089	-0.308058211881
0.176664462399	0.982348698616	-0.061487413768	0.028759464191
-0.508764173675	0.144615894052	0.848672645236	0.018106921095
0.000000000000	0.000000000000	0.000000000000	1.000000000000
1	7	66
0.813914212954	0.042633442340	0.579418711767	-0.336821221883
-0.019618593892	0.998752019354	-0.045929452539	-0.125658237502
-0.580653739095	0.026015253815	0.813734871960	0.302876701572
0.000000000000	0.000000000000	0.000000000000	1.000000000000
1	34	66
0.442419085753	0.454958082930	-0.772837948951	1.110730546920
-0.307928364751	0.886437487760	0.345555643095	-0.283684698984
0.842285862842	0.085098314143	0.532271361419	0.673297919736
0.000000000000	0.000000000000	0.000000000000	1.000000000000
1	35	66
0.760987618677	0.325288102044	-0.561324767750	1.410952700970
-0.243492074085	0.945172238447	0.217625939461	-0.281052487296
0.601339716033	-0.028932513498	0.798469445617	0.747942831836
0.000000000000	0.000000000000	0.000000000000	1.000000000000
1	36	66
0.934716763625	0.164076165984	-0.315251619430	1.358206429390
-0.126644899279	0.982594428170	0.135901652736	-0.247873602076
0.332062706856	-0.087104543427	0.939226893370	0.591871114945
0.000000000000	0.000000000000	0.000000000000	1.000000000000
1	37	66
0.952521281082	0.220365967455	-0.210100093941	1.389139756862
-0.189458354287	0.969161841968	0.157578095127	-0.267814084308
0.238345843424	-0.110291271007	0.964897452822	0.547936313242
0.000000000000	0.000000000000	0.000000000000	1.000000000000
1	38	66
0.996395639289	0.079983449355	-0.028255580607	1.222438044823
-0.074477209674	0.984310000211	0.159959272076	-0.278521949890
0.040606344891	-0.157278324359	0.986719136047	0.526676079146
0.000000000000	0.000000000000	0.000000000000	1.000000000000
1	45	66
0.941944727525	-0.103101411909	0.319546912284	0.920441677808
0.199223914440	0.937679929911	-0.284721233766	-0.152453094295
-0.270277565112	0.331853051673	0.903782932951	0.094760093707
0.000000000000	0.000000000000	0.000000000000	1.000000000000
1	46	66
0.907604786257	-0.096711677632	0.408534457999	0.489638519499
0.126535462607	0.990869451265	-0.046545754403	-0.179983071377
-0.400302796225	0.093939246110	0.911555313393	0.258305969212
0.000000000000	0.000000000000	0.000000000000	1.000000000000
1	47	66
0.845300392109	-0.299596256445	0.442390472574	0.130128358038
0.204012755949	0.946244502484	0.250998280728	-0.051296289116
-0.493807697905	-0.121915645602	0.860982306930	0.309766459958
0.000000000000	0.000000000000	0.000000000000	1.000000000000
1	48	66
0.791131193848	-0.364609119905	0.491092276261	-0.244061089424
0.170970095241	0.902721551437	0.394794917779	0.033873966752
-0.587265409040	-0.228372481382	0.776508434657	0.174481943050
0.000000000000	0.000000000000	0.000000000000	1.000000000000
1	49	66
0.835178884173	-0.285271932618	0.470208630176	-0.289920153137
0.179296064571	0.949477235505	0.257576979731	-0.063835620887
-0.519931873096	-0.130816297602	0.844131472948	0.424755760587
0.000000000000	0.000000000000	0.000000000000	1.000000000000
2	3	66
0.868988878061	-0.233183698176	0.436444375277	-0.069858413109
0.219756237152	0.972116451283	0.081833986692	0.076907137802
-0.443357108930	0.024798549354	0.896001956421	-0.017578410386
0.000000000000	0.000000000000	0.000000000000	1.000000000000
2	5	66
0.824402535136	-0.075593989114	0.560933159004	-0.122894182473
0.141872843712	0.987001648221	-0.075497302114	0.002684511158
-0.547934810245	0.141821349659	0.824411395180	-0.176814381639
0.000000000000	0.000000000000	0.000000000000	1.000000000000
2	6	66
0.968936455366	-0.137636805659	0.205470813478	-0.162360405769
0.141250617558	0.989969467315	-0.002952426690	0.112708797003
-0.203003469189	0.031883593145	0.978658790379	-0.011650602510
0.000000000000	0.000000000000	0.000000000000	1.000000000000
2	7	66
0.965656374317	0.048957071834	0.255168516588	-0.253790977848
-0.054367679073	0.998420155774	0.014189715157	-0.036769846244
-0.254070703177	-0.027575308910	0.966792470040	0.261264221791
0.000000000000	0.000000000000	0.000000000000	1.000000000000
2	8	66
0.986737200988	-0.080116255415	0.141177483346	-0.530417053451
0.072311027917	0.995600793821	0.059583341499	-0.169682679429
-0.145330008695	-0.048584410677	0.988189629379	0.765271935842
0.000000000000	0.000000000000	0.000000000000	1.000000000000
2	35	66
0.520217918580	0.337564073809	-0.784489523998	1.154167019119
-0.144154484037	0.940097118108	0.308928621622	-0.221608593594
0.841779544727	-0.047622521966	0.537716740934	1.265907860970
0.000000000000	0.000000000000	0.000000000000	1.000000000000
2	36	66
0.765497053901	0.228900860659	-0.601347367550	1.195096588080
-0.061106976252	0.956220891266	0.286194941533	-0.272016136716
0.640531184192	-0.182334865277	0.745971714599	1.147874885639
0.000000000000	0.000000000000	0.000000000000	1.000000000000
2	37	66
0.791641702760	0.273914239690	-0.546145039112	1.291423131139
-0.147830358316	0.953187085421	0.263781283160	-0.205344233025
0.592831847670	-0.128083447333	0.795075487553	1.151500172398
0.000000000000	0.000000000000	0.000000000000	1.000000000000
2	38	66
0.914289336608	0.163121010522	-0.370764810751	1.137484229523
-0.067757082690	0.964021641687	0.257043288386	-0.210544799572
0.399354462489	-0.209889995678	0.892447311052	1.047078200049
0.000000000000	0.000000000000	0.000000000000	1.000000000000
2	45	66
0.981088197698	-0.190764435525	0.032785339361	0.874932488437
0.193554746646	0.965494033732	-0.174234987529	-0.156495982701
0.001583789498	0.177285647944	0.984158163429	0.450250477536
0.000000000000	0.000000000000	0.000000000000	1.000000000000
2	46	66
0.997939714209	-0.046493076522	0.044212222745	0.536998734509
0.044948987820	0.998365407114	0.035300175254	-0.143753468807
-0.045781167510	-0.033240152143	0.998398305781	0.525150388341
0.000000000000	0.000000000000	0.000000000000	1.000000000000
2	47	66
0.965610797307	-0.205946623320	0.158687669550	0.108031698945
0.143435834464	0.931048596053	0.335521494363	-0.005431347999
-0.216845450761	-0.301221679384	0.928570702937	0.429968834410
0.000000000000	0.000000000000	0.000000000000	1.000000000000
2	48	66
0.954736145545	-0.229896839112	0.188749399354	-0.105044614284
0.118949185169	0.876683618788	0.466129728613	0.078133298368
-0.272635257693	-0.422579313165	0.864347580749	0.172062734918
0.000000000000	0.000000000000	0.000000000000	1.000000000000
2	49	66
0.955057292591	-0.247828141528	0.162624660297	-0.295471824064
0.182930514114	0.924466741273	0.334511092920	0.019254847148
-0.233242352234	-0.289728246030	0.928254032351	0.383646358495
0.000000000000	0.000000000000	0.000000000000	1.000000000000
3	4	66
0.895527957861	-0.082350075346	0.437319267560	-0.359114546331
0.134811364158	0.986752644344	-0.090250290711	0.162235292199
-0.424093825447	0.139777265569	0.894766306500	-0.017664154247
0.000000000000	0.000000000000	0.000000000000	1.000000000000
3	5	66
0.994406214072	0.051454268959	0.092242829641	0.090956261300
-0.034247526701	0.983207757046	-0.179247352559	-0.048701662381
-0.099916907124	0.175085592470	0.979470084781	-0.133493262456
0.000000000000	0.000000000000	0.000000000000	1.000000000000
3	6	66
0.961171941173	0.030827901095	-0.274222792661	0.032312815014
-0.045794582233	0.997780399750	-0.048343873586	0.110914833688
0.272123787529	0.059024693047	0.960450274544	-0.021852747820
0.000000000000	0.000000000000	0.000000000000	1.000000000000
3	7	66
0.947365090970	0.214834499774	-0.237372117399	-0.166520106335
-0.237585453552	0.968734562108	-0.071459781965	0.063424782978
0.214598547693	0.124094665015	0.968786858624	0.168702406549
0.000000000000	0.000000000000	0.000000000000	1.000000000000
3	38	66
0.590893618508	0.385257986405	-0.708816630391	0.620107747421
-0.227634917556	0.922527185606	0.311650342734	-0.443524874171
0.773968394649	-0.022800783506	0.632813596848	1.520443226343
0.000000000000	0.000000000000	0.000000000000	1.000000000000
3	39	66
0.885549455397	0.151791197746	-0.439046232569	0.584051016338
-0.165638700456	0.986162680936	0.006854753115	-0.171098380315
0.434011500951	0.066652824516	0.898438321771	1.513048965392
0.000000000000	0.000000000000	0.000000000000	1.000000000000
3	43	66
0.875779046593	-0.165340733054	0.453512407263	0.966882537081
0.199906825239	0.979386314330	-0.028977724646	-0.166112162003
-0.439372646817	0.116038309605	0.890778753638	0.768385668002
0.000000000000	0.000000000000	0.000000000000	1.000000000000
3	45	66
0.907639305317	-0.087168340846	-0.410600257912	0.582739583386
0.008169292407	0.981682714940	-0.190347865367	-0.331252658565
0.419671483550	0.169412890721	0.891725921095	0.756869843804
0.000000000000	0.000000000000	0.000000000000	1.000000000000
3	46	66
0.906874656264	0.106776445601	-0.407648314716	0.336604614674
-0.113169552787	0.993539519498	0.008477942993	-0.232409685031
0.405919955346	0.038444945833	0.913099652827	0.733420932902
0.000000000000	0.000000000000	0.000000000000	1.000000000000
3	47	66
0.963386888312	0.128023930987	-0.235574991293	0.026052049884
-0.054814457460	0.954122498747	0.294356302190	-0.061567496347
0.262452050252	-0.270666086683	0.926206667455	0.483226947847
0.000000000000	0.000000000000	0.000000000000	1.000000000000
3	48	66
0.977474443183	0.133573791365	-0.163406717074	-0.009539735952
-0.056309765874	0.911229753953	0.408031304899	0.098639220164
0.203403350985	-0.389638778577	0.898225305276	0.152451200717
0.000000000000	0.000000000000	0.000000000000	1.000000000000
4	5	66
0.948102604894	0.044724072514	-0.314803443327	0.180766298347
-0.102568524277	0.980150813305	-0.169658719212	0.120177639831
0.300967022148	0.193142798247	0.933870821401	0.061653179514
0.000000000000	0.000000000000	0.000000000000	1.000000000000
4	39	66
0.991299221880	-0.124240600556	-0.043475577902	1.317940636866
0.115206253457	0.659178926034	0.743108782506	-1.271009970367
-0.063666096667	-0.741651816317	0.667756850574	0.475838885066
0.000000000000	0.000000000000	0.000000000000	1.000000000000
4	40	66
0.990362493394	0.025803977040	-0.136074562088	0.019185929537
0.002106040290	0.979571487050	0.201085221616	-0.314451620931
0.138483559575	-0.199433839974	0.970076516158	1.432762654887
0.000000000000	0.000000000000	0.000000000000	1.000000000000
4	41	66
0.927016405978	-0.154370058202	0.341775464565	0.017250448817
0.085750340882	0.974458882969	0.207549426504	-0.303247490573
-0.365085554476	-0.163094360829	0.916576656575	1.307812311930
0.000000000000	0.000000000000	0.000000000000	1.000000000000
4	42	66
0.929008391291	-0.103751355145	0.355216926985	-0.093566499698
0.167430915971	0.973870192144	-0.153439685970	-0.363618538106
-0.330015601584	0.202021051276	0.922104764955	1.226858827048
0.000000000000	0.000000000000	0.000000000000	1.000000000000
4	43	66
0.985540906252	-0.098739816334	0.137693757211	-0.043517830342
0.090359581168	0.993729573979	0.065853472888	-0.285684927975
-0.143332718511	-0.052459341119	0.988283233357	1.195711058743
0.000000000000	0.000000000000	0.000000000000	1.000000000000
4	45	66
0.661764081911	0.181898938804	-0.727310852356	1.262565062935
-0.340346426820	0.937283351472	-0.075261070981	-0.171419245315
0.668006444313	0.297342723328	0.682169110441	0.964505480420
0.000000000000	0.000000000000	0.000000000000	1.000000000000
4	46	66
0.731290978680	0.190502088919	-0.654921719459	1.060344436727
-0.166659641261	0.981005705375	0.099259105356	-0.171261347591
0.661391010278	0.036561730520	0.749149632173	0.885401497064
0.000000000000	0.000000000000	0.000000000000	1.000000000000
4	47	66
0.869742488653	0.223944641841	-0.439769031222	-0.023130579540
-0.070648378630	0.938433852822	0.338157818889	0.095649112885
0.488422777958	-0.263041253930	0.832017120438	0.565820160520
0.000000000000	0.000000000000	0.000000000000	1.000000000000
4	48	66
0.102456148625	-0.602445299151	-0.791556946239	2.351851813520
0.515089924342	0.712884431359	-0.475897213027	2.329648960935
0.850990662376	-0.358964411963	0.383352896812	1.771891717618
0.000000000000	0.000000000000	0.000000000000	1.000000000000
5	6	66
0.937701411904	-0.004291205281	-0.347415669868	-0.142205015676
0.054448463585	0.989383911766	0.134739897399	0.105469421601
0.343149277903	-0.145262041481	0.927980340513	0.106262394692
0.000000000000	0.000000000000	0.000000000000	1.000000000000
5	7	66
0.928146744698	0.180453897815	-0.325545712720	-0.325156664282
-0.144012476765	0.980601215121	0.132972416081	0.035373659308
0.343225912254	-0.076535270731	0.936129438428	0.304811146247
0.000000000000	0.000000000000	0.000000000000	1.000000000000
5	38	66
0.522298413967	0.319793004636	-0.790529443445	0.415574690094
-0.055370579417	0.937783028141	0.342778486878	-0.000066168526
0.850963257551	-0.135260586709	0.507509712203	1.737004540353
0.000000000000	0.000000000000	0.000000000000	1.000000000000
5	39	66
0.912533838277	0.093391548736	-0.398195947524	0.147553044591
-0.032399595870	0.987027992309	0.157245059021	0.175189795948
0.407715906223	-0.130590049481	0.903722290745	1.520739502740
0.000000000000	0.000000000000	0.000000000000	1.000000000000
5	43	66
0.941627890896	-0.201759080054	0.269499886276	0.462201730871
0.196595744270	0.979390315237	0.046311162324	0.260626901251
-0.273289276082	0.009374648619	0.961886213407	0.939137210417
0.000000000000	0.000000000000	0.000000000000	1.000000000000
5	45	66
0.848760733519	-0.152762048701	-0.506230158834	0.442390035137
0.135820165960	0.988222677844	-0.070489868157	-0.024596277207
0.511036299841	-0.008927231985	0.859512771734	1.012960443280
0.000000000000	0.000000000000	0.000000000000	1.000000000000
5	46	66
0.860988766807	0.025764322947	-0.507971006157	0.221409716405
0.050807663655	0.989364240326	0.136297400117	0.033255705361
0.506079958847	-0.143159350473	0.850522472146	0.942216665764
0.000000000000	0.000000000000	0.000000000000	1.000000000000
5	47	66
0.926491080628	0.084547367008	-0.366696087038	-0.072509331805
0.092817080908	0.892989407312	0.440403119789	0.115744821565
0.364690645628	-0.442065222744	0.819499281166	0.647424588505
0.000000000000	0.000000000000	0.000000000000	1.000000000000
5	48	66
0.954365669070	0.139720252589	-0.263940183975	-0.142205789802
0.033906964126	0.827395605073	0.560595068199	0.150125407688
0.296709432752	-0.543962097689	0.784900470629	0.285563239069
0.000000000000	0.000000000000	0.000000000000	1.000000000000
5	49	66
0.940327755686	0.111387583452	-0.321522189186	-0.464460363841
0.048406588345	0.891502956592	0.450421225735	0.088680879450
0.336809314139	-0.439107372564	0.832913081461	0.364016013944
0.000000000000	0.000000000000	0.000000000000	1.000000000000
6	7	66
0.978020827265	0.200222009056	0.058192856317	-0.183622775406
-0.200468358792	0.979698816008	-0.001633106034	-0.093591391086
-0.057338456205	-0.010068614684	0.998304024052	0.241524913903
0.000000000000	0.000000000000	0.000000000000	1.000000000000
6	35	66
0.278417657821	0.498908358854	-0.820715576359	0.971752495853
-0.211734435387	0.865362436600	0.454220631624	-0.511339129447
0.936830900795	0.047310704783	0.346568262437	1.559371896942
0.000000000000	0.000000000000	0.000000000000	1.000000000000
6	36	66
0.584428029822	0.351209249993	-0.731502522674	1.085273391319
-0.171447193137	0.934574312172	0.311731799780	-0.389058429591
0.793126558579	-0.056770747293	0.606405264100	1.402244345070
0.000000000000	0.000000000000	0.000000000000	1.000000000000
6	37	66
0.642026470170	0.410728555940	-0.647382471910	1.115141507800
-0.226022610440	0.908265016270	0.352091521895	-0.443761471927
0.732608893729	-0.079729000725	0.675964122770	1.410981647008
0.000000000000	0.000000000000	0.000000000000	1.000000000000
6	38	66
0.785549594326	0.346780654608	-0.512498792626	0.987136476281
-0.204182309804	0.927090350079	0.314345458299	-0.434039845111
0.584141608873	-0.142290759995	0.799081923462	1.295279536079
0.000000000000	0.000000000000	0.000000000000	1.000000000000
6	39	66
-0.938669899675	0.085365191367	-0.334083228473	0.131393383922
0.128061086043	-0.813270403516	-0.567619246508	1.725146492668
-0.320154927630	-0.575590162241	0.752460488960	0.296241668400
0.000000000000	0.000000000000	0.000000000000	1.000000000000
6	44	66
0.999390600066	-0.012531818415	0.032578858598	0.937495858797
0.010261823196	0.997568472203	0.068933578550	-0.416602381226
-0.033363505287	-0.068557251945	0.997089153346	0.742168818985
0.000000000000	0.000000000000	0.000000000000	1.000000000000
6	45	66
0.976208964597	-0.092202618037	-0.196251712522	0.861390950418
0.057164174728	0.982504574963	-0.177248462066	-0.331299120344
0.209160977643	0.161812970445	0.964400460404	0.655105378810
0.000000000000	0.000000000000	0.000000000000	1.000000000000
6	46	66
0.985503973670	0.052295899689	-0.161391005811	0.571725082514
-0.047712933447	0.998343699367	0.032145511603	-0.258607725400
0.162804772236	-0.023979091101	0.986366873596	0.668714828169
0.000000000000	0.000000000000	0.000000000000	1.000000000000
6	47	66
0.999980845931	-0.006112019050	0.000975189688	0.180633014602
0.005442926261	0.943414434605	0.331571378638	-0.118233668867
-0.002946578610	-0.331559719811	0.943429631649	0.478167145633
0.000000000000	0.000000000000	0.000000000000	1.000000000000
6	48	66
0.997128354831	-0.006518837291	0.075448981123	0.016239183205
-0.027896530584	0.894611316802	0.445973514271	0.000589807985
-0.070404741130	-0.446797601393	0.891860457592	0.181864661614
0.000000000000	0.000000000000	0.000000000000	1.000000000000
6	49	66
0.999661259288	-0.006215247481	0.025273254178	-0.239651125894
-0.002621311670	0.942085301731	0.335363106181	-0.073580244223
-0.025893925989	-0.335315754120	0.941749886985	0.360415149545
0.000000000000	0.000000000000	0.000000000000	1.000000000000
7	37	66
0.654365943906	0.184777639969	-0.733254686466	1.263292978290
-0.105045364922	0.982495901017	0.153841723185	0.010285169109
0.748846234393	-0.023643778283	0.662321892273	1.184860114719
0.000000000000	0.000000000000	0.000000000000	1.000000000000
7	38	66
0.777363504593	0.142411429565	-0.612719321106	1.156106750991
-0.038037078440	0.982895782706	0.180191734004	-0.067839708033
0.627900599132	-0.116768424966	0.769484225011	1.094155003312
0.000000000000	0.000000000000	0.000000000000	1.000000000000
7	39	66
0.982766641207	-0.155328864206	-0.100213137236	0.875281657100
0.170904550933	0.970087688167	0.172399279981	-0.105960014017
0.070436946275	-0.186555142550	0.979916228760	1.056055556145
0.000000000000	0.000000000000	0.000000000000	1.000000000000
7	44	66
0.919225821744	-0.351328914700	0.177741054162	0.698039785628
0.353734265537	0.935152137881	0.019040703791	0.183834082975
-0.172904476587	0.045370394661	0.983893068003	0.305001447663
0.000000000000	0.000000000000	0.000000000000	1.000000000000
7	45	66
0.932404091691	-0.287460922885	-0.219063524146	1.064129024590
0.236962056826	0.943896191468	-0.230019484732	-0.003327638312
0.272894839494	0.162561365475	0.948210002601	0.446020466459
0.000000000000	0.000000000000	0.000000000000	1.000000000000
7	46	66
0.966900213138	-0.149595605166	-0.206700587198	0.707072962339
0.153403224355	0.988160702185	0.002424337960	-0.022503420491
0.203890727083	-0.034052629442	0.978401241740	0.436809908281
0.000000000000	0.000000000000	0.000000000000	1.000000000000
7	47	66
0.973531908507	-0.195141167960	-0.118977088914	0.329313635997
0.224187972331	0.916583872124	0.331079685913	0.019438772470
0.044445204254	-0.348989870812	0.936071949099	0.250157292690
0.000000000000	0.000000000000	0.000000000000	1.000000000000
7	48	66
0.981638572372	-0.181033842863	-0.060103751705	0.139325003327
0.188131011106	0.866803935314	0.461798289715	0.097448347002
-0.031502950509	-0.464626393419	0.884946257491	-0.055551304188
0.000000000000	0.000000000000	0.000000000000	1.000000000000
7	49	66
0.979036277182	-0.186225133523	-0.082511621032	-0.099222022194
0.203232516139	0.920131534885	0.334745429983	-0.009611700469
0.013583532111	-0.344496963927	0.938689154886	0.114156474461
0.000000000000	0.000000000000	0.000000000000	1.000000000000
8	37	66
0.689779059747	0.350135740653	-0.633726922145	1.740769519746
-0.229010889441	0.935861862429	0.267799527573	-0.202054719055
0.686847043563	-0.039592140227	0.725722812912	0.661673573367
0.000000000000	0.000000000000	0.000000000000	1.000000000000
8	38	66
0.830259944558	0.282187774969	-0.480664627490	1.596815837063
-0.174639776473	0.950650018268	0.256447833370	-0.215152104269
0.529310280399	-0.128975200813	0.838567841405	0.510619835175
0.000000000000	0.000000000000	0.000000000000	1.000000000000
8	39	66
0.996509446494	0.032486416675	-0.076899647460	1.498169596150
-0.017843613385	0.982774137045	0.183947277820	-0.255195731873
0.081550772585	-0.181933032425	0.979923386395	0.606598819939
0.000000000000	0.000000000000	0.000000000000	1.000000000000
8	44	66
0.981731166671	-0.130497110881	0.138471731547	1.383803353574
0.133944964240	0.990862181853	-0.015839290627	0.041195578063
-0.135139420380	0.034097516396	0.990239716652	-0.132926720297
0.000000000000	0.000000000000	0.000000000000	1.000000000000
8	45	66
0.982776329358	-0.110169331441	-0.148369150648	1.426291265692
0.079080173752	0.976359901988	-0.201165772210	-0.158150246194
0.167023988018	0.185967900992	0.968255610481	-0.098435815176
0.000000000000	0.000000000000	0.000000000000	1.000000000000
8	46	66
0.995572656974	-0.024175612590	-0.090832947992	1.087368141015
0.020849258343	0.999083124463	-0.037392764546	0.029830829056
0.091653658473	0.035333414352	0.995163884352	-0.084841596908
0.000000000000	0.000000000000	0.000000000000	1.000000000000
8	47	66
0.992931276624	-0.117208748638	0.018697303161	0.743657082723
0.107305138606	0.953799338257	0.280628632841	0.145695985683
-0.050725606269	-0.276638629956	0.959634295596	-0.207218417625
0.000000000000	0.000000000000	0.000000000000	1.000000000000
8	48	66
0.988377794474	-0.109352988372	0.105599523315	0.494443659004
0.058188302384	0.913896154391	0.401756070839	0.264151724278
-0.140440225206	-0.390942122218	0.909637730209	-0.515669334141
0.000000000000	0.000000000000	0.000000000000	1.000000000000
8	49	66
0.992694761228	-0.102271326334	0.064013177087	0.265408734752
0.078957052454	0.951835028616	0.296269914381	0.126572458994
-0.091229901341	-0.289051300135	0.952956688938	-0.319608494160
0.000000000000	0.000000000000	0.000000000000	1.000000000000
8	50	66
0.996762170683	-0.013664812465	0.079236658159	0.019033298891
0.018423587464	0.998049846535	-0.059641221113	-0.014462626090
-0.078267148414	0.060907936521	0.995070086350	0.039044943793
0.000000000000	0.000000000000	0.000000000000	1.000000000000
8	51	66
0.999032849942	0.025634823876	-0.035724229061	-0.253126001716
-0.026771593625	0.999138374562	-0.031714196399	-0.087548757844
0.034880460318	0.032639918555	0.998858342912	0.251743948581
0.000000000000	0.000000000000	0.000000000000	1.000000000000
9	10	66
0.998505820783	-0.053611188170	0.010581416045	-0.448500450752
0.050063834627	0.975087941301	0.216095162351	-0.070198541097
-0.021902929598	-0.215242531187	0.976314966823	0.534842627015
0.000000000000	0.000000000000	0.000000000000	1.000000000000
9	51	66
0.997856986756	-0.013778482102	-0.063965517381	0.300034504693
0.023005015424	0.989041856889	0.145832008098	0.037833901753
0.061255230374	-0.146991015887	0.987239301284	-0.076650618229
0.000000000000	0.000000000000	0.000000000000	1.000000000000
9	52	66
0.988768126682	-0.118157765021	0.091522315441	-0.284234849319
0.101852694365	0.980861031188	0.165944768365	-0.026808460033
-0.109378335647	-0.154759103327	0.981878811070	0.244090709809
0.000000000000	0.000000000000	0.000000000000	1.000000000000
9	53	66
0.983140055219	-0.105776839494	0.149153920671	-0.533844852827
0.086549127679	0.987730175831	0.129993646963	-0.016899120283
-0.161074145420	-0.114892819529	0.980231992794	0.566601069652
0.000000000000	0.000000000000	0.000000000000	1.000000000000
10	11	66
0.983269636746	-0.020564773405	-0.180991468163	0.143617934476
0.005433132148	0.996475687091	-0.083705950281	-0.090159486702
0.182074991496	0.081322168762	0.979916018003	0.402283455362
0.000000000000	0.000000000000	0.000000000000	1.000000000000
10	51	66
0.998400868314	0.030702873546	-0.047466195409	0.689739690505
-0.035008396001	0.995077345766	-0.092711855515	0.298096387398
0.044386015366	0.094225312415	0.994560944407	-0.588918899385
0.000000000000	0.000000000000	0.000000000000	1.000000000000
10	52	66
0.994301368410	-0.067240907104	0.082725142432	0.164636314009
0.072576021671	0.995354093965	-0.063268860467	0.133124021474
-0.078086553624	0.068912176270	0.994562015213	-0.292657994455
0.000000000000	0.000000000000	0.000000000000	1.000000000000
10	53	66
0.986150170990	-0.046165937838	0.159300177151	-0.142285604185
0.060148090100	0.994640661797	-0.084096142343	0.035526313718
-0.154564056346	0.092513026559	0.983641851693	0.042829407533
0.000000000000	0.000000000000	0.000000000000	1.000000000000
10	54	66
0.999161990082	0.004939917292	-0.040631450776	-0.122008961986
-0.013470464609	0.977077248562	-0.212458459295	-0.190371594664
0.038650538912	0.212827741519	0.976324991118	0.353905599534
0.000000000000	0.000000000000	0.000000000000	1.000000000000
11	12	66
0.944477846879	0.060225190436	-0.323008549718	0.100752150648
-0.131970203071	0.969811647446	-0.205059098749	-0.158533304230
0.300907730468	0.236301279969	0.923913547270	0.179121265718
0.000000000000	0.000000000000	0.000000000000	1.000000000000
11	52	66
0.960174636399	-0.055111700180	0.273911241318	-0.128610262827
0.059259068153	0.998218902843	-0.006883665384	0.241521555141
-0.273044008282	0.022841245825	0.961730340080	-0.708948976827
0.000000000000	0.000000000000	0.000000000000	1.000000000000
11	53	66
0.942079225284	-0.024631583352	0.334484705763	-0.333197350256
0.023506735372	0.999696208486	0.007411081569	0.056520244564
-0.334565638822	0.000880817481	0.942372037722	-0.313754629158
0.000000000000	0.000000000000	0.000000000000	1.000000000000
11	54	66
0.989227362105	0.061697648881	0.132750239866	-0.263577726735
-0.044276320151	0.990472489072	-0.130398833837	-0.090221143877
-0.139530761970	0.123116402298	0.982534232457	0.005274458243
0.000000000000	0.000000000000	0.000000000000	1.000000000000
11	55	66
0.994206949884	0.033856844359	-0.102011052795	-0.176127481118
-0.040852443653	0.996896967378	-0.067286806135	-0.093847685927
0.099416390248	0.071064411081	0.992505028112	-0.027200552994
0.000000000000	0.000000000000	0.000000000000	1.000000000000
12	52	66
0.800427862858	-0.214285940495	0.559818517080	-0.534381822374
0.075651237974	0.962564385444	0.260281951100	0.114501695126
-0.594636129539	-0.165985962002	0.786674350583	-0.780199253382
0.000000000000	0.000000000000	0.000000000000	1.000000000000
12	54	66
0.899881926787	-0.069883795161	0.430498284567	-0.372517491926
0.023673799623	0.993450587061	0.111783193185	0.013149420870
-0.435490607307	-0.090400145139	0.895642643417	-0.078501768454
0.000000000000	0.000000000000	0.000000000000	1.000000000000
12	55	66
0.975914941137	-0.069793736698	0.206685417925	-0.311110386626
0.034409127957	0.984828158919	0.170086769955	-0.013108498008
-0.215420610848	-0.158878355097	0.963510056358	-0.096926757129
0.000000000000	0.000000000000	0.000000000000	1.000000000000
12	56	66
0.960731915832	0.064244531550	-0.269938559802	-0.251871643761
0.057052839834	0.906306000736	0.418753395803	0.067455521411
0.271549552327	-0.417710513628	0.867051767449	-0.062205290398
0.000000000000	0.000000000000	0.000000000000	1.000000000000
13	14	66
0.959411333837	0.011882409630	-0.281760005760	0.253022026165
-0.045406212566	0.992585170460	-0.112751741641	-0.044490343200
0.278331040965	0.120968953554	0.952836997556	0.109560006694
0.000000000000	0.000000000000	0.000000000000	1.000000000000
13	15	66
0.800735525494	0.245916539044	-0.546212114508	0.349521013350
-0.139578215377	0.963343823961	0.229099538690	-0.082477854305
0.582529432736	-0.107208827343	0.805708214763	0.274198995385
0.000000000000	0.000000000000	0.000000000000	1.000000000000
13	54	66
-0.639685426525	0.035015319192	-0.767838838894	1.754977157746
0.228044536347	-0.945337620842	-0.233093269020	1.563613669816
-0.734028776367	-0.324207819218	0.596733646968	0.324473438179
0.000000000000	0.000000000000	0.000000000000	1.000000000000
13	55	66
0.746820349906	-0.113812210961	0.655214579816	-0.538986572759
0.139373162288	0.990152842982	0.013132751753	-0.072706463678
-0.650257246481	0.081511521706	0.755328660404	0.019742464163
0.000000000000	0.000000000000	0.000000000000	1.000000000000
13	56	66
0.966030549561	-0.115988954653	0.230936224343	-0.532966939789
0.069404477393	0.977233339408	0.200494435999	0.082572256055
-0.248933717751	-0.177655742230	0.952087412699	0.035936176075
0.000000000000	0.000000000000	0.000000000000	1.000000000000
13	57	66
0.973048347571	0.071429607607	-0.219259491120	-0.358000976788
-0.020394486284	0.973747422903	0.226715727991	0.016151330790
0.229697579914	-0.216133679805	0.948960090960	0.240119267362
0.000000000000	0.000000000000	0.000000000000	1.000000000000
14	15	66
0.918707699185	0.126074542522	-0.374274462374	0.255068587773
-0.021955174729	0.962516717548	0.270332274697	0.035544713666
0.394327444848	-0.240139080884	0.887039507616	0.135058972775
0.000000000000	0.000000000000	0.000000000000	1.000000000000
14	18	66
0.396396438875	0.270745924770	-0.877249398670	0.737536660856
-0.086200102854	0.962281421060	0.258038774121	-0.003107133775
0.914023744503	-0.026666662759	0.404783255067	0.518716708450
0.000000000000	0.000000000000	0.000000000000	1.000000000000
14	56	66
0.853658041541	-0.221511142622	0.471381758034	-0.758202311864
0.071673875356	0.946403553143	0.314933596478	0.107892310456
-0.515878671496	-0.235059839814	0.823781565709	0.141356761743
0.000000000000	0.000000000000	0.000000000000	1.000000000000
14	57	66
0.995773555791	-0.086352165013	0.031278254172	-0.525824700364
0.072580245438	0.948571833755	0.308129168012	0.086888963150
-0.056277291678	-0.304556693910	0.950830209152	0.273988881464
0.000000000000	0.000000000000	0.000000000000	1.000000000000
15	18	66
0.777407800559	0.192546479788	-0.598801273171	0.484066776127
-0.223647872376	0.974399420049	0.022965177749	-0.008087112331
0.587893477436	0.116067322397	0.800568320544	0.062161287625
0.000000000000	0.000000000000	0.000000000000	1.000000000000
15	56	66
0.614800465499	-0.328570544450	0.716981021326	-0.851579359580
0.313072851283	0.936066342321	0.160515396656	-0.050456803809
-0.723882433418	0.125782352078	0.678360540195	0.324299154496
0.000000000000	0.000000000000	0.000000000000	1.000000000000
15	57	66
0.893787018960	-0.209317745900	0.396649525388	-0.700354563055
0.184993063560	0.977729450597	0.099109474172	-0.125283814617
-0.408561294268	-0.015205350609	0.912604222069	0.423819910376
0.000000000000	0.000000000000	0.000000000000	1.000000000000
15	62	66
0.150590112494	0.516321632487	-0.843050763504	0.705466533121
-0.338699767267	0.828110623256	0.446671314619	-1.139196640209
0.928765355551	0.218276813877	0.299583288672	2.433911760541
0.000000000000	0.000000000000	0.000000000000	1.000000000000
16	17	66
0.995983824432	-0.039825794275	-0.080188076295	0.076961662574
0.037244311135	0.998746670735	-0.033435744096	-0.242820995023
0.081419179298	0.030314910615	0.996218813031	-0.145972612578
0.000000000000	0.000000000000	0.000000000000	1.000000000000
16	61	66
0.065966792637	-0.450854059672	0.890156727294	-1.922580030526
-0.012322315263	0.891663771186	0.452530529026	-0.364469651892
-0.997745730542	-0.040820779398	0.053264633235	1.433204548331
0.000000000000	0.000000000000	0.000000000000	1.000000000000
17	18	66
0.929058312097	0.152024601090	-0.337252388260	0.198763222576
-0.018530583991	0.929637687701	0.368008677973	0.023413577015
0.369468902860	-0.335652037488	0.866504725636	0.215102559296
0.000000000000	0.000000000000	0.000000000000	1.000000000000
17	19	66
0.861945455785	0.215519701685	-0.458913161107	-0.176560258943
-0.040672754222	0.931628638135	0.361128519602	0.011895671757
0.505366954120	-0.292607824215	0.811778850976	0.020792682251
0.000000000000	0.000000000000	0.000000000000	1.000000000000
17	64	66
0.152336124504	0.534919006173	-0.831056774237	0.695864432351
0.102294458958	0.827820886506	0.551587185792	0.020983758089
0.983020624828	-0.169039157293	0.071387775311	2.393134449395
0.000000000000	0.000000000000	0.000000000000	1.000000000000
18	19	66
0.980749170572	0.052301267472	-0.188137295195	-0.265416602081
-0.052815878637	0.998601663998	0.002280268567	-0.028067156417
0.187993476978	0.007700265044	0.982140091093	-0.060611558307
0.000000000000	0.000000000000	0.000000000000	1.000000000000
18	20	66
0.928112598399	0.095949103645	-0.359723191083	-0.408133836877
-0.065041777389	0.993148061879	0.097090135339	-0.065862828949
0.366574101496	-0.066713542072	0.927993928545	-0.182316092181
0.000000000000	0.000000000000	0.000000000000	1.000000000000
18	62	66
0.715825791110	0.311658016286	-0.624870160646	1.910126341563
-0.196536108219	0.948618280036	0.247985719242	-0.676361571373
0.670049994364	-0.054705024145	0.740297484384	1.773448011890
0.000000000000	0.000000000000	0.000000000000	1.000000000000
18	63	66
0.515926629724	0.360115054645	-0.777262413963	1.977317337122
-0.234937956729	0.932038117831	0.275878783886	-0.588836958644
0.823786300705	0.040275232196	0.565467980032	1.847855075639
0.000000000000	0.000000000000	0.000000000000	1.000000000000
18	64	66
0.501969422806	0.339778677988	-0.795347187430	1.346370994428
-0.236142157894	0.938501036085	0.251898166988	-0.478678254155
0.832023785617	0.061369823626	0.551334893613	1.710145303805
0.000000000000	0.000000000000	0.000000000000	1.000000000000
19	20	66
0.989470785662	0.034341432508	-0.140599538883	-0.283676418487
-0.025608144425	0.997655790881	0.063459797207	0.028095366555
0.142449244505	-0.059191122103	0.988030679587	-0.078726032331
0.000000000000	0.000000000000	0.000000000000	1.000000000000
19	21	66
0.992887534233	0.021523930251	-0.117094256010	-0.622028144017
-0.005529803963	0.990797945032	0.135236287245	0.097758023240
0.118927564644	-0.133626915500	0.983869951681	-0.301955789596
0.000000000000	0.000000000000	0.000000000000	1.000000000000
19	64	66
0.663172669403	0.303044339112	-0.684372807093	1.935372583152
-0.143292380013	0.948859162211	0.281306921562	-0.446741086400
0.734621878511	-0.088489653750	0.672681408092	1.466623280983
0.000000000000	0.000000000000	0.000000000000	1.000000000000
19	65	66
0.749680223946	0.224160412688	-0.622681034886	1.146507879098
-0.158158497734	0.974310352765	0.160328494314	-0.366356672062
0.642623880211	-0.021712804477	0.765874077577	1.495669717883
0.000000000000	0.000000000000	0.000000000000	1.000000000000
20	21	66
0.997961857878	-0.049694651955	0.040032134432	-0.415886219067
0.046804006464	0.996436600978	0.070167550980	0.061118496271
-0.043376435988	-0.068150875260	0.996731630381	-0.161648012009
0.000000000000	0.000000000000	0.000000000000	1.000000000000
20	22	66
0.992893634663	-0.048066212992	0.108866291451	-1.070808255502
0.051680831275	0.998193931291	-0.030626250368	0.057452828055
-0.107197583575	0.036034909484	0.993584502382	-0.046075588358
0.000000000000	0.000000000000	0.000000000000	1.000000000000
20	23	66
0.998414555184	-0.036568474666	0.042791619005	-1.329311199703
0.047395236278	0.956267616925	-0.288627677810	-0.052583332585
-0.030365565606	0.290198193448	0.956484678887	0.007676630130
0.000000000000	0.000000000000	0.000000000000	1.000000000000
20	34	66
0.429720689947	-0.382048497952	0.818155898252	-2.226191301610
0.284738922477	0.917185325076	0.278737915419	-0.247064646737
-0.856891985409	0.113181379558	0.502917588342	1.012763183626
0.000000000000	0.000000000000	0.000000000000	1.000000000000
20	64	66
0.740196099540	0.279595112889	-0.611503317305	2.491172310256
-0.204830347691	0.959982722348	0.190991364876	-0.452019522456
0.640432871495	-0.016116626229	0.767845030894	1.199734576088
0.000000000000	0.000000000000	0.000000000000	1.000000000000
20	65	66
0.839397144510	0.125074216716	-0.528931823679	1.710470802637
-0.088850156414	0.991647900839	0.093488450985	-0.410099201582
0.536207127417	-0.031478263535	0.843499280042	1.354490402774
0.000000000000	0.000000000000	0.000000000000	1.000000000000
21	22	66
0.997922716514	-0.040637545118	0.049988416573	-0.604092447045
0.045684166233	0.993490953286	-0.104348850951	0.003402114500
-0.045422558496	0.106415767939	0.993283683302	0.075140721041
0.000000000000	0.000000000000	0.000000000000	1.000000000000
21	23	66
0.999867871342	0.009708044269	0.013038164536	-0.999305670763
-0.004267508521	0.930711371618	-0.365729587417	-0.048843648789
-0.015685287023	0.365625623580	0.930629827135	0.149659553512
0.000000000000	0.000000000000	0.000000000000	1.000000000000
21	24	66
0.996207323973	0.078982987985	-0.036505551233	0.771157540637
-0.079827390248	0.996559659935	-0.022280753048	-0.325411429393
0.034620159272	0.025110392254	0.999085037808	0.019768161852
0.000000000000	0.000000000000	0.000000000000	1.000000000000
21	34	66
0.478149288522	-0.379024975830	0.792283614360	-1.842829554688
0.344517927785	0.910729561541	0.227769759119	-0.362571741593
-0.807886536167	0.164047960768	0.566045591139	1.051534108090
0.000000000000	0.000000000000	0.000000000000	1.000000000000
21	65	66
0.811952103238	0.164607506253	-0.560034062296	2.023522458396
-0.129376390932	0.986301893613	0.102324601755	-0.753024195166
0.569206053654	-0.010627489829	0.822126222027	1.544201315270
0.000000000000	0.000000000000	0.000000000000	1.000000000000
22	23	66
0.998615410619	0.006065737519	-0.052253885049	-0.362115175121
-0.020653155624	0.958778761766	-0.283402069769	-0.015308666249
0.048380872638	0.284088881893	0.957576523494	0.056509403094
0.000000000000	0.000000000000	0.000000000000	1.000000000000
22	24	66
0.992461156460	0.106108881717	-0.061333173235	-0.803226831269
-0.110677451616	0.990897661391	-0.076631105658	0.158902098279
0.052643656998	0.082841595055	0.995171299579	0.503686014291
0.000000000000	0.000000000000	0.000000000000	1.000000000000
22	33	66
0.971986668786	-0.083334125629	0.219766556165	-1.250157681902
0.036068802770	0.976844593501	0.210887841317	-0.302984984486
-0.232251926084	-0.197053453800	0.952485684499	0.957255764513
0.000000000000	0.000000000000	0.000000000000	1.000000000000
22	34	66
0.530014140029	-0.335246604644	0.778906108234	-1.288990900703
0.227681379444	0.941065654740	0.250113220211	-0.212317260102
-0.816851394578	0.044778873860	0.575107513107	0.990167745454
0.000000000000	0.000000000000	0.000000000000	1.000000000000
22	65	66
0.767640925444	0.212424310449	-0.604651405285	2.555543392260
-0.176602427354	0.977056231123	0.119049165796	-0.519255643467
0.616067360145	0.015395894071	0.787542998324	1.674369749998
0.000000000000	0.000000000000	0.000000000000	1.000000000000
23	24	66
0.995687583320	0.068250214168	-0.062834263644	-0.301775259750
-0.047289995110	0.956113330458	0.289155590787	-0.010038164375
0.079811608079	-0.284937199374	0.955217723678	0.381385718728
0.000000000000	0.000000000000	0.000000000000	1.000000000000
23	33	66
0.954266566436	-0.073771288164	0.289712128196	-0.913090591905
-0.067428283335	0.890994994282	0.448978113910	0.051025997479
-0.291253749827	-0.447979594632	0.845272462586	1.025862948747
0.000000000000	0.000000000000	0.000000000000	1.000000000000
24	25	66
0.998120073554	-0.061243267734	0.002362398250	-0.521798251920
0.061040935454	0.996807677726	0.051463169594	-0.099575052097
-0.005506629387	-0.051222219621	0.998672098964	0.397942311874
0.000000000000	0.000000000000	0.000000000000	1.000000000000
24	32	66
0.993821313789	0.078881261113	-0.078082923259	-0.702642643696
-0.054715872938	0.960265369322	0.273672420476	-0.155199887111
0.096567952800	-0.267709109158	0.958648247986	0.475173083139
0.000000000000	0.000000000000	0.000000000000	1.000000000000
24	33	66
0.892878318585	-0.168067528319	0.417757841489	-0.794294313055
0.078787482268	0.971733977155	0.222543501997	-0.195354037627
-0.443351825122	-0.165790179346	0.880881817041	0.827156368755
0.000000000000	0.000000000000	0.000000000000	1.000000000000
25	26	66
0.995374502158	-0.074429317701	0.060744358757	-0.327940109522
0.087305618724	0.964654317746	-0.248635830470	-0.076272331200
-0.040091512735	0.252789089798	0.966690408914	0.353011306698
0.000000000000	0.000000000000	0.000000000000	1.000000000000
25	27	66
0.994470922974	-0.079976925507	0.068053469749	-0.353504886342
0.079468544863	0.996785704628	0.010149355953	-0.091871911913
-0.068646440081	-0.004685129168	0.997630049582	0.325123639796
0.000000000000	0.000000000000	0.000000000000	1.000000000000
25	32	66
0.995154414630	0.079938397980	-0.057249834680	-0.220654073203
-0.066411324013	0.975836864024	0.208163279312	0.005163054745
0.072506738206	-0.203352569051	0.976417178042	0.062988030315
0.000000000000	0.000000000000	0.000000000000	1.000000000000
25	33	66
0.905337958210	-0.130664446688	0.404091553731	-0.201542547193
0.061762313134	0.981886234279	0.179122415149	-0.142119664207
-0.420176865262	-0.137208692525	0.897009017008	0.412583384023
0.000000000000	0.000000000000	0.000000000000	1.000000000000
26	27	66
0.999984065664	-0.005642876323	0.000162374305	0.040763408053
0.005457098261	0.973625257911	0.228087871741	0.036382998517
-0.001445163376	-0.228083351220	0.973640537570	-0.042935223705
0.000000000000	0.000000000000	0.000000000000	1.000000000000
26	32	66
0.980387305732	0.176550223841	-0.087582813508	0.157929482708
-0.122323158640	0.893554231362	0.431969768011	0.057208593879
0.154524352839	-0.412784270627	0.897625406449	-0.307822016302
0.000000000000	0.000000000000	0.000000000000	1.000000000000
27	28	66
0.919281710087	0.229677929390	-0.319639150060	0.208581887458
-0.166856780161	0.962914249000	0.212025856883	0.056653267372
0.356482751917	-0.141577532905	0.923512777260	-0.145842920057
0.000000000000	0.000000000000	0.000000000000	1.000000000000
27	31	66
0.650217461423	0.455792751526	-0.607840620983	0.391702190995
-0.259388914351	0.885162134936	0.386271130150	0.109437093376
0.714097083016	-0.093493114892	0.693775463313	-0.339258633758
0.000000000000	0.000000000000	0.000000000000	1.000000000000
27	32	66
0.978207017570	0.183067828987	-0.097965303894	0.129038595647
-0.160558936383	0.966105266645	0.202142132444	0.100628582645
0.131650517374	-0.182007647508	0.974444127451	-0.243726801442
0.000000000000	0.000000000000	0.000000000000	1.000000000000
27	33	66
0.935102364281	0.023826256801	0.353575844484	0.177298621916
-0.070666752140	0.990235759186	0.120163852179	-0.047686286915
-0.347260389992	-0.137351558838	0.927655523795	0.085921120507
0.000000000000	0.000000000000	0.000000000000	1.000000000000
28	29	66
0.888253972577	0.297637072135	-0.349881484924	0.139808123142
-0.270443961146	0.954531636634	0.125416978695	0.086594458964
0.371301688767	-0.016778794840	0.928360666962	-0.188778954253
0.000000000000	0.000000000000	0.000000000000	1.000000000000
28	30	66
0.745236226996	0.418695106205	-0.518957969409	0.119467783193
-0.327712110833	0.907781841611	0.261795531769	0.242866804227
0.580713129167	-0.025030702751	0.813723371628	-0.416055973899
0.000000000000	0.000000000000	0.000000000000	1.000000000000
28	31	66
0.885033014833	0.260268317176	-0.385975343421	0.143827967187
-0.222847422398	0.964806476055	0.139597600596	0.099449876304
0.408724343519	-0.037534874929	0.911885707849	-0.210233494510
0.000000000000	0.000000000000	0.000000000000	1.000000000000
28	32	66
0.973649070180	-0.061046526542	0.219728946055	-0.090413994086
0.051891335527	0.997536479586	0.047204461580	0.013989567405
-0.222069307728	-0.034558551661	0.974418251611	-0.060379843484
0.000000000000	0.000000000000	0.000000000000	1.000000000000
29	30	66
0.963785963998	0.118018811009	-0.239140493954	-0.128290641053
-0.103157918886	0.991924917573	0.073779412231	0.158317137255
0.245916773262	-0.046438326263	0.968177887830	-0.178752985401
0.000000000000	0.000000000000	0.000000000000	1.000000000000
29	31	66
0.997729376348	-0.045359635453	-0.049785490298	0.011933878629
0.045258451898	0.998970318399	-0.003158399829	0.033544149334
0.049877490960	0.000898014074	0.998754939645	-0.021700862327
0.000000000000	0.000000000000	0.000000000000	1.000000000000
29	32	66
0.775203813536	-0.335948183205	0.534974640222	-0.119889849637
0.352185132614	0.932881082882	0.075488526056	-0.086719961593
-0.524427954866	0.129891121335	0.841488928479	0.173697770172
0.000000000000	0.000000000000	0.000000000000	1.000000000000
30	31	66
0.965421671950	-0.155699578213	0.209090020503	0.152591387460
0.170482306802	0.983850595915	-0.054532448917	-0.125271105670
-0.197222661977	0.088292957034	0.976374710519	0.115197725401
0.000000000000	0.000000000000	0.000000000000	1.000000000000
30	32	66
0.548915884672	-0.386758382738	0.741019098901	0.059308543487
0.466838237750	0.877217937343	0.112030130675	-0.281895021960
-0.693363837628	0.284440931980	0.662072461959	0.371961885959
0.000000000000	0.000000000000	0.000000000000	1.000000000000
31	32	66
0.770647530203	-0.281102171395	0.571912540018	-0.080694302553
0.303584607030	0.951015614310	0.058358270300	-0.148765497729
-0.560302392077	0.128650186843	0.818236126591	0.215877979320
0.000000000000	0.000000000000	0.000000000000	1.000000000000
32	33	66
0.864055585070	-0.186114913162	0.467727682534	0.005830442431
0.198333064062	0.979852775722	0.023506033466	-0.224813895065
-0.462679091390	0.072455344925	0.883560004404	0.310906444232
0.000000000000	0.000000000000	0.000000000000	1.000000000000
33	65	66
0.510800414164	0.206403943646	-0.834553982039	0.468369063443
-0.344421611262	0.938572917476	0.021322107700	-0.545341916529
0.787690732830	0.276547085734	0.550513413811	1.148495091485
0.000000000000	0.000000000000	0.000000000000	1.000000000000
34	35	66
0.923581375184	-0.177066069715	0.340066244089	0.194466180202
0.179674624353	0.983431374538	0.024078225407	0.095482105308
-0.338695250597	0.038863074129	0.940093180856	-0.175221372969
0.000000000000	0.000000000000	0.000000000000	1.000000000000
34	36	66
0.748407186951	-0.311811452759	0.585371933430	0.095076212471
0.334915449684	0.939475039599	0.072237743132	0.109763475464
-0.572466875969	0.141986858188	0.807540344515	-0.247791662313
0.000000000000	0.000000000000	0.000000000000	1.000000000000
34	37	66
0.688438069047	-0.284459517394	0.667184987878	0.018835501155
0.294776953890	0.950217095870	0.100965430576	0.198980790751
-0.662691159245	0.127162312342	0.738017732699	-0.280919725473
0.000000000000	0.000000000000	0.000000000000	1.000000000000
34	64	66
-0.235973480823	-0.214852101685	-0.947710446682	2.219892333795
0.143516088441	0.956852379293	-0.252659170821	0.700028371121
0.961103349649	-0.195632560283	-0.194957053348	4.653435750342
0.000000000000	0.000000000000	0.000000000000	1.000000000000
34	65	66
-0.286526326817	0.373497963361	-0.882270896837	1.205012521492
-0.368549110810	0.807051689342	0.461344907474	-1.828800033879
0.884349601098	0.457347616257	-0.093589213813	3.524091166191
0.000000000000	0.000000000000	0.000000000000	1.000000000000
35	36	66
0.949222625878	-0.173252847432	0.262602089438	-0.043030154739
0.178167117098	0.983986649679	0.005172198584	0.014009935088
-0.259293048318	0.041877489297	0.964890351794	-0.104955531179
0.000000000000	0.000000000000	0.000000000000	1.000000000000
35	37	66
0.920967677347	-0.163273806528	0.353779877020	-0.047656844960
0.156053020505	0.986529805471	0.049055047736	0.044017998710
-0.357023797630	0.010030305028	0.934041434256	-0.153943834007
0.000000000000	0.000000000000	0.000000000000	1.000000000000
35	38	66
0.814597704985	-0.245818973015	0.525360458675	-0.223485455084
0.246226872402	0.966643965283	0.070510791289	0.029329865722
-0.525169407278	0.071919933863	0.847953192560	-0.080737101920
0.000000000000	0.000000000000	0.000000000000	1.000000000000
35	45	66
0.468572915518	-0.125445882509	0.874472843149	-0.830794486346
0.566215293944	0.802465110592	-0.188281669812	0.070890920738
-0.678114786557	0.583363588892	0.447042793710	-0.207334916845
0.000000000000	0.000000000000	0.000000000000	1.000000000000
35	46	66
0.471219422340	-0.236597521760	0.849690454640	-0.919733350760
0.411352673616	0.911117392237	0.025574899280	-0.128668638696
-0.780218709029	0.337471050997	0.526661234401	0.090046788206
0.000000000000	0.000000000000	0.000000000000	1.000000000000
35	47	66
0.308424774063	-0.522533848753	0.794878944023	-1.242789278753
0.501690717043	0.799306239571	0.330780833508	-0.098528930920
-0.808195881688	0.296762383550	0.508676227607	0.385274868626
0.000000000000	0.000000000000	0.000000000000	1.000000000000
35	48	66
-0.691684569242	0.488784603071	-0.531659729971	0.292007933714
0.279738978394	-0.497371178571	-0.821199132181	1.604950811036
-0.665821718360	-0.716736717720	0.207291863885	0.780291103451
0.000000000000	0.000000000000	0.000000000000	1.000000000000
35	49	66
0.280289783909	-0.533695766787	0.797876221948	-1.492723681225
0.470722027727	0.800812397614	0.370297551220	-0.329361404835
-0.836575405835	0.271787292457	0.475681887411	0.728563903827
0.000000000000	0.000000000000	0.000000000000	1.000000000000
36	37	66
0.995726695466	0.038490991504	0.083945169662	0.039399193246
-0.042167099091	0.998207635979	0.042467060510	-0.011139867058
-0.082160110094	-0.045825310115	0.995565044215	-0.036218675078
0.000000000000	0.000000000000	0.000000000000	1.000000000000
36	38	66
0.952516882187	-0.083939232756	0.292687195403	-0.168516522607
0.081006406681	0.996467451374	0.022149050276	0.028417194765
-0.293512437939	0.002612193669	0.955951685609	-0.025281123848
0.000000000000	0.000000000000	0.000000000000	1.000000000000
36	39	66
0.713615265749	-0.300553795684	0.632788012205	-0.150618924181
0.323763015518	0.942529827613	0.082553218247	-0.034467451212
-0.621233259149	0.145962118237	0.769911876624	0.010045742583
0.000000000000	0.000000000000	0.000000000000	1.000000000000
36	45	66
0.741621005075	-0.126256020241	0.658830556505	-0.673335841347
0.389274890814	0.880848678921	-0.269389428569	-0.001299403057
-0.546317988184	0.456251051720	0.702404181074	-0.321127498088
0.000000000000	0.000000000000	0.000000000000	1.000000000000
36	46	66
0.689942326586	-0.156956429237	0.706642954615	-1.002189367726
0.304773630754	0.948451683645	-0.086904762745	0.011673086547
-0.656576438796	0.275325413124	0.702213142077	-0.013349508589
0.000000000000	0.000000000000	0.000000000000	1.000000000000
36	47	66
0.595847501197	-0.444438503524	0.668909688899	-1.272467211912
0.395386405537	0.887317766753	0.237353683604	0.039115029596
-0.699024567260	0.123051198247	0.704431016478	0.147115625769
0.000000000000	0.000000000000	0.000000000000	1.000000000000
36	48	66
0.534003822016	-0.532492244484	0.656728199209	-1.657839907036
0.346958904675	0.846349017168	0.404119857970	0.047587573835
-0.771011956158	0.012056147959	0.636706535822	0.128260787238
0.000000000000	0.000000000000	0.000000000000	1.000000000000
36	49	66
0.583415283530	-0.436466989796	0.684925670246	-1.602276879691
0.366961476074	0.893995617754	0.257120809183	-0.088927066492
-0.724545293285	0.101333125163	0.681737277639	0.391708959510
0.000000000000	0.000000000000	0.000000000000	1.000000000000
36	52	66
0.571266783979	-0.269014933682	0.775425835898	-1.630996795023
0.436317311202	0.899744840507	-0.009296554526	-0.825944013825
-0.695184483046	0.343642528561	0.631370213976	1.448119406036
0.000000000000	0.000000000000	0.000000000000	1.000000000000
37	38	66
0.976918279358	-0.101429155134	0.187996813657	-0.180001497347
0.105428677122	0.994361840150	-0.011372110321	0.022594279330
-0.185783394029	0.030929877815	0.982103799586	0.001241321805
0.000000000000	0.000000000000	0.000000000000	1.000000000000
37	39	66
0.764654477551	-0.303554139654	0.568470240435	-0.185736958439
0.329769274605	0.942182475498	0.059534934205	-0.040575313813
-0.553674774112	0.141940364812	0.820546876997	0.038742677111
0.000000000000	0.000000000000	0.000000000000	1.000000000000
37	45	66
0.770179927588	-0.161611199520	0.617012722179	-0.749813284500
0.429133065373	0.846973108569	-0.313817408000	0.058453553118
-0.471876775593	0.506476429412	0.721674396876	-0.315597206109
0.000000000000	0.000000000000	0.000000000000	1.000000000000
37	46	66
0.757139667277	-0.205190230019	0.620190691433	-0.983379260249
0.342258466861	0.933254178189	-0.109067780552	-0.007167207968
-0.556415911075	0.294845058289	0.776831851500	-0.072492028559
0.000000000000	0.000000000000	0.000000000000	1.000000000000
37	47	66
0.643725577288	-0.467773797583	0.605644330808	-1.343059774951
0.404531438063	0.879813866717	0.249563369810	-0.070096812921
-0.649593485777	0.084351847796	0.755587896283	0.091287678249
0.000000000000	0.000000000000	0.000000000000	1.000000000000
37	48	66
0.576599697622	-0.550966394067	0.603298285520	-1.757089645653
0.397384107471	0.834301840716	0.382133889766	0.015120047590
-0.713875801405	0.019402865441	0.700003477835	0.054733322523
0.000000000000	0.000000000000	0.000000000000	1.000000000000
37	49	66
0.634671164650	-0.464739762616	0.617421627258	-1.707573668304
0.400920837185	0.881043152897	0.251048690587	-0.161299036852
-0.660647406014	0.088203830858	0.745496538656	0.282079223968
0.000000000000	0.000000000000	0.000000000000	1.000000000000
38	39	66
0.871519493891	-0.222342776033	0.437055444668	-0.065367145969
0.232735662479	0.972063982180	0.030425744989	-0.094658985803
-0.431610800581	0.075201758580	0.898919803057	0.115309499669
0.000000000000	0.000000000000	0.000000000000	1.000000000000
38	44	66
0.767682107096	-0.243280223635	0.592856572227	-0.379236273116
0.348188263222	0.935014408432	-0.067178786669	0.071870785814
-0.537986166921	0.257997652726	0.802501149774	-0.410253102397
0.000000000000	0.000000000000	0.000000000000	1.000000000000
38	45	66
0.896466366254	-0.156783413249	0.414447844131	-0.457338355640
0.305497164447	0.896173132383	-0.321784398797	-0.018763909092
-0.320966566311	0.415081531900	0.851285959702	-0.441622752192
0.000000000000	0.000000000000	0.000000000000	1.000000000000
38	46	66
0.890136124801	-0.154535263634	0.428691650977	-0.727076843146
0.241507936445	0.957741791123	-0.156219647196	0.076773696009
-0.386434465283	0.242589187371	0.889842059139	-0.235741779175
0.000000000000	0.000000000000	0.000000000000	1.000000000000
38	47	66
0.780419371411	-0.425292825491	0.458335703730	-1.142969283095
0.372477676345	0.904996928844	0.205526006645	0.065824764560
-0.502201140333	0.010323340997	0.864689217742	-0.141741450897
0.000000000000	0.000000000000	0.000000000000	1.000000000000
38	48	66
0.741350069304	-0.465464498489	0.483469621992	-1.499158363739
0.311125400241	0.876671354439	0.366944575695	0.098900761974
-0.594643641240	-0.121614706976	0.794738197761	-0.251764054658
0.000000000000	0.000000000000	0.000000000000	1.000000000000
38	49	66
0.763402786289	-0.385605463140	0.518193605405	-1.617897850205
0.341264225603	0.921924778782	0.183285107391	0.046234068727
-0.548411263751	0.036920577793	0.835393294638	0.018764141333
0.000000000000	0.000000000000	0.000000000000	1.000000000000
39	40	66
0.790328422468	-0.242348111976	0.562715183073	-0.057742317625
0.276726758721	0.960621910048	0.025056874192	0.119539261581
-0.546629020129	0.135915188842	0.826271006265	-0.212892689526
0.000000000000	0.000000000000	0.000000000000	1.000000000000
39	43	66
0.669631056664	-0.208802790613	0.712738130440	-0.164355547033
0.359402600290	0.930919962378	-0.064944549816	0.241948769625
-0.649941550338	0.299648824924	0.698417183971	-0.515935034094
0.000000000000	0.000000000000	0.000000000000	1.000000000000
39	44	66
0.984947102419	-0.095190279526	0.144284497158	0.041233006466
0.118023770769	0.980197952152	-0.159004289658	0.253021222543
-0.126291705863	0.173639814789	0.976677848500	-0.646263522424
0.000000000000	0.000000000000	0.000000000000	1.000000000000
39	45	66
0.986712624471	-0.127723626291	-0.100423463374	-0.008424973816
0.084039390725	0.930189213178	-0.357330950932	0.171087727993
0.139052427220	0.344143433722	0.928563255524	-0.650633472953
0.000000000000	0.000000000000	0.000000000000	1.000000000000
39	46	66
0.995056192980	-0.005927624274	-0.099136451837	-0.258935330303
-0.009392446943	0.988126236755	-0.153356845874	0.225089740893
0.098868370841	0.153529813087	0.983185456433	-0.606512471126
0.000000000000	0.000000000000	0.000000000000	1.000000000000
39	47	66
0.985261867848	-0.156167244337	0.069791428990	-0.785180754640
0.147508578838	0.982284900651	0.115575054064	0.486156298039
-0.086604104599	-0.103576859138	0.990843864248	-0.733512546341
0.000000000000	0.000000000000	0.000000000000	1.000000000000
39	48	66
-0.917034515423	0.209165849774	-0.339554627138	-0.041327483004
0.224960164915	-0.431734073258	-0.873497918824	1.548658589787
-0.329303236735	-0.877414005630	0.348861062602	1.028162431673
0.000000000000	0.000000000000	0.000000000000	1.000000000000
39	49	66
0.888220203603	0.312335997433	-0.336914076018	0.154434581350
-0.233633146300	0.938528454227	0.254125743593	0.189585148313
0.395576064571	-0.147005324102	0.906591976483	-0.676733063999
0.000000000000	0.000000000000	0.000000000000	1.000000000000
40	41	66
0.892108747595	-0.160039850111	0.422527193020	0.064662537342
0.178161868437	0.983995115375	-0.003458547921	0.109823488370
-0.415211188554	0.078363635029	0.906343648736	-0.172665211612
0.000000000000	0.000000000000	0.000000000000	1.000000000000
40	42	66
0.915545238518	-0.035467975324	0.400648148571	-0.019328415696
0.200269649562	0.904045357496	-0.377616285472	0.103087470244
-0.348810813610	0.425962456463	0.834797581449	-0.268573033254
0.000000000000	0.000000000000	0.000000000000	1.000000000000
40	43	66
0.977880227131	-0.080165736597	0.193193467958	0.086229794840
0.111044892876	0.981698611496	-0.154715441868	0.139129639680
-0.177254881884	0.172746319388	0.968885656817	-0.296627283394
0.000000000000	0.000000000000	0.000000000000	1.000000000000
40	44	66
0.943663114376	0.026952895872	-0.329808229082	-0.068878107796
-0.066328432677	0.991856585902	-0.108724661516	0.168345212784
0.324192019619	0.124475115614	0.937766218206	-0.393030340726
0.000000000000	0.000000000000	0.000000000000	1.000000000000
40	45	66
0.710081031590	-0.062755911924	-0.701317776828	1.376040542968
-0.165448461079	0.953263142949	-0.252816508601	0.118335852503
0.684406118692	0.295552154134	0.666511206871	-0.375080282125
0.000000000000	0.000000000000	0.000000000000	1.000000000000
40	46	66
-0.637565422499	-0.196798017215	0.744836137988	-1.806636813384
-0.341840887690	-0.794165028940	-0.502440757017	1.867514776902
0.690402157831	-0.574954300122	0.439058553310	0.426706864072
0.000000000000	0.000000000000	0.000000000000	1.000000000000
40	47	66
-0.487510452401	0.499283647177	-0.716274666913	0.068237330309
-0.233112117059	0.716154929946	0.657860819014	-1.110434004058
0.841422782958	0.487686329494	-0.232743945881	2.807140734716
0.000000000000	0.000000000000	0.000000000000	1.000000000000
41	42	66
0.996255785150	-0.047648882864	-0.072138717181	0.005715176712
0.019473151779	0.936644297948	-0.349740268602	-0.043758322773
0.084233051200	0.347025997706	0.934065174386	-0.129370450564
0.000000000000	0.000000000000	0.000000000000	1.000000000000
41	43	66
0.962005007072	0.040368073311	-0.270031081592	0.130261991273
-0.074173193203	0.990454705852	-0.116180088935	0.054993030127
0.262763589142	0.131794894863	0.955816615209	-0.109254975312
0.000000000000	0.000000000000	0.000000000000	1.000000000000
42	43	66
0.980542237896	0.069978946949	-0.183411740861	0.115084672842
-0.019569219730	0.964495251772	0.263374172895	0.022196996998
0.195330400453	-0.254660276236	0.947097766002	0.006711542074
0.000000000000	0.000000000000	0.000000000000	1.000000000000
44	45	66
0.957841678293	-0.036271997380	-0.284997651800	0.011822036248
-0.015593905189	0.983971895755	-0.177640475358	-0.074118706137
0.286873054584	0.174595677411	0.941923669935	-0.008615830125
0.000000000000	0.000000000000	0.000000000000	1.000000000000
44	46	66
0.965608239973	0.085365275922	-0.245588062745	-0.256901051623
-0.089585613626	0.995960791149	-0.006043204788	0.100129361953
0.244080201425	0.027836525639	0.969355447250	-0.026126970098
0.000000000000	0.000000000000	0.000000000000	1.000000000000
44	47	66
0.990270493113	0.076236347907	-0.116414645675	-0.517074126587
-0.037820985783	0.952536484982	0.302065916338	0.214587462491
0.133917599681	-0.294724047265	0.946152108521	-0.191198646952
0.000000000000	0.000000000000	0.000000000000	1.000000000000
44	48	66
0.993953244572	0.094097039629	-0.056592355820	-0.557396021404
-0.062897942036	0.910370116679	0.408986674043	0.374044032904
0.090004424846	-0.402954088936	0.910783841379	-0.533587884995
0.000000000000	0.000000000000	0.000000000000	1.000000000000
44	49	66
0.996256248867	0.074292410630	-0.044205478346	-1.029602357648
-0.054734131620	0.937866329096	0.342652774078	0.178192059076
0.066915330297	-0.338950418897	0.938421521546	-0.380605312771
0.000000000000	0.000000000000	0.000000000000	1.000000000000
44	50	66
0.992445198734	0.114553447065	-0.043932166756	-1.416550828024
-0.114984505693	0.993339681715	-0.007405415677	0.085079855466
0.042791248649	0.012400987712	0.999007069316	-0.012462635484
0.000000000000	0.000000000000	0.000000000000	1.000000000000
45	46	66
0.991960361165	0.105753295256	0.069504549629	-0.336183432616
-0.117851591654	0.972078037429	0.202916957135	0.105312495209
-0.046104709315	-0.209476799888	0.976726075257	0.063777741850
0.000000000000	0.000000000000	0.000000000000	1.000000000000
45	47	66
0.976733011525	-0.063008810960	0.204993936344	-0.700861094407
-0.041539517261	0.882179422617	0.469077749223	0.277407479940
-0.210397463630	-0.466679071796	0.859036408568	-0.072681265425
0.000000000000	0.000000000000	0.000000000000	1.000000000000
45	48	66
0.956629818866	-0.051056785505	0.286797130930	-0.921658090954
-0.122576637242	0.822567964789	0.555298938686	0.385441677783
-0.264261911100	-0.566370151012	0.780634674086	-0.358986487932
0.000000000000	0.000000000000	0.000000000000	1.000000000000
45	49	66
0.970793915101	-0.028823285893	0.238177229376	-1.121604362924
-0.082174140370	0.892760322911	0.442974509978	0.396179500856
-0.225403161153	-0.449608967911	0.864317760385	-0.140370744780
0.000000000000	0.000000000000	0.000000000000	1.000000000000
46	47	66
0.982066392975	-0.125605818060	0.140601487398	-0.444608554970
0.077003906366	0.947943297816	0.308988515207	0.120374075949
-0.172092992865	-0.292620372830	0.940615393884	-0.111629870036
0.000000000000	0.000000000000	0.000000000000	1.000000000000
46	48	66
0.970498610576	-0.127042246111	0.204921239928	-0.657522708102
0.028835292348	0.904976509368	0.424483266345	0.247530876590
-0.239376215998	-0.406051456338	0.881941745253	-0.382063742822
0.000000000000	0.000000000000	0.000000000000	1.000000000000
46	49	66
0.981797344813	-0.109176972028	0.155416738147	-0.830706644322
0.056379241080	0.948920263822	0.310437939181	0.148494397247
-0.181370766368	-0.296024866670	0.937802710286	-0.161531036768
0.000000000000	0.000000000000	0.000000000000	1.000000000000
47	48	66
0.997013384942	-0.016092021829	0.075533814153	-0.160660798514
0.006416998311	0.991930140722	0.126623133987	0.217996132052
-0.076961889138	-0.125760259071	0.989070889703	-0.255463713430
0.000000000000	0.000000000000	0.000000000000	1.000000000000
47	49	66
0.999734786666	-0.011500764011	0.019952161713	-0.411702097671
0.011808300064	0.999812223597	-0.015364946958	0.121033214326
-0.019771706538	0.015596473082	0.999682864537	-0.093589895742
0.000000000000	0.000000000000	0.000000000000	1.000000000000
48	49	66
0.998258152876	-0.008975576845	-0.058310369887	-0.253106611530
0.001715886710	0.992358529757	-0.123375865352	-0.144291191760
0.058972162491	0.123060909467	0.990645393979	0.111745895639
0.000000000000	0.000000000000	0.000000000000	1.000000000000
49	50	66
0.998878617390	0.047228395913	-0.003314564899	-0.328635560658
-0.045335876012	0.933976193728	-0.354447637734	-0.194508437682
-0.013644268658	0.354200435020	0.935069989768	0.278347035426
0.000000000000	0.000000000000	0.000000000000	1.000000000000
50	51	66
0.994159847686	0.029933928463	-0.103682964736	-0.314645660639
-0.028893044508	0.999516044851	0.011526841084	-0.041567358638
0.103977830468	-0.008463806061	0.994543601235	0.187042586900
0.000000000000	0.000000000000	0.000000000000	1.000000000000
51	52	66
0.981103528721	-0.116256620573	0.154661773247	-0.565073111915
0.117536444061	0.993068184300	0.000875013143	-0.057219521685
-0.153691412410	0.017319916377	0.987967089658	0.346413871396
0.000000000000	0.000000000000	0.000000000000	1.000000000000
51	53	66
0.966623952235	-0.097502387157	0.236920702905	-0.849802852731
0.113055620625	0.992177286294	-0.052940147398	-0.066274333090
-0.229905549328	0.077958431616	0.970085522688	0.699401674188
0.000000000000	0.000000000000	0.000000000000	1.000000000000
52	53	66
0.996077655740	0.015591255888	0.087098889063	-0.373933767508
-0.015072863242	0.999864573570	-0.006606308565	-0.104146054817
-0.087190094219	0.005267566705	0.996177765367	0.306094029166
0.000000000000	0.000000000000	0.000000000000	1.000000000000
53	54	66
0.976437116379	0.023711217800	-0.214495538199	-0.008109744054
-0.054561172376	0.988777997207	-0.139072465674	-0.136755666942
0.208790891147	0.147498645384	0.966773248174	0.332835943682
0.000000000000	0.000000000000	0.000000000000	1.000000000000
54	55	66
0.973877274799	-0.006564718569	-0.226980083049	0.063549947609
0.022606129941	0.997419201982	0.068146154749	-0.047663815942
0.225946932973	-0.071497132727	0.971512297139	0.027117278121
0.000000000000	0.000000000000	0.000000000000	1.000000000000
55	56	66
0.882517243578	0.167644226876	-0.439384487645	0.067136978887
-0.047411105534	0.961259890543	0.271535651261	0.104934616938
0.467884068825	-0.218803190170	0.856276627096	0.044185660877
0.000000000000	0.000000000000	0.000000000000	1.000000000000
56	57	66
0.885073828751	0.223717500638	-0.408160259662	0.061106428778
-0.210307986437	0.974510678459	0.078099221573	-0.093496768708
0.415228694216	0.016715785293	0.909563474433	0.193573139316
0.000000000000	0.000000000000	0.000000000000	1.000000000000
58	59	66
0.931664948727	0.172501502270	-0.319755617664	0.222954784326
-0.169669335567	0.984809152407	0.036922214236	-0.318922890468
0.321267396232	0.019853590360	0.946780383758	0.616563270194
0.000000000000	0.000000000000	0.000000000000	1.000000000000
58	60	66
0.752303513030	0.310002802502	-0.581324080633	0.603440077718
-0.263316076586	0.950317936007	0.166013446187	-0.610816240744
0.603907334029	0.028179477360	0.796556243439	1.175922907437
0.000000000000	0.000000000000	0.000000000000	1.000000000000
58	61	66
0.416782874068	0.380588113987	-0.825496652553	1.080808425568
-0.382118017645	0.897350530161	0.220789145138	-0.684180094248
0.824789583151	0.223416009972	0.519429908663	1.551313395895
0.000000000000	0.000000000000	0.000000000000	1.000000000000
58	62	66
-0.052506357291	-0.562029751327	0.825448751327	-2.658703407243
0.637274071447	0.617539792025	0.461005816803	-1.447279449504
-0.768846434800	0.550242822660	0.325742222941	2.006136616072
0.000000000000	0.000000000000	0.000000000000	1.000000000000
59	60	66
0.943717462511	0.165633606191	-0.286291563712	0.525346057899
-0.144088912639	0.985003288009	0.094904730477	-0.237651340121
0.297717544339	-0.048311811313	0.953430769737	0.375697046645
0.000000000000	0.000000000000	0.000000000000	1.000000000000
59	61	66
0.720752160753	0.315588326232	-0.617187435967	1.107417703038
-0.263061434099	0.948276300019	0.177681571109	-0.378849929402
0.641338447825	0.034293835710	0.766491309914	0.571290652334
0.000000000000	0.000000000000	0.000000000000	1.000000000000
59	62	66
0.407219730813	0.379108213277	-0.830932640749	1.446034444006
-0.372777334689	0.899544009063	0.227722714063	-0.360185503935
0.833792030172	0.217019672804	0.507635018529	0.617630997302
0.000000000000	0.000000000000	0.000000000000	1.000000000000
60	61	66
0.910535147312	0.181906695446	-0.371262305737	0.644452225930
-0.174415653981	0.983191869287	0.053971546345	-0.081579761264
0.374839866017	0.015610967952	0.926958128787	0.004554233773
0.000000000000	0.000000000000	0.000000000000	1.000000000000
60	62	66
0.675027073178	0.289160945630	-0.678766821522	1.001228806929
-0.318689065161	0.944019846862	0.085227979430	-0.032663978054
0.665413954034	0.158784370306	0.729391385693	-0.023025335762
0.000000000000	0.000000000000	0.000000000000	1.000000000000
60	63	66
0.463934677143	0.397605645838	-0.791627668631	0.917435529310
-0.450983772831	0.875155926770	0.175259066762	-0.055869091152
0.762481640426	0.275702474122	0.585328876595	0.038198135497
0.000000000000	0.000000000000	0.000000000000	1.000000000000
61	62	66
0.914985199059	0.143605765996	-0.377066929704	0.347686607965
-0.155777832847	0.987790461259	-0.001808712221	0.055414088259
0.372203374913	0.060393614059	0.926184246834	-0.152761205179
0.000000000000	0.000000000000	0.000000000000	1.000000000000
61	63	66
0.752844508001	0.294729912714	-0.588523088182	0.408781527097
-0.316010840312	0.946198632207	0.069608169170	-0.003312169231
0.577375350684	0.133575547768	0.805478291117	-0.028564803759
0.000000000000	0.000000000000	0.000000000000	1.000000000000
62	63	66
0.947649984681	0.174536185111	-0.267388531209	0.154153337754
-0.175853956525	0.984228887168	0.019206343712	-0.002979365632
0.266523718474	0.028820439818	0.963397368555	0.093479666073
0.000000000000	0.000000000000	0.000000000000	1.000000000000
62	64	66
0.944604694398	0.114998393194	-0.307404197896	-0.393972961640
-0.106352925451	0.993319138879	0.044789994249	-0.113150715468
0.310501250511	-0.009615503088	0.950524337159	0.397909615562
0.000000000000	0.000000000000	0.000000000000	1.000000000000
63	64	66
0.997668967344	-0.028386964578	-0.062054909887	-0.383178028963
0.027885766754	0.999571245043	-0.008928051075	-0.159396852176
0.062281743806	0.007176790753	0.998032804102	0.446348853833
0.000000000000	0.000000000000	0.000000000000	1.000000000000
63	65	66
0.991147867076	-0.121299434877	0.053966218029	-0.932096924294
0.121833877048	0.992527797746	-0.006713948481	-0.520355676178
-0.052748573376	0.013229429289	0.998520190185	1.015026321234
0.000000000000	0.000000000000	0.000000000000	1.000000000000
64	65	66
0.994990127058	-0.073042326628	0.068260278184	-0.432672127051
0.078343816339	0.993829496226	-0.078518653018	-0.203707654155
-0.062103892780	0.083473055240	0.994572951347	0.596549299337
0.000000000000	0.000000000000	0.000000000000	1.000000000000
